QF_AUFBV/egt/egt-5677.smt::both::1
QF_AUFBV/dwp_formulas/try5_small_noof_functions_fse-bfs_pr.hold_file.il.fse-bfs.smt::both::1
QF_AUFBV/egt/egt-7748.smt::both::1
QF_AUFBV/dwp_formulas/try5_small_difret_functions_dwp_shuf.set_char_quoting.il.dwp.smt::yices::1
QF_AUFBV/stp_samples/run_00000.trace.cond_021528_0x7c80ab8f_00.smt::both::1
QF_AUFBV/dwp_formulas/try5_small_noof_functions_flanagansaxe_csplit.re_string_translate_buffer.il.flanagansaxe.smt::yices::1
QF_AUFBV/egt/egt-1978.smt::both::1
QF_AUFBV/dwp_formulas/try3_sameret_functions_fse-bfs_chgrp.chopt_init.il.fse-bfs.smt::both::1
QF_AUFBV/dwp_formulas/try3_noof_functions_dwp_rmdir.get_quoting_style.il.dwp.smt::both::1
QF_AUFBV/dwp_formulas/try5_small_difret_functions_wp_sha1sum.close_stdout_set_file_name.il.wp.smt::both::1
QF_AUFBV/egt/egt-7589.smt::both::1
QF_AUFBV/dwp_formulas/try3_noof_functions_dwp_stty.get_quoting_style.il.dwp.smt::both::1
QF_AUFBV/egt/egt-7741.smt::both::1
QF_AUFBV/dwp_formulas/try5_small_noof_functions_wp_cksum.set_char_quoting.il.wp.smt::both::1
QF_AUFBV/egt/egt-4304.smt::both::1
QF_AUFBV/egt/egt-5818.smt::both::1
QF_AUFBV/egt/egt-2913.smt::both::1
QF_AUFBV/dwp_formulas/try5_small_difret_functions_flanagansaxe_tsort.set_quoting_style.il.flanagansaxe.smt::both::1
QF_AUFBV/egt/egt-6999.smt::both::1
QF_AUFBV/egt/egt-7679.smt::both::1
QF_AUFBV/egt/egt-4686.smt::both::1
QF_AUFBV/dwp_formulas/try4_difret_functions_disjunctions_vdir.get_type_indicator.il.disjunctions_74.smt::both::1
QF_AUFBV/egt/egt-3808.smt::both::1
QF_AUFBV/egt/egt-0256.smt::both::1
QF_AUFBV/egt/egt-5711.smt::both::1
QF_AUFBV/egt/egt-2320.smt::both::1
QF_AUFBV/egt/egt-3063.smt::both::1
QF_AUFBV/dwp_formulas/try4_difret_functions_disjunctions_yes.set_quoting_style.il.disjunctions_1.smt::both::1
QF_AUFBV/egt/egt-1501.smt::both::1
QF_AUFBV/egt/egt-1667.smt::both::1
QF_AUFBV/egt/egt-1249.smt::both::1
QF_AUFBV/egt/egt-0171.smt::both::1
QF_AUFBV/egt/egt-6261.smt::both::1
QF_AUFBV/egt/egt-0037.smt::both::1
QF_AUFBV/egt/egt-6210.smt::both::1
QF_AUFBV/egt/egt-2476.smt::both::1
QF_AUFBV/egt/egt-0101.smt::both::1
QF_AUFBV/dwp_formulas/try3_sameret_functions_dwp_tac.calc_next.il.dwp.smt::yices::1
QF_AUFBV/egt/egt-1617.smt::both::1
QF_AUFBV/dwp_formulas/try5_small_noof_functions_flanagansaxe_base64.set_char_quoting.il.flanagansaxe.smt::yices::1
QF_AUFBV/egt/egt-3412.smt::both::1
QF_AUFBV/egt/egt-1597.smt::both::1
QF_AUFBV/dwp_formulas/try5_small_difret_functions_fse-bfs_sha1sum.sha1_init_ctx.il.fse-bfs.smt::both::1
QF_AUFBV/dwp_formulas/try5_small_noof_functions_dwp_csplit.optimize_subexps.il.dwp.smt::yices::1
QF_AUFBV/egt/egt-3678.smt::both::1
QF_AUFBV/egt/egt-4714.smt::both::1
QF_AUFBV/egt/egt-5912.smt::both::1
QF_AUFBV/egt/egt-5723.smt::both::1
QF_AUFBV/dwp_formulas/try3_true_functions_dwp_tac.set_char_quoting.il.dwp.smt::both::1
QF_AUFBV/egt/egt-1512.smt::both::1
QF_AUFBV/egt/egt-3346.smt::both::1
QF_AUFBV/egt/egt-7176.smt::both::1
QF_AUFBV/egt/egt-7382.smt::both::1
QF_AUFBV/dwp_formulas/try5_small_true_functions_dwp_tac.search_cur_bkref_entry.il.dwp.smt::yices::1
QF_AUFBV/dwp_formulas/try5_small_noof_functions_flanagansaxe_mv.hash_get_entries.il.flanagansaxe.smt::yices::1
QF_AUFBV/dwp_formulas/try5_small_difret_functions_flanagansaxe_nl.rpl_re_set_registers.il.flanagansaxe.smt::yices::1
QF_AUFBV/dwp_formulas/try3_noof_functions_dwp_mkfifo.get_quoting_style.il.dwp.smt::both::1
QF_AUFBV/egt/egt-0231.smt::both::1
QF_AUFBV/egt/egt-4779.smt::both::1
QF_AUFBV/egt/egt-6064.smt::both::1
QF_AUFBV/egt/egt-3251.smt::both::1
QF_AUFBV/egt/egt-4804.smt::both::1
QF_AUFBV/dwp_formulas/try5_small_difret_functions_dwp_uniq.quoting_options_from_style.il.dwp.smt::both::1
QF_AUFBV/egt/egt-7228.smt::both::1
QF_AUFBV/egt/egt-1281.smt::both::1
QF_AUFBV/dwp_formulas/try5_small_noof_functions_flanagansaxe_ptx.re_node_set_remove_at.il.flanagansaxe.smt::yices::1
QF_AUFBV/egt/egt-6601.smt::both::1
QF_AUFBV/dwp_formulas/try4_difret_functions_disjunctions_dd.close_stdout_set_file_name.il.disjunctions_0.smt::both::1
QF_AUFBV/egt/egt-4407.smt::both::1
QF_AUFBV/egt/egt-2393.smt::both::1
QF_AUFBV/dwp_formulas/try3_sameret_functions_dwp_whoami.set_char_quoting.il.dwp.smt::yices::1
QF_AUFBV/dwp_formulas/try5_small_noof_functions_fse-bfs_[.one_argument.il.fse-bfs.smt::both::1
QF_AUFBV/egt/egt-5606.smt::both::1
QF_AUFBV/egt/egt-3924.smt::both::1
QF_AUFBV/egt/egt-2677.smt::both::1
QF_AUFBV/dwp_formulas/try5_small_difret_functions_flanagansaxe_cut.hash_get_max_bucket_length.il.flanagansaxe.smt::yices::1
QF_AUFBV/egt/egt-0814.smt::both::1
QF_AUFBV/egt/egt-7047.smt::both::1
QF_AUFBV/egt/egt-6719.smt::both::1
QF_AUFBV/egt/egt-7212.smt::both::1
QF_AUFBV/egt/egt-7671.smt::both::1
QF_AUFBV/egt/egt-0955.smt::both::1
QF_AUFBV/egt/egt-4422.smt::both::1
QF_AUFBV/egt/egt-2053.smt::both::1
QF_AUFBV/egt/egt-5165.smt::both::1
QF_AUFBV/egt/egt-0487.smt::both::1
QF_AUFBV/dwp_formulas/try5_small_true_functions_fse-bfs_fmt.set_other_indent.il.fse-bfs.smt::both::1
QF_AUFBV/egt/egt-1809.smt::both::1
QF_AUFBV/egt/egt-6654.smt::both::1
QF_AUFBV/dwp_formulas/try3_noof_functions_dwp_seq.set_quoting_style.il.dwp.smt::both::1
QF_AUFBV/dwp_formulas/try4_true_functions_dwp_logname.set_char_quoting.il.dwp.smt::both::1
QF_AUFBV/egt/egt-3344.smt::both::1
QF_AUFBV/egt/egt-3053.smt::both::1
QF_AUFBV/egt/egt-1984.smt::both::1
QF_AUFBV/egt/egt-4727.smt::both::1
QF_AUFBV/egt/egt-3175.smt::both::1
QF_AUFBV/egt/egt-4777.smt::both::1
QF_AUFBV/egt/egt-1129.smt::both::1
QF_AUFBV/egt/egt-5813.smt::both::1
QF_AUFBV/egt/egt-4810.smt::both::1
QF_AUFBV/dwp_formulas/try5_small_difret_functions_flanagansaxe_readlink.get_quoting_style.il.flanagansaxe.smt::both::1
QF_AUFBV/egt/egt-2573.smt::both::1
QF_AUFBV/egt/egt-5384.smt::both::1
QF_AUFBV/egt/egt-7549.smt::both::1
QF_AUFBV/dwp_formulas/try5_small_noof_functions_dwp_split.set_char_quoting.il.dwp.smt::yices::1
QF_AUFBV/dwp_formulas/try4_difret_functions_disjunctions_cat.next_line_num.il.disjunctions_1.smt::both::1
QF_AUFBV/dwp_formulas/try5_small_noof_functions_dwp_echo.set_char_quoting.il.dwp.smt::yices::1
QF_AUFBV/dwp_formulas/try5_small_noof_functions_wp_mv.hash_pjw.il.wp.smt::both::1
QF_AUFBV/egt/egt-6913.smt::both::1
QF_AUFBV/dwp_formulas/try3_sameret_functions_fse-bfs_cut.compare_ranges.il.fse-bfs.smt::both::1
QF_AUFBV/egt/egt-5211.smt::both::1
QF_AUFBV/dwp_formulas/try4_difret_functions_disjunctions_pr.reset_status.il.disjunctions_3.smt::both::1
QF_AUFBV/dwp_formulas/try4_difret_functions_disjunctions_vdir.hash_get_max_bucket_length.il.disjunctions_0.smt::both::1
QF_AUFBV/dwp_formulas/try5_small_difret_functions_dwp_id.quoting_options_from_style.il.dwp.smt::both::1
QF_AUFBV/egt/egt-7011.smt::both::1
QF_AUFBV/dwp_formulas/try5_small_noof_functions_flanagansaxe_mknod.set_char_quoting.il.flanagansaxe.smt::yices::1
QF_AUFBV/dwp_formulas/try3_sameret_functions_fse-bfs_cut.hash_int.il.fse-bfs.smt::both::1
QF_AUFBV/egt/egt-3822.smt::both::1
QF_AUFBV/egt/egt-5556.smt::both::1
QF_AUFBV/egt/egt-4158.smt::both::1
QF_AUFBV/egt/egt-5665.smt::both::1
QF_AUFBV/dwp_formulas/try3_true_functions_dwp_vdir.strcmp_atime.il.dwp.smt::yices::1
QF_AUFBV/dwp_formulas/try3_sameret_functions_dwp_chgrp.chopt_free.il.dwp.smt::both::1
QF_AUFBV/dwp_formulas/try5_small_difret_functions_flanagansaxe_vdir.hash_table_ok.il.flanagansaxe.smt::both::1
QF_AUFBV/dwp_formulas/try3_true_functions_dwp_tr.set_quoting_style.il.dwp.smt::both::1
QF_AUFBV/egt/egt-4618.smt::both::1
QF_AUFBV/egt/egt-4524.smt::both::1
QF_AUFBV/dwp_formulas/try4_true_functions_dwp_expr.search_cur_bkref_entry.il.dwp.smt::yices::1
QF_AUFBV/dwp_formulas/try3_noof_functions_dwp_link.get_quoting_style.il.dwp.smt::both::1
QF_AUFBV/dwp_formulas/try4_true_functions_dwp_chgrp.hash_get_entries.il.dwp.smt::yices::1
QF_AUFBV/dwp_formulas/try3_true_functions_dwp_join.set_char_quoting.il.dwp.smt::both::1
QF_AUFBV/egt/egt-2545.smt::both::1
QF_AUFBV/egt/egt-5701.smt::both::1
QF_AUFBV/dwp_formulas/try5_small_difret_functions_dwp_nohup.get_quoting_style.il.dwp.smt::yices::1
QF_AUFBV/egt/egt-3236.smt::both::1
QF_AUFBV/dwp_formulas/try5_small_noof_functions_flanagansaxe_shred.set_char_quoting.il.flanagansaxe.smt::both::1
QF_AUFBV/egt/egt-4691.smt::both::1
QF_AUFBV/egt/egt-6307.smt::both::1
QF_AUFBV/egt/egt-4321.smt::both::1
QF_AUFBV/egt/egt-7870.smt::both::1
QF_AUFBV/egt/egt-6667.smt::both::1
QF_AUFBV/egt/egt-7137.smt::both::1
QF_AUFBV/dwp_formulas/try4_difret_functions_disjunctions_vdir.get_type_indicator.il.disjunctions_45.smt::both::1
QF_AUFBV/egt/egt-0912.smt::both::1
QF_AUFBV/dwp_formulas/try5_small_difret_functions_wp_vdir.set_char_quoting.il.wp.smt::both::1
QF_AUFBV/dwp_formulas/try5_small_noof_functions_flanagansaxe_vdir.dev_ino_compare.il.flanagansaxe.smt::both::1
QF_AUFBV/egt/egt-2713.smt::both::1
QF_AUFBV/dwp_formulas/try5_small_difret_functions_dwp_fold.bkm_scale.il.dwp.smt::yices::1
QF_AUFBV/dwp_formulas/try5_small_difret_functions_dwp_logname.set_char_quoting.il.dwp.smt::yices::1
QF_AUFBV/dwp_formulas/try4_difret_functions_disjunctions_kill.close_stdout_set_file_name.il.disjunctions_0.smt::both::1
QF_AUFBV/dwp_formulas/try3_sameret_functions_dwp_unexpand.set_char_quoting.il.dwp.smt::yices::1
QF_AUFBV/egt/egt-2792.smt::both::1
QF_AUFBV/egt/egt-4431.smt::both::1
QF_AUFBV/dwp_formulas/try5_small_true_functions_dwp_yes.set_quoting_style.il.dwp.smt::both::1
QF_AUFBV/egt/egt-4729.smt::both::1
QF_AUFBV/egt/egt-7230.smt::both::1
QF_AUFBV/dwp_formulas/try3_sameret_functions_dwp_tail.record_open_fd.il.dwp.smt::yices::1
QF_AUFBV/egt/egt-0736.smt::both::1
QF_AUFBV/dwp_formulas/try5_small_true_functions_flanagansaxe_cat.next_line_num.il.flanagansaxe.smt::both::1
QF_AUFBV/dwp_formulas/try5_small_true_functions_fse-bfs_tail.pretty_name.il.fse-bfs.smt::both::1
QF_AUFBV/dwp_formulas/try5_small_noof_functions_dwp_mv.set_char_quoting.il.dwp.smt::yices::1
QF_AUFBV/egt/egt-4490.smt::both::1
QF_AUFBV/egt/egt-3212.smt::both::1
QF_AUFBV/egt/egt-6569.smt::both::1
QF_AUFBV/egt/egt-7630.smt::both::1
QF_AUFBV/egt/egt-5656.smt::both::1
QF_AUFBV/egt/egt-7235.smt::both::1
QF_AUFBV/dwp_formulas/try5_small_difret_functions_wp_tac.re_node_set_contains.il.wp.smt::both::1
QF_AUFBV/egt/egt-7606.smt::both::1
QF_AUFBV/egt/egt-3320.smt::both::1
QF_AUFBV/egt/egt-6420.smt::both::1
QF_AUFBV/dwp_formulas/try3_noof_functions_dwp_sleep.set_char_quoting.il.dwp.smt::yices::1
QF_AUFBV/egt/egt-1379.smt::both::1
QF_AUFBV/dwp_formulas/try3_sameret_functions_dwp_mkfifo.set_quoting_style.il.dwp.smt::yices::1
QF_AUFBV/egt/egt-0057.smt::both::1
QF_AUFBV/dwp_formulas/try4_true_functions_dwp_tail.get_quoting_style.il.dwp.smt::both::1
QF_AUFBV/dwp_formulas/try3_noof_functions_dwp_csplit.mark_opt_subexp.il.dwp.smt::both::1
QF_AUFBV/egt/egt-5994.smt::both::1
QF_AUFBV/egt/egt-0551.smt::both::1
QF_AUFBV/egt/egt-0431.smt::both::1
QF_AUFBV/egt/egt-7369.smt::both::1
QF_AUFBV/dwp_formulas/try5_small_difret_functions_flanagansaxe_unexpand.quoting_options_from_style.il.flanagansaxe.smt::yices::1
QF_AUFBV/egt/egt-6696.smt::both::1
QF_AUFBV/dwp_formulas/try5_small_difret_functions_dwp_csplit.search_cur_bkref_entry.il.dwp.smt::yices::1
QF_AUFBV/egt/egt-6776.smt::both::1
QF_AUFBV/dwp_formulas/try4_true_functions_dwp_csplit.peek_token_bracket.il.dwp.smt::yices::1
QF_AUFBV/egt/egt-4114.smt::both::1
QF_AUFBV/dwp_formulas/try3_noof_functions_dwp_csplit.set_char_quoting.il.dwp.smt::yices::1
QF_AUFBV/egt/egt-3474.smt::both::1
QF_AUFBV/platania/no_init_extract_sublist/no_init_extract_sublist205.smt::both::1
QF_AUFBV/egt/egt-0937.smt::both::1
QF_AUFBV/egt/egt-7069.smt::both::1
QF_AUFBV/dwp_formulas/try5_small_noof_functions_flanagansaxe_tr.get_quoting_style.il.flanagansaxe.smt::both::1
QF_AUFBV/egt/egt-2604.smt::both::1
QF_AUFBV/brummayerbiere/wchains180se.smt::z3::5
QF_AUFBV/platania/no_init_simple_member/no_init_simple_member197.smt::yices::10
QF_AUFBV/brummayerbiere/bubsort006un.smt::yices::10
QF_AUFBV/brummayerbiere/matrixmultcomm06.smt::yices::30
QF_AUFBV/platania/no_init_simple_member/no_init_simple_member397.smt::yices::60
Unknown Files:
QF_AUFBV/platania/bubble_sort/bubble_sort24.c.smt
