QF_AUFLIA/storecomm/storecomm_t2_np_sf_ni_00030_002.cvc.smt::both::1
QF_AUFLIA/array_benchmarks/misc/queue-th1-6.smt::both::1
QF_AUFLIA/storecomm/storecomm_t1_pp_nf_ni_00040_004.cvc.smt::both::1
QF_AUFLIA/array_benchmarks/misc/stack-invalid-6.smt::both::1
QF_AUFLIA/array_benchmarks/misc/stack-th1-6.smt::both::1
QF_AUFLIA/storecomm/storecomm_t3_pp_sf_ni_00040_009.cvc.smt::both::1
QF_AUFLIA/storecomm/storecomm_invalid_t3_pp_sf_ai_00020_003.cvc.smt::both::1
QF_AUFLIA/storecomm/storecomm_invalid_t3_np_sf_ni_00010_008.cvc.smt::both::1
QF_AUFLIA/storecomm/storecomm_t3_np_nf_ni_00030_005.cvc.smt::both::1
QF_AUFLIA/storecomm/storecomm_t3_np_sf_ni_00050_001.cvc.smt::both::1
QF_AUFLIA/storecomm/storecomm_invalid_t3_pp_nf_ni_00040_002.cvc.smt::both::1
QF_AUFLIA/storecomm/storecomm_t3_np_sf_ni_00060_002.cvc.smt::both::1
QF_AUFLIA/storecomm/storecomm_invalid_t1_pp_sf_ni_00040_008.cvc.smt::both::1
QF_AUFLIA/array_benchmarks/pointer/pointer-safe-5.smt::both::1
QF_AUFLIA/storecomm/storecomm_invalid_t3_pp_sf_ai_00030_006.cvc.smt::both::1
QF_AUFLIA/storecomm/storecomm_invalid_t3_pp_nf_ai_00060_002.cvc.smt::both::1
QF_AUFLIA/storecomm/storecomm_t1_pp_nf_ai_00040_005.cvc.smt::both::1
QF_AUFLIA/storecomm/storecomm_t1_pp_sf_ni_00060_003.cvc.smt::both::1
QF_AUFLIA/storeinv/storeinv_t3_pp_nf_ai_00008_001.cvc.smt::both::1
QF_AUFLIA/array_benchmarks/qlock/qlock-bug2-15.smt::both::1
QF_AUFLIA/array_benchmarks/qlock/qlock-bug2-20.smt::yices::1
QF_AUFLIA/swap/swap_t1_pp_sf_ai_00009_004.cvc.smt::both::1
QF_AUFLIA/swap/swap_invalid_t3_pp_nf_ai_00006_003.cvc.smt::both::1
QF_AUFLIA/storecomm/storecomm_invalid_t3_pp_nf_ni_00010_007.cvc.smt::both::1
QF_AUFLIA/storecomm/storecomm_t1_pp_nf_ai_00010_004.cvc.smt::both::1
QF_AUFLIA/storecomm/storecomm_t3_pp_sf_ni_00010_009.cvc.smt::both::1
QF_AUFLIA/storecomm/storecomm_t1_pp_sf_ni_00010_004.cvc.smt::both::1
QF_AUFLIA/check/bignum_lia2.smt::both::1
QF_AUFLIA/storecomm/storecomm_invalid_t1_pp_nf_ai_00010_004.cvc.smt::both::1
QF_AUFLIA/check/int_incompleteness2.smt::both::1
QF_AUFLIA/swap/swap_invalid_t1_pp_sf_ai_00007_007.cvc.smt::both::1
QF_AUFLIA/swap/swap_invalid_t1_pp_sf_ai_00009_007.cvc.smt::both::1
QF_AUFLIA/storecomm/storecomm_t1_pp_sf_ni_00060_006.cvc.smt::both::1
QF_AUFLIA/cvc/add6.smt::both::1
QF_AUFLIA/cvc/dlx-dmem.smt::both::1
QF_AUFLIA/swap/swap_invalid_t3_pp_nf_ai_00006_001.cvc.smt::both::1
QF_AUFLIA/storecomm/storecomm_invalid_t3_np_sf_ni_00040_008.cvc.smt::both::1
QF_AUFLIA/cvc/fb_var_12_11.smt::both::1
QF_AUFLIA/swap/swap_invalid_t1_pp_sf_ai_00009_003.cvc.smt::both::1
QF_AUFLIA/storecomm/storecomm_t3_np_nf_ni_00030_003.cvc.smt::both::1
QF_AUFLIA/cvc/fb_var_5_12.smt::both::1
QF_AUFLIA/swap/swap_invalid_t3_pp_sf_ai_00006_004.cvc.smt::both::1
QF_AUFLIA/swap/swap_t1_pp_sf_ai_00002_008.cvc.smt::both::1
QF_AUFLIA/storecomm/storecomm_t1_pp_sf_ai_00020_009.cvc.smt::both::1
QF_AUFLIA/storeinv/storeinv_invalid_t3_pp_nf_ai_00009_001.cvc.smt::both::1
QF_AUFLIA/storecomm/storecomm_invalid_t1_np_sf_ni_00060_009.cvc.smt::both::1
QF_AUFLIA/cvc/pp-dmem.smt::both::1
QF_AUFLIA/cvc/pp-dmem2.smt::both::1
QF_AUFLIA/storecomm/storecomm_invalid_t1_pp_nf_ai_00040_009.cvc.smt::both::1
QF_AUFLIA/storecomm/storecomm_invalid_t1_pp_sf_ni_00060_002.cvc.smt::both::1
QF_AUFLIA/storeinv/storeinv_invalid_t1_pp_sf_ai_00009_001.cvc.smt::both::1
QF_AUFLIA/cvc/read2.smt::both::1
QF_AUFLIA/cvc/read6.smt::both::1
QF_AUFLIA/storecomm/storecomm_invalid_t3_np_nf_ni_00050_009.cvc.smt::both::1
QF_AUFLIA/storeinv/storeinv_t1_pp_sf_ai_00004_001.cvc.smt::both::1
QF_AUFLIA/swap/swap_t3_pp_nf_ai_00010_006.cvc.smt::both::1
QF_AUFLIA/storecomm/storecomm_t1_pp_sf_ai_00030_005.cvc.smt::both::1
QF_AUFLIA/storecomm/storecomm_t2_np_sf_ni_00030_007.cvc.smt::both::1
QF_AUFLIA/storecomm/storecomm_t1_np_nf_ni_00040_007.cvc.smt::both::1
QF_AUFLIA/ios/ios_t1_ios_bia_np_sf_ai_00005_001.cvc.smt::both::1
QF_AUFLIA/storecomm/storecomm_invalid_t3_pp_nf_ni_00010_009.cvc.smt::both::1
QF_AUFLIA/storecomm/storecomm_t3_pp_nf_ni_00050_009.cvc.smt::both::1
QF_AUFLIA/swap/swap_invalid_t1_pp_sf_ai_00008_005.cvc.smt::both::1
QF_AUFLIA/ios/ios_t1_ios_bia_np_sf_ai_00009_001.cvc.smt::both::1
QF_AUFLIA/ios/ios_t1_ios_bia_np_sf_ai_00010_001.cvc.smt::both::1
QF_AUFLIA/storecomm/storecomm_invalid_t1_pp_nf_ni_00010_002.cvc.smt::both::1
QF_AUFLIA/storecomm/storecomm_invalid_t1_np_sf_ni_00060_002.cvc.smt::both::1
QF_AUFLIA/storecomm/storecomm_invalid_t3_np_nf_ni_00060_003.cvc.smt::both::1
QF_AUFLIA/storecomm/storecomm_invalid_t3_pp_sf_ai_00010_005.cvc.smt::both::1
QF_AUFLIA/storecomm/storecomm_t1_pp_sf_ni_00010_002.cvc.smt::both::1
QF_AUFLIA/storecomm/storecomm_invalid_t3_np_sf_ni_00010_003.cvc.smt::both::1
QF_AUFLIA/swap/swap_invalid_t1_pp_nf_ai_00004_006.cvc.smt::both::1
QF_AUFLIA/storeinv/storeinv_invalid_t1_pp_nf_ai_00007_001.cvc.smt::both::1
QF_AUFLIA/swap/swap_t1_pp_sf_ai_00005_003.cvc.smt::both::1
QF_AUFLIA/swap/swap_invalid_t1_pp_sf_ai_00008_007.cvc.smt::both::1
QF_AUFLIA/swap/swap_invalid_t3_pp_sf_ai_00010_003.cvc.smt::both::1
QF_AUFLIA/swap/swap_t3_pp_nf_ai_00007_003.cvc.smt::both::1
QF_AUFLIA/storecomm/storecomm_t3_np_nf_ni_00050_006.cvc.smt::both::1
QF_AUFLIA/storecomm/storecomm_invalid_t3_pp_nf_ai_00060_001.cvc.smt::both::1
QF_AUFLIA/swap/swap_t1_pp_nf_ai_00010_008.cvc.smt::both::1
QF_AUFLIA/storecomm/storecomm_t3_np_nf_ni_00030_004.cvc.smt::both::1
QF_AUFLIA/storecomm/storecomm_t1_pp_sf_ai_00040_002.cvc.smt::both::1
QF_AUFLIA/storecomm/storecomm_invalid_t3_np_nf_ni_00040_007.cvc.smt::both::1
QF_AUFLIA/storecomm/storecomm_t3_np_sf_ni_00010_002.cvc.smt::both::1
QF_AUFLIA/ios/ios_t1_ios_np_sf_ai_00015_001.cvc.smt::both::1
QF_AUFLIA/piVC/piVC_13f61c.smt::both::1
QF_AUFLIA/piVC/piVC_174f4d.smt::both::1
QF_AUFLIA/storecomm/storecomm_invalid_t3_np_nf_ni_00050_001.cvc.smt::both::1
QF_AUFLIA/storecomm/storecomm_t1_pp_sf_ni_00060_001.cvc.smt::both::1
QF_AUFLIA/storecomm/storecomm_t1_pp_sf_ai_00060_001.cvc.smt::both::1
QF_AUFLIA/storecomm/storecomm_t1_np_nf_ni_00040_004.cvc.smt::both::1
QF_AUFLIA/storecomm/storecomm_invalid_t1_pp_sf_ai_00030_009.cvc.smt::both::1
QF_AUFLIA/storecomm/storecomm_t3_np_nf_ni_00020_007.cvc.smt::both::1
QF_AUFLIA/piVC/piVC_7fd2c4.smt::both::1
QF_AUFLIA/storecomm/storecomm_invalid_t1_pp_nf_ni_00020_008.cvc.smt::both::1
QF_AUFLIA/storecomm/storecomm_t2_np_sf_ni_00060_009.cvc.smt::both::1
QF_AUFLIA/storecomm/storecomm_invalid_t3_pp_nf_ai_00050_002.cvc.smt::both::1
QF_AUFLIA/swap/swap_t1_pp_sf_ai_00008_003.cvc.smt::both::1
QF_AUFLIA/swap/swap_invalid_t3_pp_nf_ai_00003_005.cvc.smt::both::1
QF_AUFLIA/storecomm/storecomm_t3_pp_sf_ai_00040_009.cvc.smt::both::1
QF_AUFLIA/storecomm/storecomm_t1_np_sf_ni_00060_001.cvc.smt::both::1
QF_AUFLIA/storecomm/storecomm_invalid_t3_np_sf_ni_00060_001.cvc.smt::both::1
QF_AUFLIA/swap/swap_invalid_t3_pp_sf_ai_00010_004.cvc.smt::both::1
QF_AUFLIA/storeinv/storeinv_t3_pp_nf_ai_00004_001.cvc.smt::both::1
QF_AUFLIA/storeinv/storeinv_invalid_t3_pp_nf_ai_00008_001.cvc.smt::both::1
QF_AUFLIA/storecomm/storecomm_t1_pp_sf_ai_00060_006.cvc.smt::both::1
QF_AUFLIA/storecomm/storecomm_t1_np_nf_ni_00030_002.cvc.smt::both::1
QF_AUFLIA/swap/swap_invalid_t3_pp_nf_ai_00010_006.cvc.smt::both::1
QF_AUFLIA/storecomm/storecomm_t2_np_sf_ni_00020_009.cvc.smt::both::1
QF_AUFLIA/qlock2/qlock.base.19.smt::yices::1
QF_AUFLIA/qlock2/qlock.base.20.smt::yices::1
QF_AUFLIA/storecomm/storecomm_t2_np_nf_ni_00040_006.cvc.smt::both::1
QF_AUFLIA/storecomm/storecomm_t2_np_sf_ni_00030_008.cvc.smt::both::1
QF_AUFLIA/storecomm/storecomm_invalid_t3_pp_sf_ni_00040_004.cvc.smt::both::1
QF_AUFLIA/swap/swap_t1_pp_sf_ai_00006_006.cvc.smt::both::1
QF_AUFLIA/storecomm/storecomm_t1_pp_nf_ni_00040_008.cvc.smt::both::1
QF_AUFLIA/swap/swap_t3_pp_sf_ai_00002_006.cvc.smt::both::1
QF_AUFLIA/storecomm/storecomm_t3_pp_sf_ai_00030_008.cvc.smt::both::1
QF_AUFLIA/storecomm/storecomm_invalid_t1_pp_sf_ni_00050_008.cvc.smt::both::1
QF_AUFLIA/storecomm/storecomm_t1_pp_nf_ni_00050_003.cvc.smt::both::1
QF_AUFLIA/storecomm/storecomm_t1_pp_nf_ni_00010_004.cvc.smt::both::1
QF_AUFLIA/swap/swap_invalid_t1_pp_sf_ai_00004_006.cvc.smt::both::1
QF_AUFLIA/storecomm/storecomm_invalid_t3_pp_nf_ni_00050_002.cvc.smt::both::1
QF_AUFLIA/storecomm/storecomm_invalid_t3_np_sf_ni_00050_005.cvc.smt::both::1
QF_AUFLIA/storecomm/storecomm_invalid_t3_np_sf_ni_00040_006.cvc.smt::both::1
QF_AUFLIA/qlock2/qlock.induction.13.smt::both::1
QF_AUFLIA/swap/swap_t1_pp_sf_ai_00006_002.cvc.smt::both::1
QF_AUFLIA/storecomm/storecomm_t1_pp_sf_ni_00020_001.cvc.smt::both::1
QF_AUFLIA/qlock2/qlock.induction.16.smt::both::1
QF_AUFLIA/storecomm/storecomm_t3_pp_nf_ai_00060_003.cvc.smt::both::1
QF_AUFLIA/swap/swap_invalid_t3_pp_sf_ai_00009_005.cvc.smt::both::1
QF_AUFLIA/qlock2/qlock.induction.19.smt::yices::1
QF_AUFLIA/swap/swap_t3_pp_nf_ai_00009_003.cvc.smt::both::1
QF_AUFLIA/swap/swap_invalid_t1_pp_nf_ai_00005_002.cvc.smt::both::1
QF_AUFLIA/storecomm/storecomm_invalid_t1_pp_nf_ni_00040_007.cvc.smt::both::1
QF_AUFLIA/storecomm/storecomm_invalid_t1_pp_nf_ni_00040_009.cvc.smt::both::1
QF_AUFLIA/storecomm/storecomm_invalid_t3_pp_sf_ni_00020_007.cvc.smt::both::1
QF_AUFLIA/storecomm/storecomm_t3_pp_sf_ni_00060_007.cvc.smt::both::1
QF_AUFLIA/qlock2/qlock.induction.26.smt::yices::1
QF_AUFLIA/swap/swap_t3_pp_sf_ai_00005_004.cvc.smt::both::1
QF_AUFLIA/storecomm/storecomm_invalid_t1_pp_sf_ni_00020_002.cvc.smt::both::1
QF_AUFLIA/qlock2/qlock.induction.29.smt::both::1
QF_AUFLIA/swap/swap_t1_pp_nf_ai_00006_008.cvc.smt::both::1
QF_AUFLIA/qlock2/qlock.induction.5.smt::both::1
QF_AUFLIA/storecomm/storecomm_invalid_t1_pp_sf_ni_00010_001.cvc.smt::both::1
QF_AUFLIA/qlock2/qlock.induction.7.smt::both::1
QF_AUFLIA/storecomm/storecomm_t1_np_sf_ni_00010_005.cvc.smt::both::1
QF_AUFLIA/qlock2/qlock.induction.9.smt::both::1
QF_AUFLIA/storecomm/storecomm_t1_np_nf_ni_00050_004.cvc.smt::both::1
QF_AUFLIA/storecomm/storecomm_invalid_t1_pp_sf_ai_00050_005.cvc.smt::both::1
QF_AUFLIA/storecomm/storecomm_invalid_t1_np_nf_ni_00010_005.cvc.smt::both::1
QF_AUFLIA/swap/swap_t3_pp_sf_ai_00010_001.cvc.smt::both::1
QF_AUFLIA/storecomm/storecomm_invalid_t1_np_nf_ni_00010_007.cvc.smt::both::1
QF_AUFLIA/storecomm/storecomm_invalid_t1_pp_nf_ni_00060_007.cvc.smt::both::1
QF_AUFLIA/storecomm/storecomm_invalid_t1_np_nf_ni_00020_001.cvc.smt::both::1
QF_AUFLIA/storecomm/storecomm_invalid_t1_pp_sf_ni_00050_002.cvc.smt::both::1
QF_AUFLIA/swap/swap_invalid_t3_pp_sf_ai_00004_007.cvc.smt::both::1
QF_AUFLIA/storecomm/storecomm_invalid_t1_np_nf_ni_00020_005.cvc.smt::both::1
QF_AUFLIA/swap/swap_t3_pp_nf_ai_00004_001.cvc.smt::both::1
QF_AUFLIA/storecomm/storecomm_invalid_t1_np_nf_ni_00020_008.cvc.smt::both::1
QF_AUFLIA/swap/swap_t3_pp_sf_ai_00004_002.cvc.smt::both::1
QF_AUFLIA/storecomm/storecomm_t3_pp_sf_ni_00020_008.cvc.smt::both::1
QF_AUFLIA/swap/swap_t3_pp_sf_ai_00005_006.cvc.smt::both::1
QF_AUFLIA/storecomm/storecomm_t3_pp_sf_ai_00030_001.cvc.smt::both::1
QF_AUFLIA/storecomm/storecomm_invalid_t1_pp_nf_ai_00030_009.cvc.smt::both::1
QF_AUFLIA/storecomm/storecomm_invalid_t3_pp_nf_ni_00030_006.cvc.smt::both::1
QF_AUFLIA/swap/swap_t1_pp_sf_ai_00007_002.cvc.smt::both::1
QF_AUFLIA/storecomm/storecomm_invalid_t1_np_nf_ni_00040_003.cvc.smt::both::1
QF_AUFLIA/swap/swap_t3_pp_sf_ai_00009_006.cvc.smt::both::1
QF_AUFLIA/storecomm/storecomm_t3_pp_sf_ai_00020_005.cvc.smt::both::1
QF_AUFLIA/storecomm/storecomm_invalid_t1_pp_sf_ni_00010_003.cvc.smt::both::1
QF_AUFLIA/storecomm/storecomm_invalid_t1_np_nf_ni_00060_004.cvc.smt::both::1
QF_AUFLIA/storecomm/storecomm_t3_pp_nf_ni_00030_006.cvc.smt::both::1
QF_AUFLIA/storecomm/storecomm_invalid_t1_np_nf_ni_00060_008.cvc.smt::both::1
QF_AUFLIA/storecomm/storecomm_invalid_t3_pp_nf_ni_00050_001.cvc.smt::both::1
QF_AUFLIA/storecomm/storecomm_t3_pp_sf_ni_00050_009.cvc.smt::both::1
QF_AUFLIA/storecomm/storecomm_invalid_t3_np_sf_ni_00050_002.cvc.smt::both::1
QF_AUFLIA/storecomm/storecomm_t1_pp_nf_ai_00060_005.cvc.smt::both::1
QF_AUFLIA/storecomm/storecomm_invalid_t1_pp_nf_ai_00060_007.cvc.smt::both::1
QF_AUFLIA/storecomm/storecomm_invalid_t1_np_sf_ni_00020_003.cvc.smt::both::1
QF_AUFLIA/storecomm/storecomm_invalid_t1_np_sf_ni_00020_004.cvc.smt::both::1
QF_AUFLIA/storecomm/storecomm_invalid_t1_pp_sf_ni_00020_004.cvc.smt::both::1
QF_AUFLIA/storecomm/storecomm_t3_pp_sf_ai_00050_002.cvc.smt::both::1
QF_AUFLIA/storecomm/storecomm_t1_np_sf_ni_00020_005.cvc.smt::both::1
QF_AUFLIA/swap/swap_t3_pp_sf_ai_00004_006.cvc.smt::both::1
QF_AUFLIA/swap/swap_t1_pp_sf_ai_00005_005.cvc.smt::both::1
QF_AUFLIA/swap/swap_invalid_t3_pp_sf_ai_00007_001.cvc.smt::both::1
QF_AUFLIA/swap/swap_t3_pp_nf_ai_00005_005.cvc.smt::both::1
QF_AUFLIA/storeinv/storeinv_t1_pp_nf_ai_00009_001.cvc.smt::both::1
QF_AUFLIA/storecomm/storecomm_invalid_t1_np_sf_ni_00030_007.cvc.smt::both::1
QF_AUFLIA/swap/swap_t3_pp_nf_ai_00006_007.cvc.smt::both::1
QF_AUFLIA/storecomm/storecomm_invalid_t1_np_sf_ni_00040_003.cvc.smt::both::1
QF_AUFLIA/storecomm/storecomm_invalid_t1_np_sf_ni_00040_005.cvc.smt::both::1
QF_AUFLIA/storecomm/storecomm_invalid_t3_pp_sf_ni_00030_004.cvc.smt::both::1
QF_AUFLIA/storecomm/storecomm_t3_np_nf_ni_00040_008.cvc.smt::both::1
QF_AUFLIA/swap/swap_t1_pp_nf_ai_00008_009.cvc.smt::both::1
QF_AUFLIA/qlock2/qlock.base.23.smt::yices::5
QF_AUFLIA/qlock2/qlock.base.24.smt::yices::5
QF_AUFLIA/qlock2/qlock.base.25.smt::yices::5
QF_AUFLIA/qlock2/qlock.base.26.smt::yices::5
Unknown Files:
