QF_AX/swap/swap_invalid_t3_np_nf_ai_00007_007.cvc.smt::both::1
QF_AX/swap/swap_t3_np_sf_ai_00009_004.cvc.smt::both::1
QF_AX/storecomm/storecomm_t1_np_sf_ai_00060_004.cvc.smt::both::1
QF_AX/storecomm/storecomm_t3_np_sf_ai_00030_003.cvc.smt::both::1
QF_AX/storecomm/storecomm_t3_np_nf_ai_00020_008.cvc.smt::both::1
QF_AX/storecomm/storecomm_t3_np_sf_ai_00020_003.cvc.smt::both::1
QF_AX/storeinv/storeinv_invalid_t3_np_nf_ai_00004_001.cvc.smt::both::1
QF_AX/swap/swap_t2_np_sf_ai_00007_002.cvc.smt::both::1
QF_AX/swap/swap_invalid_t1_np_nf_ai_00008_003.cvc.smt::both::1
::both::1
QF_AX/swap/swap_invalid_t1_np_nf_ai_00003_005.cvc.smt::both::1
QF_AX/storeinv/storeinv_t2_np_nf_ai_00001_001.cvc.smt::both::1
QF_AX/storecomm/storecomm_t1_np_nf_ai_00040_004.cvc.smt::both::1
QF_AX/swap/swap_t1_np_sf_ai_00004_006.cvc.smt::both::1
QF_AX/storecomm/storecomm_invalid_t3_np_sf_ai_00050_003.cvc.smt::both::1
QF_AX/swap/swap_t1_np_sf_ai_00009_005.cvc.smt::both::1
QF_AX/storecomm/storecomm_invalid_t2_np_nf_ai_00040_009.cvc.smt::both::1
QF_AX/swap/swap_invalid_t1_np_nf_ai_00008_005.cvc.smt::both::1
QF_AX/swap/swap_t1_np_nf_ai_00008_002.cvc.smt::both::1
QF_AX/swap/swap_invalid_t1_np_nf_ai_00002_006.cvc.smt::both::1
QF_AX/storeinv/storeinv_invalid_t1_np_sf_ai_00010_001.cvc.smt::both::1
QF_AX/swap/swap_invalid_t1_np_sf_ai_00010_005.cvc.smt::both::1
QF_AX/swap/swap_t2_np_nf_ai_00007_005.cvc.smt::both::1
QF_AX/storeinv/storeinv_t1_np_sf_ai_00002_001.cvc.smt::both::1
QF_AX/storecomm/storecomm_t3_np_sf_ai_00020_005.cvc.smt::both::1
::both::1
::both::1
QF_AX/swap/swap_invalid_t3_np_sf_ai_00004_001.cvc.smt::both::1
QF_AX/swap/swap_invalid_t1_np_sf_ai_00002_008.cvc.smt::both::1
QF_AX/swap/swap_invalid_t1_np_nf_ai_00004_003.cvc.smt::both::1
QF_AX/storecomm/storecomm_t1_np_nf_ai_00030_006.cvc.smt::both::1
QF_AX/storecomm/storecomm_t1_np_sf_ai_00030_002.cvc.smt::both::1
::both::1
QF_AX/swap/swap_invalid_t1_np_nf_ai_00003_001.cvc.smt::both::1
QF_AX/swap/swap_t2_np_nf_ai_00003_004.cvc.smt::both::1
QF_AX/storeinv/storeinv_invalid_t3_np_sf_ai_00004_001.cvc.smt::both::1
QF_AX/swap/swap_t2_np_sf_ai_00006_008.cvc.smt::both::1
QF_AX/swap/swap_t3_np_sf_ai_00004_007.cvc.smt::both::1
QF_AX/swap/swap_invalid_t1_np_nf_ai_00007_001.cvc.smt::both::1
::both::1
QF_AX/swap/swap_t2_np_sf_ai_00006_001.cvc.smt::both::1
QF_AX/swap/swap_invalid_t1_np_nf_ai_00005_002.cvc.smt::both::1
QF_AX/swap/swap_t1_np_nf_ai_00007_004.cvc.smt::both::1
QF_AX/swap/swap_t1_np_sf_ai_00003_001.cvc.smt::both::1
QF_AX/swap/swap_t3_np_sf_ai_00010_007.cvc.smt::both::1
QF_AX/swap/swap_invalid_t1_np_nf_ai_00005_003.cvc.smt::both::1
QF_AX/swap/swap_t2_np_sf_ai_00008_003.cvc.smt::both::1
QF_AX/swap/swap_invalid_t1_np_sf_ai_00006_007.cvc.smt::both::1
QF_AX/storecomm/storecomm_invalid_t2_np_sf_ai_00030_004.cvc.smt::both::1
QF_AX/swap/swap_t2_np_nf_ai_00006_002.cvc.smt::both::1
Unknown Files:
