QF_BV/bruttomesso/core/ext_con_016_001_0128.smt::both::1
QF_BV/sage/app8/bench_2631.smt::both::1
QF_BV/sage/app9/bench_358.smt::both::1
QF_BV/sage/app5/bench_1195.smt::both::1
QF_BV/sage/app2/bench_1009.smt::both::1
QF_BV/sage/app12/bench_4693.smt::both::1
QF_BV/sage/app6/bench_194.smt::both::1
QF_BV/sage/app12/bench_4424.smt::both::1
QF_BV/sage/app2/bench_1375.smt::both::1
QF_BV/sage/app2/bench_427.smt::both::1
QF_BV/sage/app9/bench_1314.smt::both::1
QF_BV/sage/app1/bench_1497.smt::both::1
QF_BV/sage/app7/bench_1533.smt::both::1
QF_BV/bench_ab/a114test0001.smt::both::1
QF_BV/sage/app1/bench_2673.smt::both::1
QF_BV/sage/app11/bench_564.smt::both::1
QF_BV/bruttomesso/lfsr/lfsr_004_047_064.smt::z3::1
QF_BV/sage/app8/bench_3664.smt::both::1
QF_BV/sage/app8/bench_981.smt::both::1
QF_BV/bruttomesso/core/ext_con_064_016_0064.smt::z3::1
QF_BV/sage/app9/bench_1986.smt::both::1
QF_BV/sage/app9/bench_360.smt::both::1
QF_BV/sage/app7/bench_899.smt::both::1
QF_BV/sage/app1/bench_2545.smt::both::1
QF_BV/sage/app2/bench_729.smt::both::1
QF_BV/sage/app7/bench_1388.smt::both::1
QF_BV/bench_ab/a165test0010.smt::both::1
QF_BV/sage/app12/bench_1875.smt::both::1
QF_BV/sage/app5/bench_167.smt::both::1
QF_BV/sage/app12/bench_1770.smt::both::1
QF_BV/sage/app5/bench_1107.smt::both::1
QF_BV/sage/app8/bench_115.smt::both::1
QF_BV/sage/app12/bench_5567.smt::both::1
QF_BV/sage/app7/bench_5196.smt::both::1
QF_BV/sage/app5/bench_1277.smt::both::1
QF_BV/sage/app9/bench_1661.smt::both::1
QF_BV/sage/app5/bench_1213.smt::both::1
QF_BV/sage/app9/bench_1783.smt::both::1
QF_BV/sage/app7/bench_5068.smt::both::1
QF_BV/sage/app1/bench_1849.smt::both::1
QF_BV/sage/app7/bench_3022.smt::both::1
QF_BV/sage/app11/bench_122.smt::both::1
QF_BV/sage/app7/bench_3338.smt::both::1
QF_BV/sage/app9/bench_3220.smt::both::1
QF_BV/sage/app11/bench_70.smt::both::1
QF_BV/sage/app9/bench_168.smt::both::1
QF_BV/sage/app8/bench_2469.smt::both::1
QF_BV/sage/app7/bench_3075.smt::both::1
QF_BV/sage/app12/bench_4610.smt::both::1
QF_BV/spear/samba_v3.0.24/bin_libsmbclient_vc1228489.smt::yices::1
QF_BV/sage/app8/bench_762.smt::both::1
QF_BV/sage/app12/bench_4565.smt::both::1
QF_BV/spear/samba_v3.0.24/bin_libsmbclient_vc1228477.smt::yices::1
QF_BV/sage/app8/bench_3480.smt::both::1
QF_BV/sage/app8/bench_509.smt::both::1
QF_BV/sage/app7/bench_947.smt::yices::1
QF_BV/sage/app7/bench_2881.smt::both::1
QF_BV/sage/app7/bench_7047.smt::both::1
QF_BV/sage/app12/bench_414.smt::both::1
QF_BV/sage/app2/bench_433.smt::both::1
QF_BV/sage/app2/bench_928.smt::both::1
QF_BV/sage/app12/bench_45.smt::both::1
QF_BV/sage/app7/bench_3557.smt::both::1
QF_BV/sage/app11/bench_583.smt::both::1
QF_BV/sage/app9/bench_2183.smt::both::1
QF_BV/sage/app12/bench_4018.smt::both::1
QF_BV/dwp_formulas/try5_small_noof_functions_flanagansaxe_dd.translate_charset.il.flanagansaxe.smt::both::1
QF_BV/sage/app8/bench_21.smt::both::1
QF_BV/sage/app1/bench_400.smt::both::1
QF_BV/sage/app7/bench_5789.smt::both::1
QF_BV/sage/app7/bench_1548.smt::both::1
QF_BV/sage/app8/bench_1998.smt::both::1
QF_BV/sage/app7/bench_115.smt::yices::1
QF_BV/sage/app9/bench_1994.smt::both::1
QF_BV/sage/app1/bench_736.smt::both::1
QF_BV/sage/app7/bench_2611.smt::both::1
QF_BV/sage/app2/bench_475.smt::both::1
QF_BV/bench_ab/a329test0006.smt::both::1
QF_BV/sage/app12/bench_4596.smt::both::1
QF_BV/spear/samba_v3.0.24/bin_libmsrpc_vc1232047.smt::yices::1
QF_BV/sage/app9/bench_322.smt::both::1
QF_BV/sage/app12/bench_2058.smt::both::1
QF_BV/sage/app11/bench_98.smt::both::1
QF_BV/sage/app7/bench_3668.smt::both::1
QF_BV/sage/app7/bench_6368.smt::both::1
QF_BV/sage/app12/bench_2718.smt::both::1
QF_BV/sage/app11/bench_422.smt::both::1
QF_BV/spear/samba_v3.0.24/bin_libmsrpc_vc1225431.smt::yices::1
QF_BV/sage/app8/bench_225.smt::both::1
QF_BV/sage/app7/bench_5237.smt::both::1
QF_BV/bench_ab/a394test0036.smt::both::1
QF_BV/stp_samples/run_03230.trace.cond_029192_0x4183e6_00.smt::both::1
QF_BV/sage/app8/bench_2729.smt::both::1
QF_BV/sage/app7/bench_7094.smt::both::1
QF_BV/sage/app8/bench_1902.smt::both::1
QF_BV/sage/app7/bench_7627.smt::both::1
QF_BV/crafted/bitvec1.smt::both::1
QF_BV/sage/app7/bench_1057.smt::both::1
QF_BV/sage/app7/bench_4117.smt::both::1
QF_BV/sage/app8/bench_751.smt::both::1
QF_BV/sage/app7/bench_8505.smt::both::1
QF_BV/sage/app12/bench_1620.smt::both::1
QF_BV/sage/app2/bench_996.smt::both::1
QF_BV/sage/app8/bench_415.smt::both::1
QF_BV/sage/app7/bench_2335.smt::both::1
QF_BV/bench_ab/a409test0002.smt::both::1
QF_BV/sage/app1/bench_1832.smt::both::1
QF_BV/sage/app7/bench_7396.smt::both::1
QF_BV/sage/app8/bench_741.smt::both::1
QF_BV/sage/app9/bench_2976.smt::both::1
QF_BV/sage/app1/bench_457.smt::both::1
QF_BV/sage/app7/bench_4669.smt::both::1
QF_BV/sage/app12/bench_871.smt::both::1
QF_BV/sage/app7/bench_302.smt::both::1
QF_BV/sage/app7/bench_4225.smt::both::1
QF_BV/bruttomesso/core/ext_con_048_032_0512.smt::z3::1
QF_BV/sage/app9/bench_2358.smt::both::1
QF_BV/sage/app2/bench_1286.smt::both::1
QF_BV/sage/app12/bench_2066.smt::both::1
QF_BV/sage/app7/bench_2070.smt::both::1
QF_BV/sage/app8/bench_2862.smt::both::1
QF_BV/sage/app7/bench_3705.smt::both::1
QF_BV/sage/app7/bench_6950.smt::both::1
QF_BV/sage/app9/bench_2107.smt::both::1
QF_BV/sage/app1/bench_1984.smt::both::1
QF_BV/sage/app12/bench_3589.smt::both::1
QF_BV/spear/samba_v3.0.24/bin_libsmbclient_vc1225713.smt::yices::1
QF_BV/spear/samba_v3.0.24/bin_libmsrpc_vc1232065.smt::yices::1
QF_BV/sage/app8/bench_2955.smt::both::1
QF_BV/sage/app1/bench_2494.smt::both::1
QF_BV/sage/app7/bench_1017.smt::both::1
QF_BV/sage/app7/bench_5805.smt::both::1
QF_BV/sage/app7/bench_1535.smt::both::1
QF_BV/sage/app7/bench_5011.smt::both::1
QF_BV/sage/app7/bench_2121.smt::both::1
QF_BV/sage/app12/bench_1164.smt::both::1
QF_BV/sage/app12/bench_4880.smt::both::1
QF_BV/sage/app12/bench_5585.smt::both::1
QF_BV/sage/app8/bench_2996.smt::both::1
QF_BV/sage/app5/bench_227.smt::both::1
QF_BV/sage/app7/bench_544.smt::both::1
QF_BV/sage/app2/bench_1269.smt::both::1
QF_BV/sage/app12/bench_2032.smt::both::1
QF_BV/sage/app12/bench_2044.smt::both::1
QF_BV/sage/app9/bench_560.smt::both::1
QF_BV/sage/app1/bench_130.smt::both::1
QF_BV/sage/app5/bench_834.smt::both::1
QF_BV/sage/app2/bench_1279.smt::both::1
QF_BV/sage/app9/bench_131.smt::both::1
QF_BV/sage/app12/bench_5522.smt::both::1
QF_BV/sage/app12/bench_5039.smt::both::1
QF_BV/sage/app7/bench_4827.smt::both::1
QF_BV/sage/app9/bench_823.smt::both::1
QF_BV/sage/app12/bench_4437.smt::both::1
QF_BV/sage/app12/bench_2208.smt::both::1
QF_BV/sage/app7/bench_7321.smt::both::1
QF_BV/sage/app12/bench_5683.smt::both::1
QF_BV/sage/app7/bench_4582.smt::both::1
QF_BV/sage/app8/bench_1268.smt::both::1
QF_BV/sage/app12/bench_2569.smt::both::1
QF_BV/sage/app1/bench_822.smt::both::1
QF_BV/sage/app9/bench_392.smt::both::1
QF_BV/bench_ab/a496test0004.smt::both::1
QF_BV/sage/app8/bench_3275.smt::both::1
QF_BV/spear/samba_v3.0.24/bin_libmsrpc_vc1228510.smt::yices::1
QF_BV/spear/samba_v3.0.24/bin_libsmbclient_vc1228389.smt::yices::1
QF_BV/sage/app7/bench_777.smt::both::1
QF_BV/spear/samba_v3.0.24/bin_eventlogadm_vc344387.smt::yices::1
QF_BV/sage/app5/bench_1005.smt::both::1
QF_BV/sage/app12/bench_532.smt::both::1
QF_BV/sage/app7/bench_4633.smt::both::1
QF_BV/sage/app1/bench_2006.smt::both::1
QF_BV/bruttomesso/core/ext_con_024_064_1024.smt::z3::1
QF_BV/sage/app12/bench_1552.smt::both::1
QF_BV/sage/app7/bench_2578.smt::both::1
QF_BV/sage/app1/bench_1622.smt::both::1
QF_BV/sage/app9/bench_719.smt::both::1
QF_BV/sage/app8/bench_2791.smt::both::1
QF_BV/sage/app7/bench_3477.smt::both::1
QF_BV/sage/app1/bench_1052.smt::both::1
QF_BV/sage/app7/bench_350.smt::both::1
QF_BV/sage/app7/bench_6921.smt::both::1
QF_BV/sage/app8/bench_2993.smt::both::1
QF_BV/bench_ab/a5test0002.smt::both::1
QF_BV/sage/app7/bench_5796.smt::both::1
QF_BV/sage/app12/bench_2616.smt::both::1
QF_BV/sage/app12/bench_2586.smt::both::1
QF_BV/sage/app7/bench_4235.smt::both::1
QF_BV/sage/app8/bench_469.smt::both::1
QF_BV/spear/samba_v3.0.24/bin_eventlogadm_vc331247.smt::yices::1
QF_BV/sage/app12/bench_5737.smt::both::1
QF_BV/spear/samba_v3.0.24/bin_libmsrpc_vc1225906.smt::yices::1
QF_BV/spear/samba_v3.0.24/bin_libsmbclient_vc1225779.smt::yices::1
QF_BV/sage/app9/bench_864.smt::both::1
QF_BV/spear/samba_v3.0.24/bin_libmsrpc_vc1225344.smt::yices::1
QF_BV/sage/app8/bench_206.smt::both::1
QF_BV/sage/app7/bench_1217.smt::both::1
QF_BV/sage/app9/bench_2886.smt::both::1
QF_BV/sage/app7/bench_3747.smt::both::1
QF_BV/sage/app12/bench_4695.smt::both::1
QF_BV/sage/app8/bench_562.smt::both::1
QF_BV/spear/samba_v3.0.24/bin_libsmbsharemodes_vc5784.smt::yices::1
QF_BV/sage/app12/bench_1638.smt::both::1
QF_BV/sage/app7/bench_1081.smt::both::1
QF_BV/spear/samba_v3.0.24/bin_libmsrpc_vc1228491.smt::yices::1
QF_BV/sage/app12/bench_4590.smt::both::1
QF_BV/sage/app7/bench_4885.smt::both::1
QF_BV/sage/app12/bench_3896.smt::both::1
QF_BV/sage/app2/bench_89.smt::both::1
QF_BV/sage/app5/bench_160.smt::both::1
QF_BV/sage/app7/bench_5961.smt::both::1
QF_BV/bench_ab/a626test0025.smt::both::1
QF_BV/sage/app8/bench_900.smt::both::1
QF_BV/sage/app1/bench_1262.smt::both::1
QF_BV/sage/app12/bench_4829.smt::both::1
QF_BV/spear/samba_v3.0.24/bin_libmsrpc_vc1232190.smt::yices::1
QF_BV/sage/app12/bench_4497.smt::both::1
QF_BV/sage/app8/bench_1732.smt::both::1
QF_BV/bench_ab/a633test0076.smt::both::1
QF_BV/sage/app7/bench_7099.smt::both::1
QF_BV/sage/app8/bench_1972.smt::both::1
QF_BV/sage/app2/bench_458.smt::both::1
QF_BV/sage/app9/bench_2825.smt::both::1
QF_BV/dwp_formulas/try5_small_noof_functions_flanagansaxe_kill.quoting_options_from_style.il.flanagansaxe.smt::both::1
QF_BV/sage/app12/bench_4404.smt::both::1
QF_BV/sage/app11/bench_150.smt::both::1
QF_BV/sage/app9/bench_2615.smt::both::1
QF_BV/sage/app2/bench_484.smt::both::1
QF_BV/sage/app7/bench_4671.smt::both::1
QF_BV/sage/app7/bench_3112.smt::both::1
QF_BV/sage/app9/bench_2277.smt::both::1
QF_BV/sage/app7/bench_3972.smt::both::1
QF_BV/sage/app12/bench_4945.smt::both::1
QF_BV/sage/app7/bench_3317.smt::both::1
QF_BV/sage/app1/bench_1320.smt::both::1
QF_BV/spear/samba_v3.0.24/bin_libsmbsharemodes_vc6219.smt::yices::1
QF_BV/sage/app7/bench_6998.smt::both::1
QF_BV/spear/samba_v3.0.24/bin_libsmbsharemodes_vc7675.smt::yices::1
QF_BV/sage/app12/bench_4156.smt::both::1
QF_BV/sage/app12/bench_5770.smt::both::1
QF_BV/sage/app9/bench_1483.smt::both::1
QF_BV/spear/inn_v2.4.3/innfeed_imapfeed_vc24797.smt::yices::1
QF_BV/bench_ab/a657test0107.smt::both::1
QF_BV/bench_ab/a658test0026.smt::both::1
QF_BV/sage/app5/bench_152.smt::both::1
QF_BV/sage/app12/bench_4672.smt::both::1
QF_BV/sage/app12/bench_1327.smt::both::1
QF_BV/sage/app9/bench_1779.smt::both::1
QF_BV/sage/app2/bench_414.smt::both::1
QF_BV/spear/inn_v2.4.3/nnrpd_nnrpd_vc21429.smt::yices::1
QF_BV/sage/app7/bench_7708.smt::both::1
QF_BV/sage/app2/bench_506.smt::both::1
QF_BV/sage/app12/bench_1873.smt::both::1
QF_BV/sage/app1/bench_101.smt::both::1
QF_BV/sage/app8/bench_2350.smt::both::1
QF_BV/sage/app12/bench_1094.smt::both::1
QF_BV/sage/app7/bench_2838.smt::both::1
QF_BV/sage/app7/bench_4313.smt::both::1
QF_BV/sage/app7/bench_3025.smt::yices::1
QF_BV/sage/app8/bench_2934.smt::both::1
QF_BV/sage/app7/bench_8479.smt::both::1
QF_BV/sage/app8/bench_3411.smt::both::1
QF_BV/spear/samba_v3.0.24/bin_eventlogadm_vc331147.smt::yices::1
QF_BV/spear/samba_v3.0.24/bin_libsmbsharemodes_vc5729.smt::yices::1
QF_BV/sage/app7/bench_4114.smt::both::1
QF_BV/stp_samples/run_00000.trace.cond_017461_0x95026e6_00.smt::both::1
QF_BV/bench_ab/a681test0048.smt::both::1
QF_BV/sage/app7/bench_2606.smt::both::1
QF_BV/sage/app1/bench_578.smt::both::1
QF_BV/spear/samba_v3.0.24/bin_libsmbsharemodes_vc4332.smt::yices::1
QF_BV/sage/app12/bench_3993.smt::both::1
QF_BV/sage/app8/bench_3400.smt::both::1
QF_BV/sage/app7/bench_2361.smt::both::1
QF_BV/sage/app7/bench_6139.smt::both::1
QF_BV/sage/app7/bench_8142.smt::both::1
QF_BV/sage/app12/bench_4685.smt::both::1
QF_BV/sage/app2/bench_1040.smt::both::1
QF_BV/sage/app9/bench_1613.smt::both::1
QF_BV/sage/app7/bench_2786.smt::both::1
QF_BV/sage/app8/bench_2806.smt::both::1
QF_BV/dwp_formulas/try5_small_noof_functions_dwp_ptx.quoting_options_from_style.il.dwp.smt::both::1
QF_BV/sage/app7/bench_6275.smt::both::1
QF_BV/sage/app7/bench_2277.smt::both::1
QF_BV/sage/app7/bench_741.smt::both::1
QF_BV/sage/app7/bench_4672.smt::both::1
QF_BV/sage/app1/bench_1358.smt::both::1
QF_BV/sage/app8/bench_1414.smt::both::1
QF_BV/sage/app12/bench_2037.smt::both::1
QF_BV/sage/app12/bench_3859.smt::both::1
QF_BV/sage/app7/bench_6837.smt::both::1
QF_BV/sage/app12/bench_2570.smt::both::1
QF_BV/sage/app12/bench_1905.smt::both::1
QF_BV/bench_ab/a9test0002.smt::both::1
QF_BV/bruttomesso/core/ext_con_028_008_0512.smt::z3::1
QF_BV/sage/app11/bench_575.smt::both::1
QF_BV/sage/app8/bench_1697.smt::both::1
QF_BV/sage/app12/bench_3921.smt::both::1
QF_BV/sage/app8/bench_3616.smt::both::1
QF_BV/sage/app8/bench_43.smt::both::1
QF_BV/sage/app7/bench_7692.smt::both::1
QF_BV/sage/app1/bench_1776.smt::both::1
QF_BV/sage/app7/bench_7067.smt::both::1
QF_BV/sage/app7/bench_2945.smt::both::1
QF_BV/spear/samba_v3.0.24/bin_eventlogadm_vc344892.smt::both::1
QF_BV/sage/app12/bench_5734.smt::both::1
QF_BV/sage/app12/bench_149.smt::both::1
QF_BV/spear/samba_v3.0.24/bin_libmsrpc_vc1225304.smt::yices::1
QF_BV/sage/app5/bench_437.smt::both::1
QF_BV/sage/app12/bench_1544.smt::both::1
QF_BV/sage/app2/bench_443.smt::both::1
QF_BV/sage/app5/bench_151.smt::both::1
QF_BV/spear/samba_v3.0.24/bin_libsmbsharemodes_vc6195.smt::yices::1
QF_BV/sage/app7/bench_7746.smt::yices::1
QF_BV/sage/app7/bench_1039.smt::both::1
QF_BV/sage/app1/bench_2057.smt::both::1
QF_BV/spear/samba_v3.0.24/bin_libmsrpc_vc1232039.smt::yices::1
QF_BV/sage/app7/bench_3839.smt::both::1
QF_BV/sage/app12/bench_270.smt::both::1
QF_BV/sage/app12/bench_2165.smt::both::1
QF_BV/sage/app12/bench_598.smt::both::1
QF_BV/sage/app9/bench_1181.smt::both::1
QF_BV/sage/app1/bench_2483.smt::both::1
QF_BV/dwp_formulas/try5_small_noof_functions_dwp_cut.hash_int.il.dwp.smt::both::1
QF_BV/sage/app12/bench_5523.smt::both::1
QF_BV/sage/app12/bench_2223.smt::both::1
QF_BV/sage/app9/bench_2045.smt::both::1
QF_BV/sage/app9/bench_25.smt::both::1
QF_BV/sage/app8/bench_627.smt::both::1
QF_BV/sage/app2/bench_1229.smt::both::1
QF_BV/sage/app5/bench_484.smt::both::1
QF_BV/sage/app7/bench_4736.smt::both::1
QF_BV/spear/samba_v3.0.24/bin_libsmbsharemodes_vc7281.smt::both::1
QF_BV/sage/app12/bench_3900.smt::both::1
QF_BV/sage/app7/bench_8132.smt::both::1
QF_BV/sage/app9/bench_1060.smt::both::1
QF_BV/sage/app8/bench_264.smt::both::1
QF_BV/sage/app1/bench_2257.smt::yices::1
QF_BV/sage/app8/bench_1573.smt::both::1
QF_BV/sage/app12/bench_3205.smt::both::1
QF_BV/sage/app2/bench_27.smt::both::1
QF_BV/sage/app7/bench_1450.smt::both::1
QF_BV/sage/app9/bench_1024.smt::both::1
QF_BV/spear/samba_v3.0.24/bin_libsmbsharemodes_vc5701.smt::yices::1
QF_BV/sage/app9/bench_1003.smt::both::1
QF_BV/stp_samples/run_03230.trace.cond_030430_0x4181f2_00.smt::both::1
QF_BV/sage/app12/bench_864.smt::both::1
QF_BV/sage/app12/bench_1987.smt::both::1
QF_BV/sage/app1/bench_2523.smt::both::1
QF_BV/sage/app12/bench_4586.smt::both::1
QF_BV/sage/app7/bench_4316.smt::both::1
QF_BV/sage/app8/bench_1112.smt::both::1
QF_BV/uclid/catchconv/convert-jpg2gif-query-1496.smt::both::1
QF_BV/sage/app7/bench_8169.smt::both::1
QF_BV/bruttomesso/core/ext_con_040_001_0032.smt::both::1
QF_BV/sage/app9/bench_2602.smt::both::1
QF_BV/sage/app7/bench_6072.smt::both::1
QF_BV/sage/app1/bench_2180.smt::both::1
QF_BV/sage/app7/bench_1040.smt::both::1
QF_BV/sage/app9/bench_69.smt::both::1
QF_BV/sage/app8/bench_1444.smt::both::1
QF_BV/sage/app7/bench_4231.smt::both::1
QF_BV/sage/app1/bench_1357.smt::both::1
QF_BV/sage/app8/bench_3133.smt::both::1
QF_BV/spear/samba_v3.0.24/bin_libmsrpc_vc1225849.smt::yices::1
QF_BV/sage/app1/bench_1954.smt::both::1
QF_BV/sage/app8/bench_1717.smt::both::1
QF_BV/sage/app9/bench_1254.smt::both::1
QF_BV/sage/app11/bench_313.smt::both::1
QF_BV/sage/app7/bench_790.smt::both::1
QF_BV/sage/app7/bench_1213.smt::both::1
QF_BV/sage/app12/bench_3254.smt::both::1
QF_BV/sage/app7/bench_2543.smt::both::1
QF_BV/sage/app12/bench_4411.smt::both::1
QF_BV/sage/app7/bench_8.smt::both::1
QF_BV/sage/app8/bench_827.smt::both::1
QF_BV/sage/app1/bench_1535.smt::both::1
QF_BV/sage/app12/bench_1242.smt::both::1
QF_BV/sage/app2/bench_498.smt::both::1
QF_BV/sage/app12/bench_836.smt::both::1
QF_BV/sage/app12/bench_1337.smt::both::1
QF_BV/spear/samba_v3.0.24/bin_eventlogadm_vc352865.smt::yices::1
QF_BV/sage/app9/bench_1097.smt::both::1
QF_BV/sage/app1/bench_1470.smt::yices::1
QF_BV/sage/app5/bench_758.smt::both::1
QF_BV/sage/app1/bench_536.smt::both::1
QF_BV/sage/app2/bench_744.smt::both::1
QF_BV/sage/app12/bench_957.smt::both::1
QF_BV/sage/app8/bench_2635.smt::both::1
QF_BV/bruttomesso/core/ext_con_056_016_0512.smt::z3::1
QF_BV/sage/app9/bench_2370.smt::both::1
QF_BV/sage/app12/bench_2495.smt::both::1
QF_BV/spear/samba_v3.0.24/bin_eventlogadm_vc352394.smt::yices::1
QF_BV/sage/app7/bench_4543.smt::both::1
QF_BV/spear/samba_v3.0.24/bin_eventlogadm_vc354400.smt::yices::1
QF_BV/sage/app9/bench_1629.smt::both::1
QF_BV/sage/app12/bench_2866.smt::both::1
QF_BV/sage/app8/bench_860.smt::both::1
QF_BV/sage/app7/bench_6348.smt::both::1
QF_BV/sage/app12/bench_4850.smt::both::1
QF_BV/spear/samba_v3.0.24/bin_libsmbsharemodes_vc7696.smt::yices::1
QF_BV/sage/app9/bench_2613.smt::both::1
QF_BV/sage/app12/bench_3093.smt::both::1
QF_BV/bruttomesso/lfsr/lfsr_004_079_016.smt::both::1
QF_BV/sage/app9/bench_2805.smt::both::1
QF_BV/sage/app12/bench_3586.smt::both::1
QF_BV/sage/app12/bench_2739.smt::both::1
QF_BV/sage/app1/bench_454.smt::both::1
QF_BV/sage/app1/bench_591.smt::both::1
QF_BV/sage/app7/bench_4701.smt::both::1
QF_BV/dwp_formulas/try3_noof_functions_dwp_kill.quoting_options_from_style.il.dwp.smt::both::1
QF_BV/sage/app9/bench_382.smt::both::1
QF_BV/sage/app7/bench_3027.smt::both::1
QF_BV/sage/app12/bench_2714.smt::both::1
QF_BV/sage/app8/bench_1135.smt::both::1
QF_BV/sage/app7/bench_84.smt::both::1
QF_BV/spear/samba_v3.0.24/bin_libmsrpc_vc1225774.smt::yices::1
QF_BV/sage/app8/bench_1793.smt::both::1
QF_BV/sage/app1/bench_2521.smt::both::1
QF_BV/sage/app7/bench_3562.smt::both::1
QF_BV/sage/app8/bench_996.smt::both::1
QF_BV/sage/app7/bench_7639.smt::both::1
QF_BV/sage/app9/bench_60.smt::both::1
QF_BV/sage/app1/bench_1556.smt::both::1
QF_BV/sage/app12/bench_5121.smt::both::1
QF_BV/sage/app12/bench_4461.smt::both::1
QF_BV/sage/app5/bench_721.smt::both::1
QF_BV/sage/app1/bench_557.smt::both::1
QF_BV/sage/app7/bench_1861.smt::both::1
QF_BV/sage/app12/bench_4767.smt::both::1
QF_BV/sage/app9/bench_2309.smt::both::1
QF_BV/sage/app12/bench_2311.smt::both::1
QF_BV/sage/app5/bench_749.smt::both::1
QF_BV/sage/app12/bench_3759.smt::both::1
QF_BV/sage/app7/bench_1783.smt::both::1
QF_BV/sage/app8/bench_1817.smt::both::1
QF_BV/sage/app1/bench_2207.smt::both::1
QF_BV/sage/app12/bench_5308.smt::both::1
QF_BV/bruttomesso/core/ext_con_044_064_0512.smt::z3::1
QF_BV/sage/app8/bench_760.smt::both::1
QF_BV/sage/app7/bench_4814.smt::both::1
QF_BV/sage/app12/bench_4413.smt::both::1
QF_BV/spear/samba_v3.0.24/bin_libmsrpc_vc1228505.smt::yices::1
QF_BV/sage/app7/bench_2882.smt::both::1
QF_BV/sage/app7/bench_5786.smt::both::1
QF_BV/sage/app8/bench_2733.smt::both::1
QF_BV/sage/app12/bench_2755.smt::both::1
QF_BV/sage/app8/bench_1061.smt::both::1
QF_BV/bruttomesso/core/ext_con_056_032_0128.smt::z3::1
QF_BV/sage/app12/bench_1914.smt::both::1
QF_BV/sage/app9/bench_712.smt::both::1
QF_BV/sage/app9/bench_1712.smt::both::1
QF_BV/bruttomesso/lfsr/lfsr_002_143_048.smt::both::1
QF_BV/sage/app7/bench_5727.smt::both::1
QF_BV/sage/app9/bench_2222.smt::both::1
QF_BV/sage/app5/bench_506.smt::both::1
QF_BV/sage/app7/bench_417.smt::both::1
QF_BV/sage/app7/bench_1299.smt::both::1
QF_BV/sage/app7/bench_5825.smt::both::1
QF_BV/sage/app5/bench_850.smt::both::1
QF_BV/sage/app1/bench_1588.smt::both::1
QF_BV/sage/app2/bench_1213.smt::both::1
QF_BV/sage/app1/bench_494.smt::both::1
QF_BV/sage/app12/bench_230.smt::both::1
QF_BV/sage/app8/bench_1459.smt::both::1
QF_BV/bruttomesso/core/ext_con_052_001_0512.smt::z3::1
QF_BV/sage/app8/bench_995.smt::both::1
QF_BV/sage/app7/bench_2411.smt::both::1
QF_BV/sage/app12/bench_4245.smt::both::1
QF_BV/sage/app12/bench_4396.smt::both::1
QF_BV/sage/app12/bench_3599.smt::both::1
QF_BV/sage/app1/bench_1005.smt::both::1
QF_BV/bruttomesso/core/ext_con_056_008_0512.smt::z3::1
QF_BV/sage/app5/bench_593.smt::both::1
QF_BV/stp_samples/run_03230.trace.cond_029182_0x4183cd_00.smt::both::1
QF_BV/sage/app7/bench_5339.smt::both::1
QF_BV/sage/app11/bench_516.smt::both::1
QF_BV/sage/app2/bench_785.smt::both::1
QF_BV/sage/app7/bench_4772.smt::both::1
QF_BV/sage/app9/bench_2773.smt::both::1
QF_BV/sage/app12/bench_3220.smt::both::1
QF_BV/sage/app1/bench_2601.smt::both::1
QF_BV/sage/app7/bench_1660.smt::both::1
QF_BV/spear/samba_v3.0.24/bin_libsmbsharemodes_vc6175.smt::yices::1
QF_BV/sage/app7/bench_2322.smt::both::1
QF_BV/sage/app7/bench_6910.smt::both::1
QF_BV/sage/app9/bench_2007.smt::both::1
QF_BV/sage/app12/bench_2891.smt::both::1
QF_BV/sage/app12/bench_1637.smt::both::1
QF_BV/sage/app7/bench_5094.smt::both::1
QF_BV/sage/app1/bench_1263.smt::both::1
QF_BV/sage/app7/bench_7704.smt::both::1
QF_BV/sage/app9/bench_2417.smt::both::1
QF_BV/dwp_formulas/try5_small_noof_functions_dwp_csplit.quoting_options_from_style.il.dwp.smt::both::1
QF_BV/sage/app12/bench_3019.smt::both::1
QF_BV/sage/app12/bench_3014.smt::both::1
QF_BV/bruttomesso/core/ext_con_060_002_1024.smt::z3::5
Unknown Files:
QF_BV/wienand-cav2008/Booth/mult_ub_64x64_1.sf.smt
QF_BV/brummayerbiere3/maxandminor064.smt
QF_BV/brummayerbiere3/minor128.smt
QF_BV/brummayerbiere3/minxor256.smt
