QF_IDL/queens_bench/super_queen/super_queen71-1.smt::z3::1
QF_IDL/planning/plan-26.cvc.smt::both::1
QF_IDL/parity/31.400.graph.smt::both::1
QF_IDL/schedulingIDL/tai_15x15_4_mkspan1176.smt::both::1
QF_IDL/Averest/binary_search/BinarySearch_safe_bgmc003.smt::both::1
QF_IDL/Averest/sorting_network/SortingNetwork8_safe_blmc005.smt::both::1
QF_IDL/qlock/qlock-4-10-6.base.cvc.smt::both::1
QF_IDL/Averest/binary_search/BinarySearch_safe_blmc002.smt::both::1
QF_IDL/mathsat/post_office/PO4-6-PO4.smt::both::1
QF_IDL/mathsat/fischer/FISCHER9-5-ninc.smt::both::1
QF_IDL/queens_bench/n_queen/queen75-1.smt::z3::1
QF_IDL/mathsat/fischer/FISCHER6-5-ninc.smt::both::1
QF_IDL/Averest/buble_sort/BubbleSort_live_bgmc007.smt::both::1
QF_IDL/mathsat/fischer/FISCHER11-1-ninc.smt::both::1
QF_IDL/schedulingIDL/gp10_05_mkspan1070.smt::yices::1
QF_IDL/job_shop/jobshop2-2-1-1-4-4-11.smt::both::1
QF_IDL/parity/10.700.graph.smt::yices::1
QF_IDL/diamonds/diamonds.13.10.i.a.u.smt::yices::1
QF_IDL/schedulingIDL/tai_15x15_3_mkspan874.smt::both::1
QF_IDL/schedulingIDL/j7_per10_1_mkspan1001.smt::both::1
QF_IDL/queens_bench/n_queen/queen39-1.smt::both::1
QF_IDL/queens_bench/super_queen/super_queen47-1.smt::both::1
QF_IDL/Averest/sorting_network/SortingNetwork4_live_bgmc004.smt::both::1
QF_IDL/RTCL/b13_tf_15/ckt_PROP5_tf_15.smt::both::1
QF_IDL/mathsat/post_office/PO3-5-PO3.smt::both::1
QF_IDL/parity/30.100.graph.smt::both::1
QF_IDL/sal/bakery/inf-bakery-mutex-14.smt::both::1
QF_IDL/schedulingIDL/tai_15x15_2_mkspan933.smt::both::1
QF_IDL/RTCL/b13_tf_20/ckt_PROP5_tf_20.smt::both::1
QF_IDL/schedulingIDL/j7_per0_0_mkspan1068.smt::z3::1
QF_IDL/Averest/buble_sort/BubbleSort_safe_bgmc007.smt::both::1
QF_IDL/Averest/buble_sort/BubbleSort_safe_bgmc008.smt::both::1
QF_IDL/queens_bench/super_queen/super_queen16-1.smt::both::1
QF_IDL/mathsat/fischer/FISCHER8-6-ninc.smt::both::1
QF_IDL/DTP/DTP_k2_n35_c245_s5.smt::both::1
QF_IDL/DTP/DTP_k2_n35_c245_s19.smt::both::1
QF_IDL/schedulingIDL/tai_15x15_1_mkspan962.smt::both::1
QF_IDL/mathsat/fischer/FISCHER3-3-ninc.smt::both::1
QF_IDL/schedulingIDL/j8_per10_0_mkspan1024.smt::yices::1
QF_IDL/planning/plan-46.cvc.smt::both::1
QF_IDL/job_shop/jobshop12-2-6-6-2-4-12.smt::both::1
QF_IDL/mathsat/fischer/FISCHER10-4-ninc.smt::both::1
QF_IDL/qlock/qlock-4-10-9.induction.cvc.smt::both::1
QF_IDL/parity/19.600.graph.smt::yices::1
QF_IDL/sal/bakery/inf-bakery-mutex-12.smt::both::1
QF_IDL/RTCL/b13_tf_15/ckt_PROP8_tf_15.smt::both::1
QF_IDL/Averest/sorting_network/SortingNetwork8_safe_bgmc004.smt::both::1
QF_IDL/job_shop/jobshop24-2-12-12-2-4-12.smt::both::1
QF_IDL/Averest/buble_sort/BubbleSort_safe_blmc018.smt::yices::1
QF_IDL/job_shop/jobshop26-2-13-13-4-4-12.smt::both::1
QF_IDL/queens_bench/n_queen/queen78-1.smt::both::1
QF_IDL/parity/07.700.graph.smt::yices::1
QF_IDL/queens_bench/super_queen/super_queen61-1.smt::both::1
QF_IDL/Averest/sorting_network/SortingNetwork8_live_blmc003.smt::both::1
QF_IDL/RTCL/b02_tf_15/ckt_PROP0_tf_15.smt::both::1
QF_IDL/Averest/insertion_sort/InsertionSort_live_bgmc000.smt::both::1
QF_IDL/schedulingIDL/j8_per20_0_mkspan1000.smt::both::1
QF_IDL/queens_bench/n_queen/queen80-1.smt::z3::1
QF_IDL/parity/20.600.graph.smt::yices::1
QF_IDL/job_shop/jobshop26-2-13-13-2-4-9.smt::yices::1
QF_IDL/queens_bench/super_queen/super_queen59-1.smt::both::1
QF_IDL/Averest/insertion_sort/InsertionSort_live_bgmc011.smt::both::1
QF_IDL/mathsat/fischer/FISCHER14-3-ninc.smt::both::1
QF_IDL/queens_bench/super_queen/super_queen48-1.smt::both::1
QF_IDL/Averest/insertion_sort/InsertionSort_live_blmc003.smt::both::1
QF_IDL/parity/03.600.graph.smt::yices::1
QF_IDL/mathsat/fischer/FISCHER11-5-ninc.smt::both::1
QF_IDL/cellar/CELAR6_SUB0.smt::both::1
QF_IDL/queens_bench/super_queen/super_queen88-1.smt::z3::1
QF_IDL/sep/railroad/RailRoad1_neg_3.smt::both::1
QF_IDL/job_shop/jobshop10-2-5-5-2-4-9.smt::both::1
QF_IDL/DTP/DTP_k2_n35_c245_s11.smt::both::1
QF_IDL/parity/13.100.graph.smt::both::1
QF_IDL/parity/20.400.graph.smt::yices::1
QF_IDL/sal/bakery/inf-bakery-mutex-16.smt::both::1
QF_IDL/Averest/insertion_sort/InsertionSort_safe_bgmc005.smt::both::1
QF_IDL/mathsat/fischer/FISCHER11-6-ninc.smt::both::1
QF_IDL/planning/plan-7.cvc.smt::both::1
QF_IDL/Averest/insertion_sort/InsertionSort_safe_blmc004.smt::both::1
QF_IDL/parity/26.500.graph.smt::yices::1
QF_IDL/planning/plan-19.cvc.smt::both::1
QF_IDL/schedulingIDL/j7_per20_2_mkspan1004.smt::both::1
QF_IDL/schedulingIDL/tai_15x15_6_mkspan1175.smt::both::1
QF_IDL/queens_bench/n_queen/queen5-1.smt::both::1
QF_IDL/mathsat/fischer/FISCHER10-7-ninc.smt::both::1
QF_IDL/mathsat/fischer/FISCHER11-4-ninc.smt::both::1
QF_IDL/parity/03.500.graph.smt::yices::1
QF_IDL/Averest/min_max/MinMax_live_bgmc000.smt::both::1
QF_IDL/DTP/DTP_k2_n35_c210_s18.smt::both::1
QF_IDL/Averest/min_max/MinMax_live_bgmc003.smt::both::1
QF_IDL/schedulingIDL/tai_10x10_1_mkspan654.smt::both::1
QF_IDL/mathsat/fischer/FISCHER2-1-ninc.smt::both::1
QF_IDL/parity/19.300.graph.smt::both::1
QF_IDL/mathsat/fischer/FISCHER11-8-ninc.smt::both::1
QF_IDL/parity/20.300.graph.smt::both::1
QF_IDL/job_shop/jobshop38-2-19-19-4-4-12.smt::yices::1
QF_IDL/qlock/qlock-4-10-35.induction.cvc.smt::both::1
QF_IDL/Averest/sorting_network/SortingNetwork8_live_blmc004.smt::both::1
QF_IDL/planning/plan-22.cvc.smt::both::1
QF_IDL/parity/27.500.graph.smt::yices::1
QF_IDL/queens_bench/n_queen/queen60-1.smt::both::1
QF_IDL/queens_bench/super_queen/super_queen58-1.smt::both::1
QF_IDL/Averest/parallel_search/ParallelSearch_safe_blmc000.smt::both::1
QF_IDL/queens_bench/toroidal_bench/toroidal_queen2-1.smt::both::1
QF_IDL/planning/plan-14.cvc.smt::both::1
QF_IDL/parity/04.100.graph.smt::both::1
QF_IDL/mathsat/fischer/FISCHER9-7-ninc.smt::both::1
QF_IDL/schedulingIDL/j7_per0_1_mkspan1055.smt::yices::1
QF_IDL/parity/01.600.graph.smt::yices::1
QF_IDL/queens_bench/super_queen/super_queen53-1.smt::both::1
QF_IDL/Averest/partition/Partition_live_blmc004.smt::both::1
QF_IDL/parity/24.300.graph.smt::both::1
QF_IDL/queens_bench/n_queen/queen57-1.smt::z3::1
QF_IDL/queens_bench/n_queen/queen64-1.smt::both::1
QF_IDL/job_shop/jobshop14-2-7-7-4-4-12.smt::both::1
QF_IDL/mathsat/fischer/FISCHER10-3-ninc.smt::both::1
QF_IDL/job_shop/jobshop32-2-16-16-2-4-9.smt::both::1
QF_IDL/sal/bakery/inf-bakery-mutex-18.smt::both::1
QF_IDL/Averest/partition/Partition_safe_blmc004.smt::both::1
QF_IDL/parity/29.300.graph.smt::both::1
QF_IDL/schedulingIDL/j8_per20_0_mkspan1008.smt::both::1
QF_IDL/Averest/selection_sort/SelectionSort_live_bgmc003.smt::both::1
QF_IDL/schedulingIDL/j7_per10_1_mkspan1008.smt::both::1
QF_IDL/qlock/qlock-4-10-28.induction.cvc.smt::both::1
QF_IDL/schedulingIDL/j8_per20_0_mkspan1002.smt::yices::1
QF_IDL/Averest/selection_sort/SelectionSort_live_bgmc007.smt::both::1
QF_IDL/queens_bench/n_queen/queen52-1.smt::z3::1
QF_IDL/parity/04.200.graph.smt::both::1
QF_IDL/sal/lpsat/lpsat-goal-12.smt::both::1
QF_IDL/DTP/DTP_k2_n35_c210_s5.smt::both::1
QF_IDL/queens_bench/n_queen/queen35-1.smt::both::1
QF_IDL/queens_bench/toroidal_bench/toroidal_queen7-1.smt::both::1
QF_IDL/qlock/qlock-4-10-10.base.cvc.smt::both::1
QF_IDL/planning/plan-13.cvc.smt::both::1
QF_IDL/queens_bench/super_queen/super_queen19-1.smt::both::1
QF_IDL/RTCL/b13_tf_30/ckt_PROP5_tf_30.smt::both::1
QF_IDL/schedulingIDL/tai_15x15_9_mkspan1153.smt::both::1
QF_IDL/Averest/selection_sort/SelectionSort_safe_bgmc002.smt::both::1
QF_IDL/Averest/selection_sort/SelectionSort_safe_bgmc003.smt::both::1
QF_IDL/DTP/DTP_k2_n35_c245_s3.smt::both::1
QF_IDL/Averest/selection_sort/SelectionSort_safe_bgmc006.smt::both::1
QF_IDL/queens_bench/n_queen/queen61-1.smt::z3::1
QF_IDL/mathsat/fischer/FISCHER13-4-ninc.smt::both::1
QF_IDL/parity/08.400.graph.smt::yices::1
QF_IDL/sep/railroad/RailRoad1_neg_4.smt::both::1
QF_IDL/schedulingIDL/j8_per20_2_mkspan1000.smt::both::1
QF_IDL/sal/bakery/inf-bakery-mutex-13.smt::both::1
QF_IDL/schedulingIDL/j8_per10_2_mkspan1013.smt::z3::1
QF_IDL/mathsat/post_office/PO3-2-PO3.smt::both::1
QF_IDL/Averest/selection_sort/SelectionSort_safe_blmc005.smt::both::1
QF_IDL/planning/plan-11.cvc.smt::both::1
QF_IDL/planning/plan-38.cvc.smt::both::1
QF_IDL/queens_bench/super_queen/super_queen65-1.smt::both::1
QF_IDL/schedulingIDL/tai_10x10_1_mkspan638.smt::yices::1
QF_IDL/parity/20.200.graph.smt::both::1
QF_IDL/parity/30.800.graph.smt::yices::5
QF_IDL/schedulingIDL/j7_per10_2_mkspan1012.smt::both::5
QF_IDL/queens_bench/toroidal_bench/toroidal_queen29-1.smt::z3::5
QF_IDL/schedulingIDL/j8_per10_0_mkspan1017.smt::both::5
QF_IDL/mathsat/fischer/FISCHER11-9-ninc.smt::both::5
QF_IDL/mathsat/fischer/FISCHER9-9-ninc.smt::both::5
QF_IDL/queens_bench/super_queen/super_queen72-1.smt::both::5
QF_IDL/job_shop/jobshop46-2-23-23-2-4-9.smt::yices::5
QF_IDL/diamonds/diamonds.16.5.i.a.u.smt::yices::5
QF_IDL/parity/31.800.graph.smt::yices::5
QF_IDL/schedulingIDL/tai_20x20_1_mkspan1166.smt::yices::5
QF_IDL/schedulingIDL/tai_20x20_3_mkspan1296.smt::both::5
QF_IDL/schedulingIDL/tai_20x20_7_mkspan1313.smt::yices::5
QF_IDL/schedulingIDL/tai_20x20_7_mkspan1332.smt::both::5
QF_IDL/parity/09.800.graph.smt::yices::5
QF_IDL/parity/02.800.graph.smt::yices::5
QF_IDL/schedulingIDL/tai_20x20_8_mkspan1180.smt::yices::5
QF_IDL/parity/10.800.graph.smt::yices::5
QF_IDL/qlock/qlock-4-10-16.base.cvc.smt::both::5
QF_IDL/schedulingIDL/tai_20x20_4_mkspan1258.smt::both::5
QF_IDL/job_shop/jobshop56-2-28-28-4-4-12.smt::yices::5
QF_IDL/queens_bench/n_queen/queen94-1.smt::z3::5
QF_IDL/parity/06.700.graph.smt::yices::5
QF_IDL/diamonds/diamonds.18.3.i.a.u.smt::yices::5
QF_IDL/schedulingIDL/j8_per0_2_mkspan1052.smt::yices::5
QF_IDL/schedulingIDL/j8_per0_2_mkspan1041.smt::yices::5
QF_IDL/schedulingIDL/tai_15x15_8_mkspan893.smt::both::5
QF_IDL/schedulingIDL/tai_20x20_1_mkspan1157.smt::both::10
QF_IDL/diamonds/diamonds.18.5.i.a.u.smt::yices::10
QF_IDL/schedulingIDL/tai_20x20_8_mkspan1174.smt::both::10
QF_IDL/mathsat/fischer/FISCHER14-11-ninc.smt::z3::30
QF_IDL/qlock/qlock-4-10-21.base.cvc.smt::both::60
QF_IDL/mathsat/fischer/FISCHER14-13-ninc.smt::z3::300
QF_IDL/qlock/qlock-4-10-26.base.cvc.smt::z3::300
QF_IDL/qlock/qlock-4-10-32.base.cvc.smt::z3::600
QF_IDL/qlock/qlock-4-10-30.base.cvc.smt::z3::600
Unknown Files:
QF_IDL/queens_bench/toroidal_bench/toroidal_queen76-1.smt
QF_IDL/queens_bench/toroidal_bench/toroidal_queen22-1.smt
QF_IDL/queens_bench/toroidal_bench/toroidal_queen68-1.smt
QF_IDL/queens_bench/toroidal_bench/toroidal_queen78-1.smt
QF_IDL/queens_bench/toroidal_bench/toroidal_queen26-1.smt
QF_IDL/queens_bench/toroidal_bench/toroidal_queen90-1.smt
QF_IDL/job_shop/jobshop50-2-25-25-2-4-9.smt
QF_IDL/queens_bench/toroidal_bench/toroidal_queen24-1.smt
QF_IDL/job_shop/jobshop52-2-26-26-2-4-9.smt
