QF_LIA/nec-smt/large/bftpd_login/prp-26-48.smt::z3::1
QF_LIA/nec-smt/med/checkpass_pwd/prp-2-27.smt::yices::1
QF_LIA/nec-smt/med/checkpass_pwd/prp-18-27.smt::both::1
QF_LIA/nec-smt/large/checkpass_pwd/prp-23-38.smt::yices::1
QF_LIA/nec-smt/large/getoption_group/prp-33-48.smt::yices::1
QF_LIA/nec-smt/large/bftpd_login/prp-18-49.smt::both::1
QF_LIA/CAV_2009_benchmarks/smt/40-vars/problem_2__008.smt::z3::1
QF_LIA/nec-smt/med/int_from_list/prp-9-27.smt::both::1
QF_LIA/convert/convert-jpg2gif-query-1532.smt::z3::1
QF_LIA/bofill-scheduling/SMT_real_LIA/ex3600_2400_100.smt::both::1
QF_LIA/mathsat/FISCHER5-5-fair.smt::both::1
QF_LIA/bofill-scheduling/SMT_real_LIA/ex3840_2400_100.smt::both::1
QF_LIA/convert/convert-jpg2gif-query-1203.smt::z3::1
QF_LIA/rings_preprocessed/ring_2exp12_9vars_2ite_unsat.smt::z3::1
QF_LIA/rings/ring_2exp14_6vars_3ite_unsat.smt::yices::1
QF_LIA/nec-smt/large/getoption_group/prp-28-49.smt::yices::1
QF_LIA/nec-smt/med/config_read_line/prp-2-48.smt::both::1
QF_LIA/nec-smt/large/getoption_group/prp-33-47.smt::yices::1
QF_LIA/nec-smt/large/bftpd_login/prp-37-40.smt::both::1
QF_LIA/nec-smt/med/int_from_list/prp-14-36.smt::both::1
QF_LIA/nec-smt/med/int_from_list/prp-13-32.smt::both::1
QF_LIA/convert/convert-jpg2gif-query-1552.smt::z3::1
QF_LIA/nec-smt/large/bftpd_login/prp-26-47.smt::both::1
QF_LIA/rings_preprocessed/ring_2exp4_6vars_2ite_unsat.smt::both::1
QF_LIA/bofill-scheduling/SMT_random_LIA/ex19700_2600_100.smt::both::1
QF_LIA/CAV_2009_benchmarks/coef-size/smt/size-20/problem__003.smt::z3::1
QF_LIA/bofill-scheduling/SMT_real_LIA/ex2820_2400_100.smt::both::1
QF_LIA/rings_preprocessed/ring_2exp6_8vars_5ite_unsat.smt::z3::1
QF_LIA/nec-smt/large/checkpass/prp-8-48.smt::yices::1
QF_LIA/nec-smt/large/getoption_group/prp-20-50.smt::yices::1
QF_LIA/bofill-scheduling/SMT_real_LIA/ex9460_2400_100.smt::both::1
QF_LIA/bofill-scheduling/SMT_real_LIA/ex6840_2400_100.smt::both::1
QF_LIA/rings/ring_2exp10_6vars_5ite_unsat.smt::yices::1
QF_LIA/nec-smt/med/checkpass_pwd/prp-4-19.smt::both::1
QF_LIA/nec-smt/large/handler_sigchld/prp-9-46.smt::yices::1
QF_LIA/nec-smt/large/int_from_list/prp-35-44.smt::yices::1
QF_LIA/nec-smt/large/getoption_group/prp-46-46.smt::yices::1
QF_LIA/nec-smt/large/getoption_group/prp-55-49.smt::yices::1
QF_LIA/nec-smt/med/checkpass_pwd/prp-25-30.smt::yices::1
QF_LIA/nec-smt/large/int_from_list/prp-47-50.smt::yices::1
QF_LIA/bofill-scheduling/SMT_real_LIA/ex8100_2400_100.smt::both::1
QF_LIA/nec-smt/large/bftpd_login/prp-48-48.smt::z3::1
QF_LIA/nec-smt/large/bftpd_login/prp-61-47.smt::z3::1
QF_LIA/convert/convert-jpg2gif-query-1451.smt::z3::1
QF_LIA/mathsat/FISCHER5-6-fair.smt::both::1
QF_LIA/cut_lemmas/15-vars/cut_lemma_02_008.smt::both::1
QF_LIA/nec-smt/large/int_from_list/prp-37-50.smt::yices::1
QF_LIA/CIRC/multiplier_prime/MULTIPLIER_PRIME_14.msat.smt::both::1
QF_LIA/cut_lemmas/10-vars/cut_lemma_02_006.smt::both::1
QF_LIA/nec-smt/large/checkpass/prp-33-47.smt::yices::1
QF_LIA/CAV_2009_benchmarks/smt/30-vars/problem_2__011.smt::z3::1
QF_LIA/nec-smt/large/int_from_list/prp-59-49.smt::yices::1
QF_LIA/rings/ring_2exp16_7vars_1ite_unsat.smt::yices::1
QF_LIA/nec-smt/large/getoption_group/prp-15-50.smt::yices::1
QF_LIA/rings/ring_2exp6_9vars_2ite_unsat.smt::yices::1
QF_LIA/CAV_2009_benchmarks/smt/25-vars/problem__025.smt::z3::1
QF_LIA/CAV_2009_benchmarks/coef-size/smt/size-90/problem__004.smt::z3::1
QF_LIA/nec-smt/large/bftpd_login/prp-4-50.smt::z3::1
QF_LIA/cut_lemmas/15-vars/cut_lemma_03_007.smt::both::1
QF_LIA/nec-smt/large/int_from_list/prp-53-47.smt::yices::1
QF_LIA/bofill-scheduling/SMT_real_LIA/ex8740_2400_100.smt::both::1
QF_LIA/rings_preprocessed/ring_2exp4_6vars_3ite_unsat.smt::both::1
QF_LIA/bofill-scheduling/SMT_real_LIA/ex4740_2400_100.smt::both::1
QF_LIA/nec-smt/large/bftpd_login/prp-11-49.smt::z3::1
QF_LIA/rings/ring_2exp10_9vars_2ite_unsat.smt::yices::1
QF_LIA/bofill-scheduling/SMT_real_LIA/ex8540_2400_100.smt::both::1
QF_LIA/nec-smt/large/getoption_group/prp-5-47.smt::yices::1
QF_LIA/CAV_2009_benchmarks/smt/40-vars/problem_2__015.smt::z3::1
QF_LIA/nec-smt/large/bftpd_login/prp-15-50.smt::z3::1
QF_LIA/CAV_2009_benchmarks/smt/25-vars/problem__001.smt::z3::1
QF_LIA/rings/ring_2exp12_5vars_3ite_unsat.smt::yices::1
QF_LIA/convert/convert-jpg2gif-query-1607.smt::z3::1
QF_LIA/bofill-scheduling/SMT_real_LIA/ex5840_2400_100.smt::both::1
QF_LIA/nec-smt/large/bftpd_login/prp-39-49.smt::z3::1
QF_LIA/nec-smt/large/checkpass_pwd/prp-34-37.smt::yices::1
QF_LIA/bofill-scheduling/SMT_random_LIA/ex9600_2600_100.smt::both::1
QF_LIA/CAV_2009_benchmarks/smt/25-vars/problem_2__003.smt::both::1
QF_LIA/nec-smt/large/getoption_group/prp-1-50.smt::yices::1
QF_LIA/CAV_2009_benchmarks/smt/30-vars/problem_2__008.smt::z3::1
QF_LIA/nec-smt/large/getoption_group/prp-25-47.smt::yices::1
QF_LIA/convert/convert-jpg2gif-query-1585.smt::z3::1
QF_LIA/CAV_2009_benchmarks/smt/10-vars/problem_2__029.smt::both::1
QF_LIA/CAV_2009_benchmarks/smt/40-vars/problem_2__006.smt::z3::1
QF_LIA/nec-smt/large/bftpd_login/prp-76-49.smt::z3::1
QF_LIA/nec-smt/large/checkpass/prp-49-49.smt::yices::1
QF_LIA/nec-smt/large/getoption_group/prp-36-45.smt::yices::1
QF_LIA/nec-smt/large/checkpass/prp-38-46.smt::both::1
QF_LIA/bofill-scheduling/SMT_real_LIA/ex4060_2400_100.smt::both::1
QF_LIA/CAV_2009_benchmarks/smt/10-vars/problem__004.smt::both::1
QF_LIA/nec-smt/large/int_from_list/prp-50-46.smt::yices::1
QF_LIA/nec-smt/large/checkpass/prp-4-47.smt::both::1
QF_LIA/cut_lemmas/20-vars/cut_lemma_02_013.smt::yices::1
QF_LIA/nec-smt/med/checkpass_pwd/prp-21-32.smt::yices::1
QF_LIA/CAV_2009_benchmarks/smt/40-vars/problem__025.smt::z3::1
QF_LIA/nec-smt/large/checkpass_pwd/prp-33-36.smt::yices::1
QF_LIA/nec-smt/med/int_from_list/prp-32-38.smt::yices::1
QF_LIA/nec-smt/large/checkpass/prp-27-47.smt::both::1
QF_LIA/nec-smt/large/checkpass_pwd/prp-20-40.smt::yices::1
QF_LIA/nec-smt/large/bftpd_login/prp-53-50.smt::z3::1
QF_LIA/nec-smt/med/checkpass_pwd/prp-20-31.smt::yices::1
QF_LIA/nec-smt/large/bftpd_login/prp-7-49.smt::z3::1
QF_LIA/nec-smt/large/checkpass_pwd/prp-20-34.smt::yices::1
QF_LIA/CAV_2009_benchmarks/smt/10-vars/problem__025.smt::both::1
QF_LIA/rings/ring_2exp4_7vars_0ite_unsat.smt::both::1
QF_LIA/rings/ring_2exp14_9vars_7ite_unsat.smt::yices::1
QF_LIA/convert/convert-jpg2gif-query-1445.smt::z3::1
QF_LIA/nec-smt/med/checkpass_pwd/prp-0-19.smt::both::1
QF_LIA/bofill-scheduling/SMT_real_LIA/ex7980_2400_100.smt::both::1
QF_LIA/bofill-scheduling/SMT_random_LIA/ex19200_2600_100.smt::both::1
QF_LIA/nec-smt/large/int_from_list/prp-50-47.smt::yices::1
QF_LIA/nec-smt/large/checkpass/prp-53-50.smt::yices::1
QF_LIA/calypto/problem-004282.cvc.1.smt::both::1
QF_LIA/CAV_2009_benchmarks/smt/35-vars/problem__007.smt::z3::1
QF_LIA/bofill-scheduling/SMT_random_LIA/ex11200_2600_100.smt::both::1
QF_LIA/convert/convert-jpg2gif-query-1144.smt::both::1
QF_LIA/CAV_2009_benchmarks/smt/15-vars/problem_2__006.smt::both::1
QF_LIA/CAV_2009_benchmarks/smt/15-vars/problem_2__007.smt::both::1
QF_LIA/rings/ring_2exp6_9vars_7ite_unsat.smt::yices::1
QF_LIA/rings/ring_2exp4_9vars_8ite_unsat.smt::yices::1
QF_LIA/mathsat/FISCHER7-4-fair.smt::both::1
QF_LIA/CAV_2009_benchmarks/smt/15-vars/problem_2__012.smt::both::1
QF_LIA/nec-smt/med/checkpass_pwd/prp-20-27.smt::both::1
QF_LIA/rings/ring_2exp8_8vars_2ite_unsat.smt::yices::1
QF_LIA/CAV_2009_benchmarks/smt/15-vars/problem_2__015.smt::both::1
QF_LIA/nec-smt/med/checkpass_pwd/prp-13-33.smt::yices::1
QF_LIA/nec-smt/large/handler_sigchld/prp-6-47.smt::yices::1
QF_LIA/nec-smt/large/checkpass_pwd/prp-25-41.smt::yices::1
QF_LIA/bofill-scheduling/SMT_random_LIA/ex16100_2600_100.smt::both::1
QF_LIA/nec-smt/large/bftpd_login/prp-60-48.smt::z3::1
QF_LIA/convert/convert-jpg2gif-query-1612.smt::z3::1
QF_LIA/CAV_2009_benchmarks/smt/30-vars/problem_2__015.smt::z3::1
QF_LIA/nec-smt/large/getoption_group/prp-39-49.smt::yices::1
QF_LIA/nec-smt/large/bftpd_login/prp-57-47.smt::z3::1
QF_LIA/nec-smt/large/user_is_in_group/prp-16-46.smt::yices::1
QF_LIA/nec-smt/med/checkpass_pwd/prp-5-29.smt::yices::1
QF_LIA/nec-smt/large/checkpass/prp-27-48.smt::both::1
QF_LIA/nec-smt/large/getoption_group/prp-19-49.smt::yices::1
QF_LIA/bofill-scheduling/SMT_random_LIA/ex29400_2600_100.smt::both::1
QF_LIA/nec-smt/med/config_read_line/prp-0-46.smt::both::1
QF_LIA/nec-smt/large/checkpass_pwd/prp-24-36.smt::yices::1
QF_LIA/nec-smt/small/int_from_list/prp-16-23.smt::both::1
QF_LIA/CAV_2009_benchmarks/smt/15-vars/problem__010.smt::both::1
QF_LIA/nec-smt/large/checkpass/prp-15-50.smt::yices::1
QF_LIA/CAV_2009_benchmarks/smt/15-vars/problem__012.smt::both::1
QF_LIA/rings/ring_2exp14_9vars_0ite_unsat.smt::both::1
QF_LIA/nec-smt/large/getoption_group/prp-0-50.smt::yices::1
QF_LIA/calypto/problem-001566.cvc.1.smt::both::1
QF_LIA/bofill-scheduling/SMT_real_LIA/ex4860_2400_100.smt::both::1
QF_LIA/convert/convert-jpg2gif-query-1533.smt::z3::1
QF_LIA/nec-smt/large/checkpass/prp-19-49.smt::yices::1
QF_LIA/nec-smt/med/config_read_line/prp-2-50.smt::both::1
QF_LIA/rings/ring_2exp14_4vars_2ite_unsat.smt::both::1
QF_LIA/mathsat/FISCHER5-1-fair.smt::both::1
QF_LIA/CAV_2009_benchmarks/smt/35-vars/problem_2__012.smt::z3::1
QF_LIA/nec-smt/med/int_from_list/prp-30-33.smt::both::1
QF_LIA/convert/convert-jpg2gif-query-1143.smt::both::1
QF_LIA/bofill-scheduling/SMT_real_LIA/ex9020_2400_100.smt::both::1
QF_LIA/convert/convert-jpg2gif-query-1473.smt::z3::1
QF_LIA/nec-smt/large/checkpass/prp-13-47.smt::both::1
QF_LIA/nec-smt/large/bftpd_login/prp-75-49.smt::z3::1
QF_LIA/nec-smt/large/getoption_group/prp-10-47.smt::yices::1
QF_LIA/nec-smt/large/checkpass_pwd/prp-21-38.smt::yices::1
QF_LIA/mathsat/FISCHER8-10-fair.smt::both::1
QF_LIA/nec-smt/large/user_is_in_group/prp-13-47.smt::yices::5
QF_LIA/nec-smt/large/checkpass/prp-32-50.smt::both::5
QF_LIA/nec-smt/large/checkpass_pwd/prp-22-50.smt::yices::5
QF_LIA/nec-smt/large/checkpass_pwd/prp-46-48.smt::yices::5
QF_LIA/CAV_2009_benchmarks/smt/25-vars/problem_2__022.smt::z3::5
QF_LIA/nec-smt/large/checkpass_pwd/prp-20-44.smt::yices::5
QF_LIA/CAV_2009_benchmarks/smt/40-vars/problem__035.smt::z3::5
QF_LIA/nec-smt/large/user_is_in_group/prp-12-50.smt::yices::5
QF_LIA/nec-smt/large/user_is_in_group/prp-18-46.smt::yices::5
QF_LIA/rings_preprocessed/ring_2exp16_5vars_3ite_unsat.smt::both::5
QF_LIA/nec-smt/large/checkpass_pwd/prp-44-42.smt::yices::5
QF_LIA/nec-smt/large/checkpass_pwd/prp-29-49.smt::yices::5
QF_LIA/nec-smt/large/checkpass_pwd/prp-17-47.smt::yices::5
QF_LIA/nec-smt/large/getoption_user/prp-24-50.smt::yices::5
QF_LIA/nec-smt/large/getoption_user/prp-50-46.smt::yices::5
QF_LIA/nec-smt/large/getoption_user/prp-15-48.smt::yices::5
QF_LIA/nec-smt/large/user_is_in_group/prp-22-50.smt::yices::5
QF_LIA/nec-smt/large/getoption_user/prp-36-49.smt::yices::5
QF_LIA/nec-smt/large/checkpass_pwd/prp-48-43.smt::yices::5
QF_LIA/nec-smt/large/getoption_user/prp-38-46.smt::yices::5
QF_LIA/nec-smt/large/checkpass_pwd/prp-35-45.smt::yices::5
QF_LIA/nec-smt/large/getoption_user/prp-39-50.smt::yices::5
QF_LIA/CAV_2009_benchmarks/smt/20-vars/problem_2__035.smt::z3::5
QF_LIA/CAV_2009_benchmarks/smt/35-vars/problem__025.smt::z3::5
QF_LIA/mathsat/FISCHER8-12-fair.smt::both::5
QF_LIA/nec-smt/large/user_is_in_group/prp-0-47.smt::yices::5
QF_LIA/nec-smt/large/checkpass_pwd/prp-47-48.smt::yices::10
QF_LIA/nec-smt/large/checkpass_pwd/prp-34-50.smt::yices::10
QF_LIA/nec-smt/large/checkpass_pwd/prp-38-49.smt::yices::10
QF_LIA/nec-smt/large/checkpass_pwd/prp-20-50.smt::yices::10
QF_LIA/cut_lemmas/20-vars/cut_lemma_03_004.smt::yices::10
QF_LIA/nec-smt/large/getoption_user/prp-11-48.smt::yices::30
QF_LIA/rings_preprocessed/ring_2exp6_7vars_5ite_unsat.smt::yices::300
QF_LIA/CAV_2009_benchmarks/smt/30-vars/problem_2__024.smt::yices::600
Unknown Files:
QF_LIA/rings_preprocessed/ring_2exp14_8vars_7ite_unsat.smt
QF_LIA/rings_preprocessed/ring_2exp8_9vars_8ite_unsat.smt
QF_LIA/CAV_2009_benchmarks/smt/45-vars/problem_2__019.smt
