QF_LRA/sc/sc-40.induction3.cvc.smt::yices::1
QF_LRA/DTP-Scheduling/constraints-cooking03.smt::both::1
QF_LRA/DTP-Scheduling/constraints-cooking04.smt::both::1
QF_LRA/tta_startup/simple_startup_11nodes.abstract.base.smt::both::1
QF_LRA/sc/sc-11.induction2.cvc.smt::both::1
QF_LRA/spider_benchmarks/op_seen_less2.induction.smt::both::1
QF_LRA/DTP-Scheduling/constraints-cooking08.smt::both::1
QF_LRA/spider_benchmarks/pd_no_op_accs.base.smt::both::1
QF_LRA/sal/tgc/tgc_io-nosafe-2.smt::both::1
QF_LRA/sal/carpark/Carpark2-ausgabe-5.smt::both::1
QF_LRA/DTP-Scheduling/constraints-cooking13.smt::both::1
QF_LRA/sc/sc-22.induction2.cvc.smt::both::1
QF_LRA/tta_startup/simple_startup_7nodes.missing.induct.smt::both::1
QF_LRA/sal/tgc/tgc_io-safe-18.smt::both::1
QF_LRA/DTP-Scheduling/constraints-cooking18.smt::both::1
QF_LRA/DTP-Scheduling/constraints-cooking19.smt::both::1
QF_LRA/sal/tgc/tgc_io-safe-19.smt::both::1
QF_LRA/DTP-Scheduling/constraints-cooking21.smt::both::1
QF_LRA/sal/windowreal/windowreal-no_t_deadlock-7.smt::both::1
QF_LRA/sal/gasburner/gasburner-prop3-7.smt::both::1
QF_LRA/sc/sc-19.induction3.cvc.smt::both::1
QF_LRA/DTP-Scheduling/constraints-tempo-depth-100.smt::both::1
QF_LRA/sc/sc-20.induction2.cvc.smt::both::1
QF_LRA/sc/sc-11.induction.cvc.smt::both::1
QF_LRA/sal/pursuit/pursuit-safety-2.smt::both::1
QF_LRA/tta_startup/simple_startup_3nodes.abstract.base.smt::both::1
QF_LRA/DTP-Scheduling/constraints-tempo-depth-30.smt::both::1
QF_LRA/spider_benchmarks/fs_no_op_accs.base.smt::both::1
QF_LRA/tta_startup/simple_startup_10nodes.missing.induct.smt::both::1
QF_LRA/spider_benchmarks/pd_init_op_accs.induction.smt::both::1
QF_LRA/DTP-Scheduling/constraints-tempo-depth-50.smt::both::1
QF_LRA/DTP-Scheduling/constraints-tempo-depth-6.smt::both::1
QF_LRA/DTP-Scheduling/constraints-tempo-depth-7.smt::both::1
QF_LRA/DTP-Scheduling/constraints-tempo-matrix1x1.pddl.smt::both::1
QF_LRA/DTP-Scheduling/constraints-tempo-matrix2x2.pddl.smt::both::1
QF_LRA/DTP-Scheduling/constraints-tempo-matrix3x3.pddl.smt::both::1
QF_LRA/sal/carpark/Carpark2-ausgabe-7.smt::both::1
QF_LRA/uart/uart-11.base.cvc.smt::both::1
QF_LRA/spider_benchmarks/mode_cntrl.base.smt::both::1
QF_LRA/DTP-Scheduling/constraints-tempo-matrix7x7.pddl.smt::both::1
QF_LRA/DTP-Scheduling/constraints-tempo-matrix8x8.pddl.smt::both::1
QF_LRA/DTP-Scheduling/constraints-tempo-width-1.smt::both::1
QF_LRA/DTP-Scheduling/constraints-tempo-width-10.smt::both::1
QF_LRA/DTP-Scheduling/constraints-tempo-width-2.smt::both::1
QF_LRA/spider_benchmarks/pd_finish.base.smt::both::1
QF_LRA/tta_startup/simple_startup_4nodes.synchro.base.smt::both::1
QF_LRA/uart/uart-38.induction.cvc.smt::yices::1
QF_LRA/DTP-Scheduling/constraints-tempo-width-4.smt::both::1
QF_LRA/sal/tgc/tgc_io-safe-11.smt::both::1
QF_LRA/DTP-Scheduling/constraints-tempo-width-5.smt::both::1
QF_LRA/tta_startup/simple_startup_11nodes.synchro.induct.smt::both::1
QF_LRA/sc/sc-11.induction3.cvc.smt::both::1
QF_LRA/spider_benchmarks/no_op_accs.base.smt::both::1
QF_LRA/DTP-Scheduling/constraints-tempo-width-7.smt::both::1
QF_LRA/DTP-Scheduling/constraints-tempo-width-70.smt::yices::1
QF_LRA/spider_benchmarks/pd_not_sc_seen.base.smt::both::1
QF_LRA/sc/sc-17.induction2.cvc.smt::both::1
QF_LRA/sc/sc-34.induction2.cvc.smt::yices::1
QF_LRA/sal/tgc/tgc_io-safe-20.smt::both::1
QF_LRA/spider_benchmarks/fs_no_op_accs.induction.smt::both::1
QF_LRA/DTP-Scheduling/constraints-temporal-machine-shop-2-3-A09.smt::both::1
QF_LRA/DTP-Scheduling/constraints-temporal-machine-shop-2-3-A20.smt::both::1
QF_LRA/spider_benchmarks/fs_not_sc_seen.induction.smt::both::1
QF_LRA/DTP-Scheduling/constraints-temporal-machine-shop-2-3-A40.smt::both::1
QF_LRA/sc/sc-8.induction2.cvc.smt::both::1
QF_LRA/sal/gasburner/gasburner-prop3-3.smt::both::1
QF_LRA/sal/carpark/Carpark2-t1-3.smt::both::1
QF_LRA/DTP-Scheduling/constraints-tms-2-3-light-03.smt::both::1
QF_LRA/sc/sc-39.induction2.cvc.smt::yices::1
QF_LRA/spider_benchmarks/synched.induction.smt::both::1
QF_LRA/sal/pursuit/pursuit-safety-19.smt::both::1
QF_LRA/sc/sc-16.induction2.cvc.smt::both::1
QF_LRA/DTP-Scheduling/constraints-tms-2-3-light-08.smt::both::1
QF_LRA/sc/sc-15.induction.cvc.smt::both::1
QF_LRA/DTP-Scheduling/constraints-tms-2-3-light-10.smt::both::1
QF_LRA/DTP-Scheduling/constraints-tms-2-3-light-20.smt::both::1
QF_LRA/DTP-Scheduling/constraints-tms-2-3-light-30.smt::both::1
QF_LRA/DTP-Scheduling/constraints-tms-2-3-light-40.smt::both::1
QF_LRA/DTP-Scheduling/constraints-tms-2-3-light-60.smt::both::1
QF_LRA/sc/sc-29.induction2.cvc.smt::yices::1
QF_LRA/sal/carpark/Carpark2-ausgabe-6.smt::both::1
QF_LRA/sc/sc-32.induction.cvc.smt::yices::1
QF_LRA/sal/windowreal/windowreal-safe-1.smt::both::1
QF_LRA/sal/tgc/tgc_io-nosafe-6.smt::both::1
QF_LRA/TM/p-1-bucket_s9.smt::yices::1
QF_LRA/TM/p-2-bucket_s11.smt::both::1
QF_LRA/TM/p-DepotsNum_s8.msat.smt::both::1
QF_LRA/tta_startup/simple_startup_9nodes.synchro.induct.smt::both::1
QF_LRA/uart/uart-22.induction.cvc.smt::both::1
QF_LRA/tta_startup/simple_startup_8nodes.missing.induct.smt::both::1
QF_LRA/tta_startup/simple_startup_10nodes.bug.induct.smt::yices::1
QF_LRA/TM/p3-zenonumeric_s5.smt::both::1
QF_LRA/sc/sc-37.induction3.cvc.smt::yices::1
QF_LRA/uart/uart-14.base.cvc.smt::both::1
QF_LRA/sc/sc-27.induction2.cvc.smt::yices::1
QF_LRA/TM/p5-driverlogNumeric_s9.smt::both::1
QF_LRA/sal/carpark/Carpark2-ausgabe-8.smt::both::1
QF_LRA/uart/uart-32.induction.cvc.smt::yices::1
QF_LRA/sc/sc-37.induction2.cvc.smt::yices::1
QF_LRA/TM/p6-zenonumeric_s5.smt::both::1
QF_LRA/sc/sc-19.induction.cvc.smt::both::1
QF_LRA/tta_startup/simple_startup_6nodes.missing.induct.smt::both::1
QF_LRA/TM/p7-driverlogNumeric_s7.smt::yices::1
QF_LRA/tta_startup/simple_startup_4nodes.abstract.induct.smt::both::1
QF_LRA/uart/uart-40.induction.cvc.smt::yices::1
QF_LRA/check/bignum_lra1.smt::both::1
QF_LRA/sal/windowreal/windowreal-no_t_deadlock-9.smt::both::1
QF_LRA/uart/uart-20-with-lemmas.induction.cvc.smt::both::1
QF_LRA/tta_startup/simple_startup_15nodes.abstract.base.smt::both::1
QF_LRA/clock_synchro/clocksynchro_10clocks.worst_case_skew.base.smt::both::1
QF_LRA/sc/sc-19.induction2.cvc.smt::both::1
QF_LRA/uart/uart-21.induction.cvc.smt::both::1
QF_LRA/sal/pursuit/pursuit-safety-7.smt::both::1
QF_LRA/sal/windowreal/windowreal-no_t_deadlock-15.smt::both::1
QF_LRA/clock_synchro/clocksynchro_2clocks.worst_case_skew.induct.smt::both::1
QF_LRA/spider_benchmarks/op_seen_more1.induction.smt::both::1
QF_LRA/sc/sc-35.induction2.cvc.smt::yices::1
QF_LRA/clock_synchro/clocksynchro_3clocks.worst_case_skew.base.smt::both::1
QF_LRA/spider_benchmarks/fs_init_no_op_accs.induction.smt::both::1
QF_LRA/sc/sc-14.induction.cvc.smt::both::1
QF_LRA/sc/sc-27.induction3.cvc.smt::yices::1
QF_LRA/sc/sc-20.induction.cvc.smt::both::1
QF_LRA/clock_synchro/clocksynchro_4clocks.worst_case_skew.induct.smt::yices::1
QF_LRA/sal/gasburner/gasburner-prop3-9.smt::both::1
QF_LRA/uart/uart-27.induction.cvc.smt::yices::1
QF_LRA/sc/sc-10.induction3.cvc.smt::both::1
QF_LRA/clock_synchro/clocksynchro_6clocks.main_invar.base.smt::both::1
QF_LRA/uart/uart-7.induction.cvc.smt::both::1
QF_LRA/sc/sc-28.induction3.cvc.smt::yices::1
QF_LRA/uart/uart-13.induction.cvc.smt::both::1
QF_LRA/uart/uart-8.induction.cvc.smt::both::1
QF_LRA/tta_startup/simple_startup_9nodes.missing.induct.smt::both::1
QF_LRA/clock_synchro/clocksynchro_8clocks.worst_case_skew.base.smt::both::1
QF_LRA/sc/sc-10.base.cvc.smt::both::1
QF_LRA/clock_synchro/clocksynchro_9clocks.main_invar.base.smt::both::1
QF_LRA/sc/sc-23.induction3.cvc.smt::yices::1
QF_LRA/uart/uart-11.induction.cvc.smt::both::1
QF_LRA/sc/sc-38.induction.cvc.smt::yices::1
QF_LRA/uart/uart-5.induction.cvc.smt::both::1
QF_LRA/tta_startup/simple_startup_7nodes.bug.induct.smt::both::1
QF_LRA/sc/sc-29.induction.cvc.smt::both::1
QF_LRA/sal/carpark/Carpark2-t1-4.smt::both::1
QF_LRA/sal/tgc/tgc_io-safe-17.smt::both::1
QF_LRA/miplib/opt1217--1.smt::both::1
QF_LRA/miplib/opt1217--11.smt::yices::1
QF_LRA/sc/sc-6.induction.cvc.smt::both::1
QF_LRA/spider_benchmarks/pd_not_fs_seen.base.smt::both::1
QF_LRA/sc/sc-40.induction.cvc.smt::yices::1
QF_LRA/tta_startup/simple_startup_6nodes.bug.induct.smt::both::1
QF_LRA/tta_startup/simple_startup_12nodes.bug.induct.smt::yices::1
QF_LRA/spider_benchmarks/reint_to_least.induction.smt::both::1
QF_LRA/miplib/pk1--1.smt::both::1
QF_LRA/sal/pursuit/pursuit-safety-10.smt::both::1
QF_LRA/spider_benchmarks/current_frame.induction.smt::both::1
QF_LRA/tta_startup/simple_startup_12nodes.missing.induct.smt::yices::1
QF_LRA/sal/windowreal/windowreal-no_t_deadlock-6.smt::both::1
QF_LRA/miplib/pp08a-10000.smt::both::1
QF_LRA/sc/sc-10.induction.cvc.smt::both::1
QF_LRA/miplib/pp08a-12000.smt::both::1
QF_LRA/sal/pursuit/pursuit-safety-13.smt::both::1
QF_LRA/sc/sc-39.induction3.cvc.smt::yices::1
QF_LRA/tta_startup/simple_startup_10nodes.synchro.induct.smt::both::1
QF_LRA/spider_benchmarks/frame_prop.base.smt::both::1
QF_LRA/miplib/vpm2-0.smt::both::1
QF_LRA/uart/uart-9.base.cvc.smt::both::1
QF_LRA/sal/tgc/tgc_io-nosafe-3.smt::both::1
QF_LRA/sc/sc-13.induction3.cvc.smt::both::1
QF_LRA/sal/carpark/Carpark2-ausgabe-1.smt::both::1
QF_LRA/sal/carpark/Carpark2-ausgabe-2.smt::both::1
QF_LRA/sal/carpark/Carpark2-ausgabe-3.smt::both::1
QF_LRA/sal/carpark/Carpark2-ausgabe-4.smt::both::1
QF_LRA/uart/uart-19.base.cvc.smt::both::5
QF_LRA/sc/sc-17.base.cvc.smt::both::5
QF_LRA/sc/sc-15.base.cvc.smt::both::5
QF_LRA/uart/uart-20.base.cvc.smt::both::5
QF_LRA/uart/uart-22.base.cvc.smt::yices::5
QF_LRA/TM/p-3-bucket_s10.smt::yices::5
QF_LRA/sc/sc-19.base.cvc.smt::both::5
QF_LRA/sc/sc-20.base.cvc.smt::both::5
QF_LRA/sc/sc-26.base.cvc.smt::both::10
QF_LRA/clock_synchro/clocksynchro_7clocks.worst_case_skew.induct.smt::yices::10
QF_LRA/uart/uart-26.base.cvc.smt::yices::10
QF_LRA/miplib/danoint-266.smt::yices::10
QF_LRA/uart/uart-24.base.cvc.smt::both::10
QF_LRA/tta_startup/simple_startup_11nodes.bug.induct.smt::yices::10
QF_LRA/tta_startup/simple_startup_10nodes.abstract.induct.smt::z3::30
QF_LRA/sc/sc-39.base.cvc.smt::both::30
QF_LRA/tta_startup/simple_startup_14nodes.bug.induct.smt::yices::30
QF_LRA/uart/uart-30.base.cvc.smt::both::30
QF_LRA/clock_synchro/clocksynchro_6clocks.main_invar.induct.smt::yices::30
QF_LRA/sc/sc-33.base.cvc.smt::both::30
QF_LRA/uart/uart-34.base.cvc.smt::yices::30
QF_LRA/tta_startup/simple_startup_15nodes.bug.induct.smt::both::30
QF_LRA/uart/uart-38.base.cvc.smt::yices::60
QF_LRA/clock_synchro/clocksynchro_7clocks.main_invar.induct.smt::both::60
QF_LRA/clock_synchro/clocksynchro_8clocks.main_invar.induct.smt::yices::60
QF_LRA/tta_startup/simple_startup_12nodes.abstract.induct.smt::z3::60
QF_LRA/tta_startup/simple_startup_15nodes.abstract.induct.smt::z3::300
Unknown Files:
QF_LRA/miplib/danoint-66.smt
QF_LRA/miplib/pp08a-7350.smt

