QF_NIA/calypto/problem-000001.cvc.1.smt::z3::1
QF_NIA/calypto/problem-000001.cvc.2.smt::z3::1
QF_NIA/calypto/problem-000003.cvc.1.smt::z3::1
QF_NIA/calypto/problem-005135.cvc.1.smt::z3::1
QF_NIA/leipzig/term-Yi0Ihn.smt::z3::1
QF_NIA/calypto/problem-006536.cvc.1.smt::z3::1
QF_NIA/calypto/problem-000007.cvc.2.smt::z3::1
QF_NIA/leipzig/term-AwuLMZ.smt::z3::1
QF_NIA/calypto/problem-006542.cvc.1.smt::z3::1
QF_NIA/calypto/problem-000012.cvc.2.smt::z3::1
QF_NIA/leipzig/term-9AOvYh.smt::z3::1
QF_NIA/calypto/problem-006534.cvc.1.smt::z3::1
QF_NIA/leipzig/term-zUp1s3.smt::z3::1
QF_NIA/calypto/problem-000016.cvc.2.smt::z3::1
QF_NIA/calypto/problem-000019.cvc.1.smt::z3::1
QF_NIA/leipzig/term-vmxeK5.smt::z3::1
QF_NIA/leipzig/term-tEmpby.smt::z3::1
QF_NIA/calypto/problem-005102.cvc.1.smt::z3::1
QF_NIA/calypto/problem-000024.cvc.2.smt::z3::1
QF_NIA/calypto/problem-000025.cvc.1.smt::z3::1
QF_NIA/calypto/problem-000025.cvc.2.smt::z3::1
QF_NIA/calypto/problem-000030.cvc.1.smt::z3::1
QF_NIA/leipzig/term-0iwxZS.smt::z3::1
QF_NIA/leipzig/term-RYAv9d.smt::z3::1
QF_NIA/calypto/problem-000031.cvc.2.smt::z3::1
QF_NIA/leipzig/term-x3m7eh.smt::z3::1
QF_NIA/leipzig/term-K0mzk0.smt::z3::1
QF_NIA/calypto/problem-006537.cvc.1.smt::z3::1
QF_NIA/calypto/problem-000037.cvc.1.smt::z3::1
QF_NIA/calypto/problem-000037.cvc.2.smt::z3::1
QF_NIA/calypto/problem-000043.cvc.1.smt::z3::1
QF_NIA/leipzig/term-yQHKkv.smt::z3::1
QF_NIA/calypto/problem-000044.cvc.1.smt::z3::1
QF_NIA/leipzig/term-PUJvAS.smt::z3::1
QF_NIA/calypto/problem-006528.cvc.1.smt::z3::1
QF_NIA/leipzig/term-jSSXi8.smt::z3::1
QF_NIA/calypto/problem-005957.cvc.1.smt::z3::1
QF_NIA/leipzig/term-uI6QEr.smt::z3::1
QF_NIA/calypto/problem-000081.cvc.1.smt::z3::1
QF_NIA/calypto/problem-000081.cvc.2.smt::z3::1
QF_NIA/calypto/problem-000084.cvc.1.smt::z3::1
QF_NIA/calypto/problem-000100.cvc.1.smt::z3::1
QF_NIA/leipzig/term-OWehGq.smt::z3::1
QF_NIA/calypto/problem-005959.cvc.1.smt::z3::1
QF_NIA/calypto/problem-005103.cvc.1.smt::z3::1
QF_NIA/calypto/problem-000123.cvc.1.smt::z3::1
QF_NIA/leipzig/term-PoKkYi.smt::z3::1
QF_NIA/calypto/problem-000125.cvc.2.smt::z3::1
QF_NIA/calypto/problem-000128.cvc.1.smt::z3::1
QF_NIA/calypto/problem-000128.cvc.2.smt::z3::1
QF_NIA/leipzig/term-0Hb4yp.smt::z3::1
QF_NIA/calypto/problem-000131.cvc.2.smt::z3::1
QF_NIA/calypto/problem-000132.cvc.1.smt::z3::1
QF_NIA/calypto/problem-000132.cvc.2.smt::z3::1
QF_NIA/calypto/problem-000135.cvc.1.smt::z3::1
QF_NIA/calypto/problem-000135.cvc.2.smt::z3::1
QF_NIA/calypto/problem-000144.cvc.1.smt::z3::1
QF_NIA/calypto/problem-000144.cvc.2.smt::z3::1
QF_NIA/calypto/problem-000154.cvc.1.smt::z3::1
QF_NIA/calypto/problem-000154.cvc.2.smt::z3::1
QF_NIA/calypto/problem-000157.cvc.2.smt::z3::1
QF_NIA/leipzig/term-ReJksi.smt::z3::1
QF_NIA/calypto/problem-000158.cvc.2.smt::z3::1
QF_NIA/leipzig/term-e0uxKl.smt::z3::1
QF_NIA/leipzig/term-4d0iwO.smt::z3::1
QF_NIA/calypto/problem-000170.cvc.1.smt::z3::1
QF_NIA/leipzig/term-H9wl52.smt::z3::1
QF_NIA/calypto/problem-000209.cvc.1.smt::z3::1
QF_NIA/calypto/problem-000210.cvc.1.smt::z3::1
QF_NIA/calypto/problem-005123.cvc.1.smt::z3::1
QF_NIA/calypto/problem-000424.cvc.1.smt::z3::1
QF_NIA/calypto/problem-005116.cvc.1.smt::z3::1
QF_NIA/leipzig/term-XoKPE3.smt::z3::1
QF_NIA/calypto/problem-000433.cvc.1.smt::z3::1
QF_NIA/calypto/problem-000438.cvc.1.smt::z3::1
QF_NIA/calypto/problem-005104.cvc.1.smt::z3::1
QF_NIA/leipzig/term-oPCuPe.smt::z3::1
QF_NIA/calypto/problem-000447.cvc.1.smt::z3::1
QF_NIA/leipzig/term-QA7c8U.smt::z3::1
QF_NIA/calypto/problem-005140.cvc.1.smt::z3::1
QF_NIA/calypto/problem-000478.cvc.1.smt::z3::1
QF_NIA/leipzig/term-rIVs0x.smt::z3::1
QF_NIA/calypto/problem-000480.cvc.1.smt::z3::1
QF_NIA/calypto/problem-005124.cvc.1.smt::z3::1
QF_NIA/calypto/problem-000785.cvc.1.smt::z3::1
QF_NIA/calypto/problem-006546.cvc.1.smt::z3::1
QF_NIA/leipzig/term-ubDExd.smt::z3::1
QF_NIA/calypto/problem-006518.cvc.1.smt::z3::1
QF_NIA/calypto/problem-000790.cvc.1.smt::z3::1
QF_NIA/calypto/problem-000793.cvc.1.smt::z3::1
QF_NIA/calypto/problem-000794.cvc.1.smt::z3::1
QF_NIA/leipzig/term-4LNX6G.smt::z3::1
QF_NIA/calypto/problem-000801.cvc.1.smt::z3::1
QF_NIA/calypto/problem-000802.cvc.1.smt::z3::1
QF_NIA/calypto/problem-000940.cvc.1.smt::z3::1
QF_NIA/leipzig/term-VzZ1SP.smt::z3::1
QF_NIA/leipzig/term-KEViid.smt::z3::1
QF_NIA/calypto/problem-000965.cvc.1.smt::z3::1
QF_NIA/leipzig/term-44GWq9.smt::z3::1
QF_NIA/calypto/problem-001095.cvc.1.smt::z3::1
QF_NIA/calypto/problem-006490.cvc.1.smt::z3::1
QF_NIA/calypto/problem-005980.cvc.1.smt::z3::1
QF_NIA/calypto/problem-001099.cvc.1.smt::z3::1
QF_NIA/calypto/problem-006488.cvc.1.smt::z3::1
QF_NIA/calypto/problem-001101.cvc.1.smt::z3::1
QF_NIA/leipzig/term-xNepZV.smt::z3::1
QF_NIA/leipzig/term-HonGrM.smt::z3::1
QF_NIA/leipzig/term-qVa1BT.smt::z3::1
QF_NIA/calypto/problem-005111.cvc.1.smt::z3::1
QF_NIA/calypto/problem-001110.cvc.1.smt::z3::1
QF_NIA/calypto/problem-005136.cvc.1.smt::z3::1
QF_NIA/calypto/problem-005126.cvc.1.smt::z3::1
QF_NIA/calypto/problem-006547.cvc.1.smt::z3::1
QF_NIA/leipzig/term-7fXGzy.smt::z3::1
QF_NIA/leipzig/term-fFoQCf.smt::z3::1
QF_NIA/leipzig/term-yzpVx9.smt::z3::1
QF_NIA/calypto/problem-001120.cvc.1.smt::z3::1
QF_NIA/calypto/problem-001122.cvc.1.smt::z3::1
QF_NIA/calypto/problem-004205.cvc.2.smt::z3::1
QF_NIA/leipzig/term-hCYJUH.smt::z3::1
QF_NIA/calypto/problem-001138.cvc.1.smt::z3::1
QF_NIA/calypto/problem-001142.cvc.1.smt::z3::1
QF_NIA/calypto/problem-005948.cvc.1.smt::z3::1
QF_NIA/calypto/problem-005137.cvc.1.smt::z3::1
QF_NIA/calypto/problem-001157.cvc.1.smt::z3::1
QF_NIA/calypto/problem-001262.cvc.1.smt::z3::1
QF_NIA/leipzig/term-EcNqkB.smt::z3::1
QF_NIA/leipzig/term-gHq3ie.smt::z3::1
QF_NIA/leipzig/term-AlRgl3.smt::z3::1
QF_NIA/calypto/problem-001267.cvc.1.smt::z3::1
QF_NIA/calypto/problem-001268.cvc.1.smt::z3::1
QF_NIA/leipzig/term-4UoYtH.smt::z3::1
QF_NIA/calypto/problem-001385.cvc.1.smt::z3::1
QF_NIA/calypto/problem-006531.cvc.1.smt::z3::1
QF_NIA/leipzig/term-KVnOQn.smt::z3::1
QF_NIA/leipzig/term-ltKI40.smt::z3::1
QF_NIA/leipzig/term-qxG9KS.smt::z3::1
QF_NIA/calypto/problem-001415.cvc.1.smt::z3::1
QF_NIA/leipzig/term-BjWYcv.smt::z3::1
QF_NIA/leipzig/term-WRsGm0.smt::z3::1
QF_NIA/leipzig/term-VvvOL1.smt::z3::1
QF_NIA/leipzig/term-mzEEAc.smt::z3::1
QF_NIA/leipzig/term-wIaXCN.smt::z3::1
QF_NIA/leipzig/term-ye1ece.smt::z3::1
QF_NIA/calypto/problem-006495.cvc.1.smt::z3::1
QF_NIA/calypto/problem-006529.cvc.1.smt::z3::1
QF_NIA/leipzig/term-7zXPfO.smt::z3::1
QF_NIA/leipzig/term-3rtjVi.smt::z3::1
QF_NIA/calypto/problem-002209.cvc.1.smt::z3::1
QF_NIA/leipzig/term-qAUj8f.smt::z3::1
QF_NIA/calypto/problem-006481.cvc.1.smt::z3::1
QF_NIA/calypto/problem-006540.cvc.1.smt::z3::1
QF_NIA/leipzig/term-YFqomz.smt::z3::1
QF_NIA/leipzig/term-p9MQp4.smt::z3::1
QF_NIA/calypto/problem-002617.cvc.1.smt::z3::1
QF_NIA/calypto/problem-002619.cvc.1.smt::z3::1
QF_NIA/calypto/problem-005127.cvc.1.smt::z3::1
QF_NIA/calypto/problem-002622.cvc.1.smt::z3::1
QF_NIA/leipzig/term-gH1uAj.smt::z3::1
QF_NIA/calypto/problem-005138.cvc.1.smt::z3::1
QF_NIA/calypto/problem-002948.cvc.1.smt::z3::1
QF_NIA/calypto/problem-002949.cvc.1.smt::z3::1
QF_NIA/leipzig/term-NxORIG.smt::z3::1
QF_NIA/calypto/problem-004204.cvc.1.smt::z3::1
QF_NIA/calypto/problem-003687.cvc.1.smt::z3::1
QF_NIA/leipzig/term-WG086A.smt::z3::5
QF_NIA/leipzig/term-Gxx8TQ.smt::z3::5
QF_NIA/leipzig/term-afghHl.smt::z3::5
QF_NIA/leipzig/term-qp5mTw.smt::z3::5
QF_NIA/leipzig/term-n2CwnV.smt::z3::5
QF_NIA/leipzig/term-vNKPi7.smt::z3::5
QF_NIA/leipzig/term-9uFTFt.smt::z3::5
QF_NIA/leipzig/term-7DXK1v.smt::z3::5
QF_NIA/calypto/problem-006483.cvc.1.smt::z3::5
QF_NIA/leipzig/term-K5O3aH.smt::z3::5
QF_NIA/calypto/problem-001098.cvc.1.smt::z3::5
QF_NIA/leipzig/term-bmKO7L.smt::z3::5
QF_NIA/calypto/problem-001263.cvc.1.smt::z3::5
QF_NIA/leipzig/term-3wwoHp.smt::z3::5
QF_NIA/calypto/problem-006492.cvc.1.smt::z3::5
QF_NIA/leipzig/term-gZE9f0.smt::z3::10
QF_NIA/leipzig/term-0BB4ks.smt::z3::10
QF_NIA/leipzig/term-brNnx4.smt::z3::10
QF_NIA/leipzig/term-VdS5DK.smt::z3::10
QF_NIA/leipzig/term-Jzxbf6.smt::z3::30
QF_NIA/calypto/problem-000788.cvc.1.smt::z3::60
QF_NIA/calypto/problem-000792.cvc.1.smt::z3::60
QF_NIA/calypto/problem-000795.cvc.1.smt::z3::60
QF_NIA/calypto/problem-000797.cvc.1.smt::z3::60
QF_NIA/calypto/problem-000799.cvc.1.smt::z3::60
QF_NIA/calypto/problem-000800.cvc.1.smt::z3::60
QF_NIA/calypto/problem-000805.cvc.1.smt::z3::60
QF_NIA/leipzig/term-MVylXc.smt::z3::60
QF_NIA/calypto/problem-006496.cvc.1.smt::z3::60
QF_NIA/leipzig/term-BKc7xf.smt::z3::120
QF_NIA/leipzig/term-XbWQfu.smt::z3::300
Unknown Files:
QF_NIA/calypto/problem-005596.cvc.1.smt
QF_NIA/leipzig/term-unsat-02.smt
QF_NIA/calypto/problem-005612.cvc.1.smt
QF_NIA/leipzig/term-l6cqQI.smt
