QF_RDL/SMT-Temporal-Planning-Benchmarks/cooking01.smt::both::1
QF_RDL/SMT-Temporal-Planning-Benchmarks/cooking02.smt::both::1
QF_RDL/SMT-Temporal-Planning-Benchmarks/cooking03.smt::both::1
QF_RDL/SMT-Temporal-Planning-Benchmarks/cooking04.smt::both::1
QF_RDL/SMT-Temporal-Planning-Benchmarks/cooking05.smt::both::1
QF_RDL/SMT-Temporal-Planning-Benchmarks/cooking06.smt::both::1
QF_RDL/SMT-Temporal-Planning-Benchmarks/cooking07.smt::both::1
QF_RDL/SMT-Temporal-Planning-Benchmarks/cooking08.smt::both::1
QF_RDL/SMT-Temporal-Planning-Benchmarks/cooking09.smt::both::1
QF_RDL/SMT-Temporal-Planning-Benchmarks/cooking10.smt::both::1
QF_RDL/SMT-Temporal-Planning-Benchmarks/cooking11.smt::both::1
QF_RDL/SMT-Temporal-Planning-Benchmarks/cooking12.smt::both::1
QF_RDL/SMT-Temporal-Planning-Benchmarks/cooking13.smt::both::1
QF_RDL/SMT-Temporal-Planning-Benchmarks/cooking14.smt::both::1
QF_RDL/SMT-Temporal-Planning-Benchmarks/cooking15.smt::both::1
QF_RDL/SMT-Temporal-Planning-Benchmarks/cooking16.smt::both::1
QF_RDL/SMT-Temporal-Planning-Benchmarks/cooking17.smt::both::1
QF_RDL/SMT-Temporal-Planning-Benchmarks/cooking18.smt::both::1
QF_RDL/SMT-Temporal-Planning-Benchmarks/cooking19.smt::both::1
QF_RDL/SMT-Temporal-Planning-Benchmarks/cooking20.smt::both::1
QF_RDL/SMT-Temporal-Planning-Benchmarks/cooking21.smt::both::1
QF_RDL/SMT-Temporal-Planning-Benchmarks/cooking22.smt::both::1
QF_RDL/SMT-Temporal-Planning-Benchmarks/tempo-depth-2.smt::both::1
QF_RDL/SMT-Temporal-Planning-Benchmarks/tempo-depth-3.smt::both::1
QF_RDL/SMT-Temporal-Planning-Benchmarks/tempo-depth-4.smt::yices::1
QF_RDL/SMT-Temporal-Planning-Benchmarks/tempo-depth-5.smt::yices::1
QF_RDL/SMT-Temporal-Planning-Benchmarks/tempo-depth-6.smt::yices::1
QF_RDL/SMT-Temporal-Planning-Benchmarks/tempo-depth-7.smt::yices::1
QF_RDL/SMT-Temporal-Planning-Benchmarks/tempo-matrix1x1.pddl.smt::both::1
QF_RDL/SMT-Temporal-Planning-Benchmarks/tempo-width-1.smt::both::1
QF_RDL/SMT-Temporal-Planning-Benchmarks/tempo-width-2.smt::both::1
QF_RDL/SMT-Temporal-Planning-Benchmarks/tempo-width-3.smt::both::1
QF_RDL/SMT-Temporal-Planning-Benchmarks/tempo-width-4.smt::both::1
QF_RDL/SMT-Temporal-Planning-Benchmarks/tempo-width-5.smt::both::1
QF_RDL/SMT-Temporal-Planning-Benchmarks/tms-2-3-light-03.smt::both::1
QF_RDL/SMT-Temporal-Planning-Benchmarks/tms-2-3-light-04.smt::both::1
QF_RDL/SMT-Temporal-Planning-Benchmarks/tms-2-3-light-05.smt::both::1
QF_RDL/SMT-Temporal-Planning-Benchmarks/tms-2-3-light-06.smt::both::1
QF_RDL/SMT-Temporal-Planning-Benchmarks/tms-2-3-light-07.smt::both::1
QF_RDL/SMT-Temporal-Planning-Benchmarks/tms-2-3-light-08.smt::both::1
QF_RDL/SMT-Temporal-Planning-Benchmarks/tms-2-3-light-09.smt::both::1
QF_RDL/SMT-Temporal-Planning-Benchmarks/tms-2-3-light-10.smt::both::1
QF_RDL/SMT-Temporal-Planning-Benchmarks/tms-2-3-light-20.smt::both::1
QF_RDL/SMT-Temporal-Planning-Benchmarks/tms-2-3-light-30.smt::both::1
QF_RDL/SMT-Temporal-Planning-Benchmarks/tms-2-3-light-40.smt::yices::1
QF_RDL/SMT-Temporal-Planning-Benchmarks/tms-2-3-light-60.smt::yices::1
QF_RDL/SMT-Temporal-Planning-Benchmarks/tms-2-3-light-70.smt::yices::1
QF_RDL/check/bignum_rdl1.smt::both::1
QF_RDL/check/bignum_rdl2.smt::both::1
QF_RDL/sal/fischer3-mutex-1.smt::both::1
QF_RDL/sal/fischer3-mutex-10.smt::both::1
QF_RDL/sal/fischer3-mutex-11.smt::both::1
QF_RDL/sal/fischer3-mutex-12.smt::both::1
QF_RDL/sal/fischer3-mutex-13.smt::both::1
QF_RDL/sal/fischer3-mutex-14.smt::both::1
QF_RDL/sal/fischer3-mutex-15.smt::z3::1
QF_RDL/sal/fischer3-mutex-16.smt::z3::1
QF_RDL/sal/fischer3-mutex-17.smt::z3::1
QF_RDL/sal/fischer3-mutex-2.smt::both::1
QF_RDL/sal/fischer3-mutex-3.smt::both::1
QF_RDL/sal/fischer3-mutex-4.smt::both::1
QF_RDL/sal/fischer3-mutex-5.smt::both::1
QF_RDL/sal/fischer3-mutex-6.smt::both::1
QF_RDL/sal/fischer3-mutex-7.smt::both::1
QF_RDL/sal/fischer3-mutex-8.smt::both::1
QF_RDL/sal/fischer3-mutex-9.smt::both::1
QF_RDL/sal/fischer6-mutex-1.smt::both::1
QF_RDL/sal/fischer6-mutex-2.smt::both::1
QF_RDL/sal/fischer6-mutex-3.smt::both::1
QF_RDL/sal/fischer6-mutex-4.smt::both::1
QF_RDL/sal/fischer6-mutex-5.smt::both::1
QF_RDL/sal/fischer6-mutex-6.smt::both::1
QF_RDL/sal/fischer6-mutex-7.smt::both::1
QF_RDL/sal/fischer6-mutex-8.smt::both::1
QF_RDL/sal/fischer6-mutex-9.smt::both::1
QF_RDL/sal/fischer9-mutex-1.smt::both::1
QF_RDL/sal/fischer9-mutex-2.smt::both::1
QF_RDL/sal/fischer9-mutex-3.smt::both::1
QF_RDL/sal/fischer9-mutex-4.smt::both::1
QF_RDL/sal/fischer9-mutex-5.smt::both::1
QF_RDL/sal/fischer9-mutex-6.smt::both::1
QF_RDL/sal/fischer9-mutex-7.smt::both::1
QF_RDL/sal/fischer9-mutex-8.smt::both::1
QF_RDL/scheduling/abz5_1000.smt::both::1
QF_RDL/scheduling/abz5_1300.smt::yices::1
QF_RDL/scheduling/abz5_1400.smt::both::1
QF_RDL/scheduling/abz6_1000.smt::both::1
QF_RDL/scheduling/abz6_1100.smt::both::1
QF_RDL/scheduling/abz6_800.smt::both::1
QF_RDL/scheduling/abz6_900.smt::both::1
QF_RDL/scheduling/abz6_943.smt::yices::1
QF_RDL/scheduling/orb01_1200.smt::both::1
QF_RDL/scheduling/orb01_900.smt::both::1
QF_RDL/scheduling/orb02_1000.smt::both::1
QF_RDL/scheduling/orb02_700.smt::both::1
QF_RDL/scheduling/orb02_800.smt::both::1
QF_RDL/scheduling/orb02_888.smt::yices::1
QF_RDL/scheduling/orb02_900.smt::both::1
QF_RDL/scheduling/orb03_1100.smt::yices::1
QF_RDL/scheduling/orb03_1200.smt::both::1
QF_RDL/scheduling/orb03_850.smt::both::1
QF_RDL/scheduling/orb04_1005.smt::yices::1
QF_RDL/scheduling/orb04_1100.smt::both::1
QF_RDL/scheduling/orb04_1200.smt::both::1
QF_RDL/scheduling/orb04_850.smt::both::1
QF_RDL/scheduling/orb04_950.smt::yices::1
QF_RDL/scheduling/orb05_1000.smt::both::1
QF_RDL/scheduling/orb05_700.smt::both::1
QF_RDL/scheduling/orb05_800.smt::both::1
QF_RDL/scheduling/orb05_900.smt::z3::1
QF_RDL/scheduling/orb06_1100.smt::yices::1
QF_RDL/scheduling/orb06_1200.smt::both::1
QF_RDL/scheduling/orb06_900.smt::both::1
QF_RDL/scheduling/orb07_250.smt::both::1
QF_RDL/scheduling/orb07_330.smt::both::1
QF_RDL/scheduling/orb07_430.smt::yices::1
QF_RDL/scheduling/orb07_550.smt::both::1
QF_RDL/scheduling/orb08_1000.smt::yices::1
QF_RDL/scheduling/orb08_700.smt::both::1
QF_RDL/scheduling/orb08_830.smt::yices::1
QF_RDL/scheduling/orb09_1000.smt::yices::1
QF_RDL/scheduling/orb09_1100.smt::both::1
QF_RDL/scheduling/orb09_800.smt::both::1
QF_RDL/scheduling/orb09_900.smt::yices::1
QF_RDL/scheduling/orb10_1000.smt::yices::1
QF_RDL/scheduling/orb10_1100.smt::both::1
QF_RDL/scheduling/orb10_800.smt::both::1
QF_RDL/scheduling/orb10_900.smt::yices::1
QF_RDL/scheduling/yn1_750.smt::yices::1
QF_RDL/scheduling/yn2_750.smt::yices::1
QF_RDL/scheduling/yn3_750.smt::yices::1
QF_RDL/skdmxa/skdmxa-3x3-10.smt::yices::1
QF_RDL/skdmxa/skdmxa-3x3-5.smt::both::1
QF_RDL/skdmxa2/skdmxa-3x3-10.induction.cvc.smt::yices::1
QF_RDL/skdmxa2/skdmxa-3x3-11.induction.cvc.smt::yices::1
QF_RDL/skdmxa2/skdmxa-3x3-12.induction.cvc.smt::yices::1
QF_RDL/skdmxa2/skdmxa-3x3-13.induction.cvc.smt::yices::1
QF_RDL/skdmxa2/skdmxa-3x3-14.induction.cvc.smt::yices::1
QF_RDL/skdmxa2/skdmxa-3x3-15.induction.cvc.smt::yices::1
QF_RDL/skdmxa2/skdmxa-3x3-16.induction.cvc.smt::yices::1
QF_RDL/skdmxa2/skdmxa-3x3-18.induction.cvc.smt::yices::1
QF_RDL/skdmxa2/skdmxa-3x3-19.induction.cvc.smt::yices::1
QF_RDL/skdmxa2/skdmxa-3x3-5.base.cvc.smt::both::1
QF_RDL/skdmxa2/skdmxa-3x3-5.induction.cvc.smt::both::1
QF_RDL/skdmxa2/skdmxa-3x3-6.base.cvc.smt::both::1
QF_RDL/skdmxa2/skdmxa-3x3-6.induction.cvc.smt::yices::1
QF_RDL/skdmxa2/skdmxa-3x3-7.base.cvc.smt::yices::1
QF_RDL/skdmxa2/skdmxa-3x3-7.induction.cvc.smt::yices::1
QF_RDL/skdmxa2/skdmxa-3x3-8.base.cvc.smt::yices::1
QF_RDL/skdmxa2/skdmxa-3x3-8.induction.cvc.smt::yices::1
QF_RDL/skdmxa2/skdmxa-3x3-9.base.cvc.smt::yices::1
QF_RDL/skdmxa2/skdmxa-3x3-9.induction.cvc.smt::yices::1
QF_RDL/SMT-Temporal-Planning-Benchmarks/tempo-matrix2x2.pddl.smt::yices::5
QF_RDL/SMT-Temporal-Planning-Benchmarks/tempo-width-6.smt::yices::5
QF_RDL/SMT-Temporal-Planning-Benchmarks/tms-2-3-light-80.smt::yices::5
QF_RDL/SMT-Temporal-Planning-Benchmarks/tms-2-3-light-90.smt::yices::5
QF_RDL/sal/fischer3-mutex-18.smt::both::5
QF_RDL/sal/fischer3-mutex-19.smt::both::5
QF_RDL/sal/fischer3-mutex-20.smt::both::5
QF_RDL/sal/fischer6-mutex-10.smt::both::5
QF_RDL/sal/fischer6-mutex-11.smt::both::5
QF_RDL/sal/fischer6-mutex-12.smt::both::5
QF_RDL/sal/fischer6-mutex-13.smt::z3::5
QF_RDL/sal/fischer6-mutex-14.smt::z3::5
QF_RDL/sal/fischer6-mutex-15.smt::z3::5
QF_RDL/sal/fischer9-mutex-10.smt::z3::5
QF_RDL/sal/fischer9-mutex-11.smt::z3::5
QF_RDL/sal/fischer9-mutex-12.smt::z3::5
QF_RDL/sal/fischer9-mutex-9.smt::both::5
QF_RDL/scheduling/abz5_1200.smt::yices::5
QF_RDL/scheduling/abz5_1234.smt::yices::5
QF_RDL/scheduling/abz7_500.smt::yices::5
QF_RDL/scheduling/abz7_800.smt::both::5
QF_RDL/scheduling/orb01_1100.smt::yices::5
QF_RDL/scheduling/orb03_950.smt::yices::5
QF_RDL/scheduling/orb07_397.smt::yices::5
QF_RDL/scheduling/orb08_888.smt::yices::5
QF_RDL/scheduling/orb08_930.smt::yices::5
QF_RDL/scheduling/orb09_934.smt::both::5
QF_RDL/scheduling/orb10_944.smt::both::5
QF_RDL/skdmxa2/skdmxa-3x3-10.base.cvc.smt::both::5
QF_RDL/skdmxa2/skdmxa-3x3-11.base.cvc.smt::both::5
QF_RDL/skdmxa2/skdmxa-3x3-12.base.cvc.smt::yices::5
QF_RDL/skdmxa2/skdmxa-3x3-17.induction.cvc.smt::yices::5
QF_RDL/skdmxa2/skdmxa-3x3-20.induction.cvc.smt::yices::5
QF_RDL/sal/fischer6-mutex-16.smt::z3::10
QF_RDL/sal/fischer6-mutex-17.smt::z3::10
QF_RDL/sal/fischer6-mutex-18.smt::z3::10
QF_RDL/scheduling/orb05_887.smt::yices::10
QF_RDL/sal/fischer6-mutex-19.smt::z3::30
QF_RDL/sal/fischer6-mutex-20.smt::z3::30
QF_RDL/sal/fischer9-mutex-13.smt::z3::30
QF_RDL/sal/fischer9-mutex-14.smt::z3::30
QF_RDL/sal/fischer9-mutex-15.smt::z3::30
QF_RDL/scheduling/orb01_1000.smt::yices::30
QF_RDL/scheduling/orb01_1059.smt::yices::30
QF_RDL/scheduling/orb03_1005.smt::yices::30
QF_RDL/scheduling/yn1_950.smt::yices::30
QF_RDL/skdmxa/skdmxa-3x3-15.smt::both::30
QF_RDL/skdmxa2/skdmxa-3x3-13.base.cvc.smt::both::30
QF_RDL/skdmxa2/skdmxa-3x3-14.base.cvc.smt::both::30
QF_RDL/skdmxa2/skdmxa-3x3-15.base.cvc.smt::yices::30
QF_RDL/skdmxa2/skdmxa-3x3-16.base.cvc.smt::yices::30
QF_RDL/sal/fischer9-mutex-16.smt::z3::60
QF_RDL/sal/fischer9-mutex-17.smt::z3::60
QF_RDL/scheduling/orb06_1000.smt::yices::60
QF_RDL/skdmxa2/skdmxa-3x3-17.base.cvc.smt::both::60
QF_RDL/skdmxa2/skdmxa-3x3-18.base.cvc.smt::yices::60
QF_RDL/sal/fischer9-mutex-18.smt::z3::120
QF_RDL/scheduling/abz7_691.smt::yices::120
QF_RDL/scheduling/abz7_700.smt::yices::120
QF_RDL/scheduling/orb06_1010.smt::yices::120
QF_RDL/scheduling/yn3_950.smt::yices::120
QF_RDL/skdmxa/skdmxa-3x3-20.smt::both::120
QF_RDL/skdmxa2/skdmxa-3x3-19.base.cvc.smt::yices::120
QF_RDL/skdmxa2/skdmxa-3x3-20.base.cvc.smt::yices::120
QF_RDL/sal/fischer9-mutex-19.smt::both::300
QF_RDL/sal/fischer9-mutex-20.smt::z3::300
QF_RDL/scheduling/yn4_850.smt::yices::300
QF_RDL/scheduling/yn1_827.smt::yices::600
Unknown Files:
QF_RDL/scheduling/abz7_600.smt
QF_RDL/scheduling/abz7_667.smt
QF_RDL/scheduling/abz7_670.smt
QF_RDL/scheduling/swv11_2900.smt
QF_RDL/scheduling/swv11_2983.smt
QF_RDL/scheduling/swv11_2988.smt
QF_RDL/scheduling/swv11_2992.smt
QF_RDL/scheduling/swv11_3050.smt
QF_RDL/scheduling/swv12_2900.smt
QF_RDL/scheduling/swv12_2972.smt
QF_RDL/scheduling/swv12_2990.smt
QF_RDL/scheduling/swv12_3004.smt
QF_RDL/scheduling/swv12_3050.smt
QF_RDL/scheduling/swv13_3000.smt
QF_RDL/scheduling/swv13_3104.smt
QF_RDL/scheduling/swv13_3150.smt
QF_RDL/scheduling/swv13_3200.smt
QF_RDL/scheduling/swv14_2800.smt
QF_RDL/scheduling/swv14_2885.smt
QF_RDL/scheduling/swv14_2895.smt
QF_RDL/scheduling/swv14_2905.smt
QF_RDL/scheduling/swv14_3000.smt
QF_RDL/scheduling/yn1_850.smt
QF_RDL/scheduling/yn1_887.smt
QF_RDL/scheduling/yn2_862.smt
QF_RDL/scheduling/yn2_890.smt
QF_RDL/scheduling/yn2_910.smt
QF_RDL/scheduling/yn2_950.smt
QF_RDL/scheduling/yn3_828.smt
QF_RDL/scheduling/yn3_860.smt
QF_RDL/scheduling/yn3_894.smt
QF_RDL/scheduling/yn4_1000.smt
QF_RDL/scheduling/yn4_919.smt
QF_RDL/scheduling/yn4_950.smt
QF_RDL/scheduling/yn4_969.smt
