QF_UF/QG-classification/qg5/iso_brn1203.smt::both::1
QF_UF/QG-classification/qg5/gensys_brn052.smt::both::1
QF_UF/QG-classification/qg5/iso_icl113.smt::both::1
QF_UF/QG-classification/qg5/gensys_icl1112.smt::both::1
QF_UF/QG-classification/qg6/gensys_brn_sk004.smt::both::1
QF_UF/QG-classification/qg5/iso_brn481.smt::both::1
QF_UF/QG-classification/qg5/gensys_icl182.smt::yices::1
QF_UF/QG-classification/qg5/iso_icl224.smt::both::1
QF_UF/QG-classification/qg7/iso_brn_sk032.smt::both::1
QF_UF/QG-classification/qg5/iso_brn801.smt::both::1
QF_UF/QG-classification/qg5/gensys_icl840.smt::both::1
QF_UF/QG-classification/loops6/iso_brn101.smt::both::1
QF_UF/QG-classification/qg5/gensys_brn794.smt::yices::1
QF_UF/QG-classification/qg5/iso_icl459.smt::both::1
QF_UF/QG-classification/qg5/gensys_brn067.smt::both::1
QF_UF/QG-classification/qg5/iso_icl283.smt::both::1
QF_UF/QG-classification/qg5/iso_icl1113.smt::both::1
QF_UF/QG-classification/qg5/gensys_brn581.smt::both::1
QF_UF/QG-classification/qg5/gensys_icl084.smt::yices::1
QF_UF/QG-classification/qg5/gensys_brn342.smt::yices::1
QF_UF/QG-classification/qg5/iso_brn598.smt::both::1
QF_UF/QG-classification/qg5/gensys_icl1175.smt::both::1
QF_UF/QG-classification/qg5/iso_brn1040.smt::both::1
QF_UF/QG-classification/qg5/gensys_icl812.smt::yices::1
QF_UF/QG-classification/qg5/iso_brn1291.smt::both::1
QF_UF/QG-classification/qg5/gensys_icl366.smt::yices::1
QF_UF/QG-classification/qg5/gensys_icl533.smt::yices::1
QF_UF/QG-classification/qg5/iso_icl833.smt::both::1
QF_UF/QG-classification/qg7/gensys_brn054.smt::both::1
QF_UF/QG-classification/qg5/iso_icl865.smt::both::1
QF_UF/QG-classification/qg5/iso_icl419.smt::both::1
QF_UF/QG-classification/qg5/iso_icl904.smt::both::1
QF_UF/QG-classification/qg5/iso_icl118.smt::both::1
QF_UF/QG-classification/qg5/iso_brn1150.smt::both::1
QF_UF/QG-classification/qg5/gensys_icl365.smt::yices::1
QF_UF/QG-classification/qg7/gensys_brn_sk041.smt::both::1
QF_UF/QG-classification/qg5/iso_icl950.smt::both::1
QF_UF/QG-classification/qg5/gensys_icl266.smt::both::1
QF_UF/QG-classification/qg7/iso_brn_repgen048.smt::both::1
QF_UF/QG-classification/qg5/gensys_icl510.smt::yices::1
QF_UF/QG-classification/qg5/iso_icl128.smt::both::1
QF_UF/QG-classification/qg5/iso_brn874.smt::both::1
QF_UF/QG-classification/qg5/iso_brn283.smt::both::1
QF_UF/QG-classification/qg5/gensys_brn287.smt::both::1
QF_UF/QG-classification/qg5/gensys_icl645.smt::both::1
QF_UF/QG-classification/qg5/iso_icl1147.smt::both::1
QF_UF/QG-classification/qg5/iso_brn681.smt::both::1
QF_UF/QG-classification/qg5/iso_brn1219.smt::both::1
QF_UF/eq_diamond/eq_diamond80.smt::yices::1
QF_UF/QG-classification/qg5/gensys_icl1130.smt::both::1
QF_UF/QG-classification/qg5/iso_brn573.smt::both::1
QF_UF/QG-classification/qg5/gensys_brn967.smt::both::1
QF_UF/QG-classification/qg5/gensys_icl914.smt::both::1
QF_UF/QG-classification/loops6/iso_brn051.smt::both::1
QF_UF/QG-classification/qg5/gensys_brn261.smt::both::1
QF_UF/QG-classification/qg5/gensys_brn1278.smt::both::1
QF_UF/QG-classification/qg5/iso_brn389.smt::both::1
QF_UF/QG-classification/qg5/gensys_brn082.smt::both::1
QF_UF/QG-classification/qg5/gensys_icl626.smt::yices::1
QF_UF/QG-classification/qg5/gensys_icl1212.smt::both::1
QF_UF/QG-classification/qg5/gensys_brn472.smt::both::1
QF_UF/QG-classification/qg5/gensys_brn205.smt::both::1
QF_UF/QG-classification/qg5/gensys_icl744.smt::both::1
QF_UF/QG-classification/qg7/iso_brn_nogen002.smt::yices::1
QF_UF/QG-classification/qg5/gensys_icl780.smt::yices::1
QF_UF/QG-classification/loops6/gensys_icl083.smt::both::1
QF_UF/QG-classification/qg5/gensys_icl307.smt::yices::1
QF_UF/QG-classification/qg5/gensys_brn131.smt::yices::1
QF_UF/QG-classification/qg5/iso_brn132.smt::both::1
QF_UF/QG-classification/qg5/iso_icl585.smt::both::1
QF_UF/QG-classification/qg5/gensys_brn1032.smt::both::1
QF_UF/QG-classification/loops6/iso_brn062.smt::both::1
QF_UF/QG-classification/qg5/gensys_icl356.smt::both::1
QF_UF/QG-classification/qg5/gensys_brn298.smt::both::1
QF_UF/QG-classification/qg5/gensys_icl181.smt::yices::1
QF_UF/QG-classification/qg5/iso_brn826.smt::both::1
QF_UF/PEQ/PEQ018_size4.smt::both::1
QF_UF/QG-classification/loops6/iso_icl013.smt::both::1
QF_UF/QG-classification/qg5/gensys_brn671.smt::both::1
QF_UF/QG-classification/qg5/gensys_brn913.smt::both::1
QF_UF/QG-classification/qg5/iso_icl1118.smt::both::1
QF_UF/QG-classification/qg5/gensys_brn1202.smt::both::1
QF_UF/QG-classification/qg5/gensys_brn138.smt::both::1
QF_UF/QG-classification/qg5/iso_brn244.smt::both::1
QF_UF/QG-classification/qg6/iso_brn015.smt::both::1
QF_UF/QG-classification/qg7/iso_brn_repgen_sk020.smt::both::1
QF_UF/QG-classification/qg5/iso_icl126.smt::both::1
QF_UF/QG-classification/qg5/iso_icl971.smt::both::1
QF_UF/QG-classification/qg5/iso_brn1218.smt::both::1
QF_UF/SEQ/SEQ018_size7.smt::both::1
QF_UF/QG-classification/qg5/iso_icl713.smt::both::1
QF_UF/QG-classification/qg6/iso_icl007.smt::both::1
QF_UF/QG-classification/qg5/iso_icl938.smt::both::1
QF_UF/QG-classification/qg5/gensys_icl900.smt::both::1
QF_UF/QG-classification/qg5/iso_icl753.smt::both::1
QF_UF/QG-classification/qg5/iso_icl383.smt::both::1
QF_UF/QG-classification/qg5/iso_brn239.smt::both::1
QF_UF/QG-classification/qg5/gensys_brn260.smt::both::1
QF_UF/QG-classification/qg5/iso_icl1076.smt::both::1
QF_UF/QG-classification/qg5/gensys_icl567.smt::both::1
QF_UF/QG-classification/qg5/gensys_icl942.smt::yices::1
QF_UF/QG-classification/qg5/iso_brn937.smt::both::1
QF_UF/QG-classification/qg5/gensys_brn375.smt::both::1
QF_UF/SEQ/SEQ010_size6.smt::z3::1
QF_UF/QG-classification/loops6/iso_icl040.smt::both::1
QF_UF/QG-classification/qg5/gensys_brn1097.smt::both::1
QF_UF/QG-classification/qg5/gensys_brn593.smt::yices::1
QF_UF/QG-classification/qg5/iso_icl334.smt::both::1
QF_UF/QG-classification/qg5/gensys_brn766.smt::yices::1
QF_UF/QG-classification/qg7/iso_brn038.smt::both::1
QF_UF/QG-classification/qg5/gensys_icl078.smt::both::1
QF_UF/QG-classification/qg5/iso_icl1181.smt::both::1
QF_UF/QG-classification/qg5/gensys_icl927.smt::yices::1
QF_UF/QG-classification/qg5/iso_icl615.smt::both::1
QF_UF/QG-classification/qg5/iso_icl767.smt::both::1
QF_UF/QG-classification/loops6/gensys_brn012.smt::both::1
QF_UF/QG-classification/qg6/iso_brn_nogen006.smt::both::1
QF_UF/QG-classification/qg5/gensys_brn572.smt::both::1
QF_UF/QG-classification/qg5/gensys_icl601.smt::yices::1
QF_UF/QG-classification/qg5/iso_brn704.smt::both::1
QF_UF/QG-classification/qg5/iso_brn1281.smt::both::1
QF_UF/QG-classification/qg5/iso_icl736.smt::both::1
QF_UF/QG-classification/qg5/iso_brn401.smt::both::1
QF_UF/QG-classification/qg6/gensys_brn003.smt::both::1
QF_UF/QG-classification/qg5/dead_dnd050.smt::both::1
QF_UF/QG-classification/qg5/iso_icl370.smt::both::1
QF_UF/QG-classification/qg5/gensys_brn796.smt::both::1
QF_UF/QG-classification/qg7/iso_brn_sk050.smt::both::1
QF_UF/QG-classification/qg5/gensys_brn058.smt::both::1
QF_UF/QG-classification/qg5/iso_brn536.smt::both::1
QF_UF/QG-classification/qg5/gensys_icl1185.smt::both::1
QF_UF/QG-classification/qg5/gensys_brn1128.smt::both::1
QF_UF/QG-classification/qg5/gensys_icl937.smt::both::1
QF_UF/QG-classification/qg5/iso_brn659.smt::both::1
QF_UF/QG-classification/loops6/gensys_icl049.smt::both::1
QF_UF/QG-classification/qg5/iso_icl427.smt::both::1
QF_UF/QG-classification/qg5/iso_icl1030.smt::both::1
QF_UF/QG-classification/qg5/gensys_brn001.smt::both::1
QF_UF/QG-classification/qg5/gensys_icl642.smt::both::1
QF_UF/QG-classification/qg5/gensys_brn710.smt::both::1
QF_UF/QG-classification/qg5/gensys_brn603.smt::both::1
QF_UF/QG-classification/qg5/gensys_icl705.smt::yices::1
QF_UF/QG-classification/qg5/iso_brn206.smt::both::1
QF_UF/QG-classification/qg5/dead_dnd031.smt::yices::1
QF_UF/QG-classification/loops6/iso_brn100.smt::both::1
QF_UF/QG-classification/qg5/iso_brn1285.smt::both::1
QF_UF/QG-classification/qg5/gensys_icl258.smt::both::1
QF_UF/QG-classification/qg7/gensys_brn047.smt::both::1
QF_UF/QG-classification/qg5/gensys_icl1115.smt::both::1
QF_UF/QG-classification/qg5/iso_brn303.smt::both::1
QF_UF/QG-classification/qg5/iso_brn505.smt::both::1
QF_UF/QG-classification/qg5/iso_brn1079.smt::both::1
QF_UF/QG-classification/qg5/gensys_icl126.smt::both::1
QF_UF/QG-classification/qg5/gensys_brn775.smt::both::1
QF_UF/QG-classification/loops6/iso_brn049.smt::both::1
QF_UF/QG-classification/qg5/gensys_icl1120.smt::both::1
QF_UF/QG-classification/loops6/iso_icl006.smt::both::1
QF_UF/QG-classification/qg5/iso_icl1112.smt::both::1
QF_UF/QG-classification/qg5/gensys_icl674.smt::yices::1
QF_UF/QG-classification/qg5/iso_brn135.smt::both::1
QF_UF/QG-classification/qg5/gensys_icl1178.smt::both::1
QF_UF/QG-classification/qg5/iso_brn327.smt::both::1
QF_UF/QG-classification/qg7/gensys_brn038.smt::both::1
QF_UF/QG-classification/qg5/gensys_icl493.smt::both::1
QF_UF/QG-classification/qg5/gensys_icl048.smt::both::1
QF_UF/QG-classification/qg5/gensys_brn414.smt::both::1
QF_UF/QG-classification/qg5/gensys_icl1257.smt::both::1
QF_UF/QG-classification/qg5/iso_brn1310.smt::both::1
QF_UF/QG-classification/qg5/gensys_icl683.smt::yices::1
QF_UF/QG-classification/qg5/gensys_icl1099.smt::both::1
QF_UF/QG-classification/qg5/iso_icl934.smt::both::1
QF_UF/QG-classification/qg5/iso_brn357.smt::both::1
QF_UF/QG-classification/qg5/gensys_brn563.smt::both::1
QF_UF/QG-classification/qg5/iso_brn165.smt::both::1
QF_UF/QG-classification/loops6/iso_brn019.smt::both::1
QF_UF/QG-classification/qg5/gensys_brn074.smt::both::1
QF_UF/QG-classification/qg5/iso_icl1204.smt::both::1
QF_UF/QG-classification/qg5/iso_icl1004.smt::both::1
QF_UF/QG-classification/loops6/iso_brn096.smt::both::1
QF_UF/QG-classification/qg6/gensys_brn_sk009.smt::both::1
QF_UF/QG-classification/qg5/gensys_brn522.smt::both::1
QF_UF/QG-classification/qg5/iso_brn1113.smt::both::1
QF_UF/QG-classification/qg5/gensys_icl984.smt::both::1
QF_UF/QG-classification/loops6/gensys_icl105.smt::both::1
QF_UF/QG-classification/qg5/dead_dnd055.smt::both::1
QF_UF/QG-classification/qg5/gensys_brn252.smt::both::1
QF_UF/QG-classification/qg6/iso_brn_sk003.smt::both::1
QF_UF/QG-classification/qg5/gensys_icl867.smt::both::1
QF_UF/QG-classification/qg5/gensys_brn862.smt::both::1
QF_UF/QG-classification/qg5/iso_brn608.smt::both::1
QF_UF/QG-classification/qg6/iso_icl_repgen_sk004.smt::both::5
QF_UF/QG-classification/qg6/iso_icl_repgen_sk011.smt::both::5
QF_UF/QG-classification/qg7/iso_brn_nogen_sk005.smt::both::5
QF_UF/NEQ/NEQ016_size7.smt::yices::10
QF_UF/QG-classification/qg6/gensys_brn007.smt::z3::10
QF_UF/QG-classification/qg6/iso_icl_nogen009.smt::z3::30
QF_UF/QG-classification/qg6/iso_icl_repgen003.smt::both::30
QF_UF/QG-classification/qg7/iso_icl_repgen_sk002.smt::z3::30
QF_UF/PEQ/PEQ003_size9.smt::yices::60
QF_UF/QG-classification/qg7/gensys_icl_sk001.smt::z3::120
Unknown Files:
