QF_UFIDL/RDS/reverse_acyclic0.smt::both::1
QF_UFIDL/pete2/c6_s.smt::both::1
QF_UFIDL/RDS/reverse_acyclic2.smt::both::1
QF_UFIDL/pete2/g10b.smt::z3::1
QF_UFIDL/RDS/reverse_acyclic4.smt::both::1
QF_UFIDL/pete2/c6n_i.smt::both::1
QF_UFIDL/RDS/set_union0.smt::both::1
QF_UFIDL/RDS/set_union1.smt::both::1
QF_UFIDL/pete2/g10n.smt::z3::1
QF_UFIDL/RDS/set_union3.smt::both::1
QF_UFIDL/RDS/set_union4.smt::both::1
QF_UFIDL/RDS/set_union5.smt::both::1
QF_UFIDL/pete2/c6id.smt::z3::1
QF_UFIDL/pete2/g10bidw.smt::z3::1
QF_UFIDL/pete2/f6bi.smt::both::1
QF_UFIDL/pete2/c6nid_s.smt::both::1
QF_UFIDL/RDS/sorted_list_insert_noalloc0.smt::both::1
QF_UFIDL/RDS/sorted_list_insert_noalloc3.smt::both::1
QF_UFIDL/pete2/c7n_s.smt::both::1
QF_UFIDL/pete2/c7nidw.smt::z3::1
QF_UFIDL/RDS/sorted_list_insert_noalloc8.smt::both::1
QF_UFIDL/RTCL/b13_tf_100/b13_tf_100.smt::both::1
QF_UFIDL/UCLID-pred/BRP/BRP1.smt::both::1
QF_UFIDL/pete2/g8.smt::both::1
QF_UFIDL/uclid/elf.rf9.smt::both::1
QF_UFIDL/pete2/c8bidw_s.smt::both::1
QF_UFIDL/UCLID-pred/BRP/BRP5.smt::both::1
QF_UFIDL/uclid/27s.smt::both::1
QF_UFIDL/pete2/c9n_s.smt::both::1
QF_UFIDL/pete2/c7_i.smt::both::1
QF_UFIDL/pete2/c6.smt::both::1
QF_UFIDL/UCLID-pred/DLX/DLX1C1.smt::both::1
QF_UFIDL/UCLID-pred/DLX/DLX1C2.smt::both::1
QF_UFIDL/UCLID-pred/DLX/DLX1C3.smt::both::1
QF_UFIDL/pete2/c8b_i.smt::both::1
QF_UFIDL/pete2/c8_i.smt::both::1
QF_UFIDL/UCLID-pred/OOO/OOO1.smt::both::1
QF_UFIDL/pete2/c6n_s.smt::both::1
QF_UFIDL/UCLID-pred/OOO/OOO3.smt::both::1
QF_UFIDL/UCLID-pred/OOO/OOO4.smt::both::1
QF_UFIDL/pete2/c9bidw_s.smt::both::1
QF_UFIDL/UCLID-pred/OOO/OOO6.smt::both::1
QF_UFIDL/UCLID-pred/OOO/OOO7.smt::both::1
QF_UFIDL/UCLID-pred/OOO/OOO8.smt::both::1
QF_UFIDL/UCLID-pred/aodv/aodv1.smt::both::1
QF_UFIDL/UCLID-pred/aodv/aodv2.smt::both::1
QF_UFIDL/pete2/g6ni.smt::both::1
QF_UFIDL/UCLID-pred/aodv/aodv4.smt::both::1
QF_UFIDL/UCLID-pred/aodv/aodv5.smt::both::1
QF_UFIDL/pete2/g10id.smt::z3::1
QF_UFIDL/UCLID-pred/bakery/LamportBakery0.smt::both::1
QF_UFIDL/UCLID-pred/bakery/LamportBakery1.smt::both::1
QF_UFIDL/UCLID-pred/bakery/LamportBakery10.smt::both::1
QF_UFIDL/pete2/f7.smt::both::1
QF_UFIDL/pete2/f6nid.smt::both::1
QF_UFIDL/uclid/ooo.rf9.smt::z3::1
QF_UFIDL/pete2/g7bidw.smt::both::1
QF_UFIDL/UCLID-pred/bakery/LamportBakery15.smt::both::1
QF_UFIDL/uclid/dlx1c.smt::both::1
QF_UFIDL/pete2/f7n.smt::both::1
QF_UFIDL/UCLID-pred/bakery/LamportBakery2.smt::both::1
QF_UFIDL/uclid/elf.rf7.smt::both::1
QF_UFIDL/pete2/c9n.smt::z3::1
QF_UFIDL/UCLID-pred/bakery/LamportBakery5.smt::both::1
QF_UFIDL/UCLID-pred/bakery/LamportBakery6.smt::both::1
QF_UFIDL/pete2/f8b.smt::z3::1
QF_UFIDL/UCLID-pred/bakery/LamportBakery9.smt::both::1
QF_UFIDL/uclid/49s.smt::both::1
QF_UFIDL/UCLID-pred/ibm_cache/ibm_cache_full1.smt::both::1
QF_UFIDL/pete2/c7idw_i.smt::z3::1
QF_UFIDL/UCLID-pred/ibm_cache/ibm_cache_full3.smt::both::1
QF_UFIDL/pete2/c6idw.smt::z3::1
QF_UFIDL/UCLID-pred/ibm_cache/ibm_cache_full6.smt::both::1
QF_UFIDL/UCLID-pred/ibm_cache/ibm_cache_full7.smt::both::1
QF_UFIDL/pete2/c6id_s.smt::both::1
QF_UFIDL/pete2/c7b_s.smt::both::1
QF_UFIDL/uclid/22s.smt::both::1
QF_UFIDL/uclid/ooo.tag8.smt::both::1
QF_UFIDL/uclid/ooo.rf6.smt::both::1
QF_UFIDL/UCLID-pred/ibm_cache/ibm_cache_full_q_unbounded13.smt::both::1
QF_UFIDL/pete2/c6nid_i.smt::z3::1
QF_UFIDL/UCLID-pred/ibm_cache/ibm_cache_full_q_unbounded15.smt::both::1
QF_UFIDL/UCLID-pred/ibm_cache/ibm_cache_full_q_unbounded16.smt::both::1
QF_UFIDL/pete2/f7b.smt::both::1
QF_UFIDL/uclid2/bug2.smt::both::1
QF_UFIDL/pete2/g10ni.smt::z3::1
QF_UFIDL/pete3/bug_file5.smt::z3::1
QF_UFIDL/uclid/dlx1c.rwmem.smt::both::1
QF_UFIDL/UCLID-pred/ibm_cache/ibm_cache_full_q_unbounded6.smt::both::1
QF_UFIDL/UCLID-pred/ibm_cache/ibm_cache_full_q_unbounded7.smt::both::1
QF_UFIDL/uclid/ooo.rf8.smt::both::1
QF_UFIDL/UCLID-pred/ibm_cache/ibm_cache_full_q_unbounded9.smt::both::1
QF_UFIDL/pete2/f8.smt::z3::1
QF_UFIDL/pete2/g10.smt::z3::1
QF_UFIDL/pete2/f9b.smt::z3::1
QF_UFIDL/pete2/g7n.smt::both::1
QF_UFIDL/pete2/c6nid.smt::z3::1
QF_UFIDL/pete2/c8n_i.smt::both::1
QF_UFIDL/pete3/bug_file2.smt::both::1
QF_UFIDL/check/bignum_idl1.smt::both::1
QF_UFIDL/uclid2/ooo.tag19.smt::z3::1
QF_UFIDL/mathsat/EufLaArithmetic/vhard/vhard10.smt::both::1
QF_UFIDL/mathsat/EufLaArithmetic/vhard/vhard11.smt::both::1
QF_UFIDL/pete2/g6n.smt::both::1
QF_UFIDL/mathsat/EufLaArithmetic/vhard/vhard13.smt::both::1
QF_UFIDL/uclid2/ooo.tag15.smt::z3::1
QF_UFIDL/pete2/c7nidw_s.smt::both::1
QF_UFIDL/pete2/g6id.smt::both::1
QF_UFIDL/pete2/c6i_s.smt::both::1
QF_UFIDL/pete2/c6b_s.smt::both::1
QF_UFIDL/pete2/f6.smt::both::1
QF_UFIDL/pete2/c8idw_s.smt::both::1
QF_UFIDL/uclid/q2.10.smt::both::1
QF_UFIDL/pete2/c9b.smt::z3::1
QF_UFIDL/pete2/c7b_i.smt::both::1
QF_UFIDL/mathsat/EufLaArithmetic/vhard/vhard5.smt::both::1
QF_UFIDL/mathsat/EufLaArithmetic/vhard/vhard6.smt::both::1
QF_UFIDL/pete2/g6bid.smt::both::1
QF_UFIDL/pete2/c7idw_s.smt::both::1
QF_UFIDL/pete2/c6bidw_s.smt::both::1
QF_UFIDL/pete/5s.smt::both::1
QF_UFIDL/pete2/c6b.smt::both::1
QF_UFIDL/pete/7stage-flush.smt::both::1
QF_UFIDL/pete2/g10bid.smt::z3::1
QF_UFIDL/pete2/c6bid_s.smt::both::1
QF_UFIDL/pete/IC-flush.smt::both::1
QF_UFIDL/pete/cxs-bp-ex-inp-safety.smt::both::1
QF_UFIDL/uclid/44s.smt::both::1
QF_UFIDL/pete/cxs-bp-ex-safety.smt::both::1
QF_UFIDL/pete/cxs-bp-ex.smt::both::1
QF_UFIDL/pete2/c6idw_i.smt::z3::1
QF_UFIDL/pete2/g8bidw.smt::z3::1
QF_UFIDL/pete2/c6nidw_i.smt::z3::1
QF_UFIDL/pete/cxs.smt::both::1
QF_UFIDL/pete2/c6ni.smt::z3::1
QF_UFIDL/pete2/g7idw.smt::both::1
QF_UFIDL/pete2/c6i_i.smt::both::1
QF_UFIDL/pete/fxs-bp-safety.smt::both::1
QF_UFIDL/pete/fxs-bp.smt::both::1
QF_UFIDL/pete/fxs-safety.smt::both::1
QF_UFIDL/pete2/c6bid.smt::z3::1
QF_UFIDL/pete2/g6nid.smt::both::1
QF_UFIDL/pete2/c6bidw_i.smt::z3::1
QF_UFIDL/pete2/c10_s.smt::both::1
QF_UFIDL/pete2/c10b.smt::z3::1
QF_UFIDL/pete2/c10b_i.smt::z3::1
QF_UFIDL/pete2/c8_s.smt::both::1
QF_UFIDL/pete2/c10bi_s.smt::both::1
QF_UFIDL/pete2/c6ni_s.smt::both::1
QF_UFIDL/pete2/c10bid_s.smt::both::1
QF_UFIDL/pete2/g9idw.smt::z3::1
QF_UFIDL/uclid/32s.smt::both::1
QF_UFIDL/pete2/f6bid.smt::both::1
QF_UFIDL/pete2/f6ni.smt::both::1
QF_UFIDL/pete2/c10i_s.smt::both::1
QF_UFIDL/uclid/43s.smt::both::1
QF_UFIDL/pete2/g6nidw.smt::both::1
QF_UFIDL/pete2/c10idw_s.smt::both::1
QF_UFIDL/uclid/cache.inv10.smt::both::1
QF_UFIDL/pete2/g7.smt::both::1
QF_UFIDL/pete2/c10n_s.smt::both::1
QF_UFIDL/pete2/c10ni_s.smt::both::1
QF_UFIDL/pete2/c9b_i.smt::z3::1
QF_UFIDL/pete2/g9b.smt::z3::1
QF_UFIDL/pete2/c10nid_s.smt::both::1
QF_UFIDL/pete2/f10bi.smt::z3::5
QF_UFIDL/uclid/ooo.rf10.smt::z3::5
QF_UFIDL/pete2/f8idw.smt::z3::5
QF_UFIDL/pete2/f10n.smt::z3::5
QF_UFIDL/pete2/f10ni.smt::z3::5
QF_UFIDL/pete2/f8nidw.smt::z3::5
QF_UFIDL/pete2/f10b.smt::z3::5
QF_UFIDL/pete2/f8bidw.smt::z3::5
QF_UFIDL/pete2/f10id.smt::z3::5
QF_UFIDL/pete2/c8idw_i.smt::z3::5
QF_UFIDL/pete2/c8nidw.smt::z3::5
QF_UFIDL/pete2/c9nidw_i.smt::z3::5
QF_UFIDL/pete2/c8nidw_i.smt::z3::5
QF_UFIDL/uclid/elf.rf10.smt::both::5
QF_UFIDL/pete2/c9idw_i.smt::z3::5
QF_UFIDL/pete2/c10bi_i.smt::z3::5
QF_UFIDL/pete2/f9nidw.smt::z3::5
QF_UFIDL/pete2/c10id_i.smt::z3::5
QF_UFIDL/pete2/f9bidw.smt::z3::5
QF_UFIDL/pete2/c10idw_i.smt::z3::5
QF_UFIDL/pete2/c10ni_i.smt::z3::5
QF_UFIDL/pete2/c10nidw.smt::z3::5
QF_UFIDL/pete2/c10nidw_i.smt::z3::5
QF_UFIDL/uclid2/cache.inv15.smt::both::10
QF_UFIDL/pete2/f10bid.smt::z3::10
QF_UFIDL/pete2/f10bidw.smt::z3::10
QF_UFIDL/uclid2/cache.inv16.smt::both::30
QF_UFIDL/pete2/f10nidw.smt::z3::30
QF_UFIDL/uclid2/elf.rf12.smt::z3::60
QF_UFIDL/uclid2/cache.inv17.smt::both::60
QF_UFIDL/bcnscheduling/bcnscheduling105.smt::both::60
QF_UFIDL/bcnscheduling/bcnscheduling143.smt::z3::60
QF_UFIDL/uclid2/ooo.rf12.smt::z3::120
Unknown Files:
QF_UFIDL/bcnscheduling/bcnscheduling130.smt
QF_UFIDL/bcnscheduling/bcnscheduling141.smt
