QF_UFLIA/check/bignum_lia2.smt::both::1
QF_UFLIA/mathsat/EufLaArithmetic/hard/hard10.smt::both::1
QF_UFLIA/wisas/xs_19_39.smt::z3::1
QF_UFLIA/mathsat/Wisa/xs-18-15-4-1-3-1.smt::both::1
QF_UFLIA/mathsat/Hash/hash_uns_04_19.smt::both::1
QF_UFLIA/mathsat/EufLaArithmetic/hard/hard14.smt::both::1
QF_UFLIA/mathsat/EufLaArithmetic/hard/hard15.smt::both::1
QF_UFLIA/mathsat/Wisa/xs-15-07-3-1-5-5.smt::both::1
QF_UFLIA/mathsat/EufLaArithmetic/hard/hard17.smt::both::1
QF_UFLIA/mathsat/Hash/hash_uns_04_12.smt::both::1
QF_UFLIA/mathsat/Hash/hash_uns_04_16.smt::both::1
QF_UFLIA/mathsat/Wisa/xs-20-17-5-4-5-4.smt::both::1
QF_UFLIA/mathsat/Wisa/xs-19-15-3-1-3-4.smt::both::1
QF_UFLIA/mathsat/Wisa/xs-12-13-3-4-2-3.smt::both::1
QF_UFLIA/mathsat/EufLaArithmetic/hard/hard6.smt::both::1
QF_UFLIA/wisas/xs_18_38.smt::z3::1
QF_UFLIA/mathsat/EufLaArithmetic/hard/hard8.smt::both::1
QF_UFLIA/mathsat/EufLaArithmetic/hard/hard9.smt::both::1
QF_UFLIA/mathsat/EufLaArithmetic/medium/medium10.smt::both::1
QF_UFLIA/mathsat/Wisa/xs-15-08-4-5-4-1.smt::both::1
QF_UFLIA/mathsat/EufLaArithmetic/medium/medium12.smt::both::1
QF_UFLIA/mathsat/Wisa/xs-07-20-2-5-1-4.smt::both::1
QF_UFLIA/wisas/xs_6_16.smt::both::1
QF_UFLIA/wisas/xs_39_49.smt::both::1
QF_UFLIA/mathsat/EufLaArithmetic/medium/medium16.smt::both::1
QF_UFLIA/mathsat/Wisa/xs-15-06-3-5-4-4.smt::both::1
QF_UFLIA/mathsat/Wisa/xs-16-06-4-1-3-5.smt::both::1
QF_UFLIA/mathsat/Wisa/xs-12-11-1-4-4-3.smt::both::1
QF_UFLIA/mathsat/EufLaArithmetic/medium/medium20.smt::both::1
QF_UFLIA/mathsat/Wisa/xs-11-20-5-2-5-3.smt::both::1
QF_UFLIA/mathsat/EufLaArithmetic/medium/medium6.smt::both::1
QF_UFLIA/mathsat/EufLaArithmetic/medium/medium7.smt::both::1
QF_UFLIA/mathsat/Wisa/xs-12-19-1-4-1-2.smt::both::1
QF_UFLIA/mathsat/Wisa/xs-12-14-3-5-4-4.smt::both::1
QF_UFLIA/mathsat/Wisa/xs-18-07-1-2-1-1.smt::both::1
QF_UFLIA/wisas/xs_14_24.smt::both::1
QF_UFLIA/mathsat/Wisa/xs-06-05-5-2-5-5.smt::both::1
QF_UFLIA/mathsat/Wisa/xs-13-05-5-4-1-5.smt::both::1
QF_UFLIA/mathsat/Wisa/xs-20-09-1-5-4-2.smt::both::1
QF_UFLIA/mathsat/Wisa/xs-14-11-4-2-2-1.smt::both::1
QF_UFLIA/wisas/xs_38_58.smt::z3::1
QF_UFLIA/wisas/xs_30_30.smt::both::1
QF_UFLIA/mathsat/Wisa/xs-18-12-3-4-4-3.smt::both::1
QF_UFLIA/wisas/xs_16_26.smt::both::1
QF_UFLIA/mathsat/Wisa/xs-14-09-3-3-4-4.smt::both::1
QF_UFLIA/mathsat/Hash/hash_sat_03_14.smt::both::1
QF_UFLIA/mathsat/Wisa/xs-12-07-3-4-1-2.smt::both::1
QF_UFLIA/mathsat/Wisa/xs-12-09-5-5-2-4.smt::both::1
QF_UFLIA/mathsat/Wisa/xs-20-16-4-4-4-1.smt::both::1
QF_UFLIA/mathsat/Wisa/xs-05-16-1-5-4-3.smt::both::1
QF_UFLIA/mathsat/Hash/hash_sat_03_19.smt::both::1
QF_UFLIA/mathsat/Wisa/xs-17-14-2-4-3-1.smt::both::1
QF_UFLIA/mathsat/Hash/hash_sat_04_03.smt::both::1
QF_UFLIA/mathsat/Hash/hash_sat_04_04.smt::both::1
QF_UFLIA/mathsat/Hash/hash_sat_04_05.smt::both::1
QF_UFLIA/mathsat/Wisa/xs-05-11-2-5-3-2.smt::both::1
QF_UFLIA/mathsat/Wisa/xs-14-15-1-1-3-3.smt::both::1
QF_UFLIA/mathsat/Wisa/xs-18-10-4-5-2-3.smt::both::1
QF_UFLIA/mathsat/Wisa/xs-13-17-4-2-1-5.smt::both::1
QF_UFLIA/mathsat/Hash/hash_sat_04_10.smt::both::1
QF_UFLIA/mathsat/Hash/hash_sat_04_11.smt::both::1
QF_UFLIA/mathsat/Hash/hash_sat_04_12.smt::both::1
QF_UFLIA/mathsat/Hash/hash_uns_05_17.smt::both::1
QF_UFLIA/mathsat/Wisa/xs-18-17-4-5-2-4.smt::both::1
QF_UFLIA/mathsat/Hash/hash_sat_04_15.smt::both::1
QF_UFLIA/mathsat/Hash/hash_sat_04_16.smt::both::1
QF_UFLIA/mathsat/Hash/hash_sat_04_17.smt::both::1
QF_UFLIA/mathsat/Hash/hash_sat_04_18.smt::both::1
QF_UFLIA/mathsat/Wisa/xs-07-14-1-1-1-1.smt::both::1
QF_UFLIA/mathsat/Wisa/xs-19-13-2-1-3-1.smt::both::1
QF_UFLIA/mathsat/Wisa/xs-11-05-3-1-5-3.smt::both::1
QF_UFLIA/mathsat/Wisa/xs-16-05-5-3-1-1.smt::both::1
QF_UFLIA/mathsat/Wisa/xs-19-20-1-1-2-2.smt::both::1
QF_UFLIA/mathsat/Hash/hash_sat_05_06.smt::both::1
QF_UFLIA/mathsat/Hash/hash_sat_05_07.smt::both::1
QF_UFLIA/mathsat/Hash/hash_sat_05_08.smt::both::1
QF_UFLIA/wisas/xs_17_37.smt::both::1
QF_UFLIA/wisas/xs_33_43.smt::both::1
QF_UFLIA/mathsat/Wisa/xs-19-11-4-4-1-3.smt::both::1
QF_UFLIA/mathsat/Hash/hash_sat_05_12.smt::both::1
QF_UFLIA/mathsat/Wisa/xs-18-16-2-2-1-4.smt::both::1
QF_UFLIA/mathsat/Wisa/xs-10-06-1-1-5-2.smt::both::1
QF_UFLIA/mathsat/Wisa/xs-09-16-3-4-1-5.smt::both::1
QF_UFLIA/mathsat/Wisa/xs-05-19-1-4-2-1.smt::both::1
QF_UFLIA/wisas/xs_21_21.smt::both::1
QF_UFLIA/wisas/xs_40_60.smt::yices::1
QF_UFLIA/wisas/xs_31_31.smt::both::1
QF_UFLIA/mathsat/Hash/hash_sat_05_20.smt::both::1
QF_UFLIA/wisas/xs_36_56.smt::both::1
QF_UFLIA/mathsat/Hash/hash_sat_06_04.smt::both::1
QF_UFLIA/mathsat/Hash/hash_sat_06_05.smt::both::1
QF_UFLIA/mathsat/Wisa/xs-15-11-5-2-2-2.smt::both::1
QF_UFLIA/mathsat/Wisa/xs-17-12-3-4-4-1.smt::both::1
QF_UFLIA/mathsat/Hash/hash_sat_06_08.smt::both::1
QF_UFLIA/mathsat/Wisa/xs-10-19-3-4-2-4.smt::both::1
QF_UFLIA/mathsat/Hash/hash_sat_06_10.smt::both::1
QF_UFLIA/mathsat/Wisa/xs-16-19-3-4-4-1.smt::both::1
QF_UFLIA/mathsat/Wisa/xs-13-07-1-5-2-3.smt::both::1
QF_UFLIA/mathsat/Wisa/xs-11-06-4-4-5-5.smt::both::1
QF_UFLIA/wisas/xs_24_24.smt::both::1
QF_UFLIA/mathsat/Wisa/xs-14-07-1-4-1-3.smt::both::1
QF_UFLIA/mathsat/Hash/hash_sat_06_16.smt::both::1
QF_UFLIA/mathsat/Wisa/xs-14-16-4-1-1-5.smt::both::1
QF_UFLIA/mathsat/Wisa/xs-08-14-2-3-3-5.smt::both::1
QF_UFLIA/wisas/xs_5_5.smt::both::1
QF_UFLIA/mathsat/Hash/hash_sat_06_20.smt::both::1
QF_UFLIA/mathsat/Hash/hash_sat_07_03.smt::both::1
QF_UFLIA/mathsat/Wisa/xs-17-18-4-2-3-1.smt::both::1
QF_UFLIA/mathsat/Hash/hash_sat_07_05.smt::both::1
QF_UFLIA/mathsat/Wisa/xs-07-05-5-2-3-5.smt::both::1
QF_UFLIA/mathsat/Hash/hash_sat_07_07.smt::both::1
QF_UFLIA/mathsat/Wisa/xs-17-19-3-3-3-4.smt::both::1
QF_UFLIA/mathsat/Wisa/xs-19-10-3-5-2-5.smt::both::1
QF_UFLIA/mathsat/Hash/hash_sat_07_10.smt::both::1
QF_UFLIA/mathsat/Hash/hash_sat_07_11.smt::both::1
QF_UFLIA/mathsat/Wisa/xs-17-15-2-2-2-4.smt::both::1
QF_UFLIA/mathsat/Hash/hash_sat_07_13.smt::both::1
QF_UFLIA/wisas/xs_27_37.smt::both::1
QF_UFLIA/mathsat/Hash/hash_uns_05_13.smt::both::1
QF_UFLIA/mathsat/Hash/hash_sat_07_16.smt::both::1
QF_UFLIA/mathsat/Wisa/xs-08-17-4-1-2-2.smt::both::1
QF_UFLIA/mathsat/Wisa/xs-18-08-4-5-2-5.smt::both::1
QF_UFLIA/wisas/xs_14_14.smt::both::1
QF_UFLIA/mathsat/Wisa/xs-18-09-1-5-4-4.smt::both::1
QF_UFLIA/mathsat/Hash/hash_uns_05_16.smt::both::1
QF_UFLIA/mathsat/Wisa/xs-13-19-4-5-5-5.smt::both::1
QF_UFLIA/mathsat/Hash/hash_sat_08_05.smt::both::1
QF_UFLIA/mathsat/Wisa/xs-11-18-3-3-4-1.smt::both::1
QF_UFLIA/wisas/xs_36_46.smt::both::1
QF_UFLIA/mathsat/Hash/hash_sat_08_08.smt::both::1
QF_UFLIA/mathsat/Wisa/xs-10-07-4-1-1-5.smt::both::1
QF_UFLIA/mathsat/Hash/hash_sat_08_10.smt::both::1
QF_UFLIA/mathsat/Hash/hash_sat_08_11.smt::both::1
QF_UFLIA/mathsat/Wisa/xs-05-08-4-2-5-4.smt::both::1
QF_UFLIA/mathsat/Hash/hash_sat_08_13.smt::both::1
QF_UFLIA/mathsat/Wisa/xs-18-11-5-3-1-1.smt::both::1
QF_UFLIA/mathsat/Wisa/xs-18-13-5-4-1-2.smt::both::1
QF_UFLIA/mathsat/Hash/hash_sat_08_16.smt::both::1
QF_UFLIA/wisas/xs_15_20.smt::both::1
QF_UFLIA/mathsat/Hash/hash_sat_08_18.smt::both::1
QF_UFLIA/mathsat/Wisa/xs-16-11-2-1-5-2.smt::both::1
QF_UFLIA/mathsat/Hash/hash_sat_08_20.smt::both::1
QF_UFLIA/wisas/xs_31_51.smt::z3::1
QF_UFLIA/mathsat/Wisa/xs-10-18-2-2-5-3.smt::both::1
QF_UFLIA/wisas/xs_29_49.smt::z3::1
QF_UFLIA/mathsat/Hash/hash_sat_09_06.smt::both::1
QF_UFLIA/mathsat/Hash/hash_uns_05_14.smt::both::1
QF_UFLIA/mathsat/Wisa/xs-06-07-4-5-4-2.smt::both::1
QF_UFLIA/mathsat/Hash/hash_sat_09_09.smt::both::1
QF_UFLIA/mathsat/Hash/hash_sat_09_10.smt::both::1
QF_UFLIA/mathsat/Hash/hash_sat_09_11.smt::both::1
QF_UFLIA/mathsat/Wisa/xs-12-16-5-2-2-3.smt::both::1
QF_UFLIA/mathsat/Wisa/xs-20-05-5-5-1-3.smt::both::1
QF_UFLIA/mathsat/Hash/hash_sat_09_14.smt::both::1
QF_UFLIA/mathsat/Hash/hash_sat_09_15.smt::both::1
QF_UFLIA/mathsat/Wisa/xs-05-06-2-2-5-1.smt::both::1
QF_UFLIA/mathsat/Wisa/xs-13-12-5-3-4-4.smt::both::1
QF_UFLIA/wisas/xs_7_12.smt::both::1
QF_UFLIA/mathsat/Hash/hash_uns_04_06.smt::both::1
QF_UFLIA/mathsat/Wisa/xs-09-13-2-3-1-3.smt::both::1
QF_UFLIA/mathsat/Hash/hash_sat_10_03.smt::both::1
QF_UFLIA/mathsat/Wisa/xs-15-19-3-1-4-1.smt::both::1
QF_UFLIA/mathsat/Hash/hash_sat_10_05.smt::both::1
QF_UFLIA/mathsat/Wisa/xs-19-07-4-2-4-4.smt::both::1
QF_UFLIA/mathsat/Hash/hash_sat_10_07.smt::both::1
QF_UFLIA/mathsat/Wisa/xs-08-05-1-5-4-2.smt::both::1
QF_UFLIA/mathsat/Wisa/xs-20-10-5-5-5-4.smt::both::1
QF_UFLIA/wisas/xs_5_10.smt::both::1
QF_UFLIA/mathsat/Wisa/xs-09-15-5-3-2-3.smt::both::1
QF_UFLIA/mathsat/Hash/hash_sat_10_12.smt::both::1
QF_UFLIA/mathsat/Wisa/xs-12-08-5-2-5-3.smt::both::1
QF_UFLIA/wisas/xs_15_25.smt::both::1
QF_UFLIA/wisas/xs_28_38.smt::yices::1
QF_UFLIA/mathsat/Hash/hash_sat_10_16.smt::both::1
QF_UFLIA/mathsat/Wisa/xs-11-08-3-4-3-5.smt::both::1
QF_UFLIA/wisas/xs_11_11.smt::both::1
QF_UFLIA/wisas/xs_33_33.smt::both::1
QF_UFLIA/mathsat/Hash/hash_sat_10_20.smt::both::1
QF_UFLIA/mathsat/Wisa/xs-15-05-2-1-2-3.smt::both::1
QF_UFLIA/mathsat/Wisa/xs-11-19-4-5-1-1.smt::both::1
QF_UFLIA/wisas/xs_9_19.smt::both::1
QF_UFLIA/mathsat/Wisa/xs-05-18-1-3-1-3.smt::both::1
QF_UFLIA/mathsat/Wisa/xs-05-20-5-1-4-2.smt::both::1
QF_UFLIA/mathsat/Hash/hash_uns_03_08.smt::both::1
QF_UFLIA/mathsat/Hash/hash_uns_03_09.smt::both::1
QF_UFLIA/mathsat/Wisa/xs-16-09-4-2-1-5.smt::both::1
QF_UFLIA/mathsat/Hash/hash_uns_03_11.smt::both::1
QF_UFLIA/wisas/xs_38_48.smt::both::1
QF_UFLIA/mathsat/Hash/hash_uns_03_13.smt::both::1
QF_UFLIA/mathsat/Hash/hash_uns_03_14.smt::both::1
QF_UFLIA/mathsat/Hash/hash_uns_05_15.smt::both::1
QF_UFLIA/mathsat/Wisa/xs-12-06-3-4-5-1.smt::both::1
QF_UFLIA/wisas/xs_38_38.smt::z3::1
QF_UFLIA/mathsat/Hash/hash_uns_03_18.smt::both::1
QF_UFLIA/mathsat/Hash/hash_uns_03_19.smt::both::1
QF_UFLIA/mathsat/Wisa/xs-13-16-3-1-4-1.smt::both::1
QF_UFLIA/mathsat/Hash/hash_uns_04_04.smt::both::1
QF_UFLIA/mathsat/Hash/hash_uns_04_05.smt::both::1
QF_UFLIA/wisas/xs_25_45.smt::yices::30
QF_UFLIA/wisas/xs_23_43.smt::both::30
Unknown Files:
QF_UFLIA/mathsat/Hash/hash_uns_04_11.smt::both::1
QF_UFLIA/check/bignum_lia2.smt::both::1
QF_UFLIA/mathsat/EufLaArithmetic/hard/hard10.smt::both::1
QF_UFLIA/wisas/xs_17_37.smt::both::1
QF_UFLIA/mathsat/Hash/hash_uns_05_19.smt::both::1
QF_UFLIA/mathsat/EufLaArithmetic/hard/hard13.smt::both::1
QF_UFLIA/mathsat/Hash/hash_uns_05_16.smt::both::1
QF_UFLIA/mathsat/Wisa/xs-12-15-3-2-1-5.smt::both::1
QF_UFLIA/mathsat/EufLaArithmetic/hard/hard16.smt::both::1
QF_UFLIA/mathsat/EufLaArithmetic/hard/hard17.smt::both::1
QF_UFLIA/mathsat/EufLaArithmetic/hard/hard18.smt::both::1
QF_UFLIA/mathsat/Wisa/xs-20-08-5-3-1-5.smt::both::1
QF_UFLIA/mathsat/Wisa/xs-12-06-3-4-5-1.smt::both::1
QF_UFLIA/mathsat/EufLaArithmetic/hard/hard4.smt::both::1
QF_UFLIA/mathsat/Wisa/xs-18-15-4-1-3-1.smt::both::1
QF_UFLIA/mathsat/Wisa/xs-08-06-4-5-4-1.smt::both::1
QF_UFLIA/mathsat/Hash/hash_uns_04_10.smt::both::1
QF_UFLIA/mathsat/Wisa/xs-11-17-5-2-4-4.smt::both::1
QF_UFLIA/mathsat/Wisa/xs-20-06-2-3-1-3.smt::both::1
QF_UFLIA/mathsat/Wisa/xs-16-14-2-4-1-4.smt::both::1
QF_UFLIA/mathsat/EufLaArithmetic/medium/medium11.smt::both::1
QF_UFLIA/mathsat/Wisa/xs-13-10-4-3-1-3.smt::both::1
QF_UFLIA/mathsat/EufLaArithmetic/medium/medium13.smt::both::1
QF_UFLIA/wisas/xs_7_12.smt::both::1
QF_UFLIA/mathsat/EufLaArithmetic/medium/medium15.smt::both::1
QF_UFLIA/mathsat/EufLaArithmetic/medium/medium16.smt::both::1
QF_UFLIA/mathsat/Wisa/xs-12-09-5-5-2-4.smt::both::1
QF_UFLIA/mathsat/EufLaArithmetic/medium/medium18.smt::both::1
QF_UFLIA/mathsat/EufLaArithmetic/medium/medium19.smt::both::1
QF_UFLIA/mathsat/Wisa/xs-12-18-1-3-1-2.smt::both::1
QF_UFLIA/mathsat/Wisa/xs-14-06-4-4-1-2.smt::both::1
QF_UFLIA/mathsat/Hash/hash_uns_04_20.smt::both::1
QF_UFLIA/mathsat/Wisa/xs-10-16-3-5-2-4.smt::both::1
QF_UFLIA/wisas/xs_22_32.smt::both::1
QF_UFLIA/mathsat/Wisa/xs-05-06-2-2-5-1.smt::both::1
QF_UFLIA/mathsat/Wisa/xs-18-10-4-5-2-3.smt::both::1
QF_UFLIA/wisas/xs_8_8.smt::both::1
QF_UFLIA/mathsat/Hash/hash_sat_03_05.smt::both::1
QF_UFLIA/mathsat/Wisa/xs-15-05-2-1-2-3.smt::both::1
QF_UFLIA/mathsat/Wisa/xs-20-12-3-1-5-2.smt::both::1
QF_UFLIA/mathsat/Wisa/xs-07-05-5-2-3-5.smt::both::1
QF_UFLIA/mathsat/Hash/hash_sat_03_10.smt::both::1
QF_UFLIA/mathsat/Wisa/xs-09-17-2-1-4-1.smt::both::1
QF_UFLIA/wisas/xs_19_29.smt::both::1
QF_UFLIA/mathsat/Wisa/xs-17-07-3-4-4-3.smt::both::1
QF_UFLIA/mathsat/Hash/hash_uns_04_09.smt::both::1
QF_UFLIA/mathsat/Hash/hash_sat_03_15.smt::both::1
QF_UFLIA/mathsat/Hash/hash_uns_04_16.smt::both::1
QF_UFLIA/mathsat/Wisa/xs-06-14-3-1-5-2.smt::both::1
QF_UFLIA/mathsat/Wisa/xs-10-18-2-2-5-3.smt::both::1
QF_UFLIA/mathsat/Wisa/xs-05-18-1-3-1-3.smt::both::1
QF_UFLIA/mathsat/Hash/hash_sat_03_20.smt::both::1
QF_UFLIA/mathsat/Hash/hash_sat_04_03.smt::both::1
QF_UFLIA/mathsat/Hash/hash_sat_04_04.smt::both::1
QF_UFLIA/mathsat/Wisa/xs-07-09-3-4-4-3.smt::both::1
QF_UFLIA/mathsat/Hash/hash_sat_04_06.smt::both::1
QF_UFLIA/mathsat/Wisa/xs-14-15-1-1-3-3.smt::both::1
QF_UFLIA/mathsat/Hash/hash_sat_04_08.smt::both::1
QF_UFLIA/mathsat/Wisa/xs-10-19-3-4-2-4.smt::both::1
QF_UFLIA/mathsat/Hash/hash_sat_04_10.smt::both::1
QF_UFLIA/mathsat/Hash/hash_sat_04_11.smt::both::1
QF_UFLIA/mathsat/Wisa/xs-13-05-5-4-1-5.smt::both::1
QF_UFLIA/mathsat/Wisa/xs-14-20-3-5-3-5.smt::both::1
QF_UFLIA/mathsat/Hash/hash_sat_04_14.smt::both::1
QF_UFLIA/mathsat/Hash/hash_sat_04_15.smt::both::1
QF_UFLIA/mathsat/Wisa/xs-20-05-5-5-1-3.smt::both::1
QF_UFLIA/mathsat/Hash/hash_sat_04_17.smt::both::1
QF_UFLIA/mathsat/Wisa/xs-09-10-5-1-5-2.smt::both::1
QF_UFLIA/mathsat/Hash/hash_sat_04_19.smt::both::1
QF_UFLIA/mathsat/Hash/hash_sat_04_20.smt::both::1
QF_UFLIA/mathsat/Hash/hash_sat_05_03.smt::both::1
QF_UFLIA/mathsat/Hash/hash_sat_05_04.smt::both::1
QF_UFLIA/mathsat/Wisa/xs-15-17-2-1-1-4.smt::both::1
QF_UFLIA/wisas/xs_36_46.smt::both::1
QF_UFLIA/wisas/xs_35_45.smt::yices::1
QF_UFLIA/mathsat/Hash/hash_sat_05_08.smt::both::1
QF_UFLIA/wisas/xs_10_15.smt::both::1
QF_UFLIA/mathsat/Hash/hash_uns_04_06.smt::both::1
QF_UFLIA/mathsat/Hash/hash_sat_05_11.smt::both::1
QF_UFLIA/wisas/xs_28_38.smt::yices::1
QF_UFLIA/wisas/xs_16_16.smt::both::1
QF_UFLIA/mathsat/Wisa/xs-09-08-1-1-5-3.smt::both::1
QF_UFLIA/mathsat/Wisa/xs-19-15-3-1-3-4.smt::both::1
QF_UFLIA/wisas/xs_13_23.smt::both::1
QF_UFLIA/mathsat/Wisa/xs-07-16-2-4-3-5.smt::both::1
QF_UFLIA/mathsat/Hash/hash_sat_05_18.smt::both::1
QF_UFLIA/mathsat/Wisa/xs-17-19-3-3-3-4.smt::both::1
QF_UFLIA/wisas/xs_14_24.smt::both::1
QF_UFLIA/mathsat/Hash/hash_sat_06_03.smt::both::1
QF_UFLIA/mathsat/Wisa/xs-05-17-1-5-1-5.smt::both::1
QF_UFLIA/mathsat/Hash/hash_sat_06_05.smt::both::1
QF_UFLIA/mathsat/Wisa/xs-20-14-2-3-3-3.smt::both::1
QF_UFLIA/mathsat/Wisa/xs-20-09-1-5-4-2.smt::both::1
QF_UFLIA/wisas/xs_34_54.smt::both::1
QF_UFLIA/mathsat/Wisa/xs-18-05-5-4-4-2.smt::both::1
QF_UFLIA/mathsat/Wisa/xs-18-12-3-4-4-3.smt::both::1
QF_UFLIA/mathsat/Hash/hash_sat_06_11.smt::both::1
QF_UFLIA/mathsat/Hash/hash_uns_05_09.smt::both::1
QF_UFLIA/mathsat/Hash/hash_sat_06_13.smt::both::1
QF_UFLIA/mathsat/Wisa/xs-16-08-1-4-4-5.smt::both::1
QF_UFLIA/mathsat/Wisa/xs-14-10-3-4-2-2.smt::both::1
QF_UFLIA/mathsat/Hash/hash_sat_06_17.smt::both::1
QF_UFLIA/wisas/xs_21_21.smt::both::1
QF_UFLIA/wisas/xs_34_44.smt::yices::1
QF_UFLIA/mathsat/Hash/hash_sat_06_20.smt::both::1
QF_UFLIA/mathsat/Hash/hash_sat_07_03.smt::both::1
QF_UFLIA/mathsat/Hash/hash_sat_07_04.smt::both::1
QF_UFLIA/mathsat/Hash/hash_sat_07_05.smt::both::1
QF_UFLIA/mathsat/Hash/hash_sat_07_06.smt::both::1
QF_UFLIA/wisas/xs_29_39.smt::both::1
QF_UFLIA/mathsat/Wisa/xs-16-20-5-1-4-4.smt::both::1
QF_UFLIA/wisas/xs_11_11.smt::both::1
QF_UFLIA/mathsat/Wisa/xs-16-13-4-1-4-5.smt::both::1
QF_UFLIA/mathsat/Hash/hash_sat_07_11.smt::both::1
QF_UFLIA/mathsat/Hash/hash_sat_07_12.smt::both::1
QF_UFLIA/mathsat/Hash/hash_sat_07_13.smt::both::1
QF_UFLIA/mathsat/Wisa/xs-19-16-4-4-1-4.smt::both::1
QF_UFLIA/wisas/xs_32_52.smt::both::1
QF_UFLIA/mathsat/Hash/hash_sat_07_16.smt::both::1
QF_UFLIA/mathsat/Wisa/xs-07-08-4-4-4-2.smt::both::1
QF_UFLIA/mathsat/Hash/hash_sat_07_18.smt::both::1
QF_UFLIA/mathsat/Wisa/xs-15-06-3-5-4-4.smt::both::1
QF_UFLIA/mathsat/Hash/hash_sat_07_20.smt::both::1
QF_UFLIA/mathsat/Hash/hash_sat_08_03.smt::both::1
QF_UFLIA/mathsat/Hash/hash_sat_08_04.smt::both::1
QF_UFLIA/mathsat/Wisa/xs-07-14-1-1-1-1.smt::both::1
QF_UFLIA/mathsat/Wisa/xs-19-05-2-5-4-2.smt::both::1
QF_UFLIA/mathsat/Wisa/xs-17-15-2-2-2-4.smt::both::1
QF_UFLIA/mathsat/Hash/hash_uns_05_07.smt::both::1
QF_UFLIA/mathsat/Hash/hash_uns_04_08.smt::both::1
QF_UFLIA/mathsat/Hash/hash_sat_08_10.smt::both::1
QF_UFLIA/mathsat/Hash/hash_sat_08_11.smt::both::1
QF_UFLIA/mathsat/Hash/hash_sat_08_12.smt::both::1
QF_UFLIA/wisas/xs_15_20.smt::both::1
QF_UFLIA/mathsat/Hash/hash_uns_05_13.smt::both::1
QF_UFLIA/mathsat/Hash/hash_sat_08_15.smt::both::1
QF_UFLIA/mathsat/Hash/hash_sat_08_16.smt::both::1
QF_UFLIA/wisas/xs_23_33.smt::both::1
QF_UFLIA/mathsat/Wisa/xs-17-20-5-1-5-4.smt::both::1
QF_UFLIA/mathsat/Hash/hash_sat_08_19.smt::both::1
QF_UFLIA/wisas/xs_5_10.smt::both::1
QF_UFLIA/mathsat/Wisa/xs-19-12-4-2-4-5.smt::both::1
QF_UFLIA/wisas/xs_19_19.smt::both::1
QF_UFLIA/mathsat/Hash/hash_sat_09_05.smt::both::1
QF_UFLIA/mathsat/Hash/hash_sat_09_06.smt::both::1
QF_UFLIA/mathsat/Hash/hash_sat_09_07.smt::both::1
QF_UFLIA/mathsat/Hash/hash_uns_05_10.smt::both::1
QF_UFLIA/mathsat/Wisa/xs-16-10-4-3-1-3.smt::both::1
QF_UFLIA/wisas/xs_37_57.smt::both::1
QF_UFLIA/mathsat/Hash/hash_sat_09_11.smt::both::1
QF_UFLIA/mathsat/Hash/hash_sat_09_12.smt::both::1
QF_UFLIA/wisas/xs_33_53.smt::both::1
QF_UFLIA/wisas/xs_40_60.smt::yices::1
QF_UFLIA/mathsat/Wisa/xs-15-12-2-2-3-4.smt::both::1
QF_UFLIA/wisas/xs_30_40.smt::both::1
QF_UFLIA/mathsat/Hash/hash_sat_09_17.smt::both::1
QF_UFLIA/mathsat/Wisa/xs-10-05-5-2-1-5.smt::both::1
QF_UFLIA/mathsat/Wisa/xs-15-07-3-1-5-5.smt::both::1
QF_UFLIA/mathsat/Hash/hash_sat_09_20.smt::both::1
QF_UFLIA/mathsat/Wisa/xs-15-18-4-1-3-5.smt::both::1
QF_UFLIA/mathsat/Wisa/xs-06-12-5-4-2-5.smt::both::1
QF_UFLIA/mathsat/Wisa/xs-20-18-3-4-5-4.smt::both::1
QF_UFLIA/wisas/xs_33_33.smt::both::1
QF_UFLIA/wisas/xs_38_38.smt::z3::1
QF_UFLIA/mathsat/Wisa/xs-19-18-2-2-2-5.smt::both::1
QF_UFLIA/mathsat/Wisa/xs-15-08-4-5-4-1.smt::both::1
QF_UFLIA/mathsat/Hash/hash_sat_10_10.smt::both::1
QF_UFLIA/mathsat/Hash/hash_sat_10_11.smt::both::1
QF_UFLIA/mathsat/Wisa/xs-06-08-5-1-5-3.smt::both::1
QF_UFLIA/mathsat/Hash/hash_uns_05_11.smt::both::1
QF_UFLIA/wisas/xs_12_22.smt::both::1
QF_UFLIA/mathsat/Wisa/xs-15-10-1-3-5-1.smt::both::1
QF_UFLIA/mathsat/Wisa/xs-10-06-1-1-5-2.smt::both::1
QF_UFLIA/mathsat/Hash/hash_sat_10_17.smt::both::1
QF_UFLIA/mathsat/Wisa/xs-19-06-4-3-2-1.smt::both::1
QF_UFLIA/mathsat/Wisa/xs-05-20-5-1-4-2.smt::both::1
QF_UFLIA/mathsat/Hash/hash_sat_10_20.smt::both::1
QF_UFLIA/wisas/xs_31_41.smt::both::1
QF_UFLIA/mathsat/Hash/hash_uns_03_04.smt::both::1
QF_UFLIA/mathsat/Hash/hash_uns_05_08.smt::both::1
QF_UFLIA/mathsat/Hash/hash_uns_03_06.smt::both::1
QF_UFLIA/mathsat/Hash/hash_uns_03_07.smt::both::1
QF_UFLIA/mathsat/Wisa/xs-05-16-1-5-4-3.smt::both::1
QF_UFLIA/mathsat/Hash/hash_uns_03_09.smt::both::1
QF_UFLIA/mathsat/Hash/hash_uns_03_10.smt::both::1
QF_UFLIA/mathsat/Hash/hash_uns_03_11.smt::both::1
QF_UFLIA/mathsat/Wisa/xs-12-19-1-4-1-2.smt::both::1
QF_UFLIA/mathsat/Hash/hash_uns_03_13.smt::both::1
QF_UFLIA/mathsat/Wisa/xs-06-10-1-4-2-5.smt::both::1
QF_UFLIA/mathsat/Wisa/xs-19-13-2-1-3-1.smt::both::1
QF_UFLIA/mathsat/Wisa/xs-08-07-3-2-3-1.smt::both::1
QF_UFLIA/mathsat/Hash/hash_uns_03_17.smt::both::1
QF_UFLIA/mathsat/Hash/hash_uns_03_18.smt::both::1
QF_UFLIA/mathsat/Wisa/xs-11-06-4-4-5-5.smt::both::1
QF_UFLIA/mathsat/Wisa/xs-14-05-1-4-4-5.smt::both::1
QF_UFLIA/mathsat/Hash/hash_uns_04_03.smt::both::1
QF_UFLIA/wisas/xs_40_40.smt::both::1
QF_UFLIA/mathsat/Wisa/xs-13-06-1-1-2-4.smt::both::1
QF_UFLIA/wisas/xs_20_40.smt::both::5
QF_UFLIA/wisas/xs_25_45.smt::both::60
Unknown Files:
