Time for file bignum_lia1.smt is 0.0690979957581
Time for file bignum_lia2.smt is 0.0161271095276
Time for file hard10.smt is 0.0223698616028
Time for file hard11.smt is 0.0795750617981
Time for file hard12.smt is 0.0778429508209
Time for file hard13.smt is 0.00830698013306
Time for file hard14.smt is 0.0252509117126
Time for file hard15.smt is 0.18660902977
Time for file hard16.smt is 0.0245060920715
Time for file hard17.smt is 0.0583379268646
Time for file hard18.smt is 0.0881609916687
Time for file hard19.smt is 0.0265798568726
Time for file hard20.smt is 0.170181035995
Time for file hard4.smt is 0.214224100113
Time for file hard5.smt is 0.0486481189728
Time for file hard6.smt is 0.0247898101807
Time for file hard7.smt is 0.0245499610901
Time for file hard8.smt is 0.0381121635437
Time for file hard9.smt is 0.185683965683
Time for file medium10.smt is 0.0370099544525
Time for file medium11.smt is 0.0161471366882
Time for file medium12.smt is 0.060446023941
Time for file medium13.smt is 0.0840418338776
Time for file medium14.smt is 0.119518995285
Time for file medium15.smt is 0.0263209342957
Time for file medium16.smt is 0.0317959785461
Time for file medium17.smt is 0.0457148551941
Time for file medium18.smt is 0.102181196213
Time for file medium19.smt is 0.0617260932922
Time for file medium20.smt is 0.064621925354
Time for file medium5.smt is 0.0236620903015
Time for file medium6.smt is 0.0283319950104
Time for file medium7.smt is 0.0205240249634
Time for file medium8.smt is 0.0466411113739
Time for file medium9.smt is 0.0440559387207
Time for file hash_sat_03_03.smt is 0.0391809940338
Time for file hash_sat_03_04.smt is 0.00768899917603
Time for file hash_sat_03_05.smt is 0.0557200908661
Time for file hash_sat_03_06.smt is 0.00781607627869
Time for file hash_sat_03_07.smt is 0.0410759449005
Time for file hash_sat_03_08.smt is 0.0264449119568
Time for file hash_sat_03_09.smt is 0.0903558731079
Time for file hash_sat_03_10.smt is 0.0875151157379
Time for file hash_sat_03_11.smt is 0.0436677932739
Time for file hash_sat_03_12.smt is 0.12008690834
Time for file hash_sat_03_13.smt is 0.0832879543304
Time for file hash_sat_03_14.smt is 0.0968399047852
Time for file hash_sat_03_15.smt is 0.0620529651642
Time for file hash_sat_03_16.smt is 0.130692005157
Time for file hash_sat_03_17.smt is 0.0611279010773
Time for file hash_sat_03_18.smt is 0.0942480564117
Time for file hash_sat_03_19.smt is 0.0253629684448
Time for file hash_sat_03_20.smt is 0.0896909236908
Time for file hash_sat_04_03.smt is 0.0265500545502
Time for file hash_sat_04_04.smt is 0.0419669151306
Time for file hash_sat_04_05.smt is 0.0529990196228
Time for file hash_sat_04_06.smt is 0.226431131363
Time for file hash_sat_04_07.smt is 0.0818810462952
Time for file hash_sat_04_08.smt is 0.0541470050812
Time for file hash_sat_04_09.smt is 0.0266618728638
Time for file hash_sat_04_10.smt is 0.0786402225494
Time for file hash_sat_04_11.smt is 0.0734529495239
Time for file hash_sat_04_12.smt is 0.0484628677368
Time for file hash_sat_04_13.smt is 0.161312103271
Time for file hash_sat_04_14.smt is 0.0982420444489
Time for file hash_sat_04_15.smt is 0.111517906189
Time for file hash_sat_04_16.smt is 0.120383024216
Time for file hash_sat_04_17.smt is 0.0134618282318
Time for file hash_sat_04_18.smt is 0.0382418632507
Time for file hash_sat_04_19.smt is 0.0474619865417
Time for file hash_sat_04_20.smt is 0.134164094925
Time for file hash_sat_05_03.smt is 0.0272660255432
Time for file hash_sat_05_04.smt is 0.134510993958
Time for file hash_sat_05_05.smt is 0.056450843811
Time for file hash_sat_05_06.smt is 0.0541501045227
Time for file hash_sat_05_07.smt is 0.0185160636902
Time for file hash_sat_05_08.smt is 0.0536642074585
Time for file hash_sat_05_09.smt is 0.0649650096893
Time for file hash_sat_05_10.smt is 0.10702586174
Time for file hash_sat_05_11.smt is 0.0453629493713
Time for file hash_sat_05_12.smt is 0.0557539463043
Time for file hash_sat_05_13.smt is 0.0364999771118
Time for file hash_sat_05_14.smt is 0.0706181526184
Time for file hash_sat_05_15.smt is 0.00590801239014
Time for file hash_sat_05_16.smt is 0.0158720016479
Time for file hash_sat_05_17.smt is 0.00611805915833
Time for file hash_sat_05_18.smt is 0.00944209098816
Time for file hash_sat_05_19.smt is 0.0227110385895
Time for file hash_sat_05_20.smt is 0.0349788665771
Time for file hash_sat_06_03.smt is 0.231492996216
Time for file hash_sat_06_04.smt is 0.0206091403961
Time for file hash_sat_06_05.smt is 0.127024173737
Time for file hash_sat_06_06.smt is 0.144993066788
Time for file hash_sat_06_07.smt is 0.0485599040985
Time for file hash_sat_06_08.smt is 0.165313959122
Time for file hash_sat_06_09.smt is 0.0539970397949
Time for file hash_sat_06_10.smt is 0.213865041733
Time for file hash_sat_06_11.smt is 0.0693769454956
Time for file hash_sat_06_12.smt is 0.0791680812836
Time for file hash_sat_06_13.smt is 0.0306169986725
Time for file hash_sat_06_14.smt is 0.0350680351257
Time for file hash_sat_06_15.smt is 0.017235994339
Time for file hash_sat_06_16.smt is 0.0193870067596
Time for file hash_sat_06_17.smt is 0.151593923569
Time for file hash_sat_06_18.smt is 0.140079021454
Time for file hash_sat_06_19.smt is 0.0711719989777
Time for file hash_sat_06_20.smt is 0.0516321659088
Time for file hash_sat_07_03.smt is 0.160418987274
Time for file hash_sat_07_04.smt is 0.0402119159698
Time for file hash_sat_07_05.smt is 0.048985004425
Time for file hash_sat_07_06.smt is 0.0205919742584
Time for file hash_sat_07_07.smt is 0.0890350341797
Time for file hash_sat_07_08.smt is 0.069699048996
Time for file hash_sat_07_09.smt is 0.0873460769653
Time for file hash_sat_07_10.smt is 0.0968399047852
Time for file hash_sat_07_11.smt is 0.0355479717255
Time for file hash_sat_07_12.smt is 0.028815984726
Time for file hash_sat_07_13.smt is 0.124464035034
Time for file hash_sat_07_14.smt is 0.0180971622467
Time for file hash_sat_07_15.smt is 0.115794897079
Time for file hash_sat_07_16.smt is 0.281272888184
Time for file hash_sat_07_17.smt is 0.0682199001312
Time for file hash_sat_07_18.smt is 0.10261797905
Time for file hash_sat_07_19.smt is 0.0505440235138
Time for file hash_sat_07_20.smt is 0.0762648582458
Time for file hash_sat_08_03.smt is 0.0156240463257
Time for file hash_sat_08_04.smt is 0.0260000228882
Time for file hash_sat_08_05.smt is 0.0449368953705
Time for file hash_sat_08_06.smt is 0.0767729282379
Time for file hash_sat_08_07.smt is 0.106916189194
Time for file hash_sat_08_08.smt is 0.0199840068817
Time for file hash_sat_08_09.smt is 0.0531060695648
Time for file hash_sat_08_10.smt is 0.160695075989
Time for file hash_sat_08_11.smt is 0.1740629673
Time for file hash_sat_08_12.smt is 0.340240955353
Time for file hash_sat_08_13.smt is 0.0765149593353
Time for file hash_sat_08_14.smt is 0.0312418937683
Time for file hash_sat_08_15.smt is 0.0162868499756
Time for file hash_sat_08_16.smt is 0.0342378616333
Time for file hash_sat_08_17.smt is 0.0797579288483
Time for file hash_sat_08_18.smt is 0.260371923447
Time for file hash_sat_08_19.smt is 0.0555620193481
Time for file hash_sat_08_20.smt is 0.223106861115
Time for file hash_sat_09_03.smt is 0.105026006699
Time for file hash_sat_09_04.smt is 0.013787984848
Time for file hash_sat_09_05.smt is 0.0166380405426
Time for file hash_sat_09_06.smt is 0.00674700737
Time for file hash_sat_09_07.smt is 0.0230579376221
Time for file hash_sat_09_08.smt is 0.0256328582764
Time for file hash_sat_09_09.smt is 0.0192809104919
Time for file hash_sat_09_10.smt is 0.148221969604
Time for file hash_sat_09_11.smt is 0.316112041473
Time for file hash_sat_09_12.smt is 0.0338611602783
Time for file hash_sat_09_13.smt is 0.0869779586792
Time for file hash_sat_09_14.smt is 0.130465984344
Time for file hash_sat_09_15.smt is 0.03995013237
Time for file hash_sat_09_16.smt is 0.151808977127
Time for file hash_sat_09_17.smt is 0.0605509281158
Time for file hash_sat_09_18.smt is 0.304128170013
Time for file hash_sat_09_19.smt is 0.348458051682
Time for file hash_sat_09_20.smt is 0.0812981128693
Time for file hash_sat_10_03.smt is 0.0775229930878
Time for file hash_sat_10_04.smt is 0.109326124191
Time for file hash_sat_10_05.smt is 0.126085042953
Time for file hash_sat_10_06.smt is 0.0907869338989
Time for file hash_sat_10_07.smt is 0.119812011719
Time for file hash_sat_10_08.smt is 0.220999002457
Time for file hash_sat_10_09.smt is 0.0897920131683
Time for file hash_sat_10_10.smt is 0.152959108353
Time for file hash_sat_10_11.smt is 0.51097202301
Time for file hash_sat_10_12.smt is 0.0932018756866
Time for file hash_sat_10_13.smt is 0.0248489379883
Time for file hash_sat_10_14.smt is 0.428422927856
Time for file hash_sat_10_15.smt is 0.126236915588
Time for file hash_sat_10_16.smt is 0.233125925064
Time for file hash_sat_10_17.smt is 0.461302995682
Time for file hash_sat_10_18.smt is 0.182575941086
Time for file hash_sat_10_19.smt is 0.27600979805
Time for file hash_sat_10_20.smt is 0.396249055862
Time for file hash_uns_03_03.smt is 0.0240931510925
Time for file hash_uns_03_04.smt is 0.0210018157959
Time for file hash_uns_03_05.smt is 0.056872844696
Time for file hash_uns_03_06.smt is 0.0378680229187
Time for file hash_uns_03_07.smt is 0.174024105072
Time for file hash_uns_03_08.smt is 0.0879909992218
Time for file hash_uns_03_09.smt is 0.192806959152
Time for file hash_uns_03_10.smt is 0.1489610672
Time for file hash_uns_03_11.smt is 0.113135814667
Time for file hash_uns_03_12.smt is 0.0281040668488
Time for file hash_uns_03_13.smt is 0.123594045639
Time for file hash_uns_03_14.smt is 0.0410540103912
Time for file hash_uns_03_15.smt is 0.138608932495
Time for file hash_uns_03_16.smt is 0.127502918243
Time for file hash_uns_03_17.smt is 0.0211560726166
Time for file hash_uns_03_18.smt is 0.0191550254822
Time for file hash_uns_03_19.smt is 0.0157089233398
Time for file hash_uns_03_20.smt is 0.13136100769
Time for file hash_uns_04_03.smt is 0.0485382080078
Time for file hash_uns_04_04.smt is 0.10445189476
Time for file hash_uns_04_05.smt is 0.145193099976
Time for file hash_uns_04_06.smt is 0.0229330062866
Time for file hash_uns_04_07.smt is 0.0801858901978
Time for file hash_uns_04_08.smt is 0.14425611496
Time for file hash_uns_04_09.smt is 0.00548005104065
Time for file hash_uns_04_10.smt is 0.0225059986115
Time for file hash_uns_04_11.smt is 0.0056209564209
Time for file hash_uns_04_12.smt is 0.00548100471497
Time for file hash_uns_04_13.smt is 0.0646350383759
Time for file hash_uns_04_14.smt is 0.107468128204
Time for file hash_uns_04_15.smt is 0.0715379714966
Time for file hash_uns_04_16.smt is 0.0190110206604
Time for file hash_uns_04_17.smt is 0.00548720359802
Time for file hash_uns_04_18.smt is 0.0568580627441
Time for file hash_uns_04_19.smt is 0.0369091033936
Time for file hash_uns_04_20.smt is 0.0202829837799
Time for file hash_uns_05_03.smt is 0.00515103340149
Time for file hash_uns_05_04.smt is 0.0052809715271
Time for file hash_uns_05_05.smt is 0.0158128738403
Time for file hash_uns_05_06.smt is 0.0142080783844
Time for file hash_uns_05_07.smt is 0.00549101829529
Time for file hash_uns_05_08.smt is 0.0174291133881
Time for file hash_uns_05_09.smt is 0.107543945312
Time for file hash_uns_05_10.smt is 0.0634398460388
Time for file hash_uns_05_11.smt is 0.0483729839325
Time for file hash_uns_05_12.smt is 0.00569486618042
Time for file hash_uns_05_13.smt is 0.064120054245
Time for file hash_uns_05_14.smt is 0.0324161052704
Time for file hash_uns_05_15.smt is 0.0811560153961
Time for file hash_uns_05_16.smt is 0.182184934616
Time for file hash_uns_05_17.smt is 0.0242338180542
Time for file hash_uns_05_18.smt is 0.0566730499268
Time for file hash_uns_05_19.smt is 0.0890049934387
Time for file hash_uns_05_20.smt is 0.0562398433685
Time for file xs-05-06-2-2-5-1.smt is 0.0504109859467
Time for file xs-05-07-4-5-1-2.smt is 0.00505900382996
Time for file xs-05-08-4-2-5-4.smt is 0.0407218933105
Time for file xs-05-09-5-1-2-5.smt is 0.0564239025116
Time for file xs-05-11-2-5-3-2.smt is 0.0330448150635
Time for file xs-05-12-1-4-2-1.smt is 0.0209331512451
Time for file xs-05-13-2-4-5-3.smt is 0.190882921219
Time for file xs-05-14-4-3-1-1.smt is 0.13035607338
Time for file xs-05-16-1-5-4-3.smt is 0.0321400165558
Time for file xs-05-17-1-5-1-5.smt is 0.0144929885864
Time for file xs-05-18-1-3-1-3.smt is 0.0292649269104
Time for file xs-05-19-1-4-2-1.smt is 0.0158109664917
Time for file xs-05-20-5-1-4-2.smt is 0.0217859745026
Time for file xs-06-05-5-2-5-5.smt is 0.123813867569
Time for file xs-06-07-4-5-4-2.smt is 0.0848271846771
Time for file xs-06-08-5-1-5-3.smt is 0.0337600708008
Time for file xs-06-09-3-5-5-3.smt is 0.115953207016
Time for file xs-06-10-1-4-2-5.smt is 0.00527620315552
Time for file xs-06-12-5-4-2-5.smt is 0.0150289535522
Time for file xs-06-13-5-3-5-5.smt is 0.153356075287
Time for file xs-06-14-3-1-5-2.smt is 0.190413951874
Time for file xs-06-15-4-1-4-1.smt is 0.0887818336487
Time for file xs-06-17-2-2-4-1.smt is 0.0314421653748
Time for file xs-06-18-1-2-1-5.smt is 0.00557088851929
Time for file xs-06-19-3-3-4-4.smt is 0.00513792037964
Time for file xs-06-20-5-1-5-1.smt is 0.00525093078613
Time for file xs-07-05-5-2-3-5.smt is 0.00504302978516
Time for file xs-07-06-4-1-5-3.smt is 0.090096950531
Time for file xs-07-08-4-4-4-2.smt is 0.00527000427246
Time for file xs-07-09-3-4-4-3.smt is 0.00545406341553
Time for file xs-07-10-2-4-5-3.smt is 0.00523090362549
Time for file xs-07-11-1-1-1-1.smt is 0.00530099868774
Time for file xs-07-13-5-3-2-1.smt is 0.00521492958069
Time for file xs-07-14-1-1-1-1.smt is 0.0261490345001
Time for file xs-07-15-4-4-1-5.smt is 0.0699942111969
Time for file xs-07-16-2-4-3-5.smt is 0.00505995750427
Time for file xs-07-18-1-1-4-1.smt is 0.015331029892
Time for file xs-07-19-5-3-2-5.smt is 0.0103709697723
Time for file xs-07-20-2-5-1-4.smt is 0.105585098267
Time for file xs-08-05-1-5-4-2.smt is 0.0143868923187
Time for file xs-08-06-4-5-4-1.smt is 0.00515508651733
Time for file xs-08-07-3-2-3-1.smt is 0.106952905655
Time for file xs-08-09-4-5-5-4.smt is 0.0140581130981
Time for file xs-08-10-5-2-5-3.smt is 0.0243151187897
Time for file xs-08-11-4-3-2-2.smt is 0.0454850196838
Time for file xs-08-12-3-1-3-4.smt is 0.0689640045166
Time for file xs-08-14-2-3-3-5.smt is 0.0134649276733
Time for file xs-08-15-4-2-1-4.smt is 0.0101978778839
Time for file xs-08-16-4-4-5-1.smt is 0.0451989173889
Time for file xs-08-17-4-1-2-2.smt is 0.0201449394226
Time for file xs-08-19-2-2-3-1.smt is 0.0435571670532
Time for file xs-08-20-3-2-4-5.smt is 0.0660490989685
Time for file xs-09-05-2-4-4-5.smt is 0.00636100769043
Time for file xs-09-06-1-5-3-2.smt is 0.0942749977112
Time for file xs-09-07-1-3-3-2.smt is 0.0648901462555
Time for file xs-09-08-1-1-5-3.smt is 0.0774881839752
Time for file xs-09-10-5-1-5-2.smt is 0.00532007217407
Time for file xs-09-11-2-4-1-5.smt is 0.0149278640747
Time for file xs-09-12-5-2-1-5.smt is 0.00568389892578
Time for file xs-09-13-2-3-1-3.smt is 0.0343549251556
Time for file xs-09-15-5-3-2-3.smt is 0.00602388381958
Time for file xs-09-16-3-4-1-5.smt is 0.0588080883026
Time for file xs-09-17-2-1-4-1.smt is 0.0594120025635
Time for file xs-09-18-1-3-4-5.smt is 0.00523400306702
Time for file xs-09-20-5-5-1-5.smt is 0.0409848690033
Time for file xs-10-05-5-2-1-5.smt is 0.0206480026245
Time for file xs-10-06-1-1-5-2.smt is 0.0145001411438
Time for file xs-10-07-4-1-1-5.smt is 0.00993800163269
Time for file xs-10-08-2-2-4-5.smt is 0.0057680606842
Time for file xs-10-09-1-4-4-1.smt is 0.0148589611053
Time for file xs-10-11-1-3-5-5.smt is 0.0180640220642
Time for file xs-10-12-4-1-1-4.smt is 0.0130920410156
Time for file xs-10-13-5-5-4-5.smt is 0.024749994278
Time for file xs-10-14-2-1-4-4.smt is 0.00530409812927
Time for file xs-10-16-3-5-2-4.smt is 0.00501799583435
Time for file xs-10-17-5-2-2-5.smt is 0.00533699989319
Time for file xs-10-18-2-2-5-3.smt is 0.0175611972809
Time for file xs-10-19-3-4-2-4.smt is 0.00524997711182
Time for file xs-11-05-3-1-5-3.smt is 0.0781390666962
Time for file xs-11-06-4-4-5-5.smt is 0.0199358463287
Time for file xs-11-07-3-4-2-3.smt is 0.0739359855652
Time for file xs-11-08-3-4-3-5.smt is 0.063353061676
Time for file xs-11-09-1-2-1-3.smt is 0.00532221794128
Time for file xs-11-10-2-5-3-2.smt is 0.0534360408783
Time for file xs-11-12-5-4-4-2.smt is 0.00754618644714
Time for file xs-11-13-4-4-5-2.smt is 0.00548005104065
Time for file xs-11-14-5-3-1-2.smt is 0.0754361152649
Time for file xs-11-15-4-4-5-5.smt is 0.00579285621643
Time for file xs-11-17-5-2-4-4.smt is 0.0057258605957
Time for file xs-11-18-3-3-4-1.smt is 0.00542688369751
Time for file xs-11-19-4-5-1-1.smt is 0.00530004501343
Time for file xs-11-20-5-2-5-3.smt is 0.0453958511353
Time for file xs-12-05-3-3-5-4.smt is 0.0484118461609
Time for file xs-12-06-3-4-5-1.smt is 0.0383429527283
Time for file xs-12-07-3-4-1-2.smt is 0.0705840587616
Time for file xs-12-08-5-2-5-3.smt is 0.0262658596039
Time for file xs-12-09-5-5-2-4.smt is 0.0144829750061
Time for file xs-12-10-4-4-3-1.smt is 0.0133759975433
Time for file xs-12-11-1-4-4-3.smt is 0.0238320827484
Time for file xs-12-13-3-4-2-3.smt is 0.0206000804901
Time for file xs-12-14-3-5-4-4.smt is 0.00578904151917
Time for file xs-12-15-3-2-1-5.smt is 0.0545310974121
Time for file xs-12-16-5-2-2-3.smt is 0.0533130168915
Time for file xs-12-18-1-3-1-2.smt is 0.00562405586243
Time for file xs-12-19-1-4-1-2.smt is 0.122534036636
Time for file xs-12-20-1-1-5-2.smt is 0.0055890083313
Time for file xs-13-05-5-4-1-5.smt is 0.0413410663605
Time for file xs-13-06-1-1-2-4.smt is 0.0162949562073
Time for file xs-13-07-1-5-2-3.smt is 0.0912160873413
Time for file xs-13-08-3-2-1-3.smt is 0.0103380680084
Time for file xs-13-09-3-2-3-2.smt is 0.0963110923767
Time for file xs-13-10-4-3-1-3.smt is 0.0515651702881
Time for file xs-13-11-5-3-5-3.smt is 0.0102429389954
Time for file xs-13-12-5-3-4-4.smt is 0.0329728126526
Time for file xs-13-14-4-5-4-2.smt is 0.0338439941406
Time for file xs-13-15-5-3-4-1.smt is 0.0276861190796
Time for file xs-13-16-3-1-4-1.smt is 0.0422630310059
Time for file xs-13-17-4-2-1-5.smt is 0.0478339195251
Time for file xs-13-19-4-5-5-5.smt is 0.025698184967
Time for file xs-13-20-2-2-4-4.smt is 0.019268989563
Time for file xs-14-05-1-4-4-5.smt is 0.00533699989319
Time for file xs-14-06-4-4-1-2.smt is 0.158137083054
Time for file xs-14-07-1-4-1-3.smt is 0.0555288791656
Time for file xs-14-08-5-1-1-4.smt is 0.0181090831757
Time for file xs-14-09-3-3-4-4.smt is 0.116222858429
Time for file xs-14-10-3-4-2-2.smt is 0.116952896118
Time for file xs-14-11-4-2-2-1.smt is 0.0779159069061
Time for file xs-14-12-4-4-1-3.smt is 0.0671060085297
Time for file xs-14-13-4-2-1-3.smt is 0.172006130219
Time for file xs-14-15-1-1-3-3.smt is 0.10369181633
Time for file xs-14-16-4-1-1-5.smt is 0.0108251571655
Time for file xs-14-17-5-4-3-1.smt is 0.0134069919586
Time for file xs-14-18-5-5-3-2.smt is 0.0217258930206
Time for file xs-14-20-3-5-3-5.smt is 0.108417987823
Time for file xs-15-05-2-1-2-3.smt is 0.0272610187531
Time for file xs-15-06-3-5-4-4.smt is 0.103712797165
Time for file xs-15-07-3-1-5-5.smt is 0.120374917984
Time for file xs-15-08-4-5-4-1.smt is 0.00918412208557
Time for file xs-15-09-3-5-5-3.smt is 0.0120179653168
Time for file xs-15-10-1-3-5-1.smt is 0.00828385353088
Time for file xs-15-11-5-2-2-2.smt is 0.0836420059204
Time for file xs-15-12-2-2-3-4.smt is 0.160126924515
Time for file xs-15-13-4-5-2-4.smt is 0.139629840851
Time for file xs-15-14-5-5-5-1.smt is 0.0307161808014
Time for file xs-15-16-2-4-2-5.smt is 0.0170040130615
Time for file xs-15-17-2-1-1-4.smt is 0.0101749897003
Time for file xs-15-18-4-1-3-5.smt is 0.00968718528748
Time for file xs-15-19-3-1-4-1.smt is 0.0111441612244
Time for file xs-16-05-5-3-1-1.smt is 0.00894784927368
Time for file xs-16-06-4-1-3-5.smt is 0.229096889496
Time for file xs-16-07-1-1-4-2.smt is 0.0719509124756
Time for file xs-16-08-1-4-4-5.smt is 0.038341999054
Time for file xs-16-09-4-2-1-5.smt is 0.0899431705475
Time for file xs-16-10-4-3-1-3.smt is 0.00584411621094
Time for file xs-16-11-2-1-5-2.smt is 0.00565004348755
Time for file xs-16-12-2-5-3-4.smt is 0.205123901367
Time for file xs-16-13-4-1-4-5.smt is 0.0716710090637
Time for file xs-16-14-2-4-1-4.smt is 0.0083749294281
Time for file xs-16-15-2-3-4-4.smt is 0.0245399475098
Time for file xs-16-17-5-5-3-5.smt is 0.0149490833282
Time for file xs-16-18-1-4-4-3.smt is 0.0467031002045
Time for file xs-16-19-3-4-4-1.smt is 0.124495983124
Time for file xs-16-20-5-1-4-4.smt is 0.119655132294
Time for file xs-17-05-2-1-1-2.smt is 0.0697319507599
Time for file xs-17-06-5-5-4-1.smt is 0.0440390110016
Time for file xs-17-07-3-4-4-3.smt is 0.0889918804169
Time for file xs-17-08-5-3-2-5.smt is 0.0447261333466
Time for file xs-17-09-4-3-5-5.smt is 0.0885000228882
Time for file xs-17-10-5-3-2-1.smt is 0.0272531509399
Time for file xs-17-11-3-3-4-5.smt is 0.0679180622101
Time for file xs-17-12-3-4-4-1.smt is 0.031457901001
Time for file xs-17-13-4-4-2-1.smt is 0.0174129009247
Time for file xs-17-14-2-4-3-1.smt is 0.00689697265625
Time for file xs-17-15-2-2-2-4.smt is 0.100069046021
Time for file xs-17-16-4-4-1-4.smt is 0.035915851593
Time for file xs-17-18-4-2-3-1.smt is 0.0603518486023
Time for file xs-17-19-3-3-3-4.smt is 0.00750803947449
Time for file xs-17-20-5-1-5-4.smt is 0.111614942551
Time for file xs-18-05-5-4-4-2.smt is 0.0338480472565
Time for file xs-18-06-4-2-1-1.smt is 0.110587120056
Time for file xs-18-07-1-2-1-1.smt is 0.108741998672
Time for file xs-18-08-4-5-2-5.smt is 0.180119991302
Time for file xs-18-09-1-5-4-4.smt is 0.0255608558655
Time for file xs-18-10-4-5-2-3.smt is 0.153260946274
Time for file xs-18-11-5-3-1-1.smt is 0.0712749958038
Time for file xs-18-12-3-4-4-3.smt is 0.050852060318
Time for file xs-18-13-5-4-1-2.smt is 0.0239679813385
Time for file xs-18-14-3-5-2-3.smt is 0.0150420665741
Time for file xs-18-15-4-1-3-1.smt is 0.0272030830383
Time for file xs-18-16-2-2-1-4.smt is 0.107553958893
Time for file xs-18-17-4-5-2-4.smt is 0.069837808609
Time for file xs-18-19-4-1-1-5.smt is 0.00992584228516
Time for file xs-18-20-1-4-2-1.smt is 0.129943132401
Time for file xs-19-05-2-5-4-2.smt is 0.0197072029114
Time for file xs-19-06-4-3-2-1.smt is 0.136066913605
Time for file xs-19-07-4-2-4-4.smt is 0.0358040332794
Time for file xs-19-08-4-1-1-1.smt is 0.018091917038
Time for file xs-19-09-4-2-3-5.smt is 0.0627570152283
Time for file xs-19-10-3-5-2-5.smt is 0.00896692276001
Time for file xs-19-11-4-4-1-3.smt is 0.0280861854553
Time for file xs-19-12-4-2-4-5.smt is 0.00733399391174
Time for file xs-19-13-2-1-3-1.smt is 0.214686155319
Time for file xs-19-14-3-3-5-3.smt is 0.0295457839966
Time for file xs-19-15-3-1-3-4.smt is 0.0372669696808
Time for file xs-19-16-4-4-1-4.smt is 0.0100250244141
Time for file xs-19-17-2-2-5-1.smt is 0.0324928760529
Time for file xs-19-18-2-2-2-5.smt is 0.0183742046356
Time for file xs-19-20-1-1-2-2.smt is 0.0143089294434
Time for file xs-20-05-5-5-1-3.smt is 0.00914096832275
Time for file xs-20-06-2-3-1-3.smt is 0.0072820186615
Time for file xs-20-07-5-1-2-1.smt is 0.0286149978638
Time for file xs-20-08-5-3-1-5.smt is 0.147819042206
Time for file xs-20-09-1-5-4-2.smt is 0.0793721675873
Time for file xs-20-10-5-5-5-4.smt is 0.0290720462799
Time for file xs-20-11-5-1-3-4.smt is 0.04771900177
Time for file xs-20-12-3-1-5-2.smt is 0.0141041278839
Time for file xs-20-13-2-5-2-3.smt is 0.0142428874969
Time for file xs-20-14-2-3-3-3.smt is 0.0756230354309
Time for file xs-20-15-2-2-4-2.smt is 0.00755190849304
Time for file xs-20-16-4-4-4-1.smt is 0.00663805007935
Time for file xs-20-17-5-4-5-4.smt is 0.0336759090424
Time for file xs-20-18-3-4-5-4.smt is 0.0995590686798
Time for file xs-20-19-2-2-2-5.smt is 0.069363117218
Time for file xs_10_10.smt is 0.0407810211182
Time for file xs_10_15.smt is 0.0909631252289
Time for file xs_10_20.smt is 0.00997304916382
Time for file xs_11_11.smt is 0.0293748378754
Time for file xs_11_16.smt is 0.0728058815002
Time for file xs_11_21.smt is 0.0662410259247
Time for file xs_12_12.smt is 0.0564138889313
Time for file xs_12_17.smt is 0.13349199295
Time for file xs_12_22.smt is 0.105777978897
Time for file xs_13_13.smt is 0.0097758769989
Time for file xs_13_18.smt is 0.0163099765778
Time for file xs_13_23.smt is 0.00998020172119
Time for file xs_14_14.smt is 0.133482933044
Time for file xs_14_19.smt is 0.107049942017
Time for file xs_14_24.smt is 0.142144918442
Time for file xs_15_15.smt is 0.100697994232
Time for file xs_15_20.smt is 0.0756039619446
Time for file xs_15_25.smt is 0.0389561653137
Time for file xs_16_16.smt is 0.0772070884705
Time for file xs_16_26.smt is 0.175303220749
Time for file xs_16_36.smt is 0.048593044281
Time for file xs_17_17.smt is 0.0357449054718
Time for file xs_17_27.smt is 0.0888500213623
Time for file xs_17_37.smt is 0.150710105896
Time for file xs_18_18.smt is 0.013160943985
Time for file xs_18_28.smt is 0.00705409049988
Time for file xs_18_38.smt is 0.0189340114594
Time for file xs_19_19.smt is 0.101305007935
Time for file xs_19_29.smt is 0.134073019028
Time for file xs_19_39.smt is 0.106767892838
Time for file xs_20_20.smt is 0.0221230983734
Time for file xs_20_30.smt is 0.12614607811
Time for file xs_20_40.smt is 0.0930409431458
Time for file xs_21_21.smt is 0.0302138328552
Time for file xs_21_31.smt is 0.149865865707
Time for file xs_21_41.smt is 0.099769115448
Time for file xs_22_22.smt is 0.097757101059
Time for file xs_22_32.smt is 0.247730970383
Time for file xs_22_42.smt is 0.0982048511505
Time for file xs_23_23.smt is 0.264115095139
Time for file xs_23_33.smt is 0.150912046432
Time for file xs_23_43.smt is 0.0439660549164
Time for file xs_24_24.smt is 0.0385739803314
Time for file xs_24_34.smt is 0.289798021317
Time for file xs_24_44.smt is 0.131191015244
Time for file xs_25_25.smt is 0.195904970169
Time for file xs_25_35.smt is 0.182133197784
Time for file xs_25_45.smt is 0.234694957733
Time for file xs_26_26.smt is 0.134640932083
Time for file xs_26_36.smt is 0.056324005127
Time for file xs_26_46.smt is 0.274900913239
Time for file xs_27_27.smt is 0.186145067215
Time for file xs_27_37.smt is 0.388571977615
Time for file xs_27_47.smt is 0.258985996246
Time for file xs_28_28.smt is 0.0780279636383
Time for file xs_28_38.smt is 0.0900011062622
Time for file xs_28_48.smt is 0.124926805496
Time for file xs_29_29.smt is 0.329129934311
Time for file xs_29_39.smt is 0.264750003815
Time for file xs_29_49.smt is 0.101312875748
Time for file xs_30_30.smt is 0.0682389736176
Time for file xs_30_40.smt is 0.518713951111
Time for file xs_30_50.smt is 0.0512750148773
Time for file xs_31_31.smt is 0.302196025848
Time for file xs_31_41.smt is 0.445611953735
Time for file xs_31_51.smt is 0.151575088501
Time for file xs_32_32.smt is 0.0580348968506
Time for file xs_32_42.smt is 0.0452799797058
Time for file xs_32_52.smt is 0.242902994156
Time for file xs_33_33.smt is 0.284873008728
Time for file xs_33_43.smt is 0.00947999954224
Time for file xs_33_53.smt is 0.366697072983
Time for file xs_34_34.smt is 0.274688005447
Time for file xs_34_44.smt is 0.117743968964
Time for file xs_34_54.smt is 0.224606990814
Time for file xs_35_35.smt is 0.165404081345
Time for file xs_35_45.smt is 0.0123498439789
Time for file xs_35_55.smt is 0.0190560817719
Time for file xs_36_36.smt is 0.202980041504
Time for file xs_36_46.smt is 0.00982785224915
Time for file xs_36_56.smt is 0.190767049789
Time for file xs_37_37.smt is 0.274345159531
Time for file xs_37_47.smt is 0.14525604248
Time for file xs_37_57.smt is 0.122540950775
Time for file xs_38_38.smt is 0.174529075623
Time for file xs_38_48.smt is 0.293057918549
Time for file xs_38_58.smt is 0.0455839633942
Time for file xs_39_39.smt is 0.156267881393
Time for file xs_39_49.smt is 0.377034902573
Time for file xs_39_59.smt is 0.298289060593
Time for file xs_40_40.smt is 0.143161058426
Time for file xs_40_50.smt is 0.261435985565
Time for file xs_40_60.smt is 0.226120948792
Time for file xs_5_10.smt is 0.0605499744415
Time for file xs_5_15.smt is 0.0384299755096
Time for file xs_5_5.smt is 0.0185210704803
Time for file xs_6_11.smt is 0.00599694252014
Time for file xs_6_16.smt is 0.0182421207428
Time for file xs_6_6.smt is 0.0170431137085
Time for file xs_7_12.smt is 0.0608801841736
Time for file xs_7_17.smt is 0.019476890564
Time for file xs_7_7.smt is 0.0155069828033
Time for file xs_8_13.smt is 0.0232000350952
Time for file xs_8_18.smt is 0.0891270637512
Time for file xs_8_8.smt is 0.0651409626007
Time for file xs_9_14.smt is 0.0245800018311
Time for file xs_9_19.smt is 0.05894780159
Time for file xs_9_9.smt is 0.0209510326385
Total Time for benchmark: 44.0976760387
