AUFLIA/boogie/SiblingConstructors_SiblingConstructors..ctor_System.Int32_System.Boolean.smt::z3::1
AUFLIA/simplify2/front_end_suite/javafe.ast.DefaultVisitor.026.smt::both::1
AUFLIA/tokeneer/screen/init-5.smt::both::1
AUFLIA/Burns/burns11.smt::both::1
AUFLIA/simplify2/front_end_suite/javafe.tc.FieldDeclVec.005.smt::both::1
AUFLIA/simplify/javafe.ast.GenericVarDecl.169.smt::both::1
AUFLIA/simplify/javafe.util.FilterCorrelatedReader.792.smt::both::1
AUFLIA/tokeneer/userentry/progress-2.smt::both::1
AUFLIA/simplify2/front_end_suite/javafe.ast.WhileStmt.003.smt::z3::1
AUFLIA/simplify/javafe.filespace.SlowQuery.499.smt::both::1
AUFLIA/simplify2/front_end_suite/javafe.tc.Types.029.smt::both::1
AUFLIA/tokeneer/screen/writeconfigdata-13.smt::both::1
AUFLIA/tokeneer/tokenreader/init-5.smt::both::1
AUFLIA/tokeneer/keystore/digest-39.smt::both::1
AUFLIA/tokeneer/tokenreader/init-25.smt::both::1
AUFLIA/simplify/javafe.ast.LexicalPragmaVec.220.smt::both::1
AUFLIA/tokeneer/configdata/writefile/workinghourstext-3.smt::both::1
AUFLIA/tokeneer/usertoken/addauthcert-21.smt::both::1
AUFLIA/tokeneer/enrolment/validate/validateandaddkey-7.smt::both::1
AUFLIA/tokeneer/admintoken/readandcheck/checkauthcert-6.smt::both::1
AUFLIA/simplify/javafe.ast.AmbiguousMethodInvocation.30.smt::both::1
AUFLIA/boogie/Spouse_Person..cctor.smt::both::1
AUFLIA/simplify2/front_end_suite/javafe.tc.TypeCheck.012.smt::z3::1
AUFLIA/simplify/javafe.genericfile.UnopenableFile.531.smt::both::1
AUFLIA/simplify2/front_end_suite/javafe.tc.EnvForCU.003.smt::both::1
AUFLIA/boogie/Bag8_Bag.SpecSharp.CheckInvariant_System.Boolean.smt::both::1
AUFLIA/simplify2/front_end_suite/javafe.util.FilterCorrelatedReader.009.smt::both::1
AUFLIA/simplify2/front_end_suite/javafe.ast.IdentifierVec.009.smt::z3::1
AUFLIA/simplify2/front_end_suite/javafe.ast.ConstructorInvocation.004.smt::both::1
AUFLIA/boogie/AddMethod_Bag.SpecSharp.CheckInvariant_System.Boolean.smt::both::1
AUFLIA/tokeneer/cert/themechanism-1.smt::both::1
AUFLIA/simplify2/front_end_suite/tohtml.Java2Html.034.smt::both::1
AUFLIA/simplify2/front_end_suite/javafe.ast.VisitorArgResult.015.smt::both::1
AUFLIA/tokeneer/keystore/digest-22.smt::both::1
AUFLIA/simplify2/front_end_suite/javafe.ast.DefaultVisitor.007.smt::both::1
AUFLIA/simplify2/front_end_suite/javafe.ast.PrettyPrint.019.smt::both::1
AUFLIA/simplify/javafe.tc.TypeSigVec.736.smt::both::1
AUFLIA/simplify2/front_end_suite/javafe.tc.TypeSigVec.006.smt::both::1
AUFLIA/simplify/javafe.Tool.22.smt::both::1
AUFLIA/simplify2/front_end_suite/javafe.ast.ClassLiteral.003.smt::both::1
AUFLIA/simplify2/front_end_suite/javafe.ast.ImportDeclVec.004.smt::both::1
AUFLIA/boogie/Chunker11c_Chunker..ctor_System.String_notnull_System.Int32.smt::z3::1
AUFLIA/tokeneer/userentry/validateusertoken-3.smt::both::1
AUFLIA/simplify2/front_end_suite/javafe.util.Set.009.smt::both::1
AUFLIA/boogie/AdditiveMethods_OwnedResults.Mz.smt::both::1
AUFLIA/tokeneer/tokenreader/getcertificate-12.smt::both::1
AUFLIA/boogie/DynamicTypes_DynamicTypes.M.smt::both::1
AUFLIA/simplify2/front_end_suite/javafe.ast.VisitorArgResult.073.smt::both::1
AUFLIA/simplify/javafe.ast.ImportDeclVec.186.smt::both::1
AUFLIA/boogie/StrictReadOnly_D.foo3_AlsoImpossibleSub_notnull.smt::z3::1
AUFLIA/simplify2/front_end_suite/javafe.parser.test.TestExpr.001.smt::both::1
AUFLIA/piVC/piVC_f8964d.smt::both::1
AUFLIA/boogie/Immutable_test3.B..ctor.smt::z3::1
AUFLIA/tokeneer/screen/writeconfigdata-15.smt::both::1
AUFLIA/boogie/Chunker_Chunker.NextChunk.smt::z3::1
AUFLIA/simplify2/front_end_suite/javafe.ast.IdentifierVec.018.smt::z3::1
AUFLIA/simplify2/front_end_suite/javafe.ast.ParenExpr.011.smt::both::1
AUFLIA/tokeneer/usertoken/addauthcert-19.smt::both::1
AUFLIA/simplify2/front_end_suite/javafe.ast.VarDeclStmt.009.smt::both::1
AUFLIA/simplify2/front_end_suite/javafe.ast.Visitor.015.smt::both::1
AUFLIA/simplify2/front_end_suite/javafe.tc.TypeCheck.013.smt::both::1
AUFLIA/simplify2/front_end_suite/javafe.ast.VisitorArgResult.023.smt::both::1
AUFLIA/tokeneer/auditlog/init-45.smt::both::1
AUFLIA/tokeneer/configdata/validatefile/readworkingend-1.smt::both::1
AUFLIA/simplify2/front_end_suite/javafe.ast.Visitor.012.smt::both::1
AUFLIA/tokeneer/enclave/completefailedenrolment-5.smt::both::1
AUFLIA/tokeneer/keystore/digest-109.smt::both::1
AUFLIA/boogie/Old_OldInCode0-noinfer.smt::both::1
AUFLIA/tokeneer/certificatestore/updatestore-1.smt::both::1
AUFLIA/tokeneer/auditlog/init-20.smt::both::1
AUFLIA/tokeneer/userentry/validatefinger-15.smt::both::1
AUFLIA/simplify/javafe.filespace.Resolve.487.smt::both::1
AUFLIA/boogie/Bag9_Bag.Add_System.Int32.smt::z3::1
AUFLIA/simplify2/front_end_suite/javafe.ast.DefaultVisitor.001.smt::both::1
AUFLIA/boogie/ExposeVersion_T.m-level_2.smt::z3::1
AUFLIA/simplify2/front_end_suite/javafe.tc.FlowInsensitiveChecks.002.smt::both::1
AUFLIA/simplify2/front_end_suite/javafe.CopyLoaded.013.smt::both::1
AUFLIA/tokeneer/auditlog/init/setfiledetails/getfiledetails-12.smt::both::1
AUFLIA/simplify2/front_end_suite/javafe.ast.FieldAccess.009.smt::z3::1
AUFLIA/simplify2/front_end_suite/javafe.ast.PrimitiveType.012.smt::both::1
AUFLIA/boogie/Quantifiers_X1-noinfer.smt::both::1
AUFLIA/simplify2/front_end_suite/javafe.ast.NewArrayExpr.007.smt::both::1
AUFLIA/simplify2/front_end_suite/javafe.test.CountFilesLoaded.006.smt::both::1
AUFLIA/simplify2/front_end_suite/javafe.ast.ExprVec.017.smt::both::1
AUFLIA/tokeneer/admin/opisavailable-26.smt::both::1
AUFLIA/simplify2/front_end_suite/javafe.ast.ArrayInit.008.smt::both::1
AUFLIA/tokeneer/keystore/digest-205.smt::both::1
AUFLIA/simplify2/front_end_suite/javafe.SrcTool.002.smt::both::1
AUFLIA/simplify2/front_end_suite/javafe.ast.PrettyPrint.012.smt::both::1
AUFLIA/tokeneer/keystore/digest-180.smt::both::1
AUFLIA/tokeneer/enclave/validateenrolmentdata-1.smt::both::1
AUFLIA/tokeneer/configdata/updatedata-8.smt::both::1
AUFLIA/simplify/javafe.tc.TypeCheck.716.smt::z3::1
AUFLIA/simplify2/front_end_suite/javafe.tc.Types.013.smt::both::1
AUFLIA/simplify2/front_end_suite/javafe.util.LocationManagerCorrelatedReader.004.smt::both::1
AUFLIA/tokeneer/auditlog/clearlogentries-17.smt::both::1
AUFLIA/tokeneer/enclave/validateenrolmentdata-6.smt::both::1
AUFLIA/simplify2/front_end_suite/javafe.util.ErrorSet.008.smt::both::1
AUFLIA/simplify2/front_end_suite/javafe.ast.NewInstanceExpr.004.smt::both::1
AUFLIA/simplify2/front_end_suite/javafe.tc.TypeSig.008.smt::z3::1
AUFLIA/simplify2/front_end_suite/javafe.ast.ArrayType.005.smt::both::1
AUFLIA/tokeneer/tismain/tismain-5.smt::both::1
AUFLIA/tokeneer/userentry/displaypollupdate-2.smt::both::1
AUFLIA/simplify2/front_end_suite/javafe.parser.Token.004.smt::both::1
AUFLIA/simplify/javafe.tc.CheckCompilationUnit.632.smt::both::1
AUFLIA/simplify/javafe.ast.ForStmt.154.smt::both::1
AUFLIA/boogie/Array2_test3.MyClass2.M0_System.Int32.array_notnull.smt::both::1
AUFLIA/tokeneer/admin/opisavailable-29.smt::both::1
AUFLIA/simplify2/front_end_suite/javafe.ast.GenericVarDecl.004.smt::both::1
AUFLIA/simplify2/front_end_suite/javafe.ast.SynchronizeStmt.003.smt::both::1
AUFLIA/simplify2/front_end_suite/javafe.filespace.FileTree.003.smt::both::1
AUFLIA/tokeneer/keystore/init-10.smt::both::1
AUFLIA/simplify2/front_end_suite/javafe.reader.StandardTypeReader.002.smt::both::1
AUFLIA/simplify2/front_end_suite/javafe.ast.TypeName.001.smt::z3::1
AUFLIA/simplify2/front_end_suite/javafe.ast.DelegatingPrettyPrint.018.smt::both::1
AUFLIA/simplify/javafe.ast.CompilationUnit.86.smt::both::1
AUFLIA/sexpr/SExpressionSimplifier.Sx.get_True.smt::z3::1
AUFLIA/boogie/Array_test3.MyClass.M3_System.Array_notnull.smt::both::1
AUFLIA/simplify2/front_end_suite/javafe.ast.TryCatchStmt.005.smt::both::1
AUFLIA/simplify2/front_end_suite/javafe.ast.FormalParaDeclVec.019.smt::both::1
AUFLIA/boogie/quant0_Test.Main_System.String.array.smt::both::1
AUFLIA/tokeneer/enrolment/validate/validateandaddkey-4.smt::both::1
AUFLIA/tokeneer/keystore/digest-188.smt::both::1
AUFLIA/tokeneer/keystore/dofind-62.smt::both::1
AUFLIA/simplify2/front_end_suite/javafe.ast.LocalVarDecl.001.smt::both::1
AUFLIA/tokeneer/configuration/updatedata-6.smt::both::1
AUFLIA/simplify/javafe.parser.test.TestLex.578.smt::both::1
AUFLIA/tokeneer/usertoken/readandcheckauthcert/checkidcertok-23.smt::both::1
AUFLIA/simplify2/front_end_suite/javafe.ast.BlockStmt.002.smt::z3::1
AUFLIA/simplify2/front_end_suite/javafe.ast.ThisExpr.002.smt::both::1
AUFLIA/tokeneer/keystore/dofind-5.smt::both::1
AUFLIA/tokeneer/enclave/adminlogout-1.smt::both::1
AUFLIA/boogie/VisibilityBasedInvariants_Friend..ctor_Thing_notnull.smt::z3::1
AUFLIA/simplify2/front_end_suite/javafe.ast.EvalStmt.009.smt::both::1
AUFLIA/boogie/LocalExpose_U..cctor.smt::both::1
AUFLIA/simplify2/front_end_suite/javafe.tc.FlowInsensitiveChecks.029.smt::both::1
AUFLIA/simplify/javafe.ast.InstanceOfExpr.204.smt::both::1
AUFLIA/simplify2/front_end_suite/javafe.PrintSpec.001.smt::both::1
AUFLIA/tokeneer/configdata/thealarmsilentduration-1.smt::both::1
AUFLIA/tokeneer/configdata/init-13.smt::both::1
AUFLIA/simplify2/front_end_suite/javafe.tc.Env.007.smt::z3::1
AUFLIA/simplify2/front_end_suite/javafe.tc.Types.003.smt::both::1
AUFLIA/boogie/Bag7_Bag.SpecSharp.CheckInvariant_System.Boolean.smt::both::1
AUFLIA/simplify/javafe.util.SubCorrelatedReader.828.smt::both::1
AUFLIA/tokeneer/keystore/digest-9.smt::both::1
AUFLIA/simplify2/front_end_suite/javafe.tc.Env.009.smt::both::1
AUFLIA/simplify2/front_end_suite/javafe.ast.Visitor.008.smt::both::1
AUFLIA/tokeneer/keystore/digest-117.smt::both::1
AUFLIA/simplify/javafe.tc.MethodDeclVec.689.smt::both::1
AUFLIA/boogie/Typeof_Typeof..ctor.smt::z3::1
AUFLIA/simplify2/front_end_suite/javafe.ast.CastExpr.006.smt::both::1
AUFLIA/simplify/javafe.tc.OutsideEnv.703.smt::both::1
AUFLIA/simplify/javafe.ast.PrimitiveType.288.smt::both::1
AUFLIA/tokeneer/auditlog/init/setfiledetails-4.smt::both::1
AUFLIA/boogie/Call_Call..ctor.smt::z3::1
AUFLIA/tokeneer/usertoken/readandcheck/checkprivcert-5.smt::both::1
AUFLIA/simplify/javafe.tc.TypeSig.725.smt::z3::1
AUFLIA/simplify2/front_end_suite/javafe.ast.DefaultVisitor.045.smt::both::1
AUFLIA/simplify2/front_end_suite/javafe.tc.Types.022.smt::both::1
AUFLIA/tokeneer/keystore/digest-173.smt::both::1
AUFLIA/simplify2/front_end_suite/javafe.util.ErrorSet.003.smt::both::1
AUFLIA/tokeneer/auditlog/init-49.smt::both::1
AUFLIA/boogie/ExactTypes_Q..ctor.smt::z3::1
AUFLIA/tokeneer/keystore/digest-182.smt::both::1
AUFLIA/tokeneer/usertoken/readandcheck/checkiandacert-1.smt::both::1
AUFLIA/simplify/javafe.ast.ModifierPragmaVec.256.smt::both::1
AUFLIA/simplify2/front_end_suite/javafe.tc.TypeCheck.010.smt::both::1
AUFLIA/tokeneer/tokenreader/poll/checkcardstate-3.smt::both::1
AUFLIA/simplify2/front_end_suite/javafe.filespace.Query.001.smt::both::1
AUFLIA/simplify2/front_end_suite/javafe.reader.CachedReader.001.smt::both::1
AUFLIA/simplify2/front_end_suite/javafe.parser.TagConstants.003.smt::both::1
AUFLIA/tokeneer/usertoken/addauthcert-3.smt::both::1
AUFLIA/boogie/Chunker7_Chunker..ctor_System.String_notnull_System.Int32.smt::z3::1
AUFLIA/tokeneer/keystore/digest-137.smt::both::1
AUFLIA/tokeneer/cert_/attr_/priv/extract-1.smt::both::1
AUFLIA/simplify2/front_end_suite/javafe.ast.TypeNameVec.008.smt::both::1
AUFLIA/tokeneer/door/poll-2.smt::both::1
AUFLIA/simplify/javafe.ast.VarInitVec.433.smt::both::1
AUFLIA/simplify/javafe.ast.ClassLiteral.77.smt::both::1
AUFLIA/tokeneer/keystore/addkey-10.smt::both::1
AUFLIA/boogie/Change769_Test8..ctor.smt::z3::1
AUFLIA/tokeneer/keystore/dofind-34.smt::both::1
AUFLIA/simplify2/front_end_suite/javafe.ast.VisitorArgResult.013.smt::both::1
AUFLIA/simplify/javafe.PrintSpec.11.smt::both::1
Unknown Files:
AUFLIA/boogie/BClient_Client.Q_MyClass_notnull_System.Boolean_System.Boolean.smt
AUFLIA/boogie/FormulaTerm2_PX-noinfer.smt
AUFLIA/boogie/Chunker4_Chunker.NextChunk.smt
AUFLIA/boogie/Types_Types.P3_K_notnull-orderStrength_1.smt
AUFLIA/boogie/PeerFields_PeerFields.Assign3.smt
AUFLIA/boogie/Bag8_Bag.Add_System.Int32.smt
AUFLIA/boogie/StrictReadOnly_C2.X2.smt
AUFLIA/boogie/ExposeVersion_A.MethodCallWithMethodQuery-level_2.smt
AUFLIA/boogie/Bag5_Bag.RemoveMin.smt
AUFLIA/boogie/Bag0_Bag..ctor_System.Int32.array.smt
AUFLIA/boogie/LocalExpose_C.M2.smt
AUFLIA/boogie/Spouse_Person.MarryAssignTheOtherWayAround_Person_notnull.smt
AUFLIA/tokeneer/enclave/adminop-8.smt
AUFLIA/boogie/AssumeEnsures_BarBad-noinfer.smt
AUFLIA/boogie/Bag1_Bag..ctor_System.Int32.array_notnull_System.Int32_System.Int32.smt
AUFLIA/boogie/Chunker11c_Chunker.NextChunk.smt
