AUFLIRA/nasa/fol_simplify_array_only/gauss_init_0338.fof.smt::both::1
AUFLIRA/nasa/fol_simplify_array_only/gauss_array_0310.fof.smt::both::1
AUFLIRA/nasa/fol_simplify_structure_forall/quaternion_ds1_symm_0080.fof.smt::both::1
AUFLIRA/nasa/fol_simplify_array_only/gauss_array_0652.fof.smt::both::1
AUFLIRA/nasa/fol_simplify_array_only/cl5_nebula_init_0121.fof.smt::both::1
AUFLIRA/nasa/fol_simplify_array/quaternion_ds1_symm_0812.fof.smt::both::1
AUFLIRA/nasa/fol_simplify/gauss_init_0253.fof.smt::both::1
AUFLIRA/nasa/fol_simplify_array_only/quaternion_ds1_symm_0830.fof.smt::both::1
AUFLIRA/nasa/fol_simplify/gauss_init_0300.fof.smt::both::1
AUFLIRA/nasa/fol_simplify_structure_forall/gauss_init_0905.fof.smt::both::1
AUFLIRA/nasa/fol_simplify/thruster_symm_0120.fof.smt::both::1
AUFLIRA/nasa/fol_simplify_structure_forall/cl5_nebula_init_0378.fof.smt::both::1
AUFLIRA/nasa/fol_simplify_array_only/gauss_init_0781.fof.smt::both::1
AUFLIRA/nasa/fol_simplify_structure_forall/thruster_init_0941.fof.smt::both::1
AUFLIRA/nasa/fol_simplify/gauss_init_0127.fof.smt::both::1
AUFLIRA/nasa/fol_simplify_array_only/quaternion_ds1_init_0285.fof.smt::both::1
AUFLIRA/nasa/fol_simplify_structure_prop/gauss_init_0335.fof.smt::both::1
AUFLIRA/nasa/fol_simplify_array_only/cl5_nebula_init_0260.fof.smt::both::1
AUFLIRA/nasa/fol_simplify_structure_forall/gauss_init_0192.fof.smt::both::1
AUFLIRA/nasa/fol_simplify_array_only/quaternion_ds1_inuse_0050.fof.smt::both::1
AUFLIRA/nasa/fol_simplify_array_only/quaternion_ds1_symm_0576.fof.smt::both::1
AUFLIRA/nasa/fol_simplify_structure_forall/quaternion_ds1_init_0053.fof.smt::both::1
AUFLIRA/nasa/fol_simplify/gauss_init_0122.fof.smt::both::1
AUFLIRA/nasa/fol_simplify_array_only/thruster_symm_2416.fof.smt::both::1
AUFLIRA/nasa/fol_simplify_structure_prop/thruster_array_0050.fof.smt::both::1
AUFLIRA/nasa/fol_simplify_array_only/thruster_symm_1186.fof.smt::both::1
AUFLIRA/nasa/fol_simplify_array_only/thruster_symm_1542.fof.smt::both::1
AUFLIRA/nasa/vc_normalize_subst/gauss_init_0010.fof.smt::both::1
AUFLIRA/nasa/fol_simplify_array_only/thruster_init_1199.fof.smt::both::1
AUFLIRA/nasa/vc_normalize_subst/cl5_nebula_init_0032.fof.smt::both::1
AUFLIRA/nasa/fol_simplify_array_only/cl5_nebula_norm_0136.fof.smt::both::1
AUFLIRA/nasa/fol_simplify_array_only/quaternion_ds1_inuse_0096.fof.smt::both::1
AUFLIRA/nasa/fol_simplify_structure_forall/thruster_init_0203.fof.smt::both::1
AUFLIRA/nasa/fol_simplify_array_only/gauss_init_0844.fof.smt::both::1
AUFLIRA/why/smtlibd34a60.smt::both::1
AUFLIRA/nasa/fol_simplify_array_only/quaternion_ds1_symm_2230.fof.smt::both::1
AUFLIRA/nasa/fol_simplify_array_only/thruster_init_0072.fof.smt::both::1
AUFLIRA/nasa/fol_simplify_array_only/quaternion_ds1_symm_1523.fof.smt::both::1
AUFLIRA/nasa/fol_simplify_array_only/thruster_symm_0999.fof.smt::both::1
AUFLIRA/nasa/fol_simplify_structure_forall/gauss_init_1326.fof.smt::both::1
AUFLIRA/nasa/fol_simplify_structure_prop/cl5_nebula_array_0001.fof.smt::both::1
AUFLIRA/nasa/fol_simplify_array_only/thruster_symm_0179.fof.smt::both::1
AUFLIRA/nasa/fol_simplify_array_only/thruster_symm_1693.fof.smt::both::1
AUFLIRA/why/smtlib218dfb.smt::both::1
AUFLIRA/why/smtlibfd0d00.smt::both::1
AUFLIRA/nasa/fol_simplify/quaternion_ds1_symm_0700.fof.smt::both::1
AUFLIRA/nasa/fol_simplify_array_only/thruster_symm_2486.fof.smt::both::1
AUFLIRA/nasa/fol_simplify_array_only/thruster_symm_0293.fof.smt::both::1
AUFLIRA/nasa/fol_simplify_array_only/gauss_init_0319.fof.smt::both::1
AUFLIRA/nasa/fol_simplify_array_only/thruster_inuse_0182.fof.smt::both::1
AUFLIRA/why/smtlib0e43fc.smt::both::1
AUFLIRA/nasa/fol_simplify_structure_forall/quaternion_ds1_symm_0059.fof.smt::both::1
AUFLIRA/nasa/fol_simplify_array_only/quaternion_ds1_symm_1886.fof.smt::both::1
AUFLIRA/nasa/fol_simplify_structure_forall/thruster_init_0205.fof.smt::both::1
AUFLIRA/nasa/fol_simplify_array_only/quaternion_ds1_init_0384.fof.smt::both::1
AUFLIRA/nasa/fol_simplify_array_only/thruster_symm_1979.fof.smt::both::1
AUFLIRA/nasa/fol_simplify_array_only/thruster_inuse_0244.fof.smt::both::1
AUFLIRA/nasa/fol_simplify_structure_forall/gauss_init_0309.fof.smt::both::1
AUFLIRA/nasa/fol_simplify_array_only/gauss_init_0665.fof.smt::both::1
AUFLIRA/nasa/fol_simplify_array_only/quaternion_ds1_symm_0883.fof.smt::both::1
AUFLIRA/nasa/fol_simplify_structure_forall/quaternion_ds1_inuse_0182.fof.smt::both::1
AUFLIRA/nasa/fol_simplify_array_only/quaternion_ds1_init_0483.fof.smt::both::1
AUFLIRA/nasa/fol_simplify_structure_forall/gauss_init_1273.fof.smt::both::1
AUFLIRA/nasa/fol_simplify_structure_forall/thruster_inuse_0250.fof.smt::both::1
AUFLIRA/nasa/fol_simplify_structure_forall/thruster_init_0180.fof.smt::both::1
AUFLIRA/why/smtlibe78f76.smt::both::1
AUFLIRA/nasa/fol_simplify_array_only/thruster_init_0304.fof.smt::both::1
AUFLIRA/nasa/fol_simplify_arithmetics/thruster_init_0139.fof.smt::both::1
AUFLIRA/nasa/fol_simplify_array_only/thruster_symm_3186.fof.smt::both::1
AUFLIRA/nasa/fol_simplify_array_only/thruster_inuse_2371.fof.smt::both::1
AUFLIRA/nasa/fol_simplify_array_only/thruster_init_0487.fof.smt::both::1
AUFLIRA/nasa/fol_simplify_array_only/thruster_inuse_0335.fof.smt::both::1
AUFLIRA/nasa/fol_simplify_array_only/thruster_symm_2579.fof.smt::both::1
AUFLIRA/nasa/fol_simplify_array_only/quaternion_ds1_symm_1563.fof.smt::both::1
AUFLIRA/nasa/fol_simplify_arithmetics/gauss_init_0104.fof.smt::both::1
AUFLIRA/why/smtlibcabea8.smt::both::1
AUFLIRA/why/smtlibdba7a4.smt::both::1
AUFLIRA/nasa/fol_simplify_structure_forall/gauss_init_1407.fof.smt::both::1
AUFLIRA/nasa/fol_simplify_array_only/quaternion_ds1_init_0231.fof.smt::both::1
AUFLIRA/nasa/fol_simplify_array_only/cl5_nebula_init_0039.fof.smt::both::1
AUFLIRA/nasa/fol_simplify_structure_forall/gauss_init_0140.fof.smt::both::1
AUFLIRA/nasa/fol_simplify_array_only/thruster_symm_2769.fof.smt::both::1
AUFLIRA/nasa/fol_simplify_arithmetics/quaternion_ds1_init_0029.fof.smt::both::1
AUFLIRA/nasa/fol_simplify/thruster_symm_0464.fof.smt::both::1
AUFLIRA/nasa/fol_simplify_array_only/thruster_inuse_0669.fof.smt::both::1
AUFLIRA/why/smtlibebf8e3.smt::both::1
AUFLIRA/nasa/fol_simplify_array_only/gauss_array_0534.fof.smt::both::1
AUFLIRA/nasa/fol_simplify_array_only/gauss_init_0294.fof.smt::both::1
AUFLIRA/nasa/fol_simplify_array_only/thruster_symm_2376.fof.smt::both::1
AUFLIRA/nasa/fol_simplify_structure_prop/gauss_array_0080.fof.smt::both::1
AUFLIRA/nasa/fol_simplify_array_only/quaternion_ds1_symm_1995.fof.smt::both::1
AUFLIRA/nasa/fol_simplify_arithmetics/quaternion_ds1_symm_0009.fof.smt::both::1
AUFLIRA/nasa/fol_simplify_array_only/gauss_init_0890.fof.smt::both::1
AUFLIRA/nasa/fol_simplify_array_only/gauss_init_1317.fof.smt::both::1
AUFLIRA/nasa/fol_simplify_array_only/quaternion_ds1_symm_2603.fof.smt::both::1
AUFLIRA/nasa/fol_simplify_array_only/thruster_symm_0026.fof.smt::both::1
AUFLIRA/nasa/fol_simplify/thruster_init_0022.fof.smt::both::1
AUFLIRA/nasa/fol_simplify_array_only/thruster_symm_0344.fof.smt::both::1
AUFLIRA/nasa/fol_simplify_array_only/thruster_symm_2635.fof.smt::both::1
AUFLIRA/nasa/fol_simplify_array_only/gauss_init_0029.fof.smt::both::1
AUFLIRA/nasa/fol_simplify_array_only/thruster_symm_3276.fof.smt::both::1
AUFLIRA/nasa/fol_simplify_array_only/thruster_symm_2883.fof.smt::both::1
AUFLIRA/nasa/fol_simplify_arithmetics/quaternion_ds1_inuse_0056.fof.smt::both::1
AUFLIRA/nasa/fol_simplify_structure_forall/gauss_init_0115.fof.smt::both::1
AUFLIRA/nasa/fol_simplify_structure_forall/thruster_init_0096.fof.smt::both::1
AUFLIRA/nasa/fol_simplify_array_only/thruster_inuse_1463.fof.smt::both::1
AUFLIRA/nasa/fol_simplify_structure_prop/thruster_init_0176.fof.smt::z3::1
AUFLIRA/nasa/fol_simplify_structure_prop/quaternion_ds1_array_0039.fof.smt::both::1
AUFLIRA/nasa/fol_simplify_array_only/thruster_inuse_0792.fof.smt::both::1
AUFLIRA/nasa/fol_simplify_array_only/thruster_init_0366.fof.smt::both::1
AUFLIRA/nasa/fol_simplify_array_only/thruster_symm_1623.fof.smt::both::1
AUFLIRA/nasa/fol_simplify_array/quaternion_ds1_symm_0527.fof.smt::both::1
AUFLIRA/nasa/fol_simplify_array_only/thruster_init_0645.fof.smt::both::1
AUFLIRA/nasa/fol_simplify_array_only/thruster_inuse_1358.fof.smt::both::1
AUFLIRA/nasa/fol_simplify_array_only/thruster_init_0569.fof.smt::both::1
AUFLIRA/nasa/fol_simplify/quaternion_ds1_symm_0482.fof.smt::both::1
AUFLIRA/peter/symmetric_sat_3.smt::z3::1
AUFLIRA/nasa/fol_simplify_array_only/thruster_symm_3346.fof.smt::both::1
AUFLIRA/nasa/fol_simplify_array_only/thruster_symm_1317.fof.smt::both::1
AUFLIRA/nasa/fol_simplify_array_only/gauss_array_0433.fof.smt::both::1
AUFLIRA/nasa/fol_simplify_array_only/thruster_inuse_0628.fof.smt::both::1
AUFLIRA/nasa/fol_simplify_array_only/quaternion_ds1_symm_2646.fof.smt::both::1
AUFLIRA/nasa/fol_simplify_structure_forall/quaternion_ds1_symm_0075.fof.smt::both::1
AUFLIRA/nasa/fol_simplify_structure_forall/gauss_init_0729.fof.smt::both::1
AUFLIRA/nasa/fol_simplify_array_only/thruster_init_0131.fof.smt::both::1
AUFLIRA/nasa/fol_simplify_structure_forall/thruster_inuse_0584.fof.smt::both::1
AUFLIRA/nasa/fol_simplify_array_only/thruster_inuse_2058.fof.smt::both::1
AUFLIRA/nasa/fol_simplify_structure_forall/gauss_init_1041.fof.smt::both::1
AUFLIRA/nasa/fol_simplify_array_only/thruster_init_0822.fof.smt::both::1
AUFLIRA/nasa/fol_simplify_array_only/thruster_init_1193.fof.smt::both::1
AUFLIRA/nasa/fol_simplify_array_only/thruster_init_0663.fof.smt::both::1
AUFLIRA/nasa/fol_simplify_array_only/quaternion_ds1_init_0401.fof.smt::both::1
AUFLIRA/nasa/fol_simplify_array_only/gauss_array_0585.fof.smt::both::1
AUFLIRA/nasa/fol_simplify_array_only/thruster_symm_1223.fof.smt::both::1
AUFLIRA/nasa/fol_simplify_array_only/thruster_init_0001.fof.smt::both::1
AUFLIRA/nasa/fol_simplify_array_only/thruster_symm_1514.fof.smt::both::1
AUFLIRA/why/smtlibc05c9a.smt::both::1
AUFLIRA/why/smtlibe9245d.smt::both::1
AUFLIRA/nasa/fol_simplify_structure_forall/gauss_init_0926.fof.smt::both::1
AUFLIRA/nasa/fol_simplify_array_only/thruster_init_0681.fof.smt::both::1
AUFLIRA/nasa/fol_simplify_array_only/quaternion_ds1_inuse_0642.fof.smt::both::1
AUFLIRA/nasa/fol_simplify_arithmetics/quaternion_ds1_init_0033.fof.smt::both::1
AUFLIRA/nasa/fol_simplify_array_only/gauss_array_0606.fof.smt::both::1
AUFLIRA/nasa/fol_simplify_array_only/gauss_init_0547.fof.smt::both::1
AUFLIRA/nasa/fol_simplify_array_only/thruster_array_0141.fof.smt::both::1
AUFLIRA/nasa/fol_simplify_structure_prop/thruster_init_0189.fof.smt::both::1
AUFLIRA/nasa/fol_simplify_array_only/quaternion_ds1_symm_2645.fof.smt::both::1
AUFLIRA/nasa/fol_simplify_array_only/quaternion_ds1_inuse_0333.fof.smt::both::1
AUFLIRA/nasa/fol_simplify_arithmetics/thruster_init_0059.fof.smt::both::1
AUFLIRA/why/smtlib86b5a1.smt::both::1
AUFLIRA/nasa/fol_simplify_array_only/quaternion_ds1_symm_2562.fof.smt::both::1
AUFLIRA/nasa/fol_simplify_array_only/gauss_array_0191.fof.smt::both::1
AUFLIRA/nasa/fol_simplify_structure_forall/quaternion_ds1_init_0114.fof.smt::both::1
AUFLIRA/nasa/fol_simplify_structure_prop/gauss_init_0102.fof.smt::both::1
AUFLIRA/nasa/fol_simplify_array_only/quaternion_ds1_symm_1880.fof.smt::both::1
AUFLIRA/nasa/fol_simplify_array_only/cl5_nebula_init_0213.fof.smt::both::1
AUFLIRA/nasa/fol_simplify_array_only/quaternion_ds1_symm_1649.fof.smt::both::1
AUFLIRA/nasa/fol_simplify_structure_forall/thruster_init_0801.fof.smt::both::1
AUFLIRA/nasa/fol_simplify_array/quaternion_ds1_symm_0739.fof.smt::both::1
AUFLIRA/nasa/fol_simplify_array_only/gauss_init_0715.fof.smt::both::1
AUFLIRA/nasa/fol_simplify_structure_forall/gauss_init_0267.fof.smt::both::1
AUFLIRA/nasa/fol_simplify_array_only/quaternion_ds1_init_0300.fof.smt::both::1
AUFLIRA/nasa/fol_simplify_structure_prop/thruster_symm_0019.fof.smt::z3::1
AUFLIRA/nasa/fol_simplify/gauss_init_0012.fof.smt::both::1
AUFLIRA/nasa/fol_simplify_structure_prop/thruster_init_0186.fof.smt::both::1
AUFLIRA/nasa/fol_simplify_array_only/quaternion_ds1_symm_2176.fof.smt::both::1
AUFLIRA/nasa/fol_simplify_structure_forall/gauss_init_0426.fof.smt::both::1
AUFLIRA/nasa/fol_simplify_array_only/thruster_symm_3226.fof.smt::both::1
AUFLIRA/nasa/fol_simplify_arithmetics/thruster_init_0007.fof.smt::both::1
AUFLIRA/nasa/fol_simplify_array_only/gauss_array_0030.fof.smt::both::1
AUFLIRA/nasa/fol_simplify_array_only/quaternion_ds1_symm_2504.fof.smt::both::1
AUFLIRA/why/smtlibfa1e11.smt::both::1
AUFLIRA/nasa/fol_simplify_structure_forall/quaternion_ds1_inuse_0404.fof.smt::both::1
AUFLIRA/nasa/fol_simplify_array_only/quaternion_ds1_symm_1384.fof.smt::both::1
AUFLIRA/nasa/fol_simplify/gauss_init_0024.fof.smt::both::1
AUFLIRA/nasa/fol_simplify_structure_prop/gauss_init_0266.fof.smt::both::1
AUFLIRA/why/smtlib260e2a.smt::both::1
AUFLIRA/nasa/fol_simplify_arithmetics/thruster_init_0037.fof.smt::both::1
AUFLIRA/nasa/fol_simplify_structure_forall/quaternion_ds1_init_0112.fof.smt::both::1
AUFLIRA/nasa/fol_simplify_structure_forall/quaternion_ds1_init_0198.fof.smt::both::1
AUFLIRA/nasa/fol_simplify_array_only/quaternion_ds1_symm_1532.fof.smt::both::1
AUFLIRA/nasa/fol_simplify_array_only/thruster_inuse_1567.fof.smt::both::1
AUFLIRA/nasa/fol_simplify_array_only/gauss_init_0650.fof.smt::both::1
AUFLIRA/nasa/fol_simplify_array_only/quaternion_ds1_symm_0687.fof.smt::both::1
AUFLIRA/peter/symmetric_unsat_44.smt::z3::1
AUFLIRA/nasa/fol_simplify_array/quaternion_ds1_symm_0570.fof.smt::both::1
AUFLIRA/nasa/fol_simplify_array_only/thruster_inuse_2381.fof.smt::both::1
AUFLIRA/nasa/fol_simplify_structure_forall/thruster_init_0467.fof.smt::both::1
AUFLIRA/why/smtlib62ab3e.smt::both::1
AUFLIRA/nasa/fol_simplify_array_only/gauss_array_0494.fof.smt::both::1
AUFLIRA/nasa/fol_simplify/thruster_symm_0105.fof.smt::both::1
AUFLIRA/nasa/fol_simplify_structure_prop/thruster_array_0019.fof.smt::both::1
AUFLIRA/why/smtlibb2bbf1.smt::both::1
AUFLIRA/nasa/fol_simplify_array_only/gauss_init_0173.fof.smt::both::1
AUFLIRA/nasa/fol_simplify_array_only/gauss_array_0672.fof.smt::both::1
AUFLIRA/nasa/fol_simplify_structure_forall/thruster_symm_0012.fof.smt::both::1
AUFLIRA/nasa/fol_simplify_array_only/thruster_symm_0789.fof.smt::both::1
AUFLIRA/peter/symmetric_unsat_1.smt::both::1
AUFLIRA/peter/symmetric_sat_43.smt::z3::300
Unknown Files:
AUFLIRA/peter/symmetric_sat_88.smt
