QF_AX/storecomm/storecomm_t2_np_sf_ai_00050_009.cvc.smt::both::1
QF_AX/swap/swap_invalid_t3_np_sf_ai_00005_009.cvc.smt::both::1
QF_AX/swap/swap_t2_np_sf_ai_00003_006.cvc.smt::both::1
QF_AX/storecomm/storecomm_invalid_t1_np_nf_ai_00010_005.cvc.smt::both::1
QF_AX/swap/swap_t1_np_sf_ai_00003_007.cvc.smt::both::1
QF_AX/storecomm/storecomm_invalid_t1_np_nf_ai_00010_007.cvc.smt::both::1
QF_AX/swap/swap_t1_np_nf_ai_00009_005.cvc.smt::both::1
QF_AX/swap/swap_t1_np_sf_ai_00007_003.cvc.smt::both::1
QF_AX/storecomm/storecomm_invalid_t1_np_nf_ai_00020_007.cvc.smt::both::1
QF_AX/swap/swap_t1_np_nf_ai_00004_002.cvc.smt::both::1
QF_AX/swap/swap_invalid_t3_np_nf_ai_00010_008.cvc.smt::both::1
QF_AX/storecomm/storecomm_t2_np_nf_ai_00060_007.cvc.smt::both::1
QF_AX/swap/swap_t1_np_sf_ai_00002_006.cvc.smt::both::1
QF_AX/storecomm/storecomm_invalid_t1_np_nf_ai_00050_001.cvc.smt::both::1
QF_AX/storecomm/storecomm_t1_np_sf_ai_00030_001.cvc.smt::both::1
QF_AX/storecomm/storecomm_invalid_t1_np_nf_ai_00050_008.cvc.smt::both::1
QF_AX/swap/swap_invalid_t1_np_sf_ai_00010_005.cvc.smt::both::1
QF_AX/storeinv/storeinv_t3_np_sf_ai_00008_001.cvc.smt::both::1
QF_AX/swap/swap_invalid_t1_np_nf_ai_00002_006.cvc.smt::both::1
QF_AX/swap/swap_invalid_t3_np_nf_ai_00006_006.cvc.smt::both::1
QF_AX/swap/swap_t3_np_nf_ai_00010_006.cvc.smt::both::1
QF_AX/storecomm/storecomm_t2_np_sf_ai_00040_002.cvc.smt::both::1
QF_AX/swap/swap_invalid_t1_np_nf_ai_00006_009.cvc.smt::both::1
QF_AX/storecomm/storecomm_t3_np_sf_ai_00010_005.cvc.smt::both::1
QF_AX/swap/swap_invalid_t3_np_nf_ai_00003_006.cvc.smt::both::1
QF_AX/storecomm/storecomm_t2_np_nf_ai_00040_007.cvc.smt::both::1
QF_AX/swap/swap_invalid_t1_np_nf_ai_00009_008.cvc.smt::both::1
QF_AX/storecomm/storecomm_invalid_t1_np_sf_ai_00050_002.cvc.smt::both::1
QF_AX/storecomm/storecomm_invalid_t1_np_sf_ai_00050_005.cvc.smt::both::1
QF_AX/swap/swap_t2_np_sf_ai_00009_003.cvc.smt::both::1
QF_AX/storecomm/storecomm_t2_np_nf_ai_00020_003.cvc.smt::both::1
QF_AX/swap/swap_t1_np_nf_ai_00005_005.cvc.smt::both::1
