QF_AUFLIA/array_benchmarks/misc/pipeline-invalid.smt::both::1
QF_AUFLIA/storecomm/storecomm_invalid_t3_pp_nf_ni_00020_004.cvc.smt::both::1
QF_AUFLIA/swap/swap_invalid_t1_pp_sf_ai_00005_003.cvc.smt::both::1
QF_AUFLIA/storecomm/storecomm_t3_np_sf_ni_00030_003.cvc.smt::both::1
QF_AUFLIA/array_benchmarks/misc/stack-th1-6.smt::both::1
QF_AUFLIA/storecomm/storecomm_invalid_t1_pp_sf_ai_00060_008.cvc.smt::both::1
QF_AUFLIA/storecomm/storecomm_invalid_t1_pp_sf_ai_00040_004.cvc.smt::both::1
QF_AUFLIA/swap/swap_invalid_t1_pp_nf_ai_00002_006.cvc.smt::both::1
QF_AUFLIA/storecomm/storecomm_t2_np_sf_ni_00030_007.cvc.smt::both::1
QF_AUFLIA/storecomm/storecomm_t1_pp_nf_ni_00040_004.cvc.smt::both::1
QF_AUFLIA/array_benchmarks/pointer/pointer-safe-10.smt::both::1
QF_AUFLIA/array_benchmarks/pointer/pointer-safe-15.smt::both::1
QF_AUFLIA/storeinv/storeinv_t3_pp_sf_ai_00003_001.cvc.smt::both::1
QF_AUFLIA/array_benchmarks/pointer/pointer-safe-5.smt::both::1
QF_AUFLIA/storecomm/storecomm_t3_np_nf_ni_00040_001.cvc.smt::both::1
QF_AUFLIA/swap/swap_t1_pp_nf_ai_00003_008.cvc.smt::both::1
QF_AUFLIA/storecomm/storecomm_t1_pp_nf_ai_00030_001.cvc.smt::both::1
QF_AUFLIA/swap/swap_t1_pp_sf_ai_00005_002.cvc.smt::both::1
QF_AUFLIA/storecomm/storecomm_t2_np_sf_ni_00040_008.cvc.smt::both::1
QF_AUFLIA/array_benchmarks/qlock/qlock-bug2-15.smt::yices::1
QF_AUFLIA/storecomm/storecomm_t3_pp_sf_ni_00020_007.cvc.smt::both::1
QF_AUFLIA/storecomm/storecomm_invalid_t3_pp_nf_ai_00010_003.cvc.smt::both::1
QF_AUFLIA/storecomm/storecomm_invalid_t3_np_nf_ni_00020_002.cvc.smt::both::1
QF_AUFLIA/storecomm/storecomm_t2_np_sf_ni_00050_006.cvc.smt::both::1
QF_AUFLIA/swap/swap_invalid_t1_pp_sf_ai_00007_008.cvc.smt::both::1
QF_AUFLIA/swap/swap_invalid_t3_pp_sf_ai_00003_007.cvc.smt::both::1
QF_AUFLIA/storecomm/storecomm_invalid_t3_pp_sf_ai_00060_007.cvc.smt::both::1
QF_AUFLIA/check/bignum_lia2.smt::both::1
QF_AUFLIA/check/int_incompleteness1.smt::both::1
QF_AUFLIA/storecomm/storecomm_t1_np_sf_ni_00060_005.cvc.smt::both::1
QF_AUFLIA/swap/swap_t3_pp_sf_ai_00008_007.cvc.smt::both::1
QF_AUFLIA/swap/swap_invalid_t1_pp_nf_ai_00006_002.cvc.smt::both::1
QF_AUFLIA/swap/swap_invalid_t1_pp_sf_ai_00009_008.cvc.smt::both::1
QF_AUFLIA/swap/swap_invalid_t1_pp_sf_ai_00003_008.cvc.smt::both::1
QF_AUFLIA/swap/swap_invalid_t3_pp_nf_ai_00004_004.cvc.smt::both::1
QF_AUFLIA/swap/swap_invalid_t1_pp_sf_ai_00010_005.cvc.smt::both::1
QF_AUFLIA/storecomm/storecomm_t3_np_nf_ni_00030_009.cvc.smt::both::1
QF_AUFLIA/storecomm/storecomm_t1_pp_sf_ni_00060_004.cvc.smt::both::1
QF_AUFLIA/swap/swap_t1_pp_sf_ai_00007_002.cvc.smt::both::1
QF_AUFLIA/swap/swap_t3_pp_nf_ai_00004_008.cvc.smt::both::1
QF_AUFLIA/swap/swap_t1_pp_nf_ai_00007_004.cvc.smt::both::1
QF_AUFLIA/storecomm/storecomm_invalid_t3_pp_nf_ai_00030_004.cvc.smt::both::1
QF_AUFLIA/storecomm/storecomm_t1_pp_sf_ni_00060_001.cvc.smt::both::1
QF_AUFLIA/storecomm/storecomm_invalid_t3_pp_sf_ai_00030_003.cvc.smt::both::1
QF_AUFLIA/storecomm/storecomm_invalid_t3_pp_nf_ai_00040_005.cvc.smt::both::1
QF_AUFLIA/storecomm/storecomm_invalid_t3_pp_nf_ni_00060_001.cvc.smt::both::1
QF_AUFLIA/storecomm/storecomm_invalid_t1_pp_nf_ni_00030_004.cvc.smt::both::1
QF_AUFLIA/storeinv/storeinv_invalid_t1_pp_nf_ai_00010_001.cvc.smt::both::1
QF_AUFLIA/swap/swap_t1_pp_nf_ai_00009_001.cvc.smt::both::1
QF_AUFLIA/storecomm/storecomm_t3_pp_sf_ai_00030_003.cvc.smt::both::1
QF_AUFLIA/storecomm/storecomm_t2_np_nf_ni_00030_001.cvc.smt::both::1
QF_AUFLIA/storecomm/storecomm_t1_np_nf_ni_00020_005.cvc.smt::both::1
QF_AUFLIA/storecomm/storecomm_invalid_t3_np_sf_ni_00010_008.cvc.smt::both::1
QF_AUFLIA/cvc/read7.smt::both::1
QF_AUFLIA/storecomm/storecomm_invalid_t3_pp_sf_ai_00040_001.cvc.smt::both::1
QF_AUFLIA/storecomm/storecomm_t1_pp_sf_ai_00060_006.cvc.smt::both::1
QF_AUFLIA/storecomm/storecomm_invalid_t3_np_sf_ni_00020_002.cvc.smt::both::1
QF_AUFLIA/storecomm/storecomm_t1_np_sf_ni_00020_005.cvc.smt::both::1
QF_AUFLIA/swap/swap_invalid_t1_pp_nf_ai_00007_004.cvc.smt::both::1
QF_AUFLIA/storecomm/storecomm_invalid_t3_np_sf_ni_00060_007.cvc.smt::both::1
QF_AUFLIA/storecomm/storecomm_invalid_t3_pp_nf_ni_00050_002.cvc.smt::both::1
QF_AUFLIA/storecomm/storecomm_t3_pp_nf_ai_00040_002.cvc.smt::both::1
QF_AUFLIA/swap/swap_invalid_t1_pp_nf_ai_00009_004.cvc.smt::both::1
QF_AUFLIA/swap/swap_invalid_t3_pp_nf_ai_00006_007.cvc.smt::both::1
QF_AUFLIA/swap/swap_invalid_t3_pp_sf_ai_00006_001.cvc.smt::both::1
QF_AUFLIA/storecomm/storecomm_t3_pp_nf_ai_00050_005.cvc.smt::both::1
QF_AUFLIA/storecomm/storecomm_t3_np_sf_ni_00050_005.cvc.smt::both::1
QF_AUFLIA/storeinv/storeinv_invalid_t3_pp_nf_ai_00003_001.cvc.smt::both::1
QF_AUFLIA/swap/swap_t1_pp_sf_ai_00009_002.cvc.smt::both::1
QF_AUFLIA/swap/swap_t3_pp_nf_ai_00002_005.cvc.smt::both::1
QF_AUFLIA/storecomm/storecomm_invalid_t1_pp_nf_ai_00020_002.cvc.smt::both::1
QF_AUFLIA/storecomm/storecomm_invalid_t1_pp_nf_ni_00050_005.cvc.smt::both::1
QF_AUFLIA/ios/ios_t1_ios_np_sf_ai_00003_001.cvc.smt::both::1
QF_AUFLIA/swap/swap_t1_pp_sf_ai_00003_003.cvc.smt::both::1
QF_AUFLIA/storeinv/storeinv_t3_pp_sf_ai_00010_001.cvc.smt::both::1
QF_AUFLIA/storecomm/storecomm_invalid_t3_pp_nf_ai_00040_001.cvc.smt::both::1
QF_AUFLIA/storecomm/storecomm_t2_np_nf_ni_00030_006.cvc.smt::both::1
QF_AUFLIA/ios/ios_t1_ios_np_sf_ai_00008_001.cvc.smt::both::1
QF_AUFLIA/ios/ios_t1_ios_np_sf_ai_00009_001.cvc.smt::both::1
QF_AUFLIA/storecomm/storecomm_t3_pp_sf_ai_00040_007.cvc.smt::both::1
QF_AUFLIA/swap/swap_t3_pp_sf_ai_00010_003.cvc.smt::z3::1
QF_AUFLIA/ios/ios_t1_ios_np_sf_ai_00012_001.cvc.smt::both::1
QF_AUFLIA/storecomm/storecomm_invalid_t1_pp_sf_ni_00010_001.cvc.smt::both::1
QF_AUFLIA/storecomm/storecomm_t3_pp_sf_ni_00040_007.cvc.smt::both::1
QF_AUFLIA/storecomm/storecomm_invalid_t3_np_nf_ni_00040_001.cvc.smt::both::1
QF_AUFLIA/storecomm/storecomm_t3_pp_sf_ai_00010_001.cvc.smt::both::1
QF_AUFLIA/piVC/piVC_174f4d.smt::both::1
QF_AUFLIA/swap/swap_invalid_t1_pp_sf_ai_00008_005.cvc.smt::both::1
QF_AUFLIA/piVC/piVC_3031c9.smt::both::1
QF_AUFLIA/storecomm/storecomm_t3_pp_sf_ai_00050_008.cvc.smt::both::1
QF_AUFLIA/storecomm/storecomm_t3_np_sf_ni_00010_001.cvc.smt::both::1
QF_AUFLIA/storeinv/storeinv_t1_pp_sf_ai_00004_001.cvc.smt::both::1
QF_AUFLIA/storecomm/storecomm_invalid_t1_pp_nf_ai_00030_006.cvc.smt::both::1
QF_AUFLIA/swap/swap_t1_pp_nf_ai_00002_003.cvc.smt::both::1
QF_AUFLIA/swap/swap_invalid_t3_pp_sf_ai_00009_001.cvc.smt::both::1
QF_AUFLIA/storecomm/storecomm_t3_pp_nf_ai_00010_001.cvc.smt::both::1
QF_AUFLIA/piVC/piVC_ed9849.smt::both::1
QF_AUFLIA/storecomm/storecomm_t1_pp_nf_ni_00050_005.cvc.smt::both::1
QF_AUFLIA/storecomm/storecomm_invalid_t3_pp_nf_ai_00020_006.cvc.smt::both::1
QF_AUFLIA/swap/swap_invalid_t1_pp_sf_ai_00010_001.cvc.smt::both::1
QF_AUFLIA/storecomm/storecomm_t3_pp_nf_ni_00010_002.cvc.smt::both::1
QF_AUFLIA/storecomm/storecomm_invalid_t3_pp_sf_ai_00050_006.cvc.smt::both::1
QF_AUFLIA/storeinv/storeinv_t1_pp_nf_ai_00003_001.cvc.smt::both::1
QF_AUFLIA/storecomm/storecomm_invalid_t3_pp_nf_ai_00060_004.cvc.smt::both::1
QF_AUFLIA/storecomm/storecomm_t1_pp_sf_ni_00060_006.cvc.smt::both::1
QF_AUFLIA/storecomm/storecomm_invalid_t1_pp_nf_ai_00050_001.cvc.smt::both::1
QF_AUFLIA/qlock2/qlock.base.17.smt::yices::1
QF_AUFLIA/storecomm/storecomm_t1_np_nf_ni_00020_004.cvc.smt::both::1
QF_AUFLIA/storecomm/storecomm_invalid_t1_pp_sf_ai_00020_001.cvc.smt::both::1
QF_AUFLIA/qlock2/qlock.base.20.smt::yices::1
QF_AUFLIA/storecomm/storecomm_t3_pp_nf_ai_00050_002.cvc.smt::both::1
QF_AUFLIA/storecomm/storecomm_t1_np_sf_ni_00010_009.cvc.smt::both::1
QF_AUFLIA/storecomm/storecomm_t2_np_nf_ni_00020_001.cvc.smt::both::1
QF_AUFLIA/storecomm/storecomm_invalid_t3_pp_sf_ni_00020_001.cvc.smt::both::1
QF_AUFLIA/storecomm/storecomm_invalid_t3_np_nf_ni_00010_001.cvc.smt::both::1
QF_AUFLIA/storecomm/storecomm_t3_pp_nf_ai_00040_007.cvc.smt::both::1
QF_AUFLIA/swap/swap_invalid_t1_pp_sf_ai_00005_005.cvc.smt::both::1
QF_AUFLIA/storecomm/storecomm_t3_np_sf_ni_00010_003.cvc.smt::both::1
QF_AUFLIA/storecomm/storecomm_invalid_t3_pp_sf_ai_00010_004.cvc.smt::both::1
QF_AUFLIA/storecomm/storecomm_t3_np_nf_ni_00050_006.cvc.smt::both::1
QF_AUFLIA/qlock2/qlock.base.7.smt::both::1
QF_AUFLIA/storecomm/storecomm_t1_pp_sf_ni_00060_009.cvc.smt::both::1
QF_AUFLIA/storecomm/storecomm_t3_pp_sf_ni_00030_003.cvc.smt::both::1
QF_AUFLIA/swap/swap_t1_pp_nf_ai_00003_001.cvc.smt::both::1
QF_AUFLIA/storecomm/storecomm_t3_pp_sf_ni_00050_001.cvc.smt::both::1
QF_AUFLIA/swap/swap_invalid_t3_pp_sf_ai_00008_001.cvc.smt::both::1
QF_AUFLIA/qlock2/qlock.induction.13.smt::both::1
QF_AUFLIA/swap/swap_t1_pp_sf_ai_00002_008.cvc.smt::both::1
QF_AUFLIA/storecomm/storecomm_invalid_t3_np_nf_ni_00030_002.cvc.smt::both::1
QF_AUFLIA/qlock2/qlock.induction.16.smt::both::1
QF_AUFLIA/swap/swap_t3_pp_sf_ai_00006_004.cvc.smt::both::1
QF_AUFLIA/qlock2/qlock.induction.18.smt::yices::1
QF_AUFLIA/qlock2/qlock.induction.19.smt::yices::1
QF_AUFLIA/storecomm/storecomm_t1_pp_sf_ni_00030_004.cvc.smt::both::1
QF_AUFLIA/storecomm/storecomm_invalid_t3_np_sf_ni_00030_005.cvc.smt::both::1
QF_AUFLIA/storecomm/storecomm_t2_np_sf_ni_00030_008.cvc.smt::both::1
QF_AUFLIA/storecomm/storecomm_invalid_t3_np_nf_ni_00030_003.cvc.smt::both::1
QF_AUFLIA/storecomm/storecomm_t3_pp_nf_ai_00040_009.cvc.smt::both::1
QF_AUFLIA/swap/swap_invalid_t1_pp_nf_ai_00005_008.cvc.smt::both::1
QF_AUFLIA/swap/swap_t1_pp_nf_ai_00010_005.cvc.smt::both::1
QF_AUFLIA/storecomm/storecomm_t3_pp_nf_ai_00020_007.cvc.smt::both::1
QF_AUFLIA/storecomm/storecomm_invalid_t1_pp_nf_ai_00040_008.cvc.smt::both::1
QF_AUFLIA/storecomm/storecomm_invalid_t3_pp_nf_ai_00010_008.cvc.smt::both::1
QF_AUFLIA/swap/swap_t3_pp_sf_ai_00004_005.cvc.smt::both::1
QF_AUFLIA/swap/swap_t1_pp_nf_ai_00007_009.cvc.smt::both::1
QF_AUFLIA/storecomm/storecomm_invalid_t1_pp_nf_ni_00010_004.cvc.smt::both::1
QF_AUFLIA/swap/swap_t1_pp_sf_ai_00005_003.cvc.smt::both::1
QF_AUFLIA/swap/swap_t1_pp_sf_ai_00006_009.cvc.smt::both::1
QF_AUFLIA/storecomm/storecomm_t1_pp_nf_ni_00040_003.cvc.smt::both::1
QF_AUFLIA/swap/swap_invalid_t3_pp_nf_ai_00008_009.cvc.smt::both::1
QF_AUFLIA/swap/swap_invalid_t1_pp_nf_ai_00006_005.cvc.smt::both::1
QF_AUFLIA/swap/swap_invalid_t3_pp_nf_ai_00007_005.cvc.smt::both::1
QF_AUFLIA/swap/swap_t1_pp_nf_ai_00006_004.cvc.smt::both::1
QF_AUFLIA/swap/swap_t1_pp_sf_ai_00009_007.cvc.smt::both::1
QF_AUFLIA/storecomm/storecomm_invalid_t3_pp_sf_ai_00030_008.cvc.smt::both::1
QF_AUFLIA/swap/swap_t1_pp_sf_ai_00002_005.cvc.smt::both::1
QF_AUFLIA/swap/swap_invalid_t3_pp_nf_ai_00010_007.cvc.smt::both::1
QF_AUFLIA/storecomm/storecomm_t3_np_nf_ni_00060_008.cvc.smt::both::1
QF_AUFLIA/swap/swap_invalid_t1_pp_sf_ai_00002_006.cvc.smt::both::1
QF_AUFLIA/storecomm/storecomm_t3_pp_nf_ai_00020_009.cvc.smt::both::1
QF_AUFLIA/storecomm/storecomm_invalid_t3_np_nf_ni_00040_008.cvc.smt::both::1
QF_AUFLIA/storecomm/storecomm_t3_pp_nf_ni_00030_003.cvc.smt::both::1
QF_AUFLIA/storecomm/storecomm_t1_np_nf_ni_00050_004.cvc.smt::both::1
QF_AUFLIA/swap/swap_t1_pp_sf_ai_00007_001.cvc.smt::both::1
QF_AUFLIA/storecomm/storecomm_invalid_t1_np_nf_ni_00030_008.cvc.smt::both::1
QF_AUFLIA/swap/swap_t3_pp_sf_ai_00010_007.cvc.smt::z3::1
QF_AUFLIA/storecomm/storecomm_invalid_t1_np_sf_ni_00060_009.cvc.smt::both::1
QF_AUFLIA/storecomm/storecomm_invalid_t1_np_nf_ni_00040_003.cvc.smt::both::1
QF_AUFLIA/storecomm/storecomm_t1_pp_sf_ni_00030_005.cvc.smt::both::1
QF_AUFLIA/storecomm/storecomm_t3_pp_nf_ni_00030_007.cvc.smt::both::1
QF_AUFLIA/swap/swap_t1_pp_nf_ai_00002_002.cvc.smt::both::1
QF_AUFLIA/storecomm/storecomm_t3_pp_sf_ni_00040_005.cvc.smt::both::1
QF_AUFLIA/storecomm/storecomm_invalid_t3_pp_sf_ni_00010_007.cvc.smt::both::1
QF_AUFLIA/storecomm/storecomm_invalid_t1_pp_sf_ni_00040_007.cvc.smt::both::1
QF_AUFLIA/storecomm/storecomm_invalid_t1_pp_sf_ai_00050_009.cvc.smt::yices::1
QF_AUFLIA/storecomm/storecomm_t3_np_nf_ni_00010_007.cvc.smt::both::1
QF_AUFLIA/storecomm/storecomm_t3_pp_nf_ai_00060_006.cvc.smt::both::1
QF_AUFLIA/storecomm/storecomm_invalid_t1_pp_sf_ni_00010_003.cvc.smt::both::1
QF_AUFLIA/storecomm/storecomm_t3_np_nf_ni_00030_003.cvc.smt::both::1
QF_AUFLIA/storecomm/storecomm_invalid_t1_np_sf_ni_00020_003.cvc.smt::both::1
QF_AUFLIA/storecomm/storecomm_t2_np_sf_ni_00060_009.cvc.smt::both::1
QF_AUFLIA/storeinv/storeinv_t1_pp_nf_ai_00002_001.cvc.smt::both::1
QF_AUFLIA/storecomm/storecomm_invalid_t1_np_sf_ni_00020_007.cvc.smt::both::1
QF_AUFLIA/storecomm/storecomm_invalid_t3_pp_sf_ni_00020_006.cvc.smt::both::1
QF_AUFLIA/swap/swap_invalid_t3_pp_nf_ai_00002_005.cvc.smt::both::1
QF_AUFLIA/storecomm/storecomm_invalid_t3_np_nf_ni_00050_005.cvc.smt::both::1
QF_AUFLIA/storecomm/storecomm_invalid_t1_np_sf_ni_00030_003.cvc.smt::both::1
QF_AUFLIA/storecomm/storecomm_invalid_t3_pp_sf_ai_00040_002.cvc.smt::both::1
QF_AUFLIA/storecomm/storecomm_t2_np_sf_ni_00050_002.cvc.smt::both::1
QF_AUFLIA/storecomm/storecomm_invalid_t3_pp_sf_ai_00050_008.cvc.smt::yices::1
QF_AUFLIA/swap/swap_t3_pp_sf_ai_00002_006.cvc.smt::both::1
QF_AUFLIA/swap/swap_invalid_t1_pp_nf_ai_00007_006.cvc.smt::both::1
QF_AUFLIA/storecomm/storecomm_t1_pp_nf_ni_00030_001.cvc.smt::both::1
QF_AUFLIA/storecomm/storecomm_t1_pp_sf_ni_00010_004.cvc.smt::both::1
QF_AUFLIA/storecomm/storecomm_invalid_t3_pp_nf_ni_00020_005.cvc.smt::both::1
QF_AUFLIA/swap/swap_invalid_t1_pp_nf_ai_00005_003.cvc.smt::both::1
QF_AUFLIA/qlock2/qlock.base.13.smt::yices::5
QF_AUFLIA/qlock2/qlock.base.27.smt::yices::5
QF_AUFLIA/qlock2/qlock.base.30.smt::yices::5
QF_AUFLIA/qlock2/qlock.induction.28.smt::yices::5
Unknown Files:
