QF_AUFBV/egt/egt-4273.smt::both::1
QF_AUFBV/egt/egt-1868.smt::both::1
QF_AUFBV/egt/egt-7312.smt::both::1
QF_AUFBV/dwp_formulas/try5_small_noof_functions_dwp_env.set_quoting_style.il.dwp.smt::both::1
QF_AUFBV/egt/egt-1243.smt::both::1
QF_AUFBV/dwp_formulas/try5_small_difret_functions_wp_sha256sum.sha224_init_ctx.il.wp.smt::both::1
QF_AUFBV/egt/egt-7656.smt::both::1
QF_AUFBV/egt/egt-2975.smt::both::1
QF_AUFBV/egt/egt-0440.smt::both::1
QF_AUFBV/egt/egt-1127.smt::both::1
QF_AUFBV/dwp_formulas/try3_true_functions_dwp_uname.set_quoting_style.il.dwp.smt::both::1
QF_AUFBV/egt/egt-7023.smt::both::1
QF_AUFBV/egt/egt-6654.smt::both::1
QF_AUFBV/dwp_formulas/try3_sameret_functions_dwp_fmt.close_stdout_set_file_name.il.dwp.smt::both::1
QF_AUFBV/egt/egt-1715.smt::both::1
QF_AUFBV/egt/egt-3673.smt::both::1
QF_AUFBV/egt/egt-2110.smt::both::1
QF_AUFBV/egt/egt-5172.smt::both::1
QF_AUFBV/dwp_formulas/try3_sameret_functions_fse-bfs_base64.close_stdout_set_file_name.il.fse-bfs.smt::both::1
QF_AUFBV/egt/egt-6723.smt::both::1
QF_AUFBV/egt/egt-3670.smt::both::1
QF_AUFBV/egt/egt-4130.smt::both::1
QF_AUFBV/egt/egt-1661.smt::both::1
QF_AUFBV/dwp_formulas/try5_small_true_functions_wp_tsort.walk_tree.il.wp.smt::both::1
QF_AUFBV/egt/egt-4417.smt::both::1
QF_AUFBV/egt/egt-2780.smt::both::1
QF_AUFBV/egt/egt-4461.smt::both::1
QF_AUFBV/egt/egt-2545.smt::both::1
QF_AUFBV/egt/egt-0723.smt::both::1
QF_AUFBV/egt/egt-4662.smt::both::1
QF_AUFBV/egt/egt-4010.smt::both::1
QF_AUFBV/egt/egt-2638.smt::both::1
QF_AUFBV/egt/egt-5987.smt::both::1
QF_AUFBV/dwp_formulas/try5_small_noof_functions_wp_mv.hash_get_entries.il.wp.smt::z3::1
QF_AUFBV/egt/egt-1783.smt::both::1
QF_AUFBV/egt/egt-3722.smt::both::1
QF_AUFBV/dwp_formulas/try5_small_true_functions_flanagansaxe_vdir.bkm_scale.il.flanagansaxe.smt::both::1
QF_AUFBV/dwp_formulas/try3_true_functions_dwp_factor.get_quoting_style.il.dwp.smt::both::1
QF_AUFBV/dwp_formulas/try3_sameret_functions_dwp_mkfifo.quoting_options_from_style.il.dwp.smt::both::1
QF_AUFBV/dwp_formulas/try4_difret_functions_disjunctions_vdir.xstrcoll_size.il.disjunctions_4.smt::both::1
QF_AUFBV/egt/egt-6077.smt::both::1
QF_AUFBV/egt/egt-5766.smt::both::1
QF_AUFBV/egt/egt-1280.smt::both::1
QF_AUFBV/dwp_formulas/try3_sameret_functions_dwp_chgrp.close_stdout_set_file_name.il.dwp.smt::both::1
QF_AUFBV/stp_samples/run_00000.trace.cond_021513_0x7c80ab56_00.smt::both::1
QF_AUFBV/bench_ab/a65test0002.smt::both::1
QF_AUFBV/egt/egt-3180.smt::both::1
QF_AUFBV/dwp_formulas/try4_difret_functions_disjunctions_od.simple_strtoul.il.disjunctions_2.smt::both::1
QF_AUFBV/egt/egt-0221.smt::both::1
QF_AUFBV/dwp_formulas/try5_small_noof_functions_wp_comm.set_char_quoting.il.wp.smt::z3::1
QF_AUFBV/egt/egt-4837.smt::both::1
QF_AUFBV/egt/egt-4545.smt::both::1
QF_AUFBV/dwp_formulas/try5_small_difret_functions_wp_tac.set_quoting_style.il.wp.smt::both::1
QF_AUFBV/dwp_formulas/try5_small_difret_functions_wp_uniq.set_char_quoting.il.wp.smt::z3::1
QF_AUFBV/egt/egt-5572.smt::both::1
QF_AUFBV/egt/egt-4924.smt::both::1
QF_AUFBV/egt/egt-4889.smt::both::1
QF_AUFBV/egt/egt-2129.smt::both::1
QF_AUFBV/egt/egt-1131.smt::both::1
QF_AUFBV/egt/egt-1327.smt::both::1
QF_AUFBV/dwp_formulas/try5_small_noof_functions_flanagansaxe_csplit.calc_next.il.flanagansaxe.smt::yices::1
QF_AUFBV/dwp_formulas/try3_sameret_functions_dwp_link.get_quoting_style.il.dwp.smt::both::1
QF_AUFBV/egt/egt-2721.smt::both::1
QF_AUFBV/egt/egt-0800.smt::both::1
QF_AUFBV/egt/egt-0902.smt::both::1
QF_AUFBV/dwp_formulas/try5_small_noof_functions_flanagansaxe_touch.time_zone_hhmm.il.flanagansaxe.smt::yices::1
QF_AUFBV/egt/egt-6916.smt::both::1
QF_AUFBV/platania/no_init_selection_sort/no_init_selection_sort_safe2.c.smt::both::1
QF_AUFBV/dwp_formulas/try4_difret_functions_disjunctions_touch.close_stdout_set_file_name.il.disjunctions_0.smt::both::1
QF_AUFBV/brummayerbiere/wchains011se.smt::z3::1
QF_AUFBV/egt/egt-6982.smt::both::1
QF_AUFBV/egt/egt-7370.smt::both::1
QF_AUFBV/egt/egt-2144.smt::both::1
QF_AUFBV/dwp_formulas/try5_small_difret_functions_dwp_mv.quoting_options_from_style.il.dwp.smt::both::1
QF_AUFBV/egt/egt-7318.smt::both::1
QF_AUFBV/egt/egt-2556.smt::both::1
QF_AUFBV/egt/egt-5483.smt::both::1
QF_AUFBV/dwp_formulas/try5_small_noof_functions_fse-bfs_od.simple_strtoul.il.fse-bfs.smt::both::1
QF_AUFBV/egt/egt-3752.smt::both::1
QF_AUFBV/egt/egt-7506.smt::both::1
QF_AUFBV/dwp_formulas/try3_sameret_functions_dwp_vdir.initialize_ordering_vector.il.dwp.smt::yices::1
QF_AUFBV/egt/egt-2016.smt::both::1
QF_AUFBV/egt/egt-4016.smt::both::1
QF_AUFBV/egt/egt-0958.smt::both::1
QF_AUFBV/egt/egt-3844.smt::both::1
QF_AUFBV/egt/egt-3185.smt::both::1
QF_AUFBV/egt/egt-3687.smt::both::1
QF_AUFBV/dwp_formulas/try5_small_noof_functions_flanagansaxe_vdir.hash_table_ok.il.flanagansaxe.smt::yices::1
QF_AUFBV/dwp_formulas/try5_small_difret_functions_dwp_setuidgid.quoting_options_from_style.il.dwp.smt::both::1
QF_AUFBV/dwp_formulas/try4_difret_functions_disjunctions_ptx.compare_words.il.disjunctions_8.smt::z3::1
QF_AUFBV/egt/egt-0269.smt::both::1
QF_AUFBV/egt/egt-1932.smt::both::1
QF_AUFBV/egt/egt-7697.smt::both::1
QF_AUFBV/egt/egt-0268.smt::both::1
QF_AUFBV/dwp_formulas/try3_noof_functions_dwp_rmdir.set_quoting_style.il.dwp.smt::both::1
QF_AUFBV/egt/egt-2436.smt::both::1
QF_AUFBV/dwp_formulas/try4_difret_functions_disjunctions_test.set_quoting_style.il.disjunctions_1.smt::both::1
QF_AUFBV/egt/egt-6482.smt::both::1
QF_AUFBV/egt/egt-6259.smt::both::1
QF_AUFBV/dwp_formulas/try5_small_difret_functions_fse-bfs_md5sum.md5_init_ctx.il.fse-bfs.smt::both::1
QF_AUFBV/dwp_formulas/try3_sameret_functions_dwp_csplit.bkm_scale.il.dwp.smt::z3::1
QF_AUFBV/egt/egt-3263.smt::both::1
QF_AUFBV/egt/egt-3850.smt::both::1
QF_AUFBV/egt/egt-2124.smt::both::1
QF_AUFBV/egt/egt-0775.smt::both::1
QF_AUFBV/dwp_formulas/try3_noof_functions_dwp_who.get_quoting_style.il.dwp.smt::both::1
QF_AUFBV/dwp_formulas/try3_true_functions_dwp_pinky.set_char_quoting.il.dwp.smt::both::1
QF_AUFBV/egt/egt-2216.smt::both::1
QF_AUFBV/egt/egt-3213.smt::both::1
QF_AUFBV/dwp_formulas/try4_difret_functions_disjunctions_vdir.strmode.il.disjunctions_20.smt::both::1
QF_AUFBV/egt/egt-4160.smt::both::1
QF_AUFBV/dwp_formulas/try5_small_difret_functions_flanagansaxe_paste.close_stdout_set_file_name.il.flanagansaxe.smt::both::1
QF_AUFBV/dwp_formulas/try5_small_difret_functions_flanagansaxe_uname.close_stdout_set_file_name.il.flanagansaxe.smt::both::1
QF_AUFBV/egt/egt-2574.smt::both::1
QF_AUFBV/dwp_formulas/try5_small_difret_functions_wp_uname.close_stdout_set_file_name.il.wp.smt::both::1
QF_AUFBV/egt/egt-5020.smt::both::1
QF_AUFBV/egt/egt-4655.smt::both::1
QF_AUFBV/egt/egt-4625.smt::both::1
QF_AUFBV/egt/egt-1855.smt::both::1
QF_AUFBV/egt/egt-6107.smt::both::1
QF_AUFBV/dwp_formulas/try5_small_noof_functions_dwp_vdir.hash_string.il.dwp.smt::yices::1
QF_AUFBV/egt/egt-5974.smt::both::1
QF_AUFBV/egt/egt-2379.smt::both::1
QF_AUFBV/dwp_formulas/try3_sameret_functions_fse-bfs_vdir.set_quoting_style.il.fse-bfs.smt::both::1
QF_AUFBV/egt/egt-0171.smt::both::1
QF_AUFBV/egt/egt-0665.smt::both::1
QF_AUFBV/dwp_formulas/try5_small_difret_functions_wp_stat.set_char_quoting.il.wp.smt::z3::1
QF_AUFBV/egt/egt-4285.smt::both::1
QF_AUFBV/egt/egt-2086.smt::both::1
QF_AUFBV/dwp_formulas/try4_difret_functions_disjunctions_vdir.get_type_indicator.il.disjunctions_83.smt::both::1
QF_AUFBV/egt/egt-4863.smt::both::1
QF_AUFBV/egt/egt-7002.smt::both::1
QF_AUFBV/egt/egt-3952.smt::both::1
QF_AUFBV/egt/egt-4133.smt::both::1
QF_AUFBV/egt/egt-5403.smt::both::1
QF_AUFBV/egt/egt-2788.smt::both::1
QF_AUFBV/egt/egt-4181.smt::both::1
QF_AUFBV/egt/egt-0617.smt::both::1
QF_AUFBV/dwp_formulas/try3_sameret_functions_dwp_comm.get_quoting_style.il.dwp.smt::both::1
QF_AUFBV/dwp_formulas/try5_small_difret_functions_flanagansaxe_users.get_quoting_style.il.flanagansaxe.smt::both::1
QF_AUFBV/egt/egt-3848.smt::both::1
QF_AUFBV/egt/egt-2864.smt::both::1
QF_AUFBV/platania/no_init_extract_sublist/no_init_extract_sublist15.smt::both::1
QF_AUFBV/egt/egt-4387.smt::both::1
QF_AUFBV/egt/egt-0872.smt::both::1
QF_AUFBV/egt/egt-3300.smt::both::1
QF_AUFBV/dwp_formulas/try5_small_difret_functions_fse-bfs_yes.set_quoting_style.il.fse-bfs.smt::both::1
QF_AUFBV/egt/egt-0683.smt::both::1
QF_AUFBV/egt/egt-6904.smt::both::1
QF_AUFBV/egt/egt-4313.smt::both::1
QF_AUFBV/egt/egt-0833.smt::both::1
QF_AUFBV/dwp_formulas/try5_small_difret_functions_flanagansaxe_date.yydestruct.il.flanagansaxe.smt::both::1
QF_AUFBV/egt/egt-0340.smt::both::1
QF_AUFBV/egt/egt-7184.smt::both::1
QF_AUFBV/dwp_formulas/try4_difret_functions_disjunctions_uptime.set_quoting_style.il.disjunctions_1.smt::both::1
QF_AUFBV/dwp_formulas/try3_noof_functions_dwp_logname.set_quoting_style.il.dwp.smt::both::1
QF_AUFBV/egt/egt-2886.smt::both::1
QF_AUFBV/egt/egt-1614.smt::both::1
QF_AUFBV/egt/egt-1809.smt::both::1
QF_AUFBV/egt/egt-5612.smt::both::1
QF_AUFBV/egt/egt-4024.smt::both::1
QF_AUFBV/egt/egt-0673.smt::both::1
QF_AUFBV/egt/egt-7652.smt::both::1
QF_AUFBV/egt/egt-4307.smt::both::1
QF_AUFBV/egt/egt-2944.smt::both::1
QF_AUFBV/egt/egt-3567.smt::both::1
QF_AUFBV/egt/egt-2485.smt::both::1
QF_AUFBV/egt/egt-1473.smt::both::1
QF_AUFBV/dwp_formulas/try5_small_noof_functions_flanagansaxe_csplit.optimize_subexps.il.flanagansaxe.smt::yices::5
QF_AUFBV/dwp_formulas/try5_small_difret_functions_flanagansaxe_tac.search_cur_bkref_entry.il.flanagansaxe.smt::yices::5
QF_AUFBV/dwp_formulas/try5_small_difret_functions_flanagansaxe_uniq.set_quoting_style.il.flanagansaxe.smt::both::5
QF_AUFBV/dwp_formulas/try5_small_difret_functions_flanagansaxe_join.set_char_quoting.il.flanagansaxe.smt::z3::5
QF_AUFBV/dwp_formulas/try5_small_true_functions_wp_tac.find_subexp_node.il.wp.smt::z3::5
QF_AUFBV/dwp_formulas/try3_noof_functions_dwp_ptx.re_string_translate_buffer.il.dwp.smt::yices::5
QF_AUFBV/dwp_formulas/try3_true_functions_dwp_expr.re_node_set_remove_at.il.dwp.smt::yices::5
QF_AUFBV/dwp_formulas/try3_sameret_functions_dwp_ptx.re_node_set_contains.il.dwp.smt::yices::5
QF_AUFBV/dwp_formulas/try5_small_difret_functions_flanagansaxe_csplit.re_node_set_remove_at.il.flanagansaxe.smt::yices::5
QF_AUFBV/dwp_formulas/try5_small_noof_functions_flanagansaxe_cut.set_char_quoting.il.flanagansaxe.smt::both::5
QF_AUFBV/dwp_formulas/try3_sameret_functions_dwp_pr.reset_status.il.dwp.smt::z3::10
QF_AUFBV/dwp_formulas/try5_small_difret_functions_wp_sha224sum.set_char_quoting.il.wp.smt::z3::10
QF_AUFBV/dwp_formulas/try3_sameret_functions_dwp_expand.set_char_quoting.il.dwp.smt::yices::30
QF_AUFBV/dwp_formulas/try3_sameret_functions_dwp_nl.set_char_quoting.il.dwp.smt::yices::30
QF_AUFBV/dwp_formulas/try3_noof_functions_dwp_mv.buffer_lcm.il.dwp.smt::both::30
QF_AUFBV/dwp_formulas/try3_true_functions_dwp_vdir.rev_xstrcoll_size.il.dwp.smt::both::30
QF_AUFBV/dwp_formulas/try3_sameret_functions_dwp_pr.set_char_quoting.il.dwp.smt::yices::30
QF_AUFBV/dwp_formulas/try5_small_true_functions_dwp_od.get_lcm.il.dwp.smt::yices::60
QF_AUFBV/dwp_formulas/try5_small_noof_functions_flanagansaxe_shuf.isaac_refill.il.flanagansaxe.smt::z3::60
QF_AUFBV/dwp_formulas/try5_small_difret_functions_wp_shred.set_char_quoting.il.wp.smt::both::60
QF_AUFBV/platania/no_init_bubble_sort/no_init_bubble_sort_unsafe7.c.smt::z3::120
QF_AUFBV/brummayerbiere3/unconstrained07.smt::z3::120
QF_AUFBV/dwp_formulas/try5_small_difret_functions_dwp_hostid.set_char_quoting.il.dwp.smt::z3::300
QF_AUFBV/dwp_formulas/try5_small_difret_functions_dwp_ptx.re_node_set_remove_at.il.dwp.smt::z3::300
QF_AUFBV/dwp_formulas/try5_small_difret_functions_dwp_tr.set_char_quoting.il.dwp.smt::z3::300
QF_AUFBV/platania/bellford/bf9.c.smt::yices::300
QF_AUFBV/dwp_formulas/try5_small_difret_functions_dwp_tac.search_cur_bkref_entry.il.dwp.smt::yices::600
QF_AUFBV/brummayerbiere/wchains095ue.smt::z3::600
Unknown Files:
QF_AUFBV/brummayerbiere2/countbitstableoffbyone0128.smt
QF_AUFBV/brummayerbiere/fifo32in08k09.smt
QF_AUFBV/dwp_formulas/try5_small_difret_functions_dwp_tail.pretty_name.il.dwp.smt
QF_AUFBV/calc2/calc2_sec2_shifter_bmc30.atlas.smt
