QF_BV/sage/app7/bench_7431.smt::both::1
QF_BV/sage/app8/bench_1128.smt::both::1
QF_BV/sage/app9/bench_2187.smt::both::1
QF_BV/sage/app7/bench_3972.smt::z3::1
QF_BV/uclid/catchconv/convert-jpg2gif-query-1142.smt::z3::1
QF_BV/sage/app1/bench_40.smt::both::1
QF_BV/sage/app12/bench_437.smt::both::1
QF_BV/sage/app12/bench_3283.smt::both::1
QF_BV/sage/app9/bench_2759.smt::both::1
QF_BV/sage/app12/bench_5680.smt::both::1
QF_BV/sage/app2/bench_351.smt::both::1
QF_BV/stp_samples/run_03230.trace.cond_029144_0x4183dc_00.smt::both::1
QF_BV/sage/app7/bench_5211.smt::both::1
QF_BV/sage/app12/bench_4650.smt::both::1
QF_BV/sage/app8/bench_1126.smt::both::1
QF_BV/sage/app1/bench_2221.smt::both::1
QF_BV/sage/app2/bench_1073.smt::both::1
QF_BV/sage/app11/bench_159.smt::z3::1
QF_BV/sage/app12/bench_5381.smt::both::1
QF_BV/sage/app8/bench_3002.smt::both::1
QF_BV/sage/app7/bench_6261.smt::both::1
QF_BV/sage/app1/bench_2454.smt::both::1
QF_BV/sage/app7/bench_3172.smt::z3::1
QF_BV/sage/app8/bench_1684.smt::both::1
QF_BV/stp_samples/run_03230.trace.cond_028756_0x4183cd_00.smt::both::1
QF_BV/sage/app7/bench_8600.smt::z3::1
QF_BV/sage/app12/bench_3643.smt::both::1
QF_BV/sage/app12/bench_2.smt::both::1
QF_BV/sage/app9/bench_2723.smt::both::1
QF_BV/sage/app1/bench_1274.smt::both::1
QF_BV/sage/app9/bench_1586.smt::both::1
QF_BV/sage/app12/bench_2149.smt::both::1
QF_BV/sage/app9/bench_1616.smt::both::1
QF_BV/sage/app7/bench_4726.smt::z3::1
QF_BV/sage/app1/bench_557.smt::both::1
QF_BV/dwp_formulas/try5_small_noof_functions_flanagansaxe_pr.quoting_options_from_style.il.flanagansaxe.smt::both::1
QF_BV/sage/app12/bench_3800.smt::both::1
QF_BV/stp_samples/run_03230.trace.cond_030368_0x4181f7_00.smt::both::1
QF_BV/sage/app7/bench_6233.smt::both::1
QF_BV/bench_ab/a186test0002.smt::both::1
QF_BV/sage/app7/bench_2101.smt::z3::1
QF_BV/sage/app12/bench_2903.smt::both::1
QF_BV/sage/app9/bench_1719.smt::both::1
QF_BV/sage/app9/bench_1181.smt::both::1
QF_BV/sage/app1/bench_1248.smt::both::1
QF_BV/sage/app2/bench_384.smt::both::1
QF_BV/sage/app9/bench_2960.smt::both::1
QF_BV/sage/app8/bench_3633.smt::both::1
QF_BV/sage/app11/bench_585.smt::z3::1
QF_BV/sage/app6/bench_156.smt::both::1
QF_BV/sage/app7/bench_5236.smt::z3::1
QF_BV/sage/app7/bench_6784.smt::both::1
QF_BV/sage/app8/bench_2231.smt::both::1
QF_BV/dwp_formulas/try5_small_noof_functions_dwp_shuf.quoting_options_from_style.il.dwp.smt::both::1
QF_BV/sage/app12/bench_4200.smt::both::1
QF_BV/sage/app12/bench_3129.smt::both::1
QF_BV/sage/app9/bench_3188.smt::both::1
QF_BV/sage/app9/bench_3068.smt::both::1
QF_BV/sage/app7/bench_5494.smt::both::1
QF_BV/sage/app7/bench_3318.smt::both::1
QF_BV/sage/app1/bench_1188.smt::both::1
QF_BV/sage/app7/bench_7238.smt::both::1
QF_BV/sage/app8/bench_1171.smt::both::1
QF_BV/sage/app7/bench_386.smt::z3::1
QF_BV/sage/app7/bench_3541.smt::z3::1
QF_BV/sage/app12/bench_3573.smt::both::1
QF_BV/sage/app8/bench_401.smt::both::1
QF_BV/sage/app7/bench_6931.smt::both::1
QF_BV/sage/app12/bench_5340.smt::both::1
QF_BV/sage/app8/bench_2219.smt::both::1
QF_BV/sage/app9/bench_2453.smt::both::1
QF_BV/sage/app7/bench_898.smt::z3::1
QF_BV/sage/app8/bench_545.smt::both::1
QF_BV/sage/app7/bench_7965.smt::both::1
QF_BV/sage/app8/bench_3755.smt::both::1
QF_BV/sage/app12/bench_3883.smt::both::1
QF_BV/sage/app7/bench_6829.smt::both::1
QF_BV/sage/app12/bench_3524.smt::both::1
QF_BV/sage/app12/bench_3072.smt::both::1
QF_BV/sage/app7/bench_4933.smt::both::1
QF_BV/sage/app8/bench_1261.smt::both::1
QF_BV/sage/app12/bench_4616.smt::both::1
QF_BV/sage/app9/bench_330.smt::both::1
QF_BV/stp_samples/run_00000.trace.cond_285182_0xe7af5e_00.smt::both::1
QF_BV/sage/app1/bench_2335.smt::both::1
QF_BV/sage/app9/bench_3187.smt::both::1
QF_BV/sage/app12/bench_4225.smt::both::1
QF_BV/sage/app12/bench_536.smt::both::1
QF_BV/sage/app9/bench_2467.smt::both::1
QF_BV/sage/app12/bench_2034.smt::both::1
QF_BV/sage/app2/bench_950.smt::both::1
QF_BV/sage/app7/bench_6231.smt::both::1
QF_BV/sage/app7/bench_854.smt::both::1
QF_BV/sage/app7/bench_6842.smt::both::1
QF_BV/sage/app7/bench_2227.smt::z3::1
QF_BV/sage/app8/bench_399.smt::both::1
QF_BV/sage/app7/bench_3708.smt::z3::1
QF_BV/sage/app12/bench_3380.smt::both::1
QF_BV/sage/app9/bench_1769.smt::both::1
QF_BV/sage/app9/bench_2222.smt::both::1
QF_BV/sage/app11/bench_463.smt::z3::1
QF_BV/sage/app12/bench_1383.smt::both::1
QF_BV/bruttomesso/core/ext_con_036_064_0256.smt::z3::1
QF_BV/sage/app7/bench_937.smt::both::1
QF_BV/sage/app1/bench_1439.smt::both::1
QF_BV/sage/app7/bench_8660.smt::z3::1
QF_BV/sage/app12/bench_4281.smt::both::1
QF_BV/sage/app12/bench_3982.smt::both::1
QF_BV/sage/app9/bench_1543.smt::both::1
QF_BV/sage/app8/bench_110.smt::both::1
QF_BV/sage/app8/bench_3774.smt::both::1
QF_BV/bench_ab/a435test0039.smt::both::1
QF_BV/sage/app12/bench_4649.smt::both::1
QF_BV/sage/app9/bench_2021.smt::both::1
QF_BV/sage/app9/bench_2468.smt::both::1
QF_BV/stp_samples/run_03230.trace.cond_029098_0x4183dc_00.smt::both::1
QF_BV/sage/app1/bench_877.smt::both::1
QF_BV/dwp_formulas/try5_small_noof_functions_flanagansaxe_mv.dev_info_compare.il.flanagansaxe.smt::both::1
QF_BV/sage/app2/bench_273.smt::both::1
QF_BV/sage/app12/bench_3160.smt::both::1
QF_BV/sage/app7/bench_6483.smt::both::1
QF_BV/sage/app12/bench_5715.smt::both::1
QF_BV/sage/app9/bench_2815.smt::both::1
QF_BV/sage/app7/bench_6631.smt::both::1
QF_BV/sage/app7/bench_6945.smt::both::1
QF_BV/sage/app12/bench_2955.smt::both::1
QF_BV/bruttomesso/core/ext_con_060_004_0032.smt::z3::1
QF_BV/sage/app12/bench_809.smt::both::1
QF_BV/sage/app7/bench_5778.smt::both::1
QF_BV/sage/app8/bench_1266.smt::both::1
QF_BV/sage/app1/bench_1976.smt::both::1
QF_BV/sage/app9/bench_2659.smt::both::1
QF_BV/sage/app7/bench_2229.smt::z3::1
QF_BV/bruttomesso/core/ext_con_020_004_0512.smt::z3::1
QF_BV/sage/app11/bench_306.smt::z3::1
QF_BV/sage/app2/bench_158.smt::both::1
QF_BV/sage/app8/bench_2631.smt::both::1
QF_BV/sage/app7/bench_6976.smt::both::1
QF_BV/sage/app5/bench_1167.smt::both::1
QF_BV/sage/app7/bench_1724.smt::z3::1
QF_BV/sage/app8/bench_2072.smt::both::1
QF_BV/stp_samples/run_03230.trace.cond_012025_0x4182de_00.smt::both::1
QF_BV/sage/app7/bench_3456.smt::z3::1
QF_BV/sage/app7/bench_62.smt::z3::1
QF_BV/sage/app9/bench_1115.smt::both::1
QF_BV/sage/app12/bench_1041.smt::both::1
QF_BV/sage/app1/bench_2362.smt::both::1
QF_BV/sage/app7/bench_6969.smt::z3::1
QF_BV/sage/app5/bench_885.smt::both::1
QF_BV/sage/app7/bench_8354.smt::both::1
QF_BV/sage/app12/bench_5402.smt::both::1
QF_BV/sage/app9/bench_2022.smt::both::1
QF_BV/sage/app7/bench_8317.smt::both::1
QF_BV/sage/app12/bench_3275.smt::both::1
QF_BV/sage/app7/bench_1474.smt::both::1
QF_BV/sage/app7/bench_5847.smt::z3::1
QF_BV/sage/app1/bench_2423.smt::both::1
QF_BV/sage/app2/bench_604.smt::z3::1
QF_BV/sage/app12/bench_3878.smt::both::1
QF_BV/sage/app12/bench_293.smt::both::1
QF_BV/sage/app7/bench_1905.smt::z3::1
QF_BV/sage/app8/bench_2742.smt::both::1
QF_BV/sage/app1/bench_1070.smt::both::1
QF_BV/sage/app1/bench_1545.smt::both::1
QF_BV/sage/app9/bench_2321.smt::both::1
QF_BV/sage/app7/bench_2943.smt::both::1
QF_BV/sage/app1/bench_35.smt::both::1
QF_BV/uclid/catchconv/convert-jpg2gif-query-2120.smt::both::1
QF_BV/stp_samples/run_03230.trace.cond_012193_0x4182de_00.smt::both::1
QF_BV/sage/app7/bench_7076.smt::both::1
QF_BV/sage/app7/bench_7601.smt::both::1
QF_BV/stp_samples/run_03230.trace.cond_012095_0x4182de_00.smt::both::1
QF_BV/sage/app9/bench_329.smt::both::1
QF_BV/sage/app12/bench_2739.smt::both::1
QF_BV/sage/app12/bench_3849.smt::both::1
QF_BV/sage/app9/bench_2579.smt::both::1
QF_BV/bruttomesso/core/ext_con_004_016_1024.smt::z3::1
QF_BV/sage/app2/bench_669.smt::z3::1
QF_BV/sage/app7/bench_2885.smt::z3::1
QF_BV/sage/app7/bench_8078.smt::both::1
QF_BV/sage/app8/bench_1423.smt::both::1
QF_BV/sage/app9/bench_3207.smt::both::1
QF_BV/sage/app7/bench_6074.smt::both::1
QF_BV/sage/app12/bench_3362.smt::both::1
QF_BV/sage/app9/bench_1810.smt::both::1
QF_BV/sage/app1/bench_85.smt::z3::1
QF_BV/sage/app1/bench_2576.smt::both::1
QF_BV/sage/app12/bench_733.smt::both::1
QF_BV/sage/app5/bench_2.smt::z3::1
QF_BV/sage/app9/bench_2129.smt::both::1
QF_BV/sage/app9/bench_3071.smt::both::1
QF_BV/sage/app9/bench_263.smt::both::1
QF_BV/bench_ab/a636test0058.smt::both::1
QF_BV/bench_ab/a637test0068.smt::both::1
QF_BV/sage/app9/bench_3062.smt::both::1
QF_BV/sage/app8/bench_1768.smt::both::1
QF_BV/sage/app9/bench_547.smt::both::1
QF_BV/sage/app12/bench_4625.smt::both::1
QF_BV/sage/app7/bench_2487.smt::z3::1
QF_BV/sage/app7/bench_6855.smt::both::1
QF_BV/sage/app7/bench_1942.smt::z3::1
QF_BV/sage/app8/bench_2189.smt::both::1
QF_BV/sage/app7/bench_3395.smt::both::1
QF_BV/sage/app9/bench_789.smt::both::1
QF_BV/sage/app12/bench_522.smt::both::1
QF_BV/sage/app12/bench_3753.smt::both::1
QF_BV/sage/app7/bench_6374.smt::both::1
QF_BV/sage/app8/bench_3381.smt::both::1
QF_BV/sage/app2/bench_817.smt::both::1
QF_BV/sage/app6/bench_14.smt::both::1
QF_BV/sage/app7/bench_949.smt::z3::1
QF_BV/sage/app2/bench_940.smt::both::1
QF_BV/sage/app5/bench_732.smt::both::1
QF_BV/bruttomesso/core/ext_con_020_002_0128.smt::z3::1
QF_BV/sage/app7/bench_3900.smt::z3::1
QF_BV/sage/app8/bench_3801.smt::both::1
QF_BV/sage/app1/bench_1694.smt::both::1
QF_BV/sage/app8/bench_1188.smt::both::1
QF_BV/sage/app2/bench_318.smt::both::1
QF_BV/sage/app7/bench_416.smt::z3::1
QF_BV/sage/app12/bench_5266.smt::both::1
QF_BV/sage/app9/bench_1044.smt::both::1
QF_BV/sage/app7/bench_4066.smt::z3::1
QF_BV/sage/app9/bench_1606.smt::both::1
QF_BV/sage/app9/bench_310.smt::both::1
QF_BV/sage/app9/bench_152.smt::both::1
QF_BV/sage/app7/bench_6439.smt::both::1
QF_BV/sage/app2/bench_263.smt::both::1
QF_BV/sage/app2/bench_1061.smt::both::1
QF_BV/sage/app8/bench_2745.smt::both::1
QF_BV/sage/app8/bench_1895.smt::both::1
QF_BV/sage/app2/bench_1139.smt::both::1
QF_BV/sage/app1/bench_235.smt::both::1
QF_BV/sage/app7/bench_4833.smt::z3::1
QF_BV/sage/app8/bench_3119.smt::both::1
QF_BV/sage/app1/bench_607.smt::both::1
QF_BV/sage/app12/bench_3034.smt::both::1
QF_BV/sage/app9/bench_1256.smt::both::1
QF_BV/sage/app9/bench_1194.smt::both::1
QF_BV/sage/app12/bench_5524.smt::both::1
QF_BV/uclid/catchconv/convert-jpg2gif-query-1577.smt::z3::1
QF_BV/sage/app5/bench_1143.smt::both::1
QF_BV/sage/app7/bench_2555.smt::z3::1
QF_BV/bruttomesso/core/ext_con_008_064_0256.smt::z3::1
QF_BV/sage/app2/bench_1053.smt::both::1
QF_BV/sage/app1/bench_905.smt::both::1
QF_BV/sage/app12/bench_1077.smt::both::1
QF_BV/sage/app7/bench_1719.smt::z3::1
QF_BV/bruttomesso/core/ext_con_028_004_1024.smt::z3::1
QF_BV/sage/app7/bench_3339.smt::z3::1
QF_BV/bench_ab/a79test0003.smt::both::1
QF_BV/sage/app1/bench_2509.smt::both::1
QF_BV/sage/app12/bench_4864.smt::both::1
QF_BV/sage/app9/bench_1935.smt::both::1
QF_BV/sage/app9/bench_98.smt::both::1
QF_BV/sage/app8/bench_1027.smt::both::1
QF_BV/sage/app12/bench_5352.smt::both::1
QF_BV/sage/app8/bench_3386.smt::both::1
QF_BV/sage/app8/bench_526.smt::both::1
QF_BV/sage/app5/bench_366.smt::both::1
QF_BV/bruttomesso/lfsr/lfsr_004_111_048.smt::z3::1
QF_BV/sage/app1/bench_1263.smt::both::1
QF_BV/sage/app7/bench_878.smt::z3::1
QF_BV/sage/app1/bench_1025.smt::both::1
QF_BV/sage/app9/bench_919.smt::both::1
QF_BV/sage/app9/bench_1189.smt::both::1
QF_BV/sage/app9/bench_1838.smt::both::1
QF_BV/sage/app7/bench_5577.smt::both::1
QF_BV/sage/app12/bench_4719.smt::both::1
QF_BV/sage/app12/bench_3416.smt::both::1
QF_BV/sage/app9/bench_3059.smt::both::1
QF_BV/sage/app7/bench_7005.smt::both::1
QF_BV/sage/app9/bench_1280.smt::both::1
QF_BV/sage/app7/bench_2473.smt::both::1
QF_BV/sage/app1/bench_1343.smt::both::1
QF_BV/sage/app8/bench_2895.smt::both::1
QF_BV/sage/app2/bench_997.smt::both::1
QF_BV/sage/app1/bench_1177.smt::both::1
QF_BV/sage/app8/bench_270.smt::both::1
QF_BV/sage/app9/bench_225.smt::both::1
QF_BV/sage/app7/bench_2385.smt::both::1
QF_BV/sage/app7/bench_8117.smt::both::1
QF_BV/sage/app1/bench_1396.smt::both::1
QF_BV/uclid/catchconv/convert-jpg2gif-query-1163.smt::z3::1
QF_BV/sage/app12/bench_5769.smt::both::1
QF_BV/sage/app8/bench_2772.smt::both::1
QF_BV/sage/app7/bench_2941.smt::both::1
QF_BV/sage/app1/bench_2398.smt::z3::1
QF_BV/sage/app1/bench_1857.smt::both::1
QF_BV/sage/app1/bench_2650.smt::z3::1
QF_BV/sage/app7/bench_397.smt::z3::1
QF_BV/sage/app8/bench_1083.smt::both::1
QF_BV/sage/app8/bench_2292.smt::both::1
QF_BV/sage/app2/bench_382.smt::both::1
QF_BV/sage/app12/bench_1101.smt::both::1
QF_BV/sage/app7/bench_4966.smt::both::1
QF_BV/sage/app12/bench_5253.smt::both::1
QF_BV/bruttomesso/core/ext_con_040_008_0032.smt::z3::1
QF_BV/sage/app12/bench_5398.smt::both::1
QF_BV/sage/app7/bench_7218.smt::both::1
QF_BV/sage/app12/bench_3041.smt::both::1
QF_BV/sage/app7/bench_4768.smt::z3::1
QF_BV/sage/app12/bench_3457.smt::both::1
QF_BV/sage/app7/bench_7468.smt::both::1
QF_BV/sage/app12/bench_635.smt::both::1
QF_BV/sage/app12/bench_3732.smt::both::1
QF_BV/sage/app2/bench_754.smt::both::1
QF_BV/sage/app12/bench_4119.smt::both::1
QF_BV/sage/app12/bench_2889.smt::both::1
QF_BV/sage/app12/bench_5142.smt::both::1
QF_BV/sage/app5/bench_1037.smt::both::1
QF_BV/sage/app9/bench_2034.smt::both::1
QF_BV/sage/app7/bench_3454.smt::z3::1
QF_BV/sage/app7/bench_8455.smt::both::1
QF_BV/sage/app1/bench_1486.smt::both::1
QF_BV/sage/app12/bench_5092.smt::both::1
QF_BV/sage/app12/bench_2092.smt::both::1
QF_BV/bruttomesso/core/ext_con_040_032_0128.smt::z3::1
QF_BV/sage/app7/bench_1088.smt::both::1
QF_BV/sage/app1/bench_553.smt::both::1
QF_BV/sage/app7/bench_5588.smt::both::1
QF_BV/sage/app7/bench_5794.smt::both::1
QF_BV/sage/app8/bench_1394.smt::both::1
QF_BV/sage/app9/bench_3170.smt::both::1
QF_BV/sage/app5/bench_918.smt::both::1
QF_BV/sage/app7/bench_1301.smt::z3::1
QF_BV/sage/app7/bench_2946.smt::both::1
QF_BV/sage/app1/bench_1413.smt::both::1
QF_BV/sage/app12/bench_3675.smt::both::1
QF_BV/sage/app7/bench_2618.smt::z3::1
QF_BV/sage/app7/bench_1247.smt::z3::1
QF_BV/sage/app5/bench_692.smt::both::1
QF_BV/sage/app9/bench_3145.smt::both::1
QF_BV/sage/app12/bench_750.smt::both::1
QF_BV/sage/app6/bench_42.smt::both::1
QF_BV/sage/app2/bench_28.smt::both::1
QF_BV/sage/app7/bench_1602.smt::z3::1
QF_BV/sage/app5/bench_702.smt::both::1
QF_BV/sage/app12/bench_5000.smt::both::1
QF_BV/sage/app8/bench_3631.smt::both::1
QF_BV/sage/app1/bench_2544.smt::both::1
QF_BV/sage/app9/bench_378.smt::both::1
QF_BV/sage/app8/bench_2987.smt::both::1
QF_BV/sage/app9/bench_424.smt::both::1
QF_BV/sage/app7/bench_8228.smt::both::1
QF_BV/sage/app12/bench_1759.smt::both::1
QF_BV/sage/app9/bench_297.smt::both::1
QF_BV/sage/app12/bench_2162.smt::both::1
QF_BV/sage/app2/bench_680.smt::z3::1
QF_BV/sage/app12/bench_3902.smt::both::1
QF_BV/sage/app12/bench_4070.smt::both::1
QF_BV/sage/app12/bench_776.smt::both::1
QF_BV/sage/app8/bench_3624.smt::both::1
QF_BV/sage/app7/bench_5890.smt::both::1
QF_BV/sage/app1/bench_925.smt::both::1
QF_BV/sage/app2/bench_1415.smt::z3::1
QF_BV/sage/app1/bench_272.smt::both::1
QF_BV/sage/app7/bench_6323.smt::both::1
QF_BV/sage/app12/bench_2355.smt::both::1
QF_BV/sage/app12/bench_1363.smt::both::1
QF_BV/sage/app7/bench_2761.smt::z3::1
QF_BV/sage/app2/bench_18.smt::both::1
QF_BV/sage/app9/bench_2201.smt::both::1
QF_BV/sage/app7/bench_1011.smt::both::1
QF_BV/sage/app2/bench_494.smt::z3::1
QF_BV/sage/app7/bench_4202.smt::both::1
QF_BV/sage/app1/bench_2384.smt::both::1
QF_BV/sage/app9/bench_160.smt::both::1
QF_BV/sage/app8/bench_1363.smt::both::1
QF_BV/sage/app12/bench_1776.smt::both::1
QF_BV/sage/app8/bench_398.smt::z3::1
QF_BV/sage/app7/bench_975.smt::z3::1
QF_BV/sage/app7/bench_6235.smt::both::1
QF_BV/sage/app7/bench_4325.smt::z3::1
QF_BV/sage/app12/bench_4055.smt::both::1
QF_BV/sage/app8/bench_3404.smt::both::1
QF_BV/bruttomesso/core/ext_con_064_032_0128.smt::z3::1
QF_BV/sage/app7/bench_7101.smt::both::1
QF_BV/sage/app7/bench_1486.smt::both::1
QF_BV/sage/app7/bench_520.smt::z3::1
QF_BV/sage/app7/bench_7220.smt::both::1
QF_BV/sage/app7/bench_2790.smt::z3::1
QF_BV/sage/app12/bench_4693.smt::both::1
QF_BV/sage/app12/bench_627.smt::both::1
QF_BV/sage/app12/bench_2920.smt::both::1
QF_BV/sage/app1/bench_464.smt::both::1
QF_BV/sage/app11/bench_245.smt::z3::1
QF_BV/sage/app9/bench_1102.smt::both::1
QF_BV/sage/app8/bench_727.smt::both::1
QF_BV/sage/app12/bench_3114.smt::both::1
QF_BV/sage/app8/bench_1932.smt::both::1
QF_BV/sage/app9/bench_1332.smt::both::1
QF_BV/sage/app9/bench_2641.smt::both::1
QF_BV/sage/app7/bench_3894.smt::both::1
QF_BV/sage/app7/bench_7521.smt::both::1
QF_BV/sage/app8/bench_2261.smt::both::1
QF_BV/sage/app7/bench_5073.smt::both::1
QF_BV/sage/app11/bench_596.smt::z3::1
QF_BV/bruttomesso/core/ext_con_032_002_0256.smt::z3::1
QF_BV/sage/app8/bench_1087.smt::both::1
QF_BV/sage/app12/bench_1076.smt::both::1
QF_BV/sage/app7/bench_3964.smt::z3::1
QF_BV/sage/app7/bench_7227.smt::both::1
QF_BV/sage/app7/bench_4974.smt::both::1
QF_BV/sage/app12/bench_789.smt::both::1
QF_BV/sage/app7/bench_1693.smt::z3::1
QF_BV/sage/app12/bench_3823.smt::both::1
QF_BV/sage/app9/bench_2497.smt::both::1
QF_BV/sage/app12/bench_247.smt::both::1
QF_BV/sage/app9/bench_511.smt::both::1
QF_BV/sage/app12/bench_4266.smt::both::1
QF_BV/sage/app7/bench_6400.smt::both::1
QF_BV/sage/app8/bench_421.smt::both::1
QF_BV/sage/app7/bench_5555.smt::both::1
QF_BV/sage/app9/bench_2487.smt::both::1
QF_BV/sage/app8/bench_2197.smt::both::1
QF_BV/sage/app7/bench_530.smt::z3::1
QF_BV/sage/app7/bench_6698.smt::both::1
QF_BV/sage/app12/bench_2271.smt::both::1
QF_BV/sage/app9/bench_2119.smt::both::1
QF_BV/sage/app1/bench_2078.smt::both::1
QF_BV/dwp_formulas/try3_noof_functions_dwp_cat.quoting_options_from_style.il.dwp.smt::both::1
QF_BV/sage/app9/bench_129.smt::both::1
QF_BV/sage/app12/bench_140.smt::both::1
QF_BV/sage/app7/bench_6638.smt::both::1
QF_BV/stp_samples/run_03230.trace.cond_028978_0x4183c8_00.smt::both::1
QF_BV/sage/app12/bench_291.smt::both::1
QF_BV/bruttomesso/lfsr/lfsr_002_111_128.smt::z3::1
QF_BV/bruttomesso/core/ext_con_040_001_0128.smt::z3::1
QF_BV/sage/app8/bench_380.smt::both::1
QF_BV/sage/app1/bench_2186.smt::z3::1
QF_BV/sage/app8/bench_2390.smt::both::1
QF_BV/sage/app12/bench_4932.smt::both::1
QF_BV/sage/app7/bench_7330.smt::both::1
QF_BV/sage/app7/bench_6813.smt::both::1
QF_BV/bruttomesso/core/ext_con_036_004_0016.smt::z3::1
QF_BV/sage/app12/bench_1795.smt::both::1
QF_BV/sage/app12/bench_2858.smt::both::1
QF_BV/sage/app1/bench_1991.smt::both::1
QF_BV/sage/app9/bench_186.smt::both::1
QF_BV/sage/app7/bench_7424.smt::z3::5
QF_BV/spear/samba_v3.0.24/bin_libsmbsharemodes_vc7717.smt::z3::5
QF_BV/spear/samba_v3.0.24/bin_libsmbsharemodes_vc6300.smt::z3::5
QF_BV/sage/app7/bench_8413.smt::z3::5
QF_BV/sage/app7/bench_3047.smt::z3::5
QF_BV/spear/samba_v3.0.24/bin_libsmbsharemodes_vc7637.smt::z3::5
QF_BV/bruttomesso/core/ext_con_040_064_0512.smt::z3::5
QF_BV/uclid/catchconv/convert-jpg2gif-query-1426.smt::z3::5
QF_BV/bruttomesso/core/ext_con_060_032_0512.smt::z3::5
QF_BV/sage/app7/bench_90.smt::z3::5
QF_BV/sage/app7/bench_2069.smt::z3::5
QF_BV/spear/samba_v3.0.24/bin_libsmbclient_vc1225740.smt::z3::5
QF_BV/spear/samba_v3.0.24/bin_libsmbsharemodes_vc6334.smt::z3::5
QF_BV/spear/samba_v3.0.24/bin_libsmbsharemodes_vc6284.smt::z3::5
QF_BV/sage/app1/bench_1130.smt::both::5
QF_BV/sage/app7/bench_2470.smt::z3::5
QF_BV/sage/app7/bench_502.smt::z3::5
QF_BV/spear/samba_v3.0.24/bin_libsmbclient_vc1225717.smt::z3::5
QF_BV/bruttomesso/lfsr/lfsr_008_047_064.smt::z3::5
QF_BV/bruttomesso/core/ext_con_048_064_1024.smt::z3::5
QF_BV/sage/app7/bench_146.smt::z3::5
QF_BV/sage/app7/bench_5291.smt::z3::5
QF_BV/uclid/catchconv/convert-jpg2gif-query-1533.smt::z3::5
QF_BV/sage/app7/bench_316.smt::z3::5
QF_BV/spear/samba_v3.0.24/bin_libsmbsharemodes_vc7067.smt::z3::5
QF_BV/spear/samba_v3.0.24/bin_libmsrpc_vc1225809.smt::z3::5
QF_BV/sage/app7/bench_7925.smt::z3::5
QF_BV/sage/app7/bench_2514.smt::z3::5
QF_BV/spear/samba_v3.0.24/bin_libsmbclient_vc1228430.smt::z3::5
QF_BV/spear/inn_v2.4.3/innd_innd_vc33536.smt::both::5
QF_BV/sage/app7/bench_7847.smt::z3::5
QF_BV/sage/app7/bench_6635.smt::z3::5
QF_BV/sage/app7/bench_5125.smt::z3::5
QF_BV/sage/app7/bench_138.smt::z3::5
QF_BV/sage/app1/bench_1010.smt::both::5
QF_BV/sage/app7/bench_622.smt::z3::5
QF_BV/spear/samba_v3.0.24/bin_eventlogadm_vc331129.smt::z3::5
QF_BV/spear/samba_v3.0.24/bin_libsmbsharemodes_vc6216.smt::z3::5
QF_BV/sage/app7/bench_3080.smt::z3::5
QF_BV/spear/cvs_v1.11.22/cvs_vc105324.smt::z3::5
QF_BV/spear/samba_v3.0.24/bin_libsmbsharemodes_vc6158.smt::z3::5
QF_BV/sage/app7/bench_3381.smt::z3::5
QF_BV/sage/app7/bench_6646.smt::z3::5
QF_BV/spear/samba_v3.0.24/bin_eventlogadm_vc331208.smt::z3::10
QF_BV/spear/samba_v3.0.24/bin_libsmbclient_vc1225783.smt::z3::10
QF_BV/spear/samba_v3.0.24/bin_libmsrpc_vc1225354.smt::z3::10
QF_BV/spear/samba_v3.0.24/bin_libmsrpc_vc1225842.smt::z3::10
QF_BV/spear/samba_v3.0.24/bin_libmsrpc_vc1228520.smt::z3::10
QF_BV/spear/samba_v3.0.24/bin_libmsrpc_vc1228568.smt::z3::10
QF_BV/spear/inn_v2.4.3/innfeed_imapfeed_vc25452.smt::both::10
QF_BV/spear/samba_v3.0.24/bin_eventlogadm_vc331256.smt::z3::10
QF_BV/spear/samba_v3.0.24/bin_libsmbclient_vc1228436.smt::z3::30
QF_BV/spear/samba_v3.0.24/bin_eventlogadm_vc352879.smt::z3::30
QF_BV/spear/samba_v3.0.24/bin_libsmbsharemodes_vc4325.smt::z3::30
QF_BV/bruttomesso/lfsr/lfsr_008_031_112.smt::z3::30
QF_BV/spear/samba_v3.0.24/bin_eventlogadm_vc352378.smt::z3::30
QF_BV/bruttomesso/simple_processor/simple_processors_008_006_0032.smt::z3::60
QF_BV/bruttomesso/simple_processor/simple_processors_008_006_0016.smt::z3::120
Unknown Files:
QF_BV/bruttomesso/simple_processor/simple_processors_006_006_0032.smt
QF_BV/brummayerbiere2/smulov1bw32.smt
