QF_IDL/cellar/CELAR6_SUB4.smt::both::1
QF_IDL/planning/plan-11.cvc.smt::both::1
QF_IDL/parity/20.100.graph.smt::both::1
QF_IDL/mathsat/post_office/PO3-7-PO3.smt::both::1
QF_IDL/mathsat/post_office/PO4-5-PO4.smt::both::1
QF_IDL/planning/plan-38.cvc.smt::both::1
QF_IDL/schedulingIDL/j7_per10_2_mkspan1027.smt::both::1
QF_IDL/schedulingIDL/gp10_05_mkspan1071.smt::z3::1
QF_IDL/mathsat/post_office/PO3-6-PO3.smt::both::1
QF_IDL/queens_bench/super_queen/super_queen2-1.smt::both::1
QF_IDL/job_shop/jobshop4-2-2-2-2-4-12.smt::both::1
QF_IDL/DTP/DTP_k2_n35_c245_s14.smt::both::1
QF_IDL/Averest/sorting_network/SortingNetwork8_safe_bgmc007.smt::both::1
QF_IDL/queens_bench/super_queen/super_queen96-1.smt::yices::1
QF_IDL/Averest/parallel_search/ParallelSearch_live_blmc000.smt::both::1
QF_IDL/qlock/qlock-4-10-21.induction.cvc.smt::both::1
QF_IDL/DTP/DTP_k2_n35_c245_s3.smt::both::1
QF_IDL/parity/10.100.graph.smt::both::1
QF_IDL/mathsat/fischer/FISCHER4-2-ninc.smt::both::1
QF_IDL/parity/24.300.graph.smt::yices::1
QF_IDL/queens_bench/n_queen/queen69-1.smt::z3::1
QF_IDL/qlock/qlock-4-10-15.induction.cvc.smt::both::1
QF_IDL/Averest/partition/Partition_live_blmc004.smt::both::1
QF_IDL/mathsat/post_office/PO2-8-PO2.smt::both::1
QF_IDL/parity/25.300.graph.smt::both::1
QF_IDL/Averest/buble_sort/BubbleSort_safe_bgmc005.smt::both::1
QF_IDL/Averest/parallel_search/ParallelSearch_safe_bgmc002.smt::both::1
QF_IDL/queens_bench/super_queen/super_queen81-1.smt::z3::1
QF_IDL/RTCL/b13_tf_10/ckt_PROP8_tf_10.smt::both::1
QF_IDL/RTCL/b13_tf_15/ckt_PROP8_tf_15.smt::both::1
QF_IDL/Averest/selection_sort/SelectionSort_live_bgmc002.smt::both::1
QF_IDL/Averest/selection_sort/SelectionSort_safe_blmc015.smt::yices::1
QF_IDL/job_shop/jobshop50-2-25-25-2-4-12.smt::z3::1
QF_IDL/queens_bench/super_queen/super_queen79-1.smt::yices::1
QF_IDL/Averest/partition/Partition_safe_bgmc000.smt::both::1
QF_IDL/queens_bench/n_queen/queen7-1.smt::both::1
QF_IDL/parity/04.200.graph.smt::z3::1
QF_IDL/Averest/buble_sort/BubbleSort_safe_blmc014.smt::yices::1
QF_IDL/schedulingIDL/j8_per0_1_mkspan1058.smt::z3::1
QF_IDL/job_shop/jobshop20-2-10-10-4-4-12.smt::both::1
QF_IDL/Averest/buble_sort/BubbleSort_safe_blmc017.smt::yices::1
QF_IDL/sep/railroad/RailRoad1_neg_4.smt::both::1
QF_IDL/mathsat/fischer/FISCHER7-6-ninc.smt::both::1
QF_IDL/qlock/qlock-4-10-20.induction.cvc.smt::both::1
QF_IDL/Averest/sorting_network/SortingNetwork8_safe_bgmc000.smt::both::1
QF_IDL/Averest/fast_max/FastMax_safe_bgmc002.smt::both::1
QF_IDL/schedulingIDL/tai_15x15_5_mkspan1174.smt::z3::1
QF_IDL/sal/lpsat/lpsat-goal-8.smt::both::1
QF_IDL/mathsat/fischer/FISCHER10-5-ninc.smt::both::1
QF_IDL/DTP/DTP_k2_n35_c175_s1.smt::both::1
QF_IDL/job_shop/jobshop20-2-10-10-2-4-12.smt::both::1
QF_IDL/qlock/qlock-4-10-8.base.cvc.smt::both::1
QF_IDL/qlock/qlock-4-10-12.induction.cvc.smt::both::1
QF_IDL/DTP/DTP_k2_n35_c175_s16.smt::both::1
QF_IDL/schedulingIDL/j7_per20_1_mkspan1002.smt::z3::1
QF_IDL/queens_bench/super_queen/super_queen90-1.smt::yices::1
QF_IDL/schedulingIDL/j8_per20_0_mkspan1017.smt::both::1
QF_IDL/diamonds/diamonds.12.2.i.a.u.smt::yices::1
QF_IDL/schedulingIDL/tai_15x15_10_mkspan904.smt::z3::1
QF_IDL/job_shop/jobshop16-2-8-8-4-4-12.smt::both::1
QF_IDL/Averest/selection_sort/SelectionSort_live_bgmc010.smt::both::1
QF_IDL/mathsat/fischer/FISCHER11-5-ninc.smt::both::1
QF_IDL/mathsat/fischer/FISCHER4-5-ninc.smt::both::1
QF_IDL/schedulingIDL/tai_15x15_7_mkspan1144.smt::both::5
QF_IDL/schedulingIDL/tai_20x20_8_mkspan1260.smt::z3::5
QF_IDL/schedulingIDL/tai_20x20_1_mkspan1525.smt::z3::5
QF_IDL/parity/22.300.graph.smt::z3::5
QF_IDL/queens_bench/super_queen/super_queen82-1.smt::z3::5
QF_IDL/schedulingIDL/tai_20x20_5_mkspan1422.smt::z3::5
QF_IDL/schedulingIDL/tai_15x15_2_mkspan919.smt::z3::5
QF_IDL/schedulingIDL/tai_15x15_1_mkspan940.smt::both::5
QF_IDL/schedulingIDL/j7_per0_2_mkspan1039.smt::both::5
QF_IDL/parity/03.400.graph.smt::z3::5
QF_IDL/parity/08.500.graph.smt::z3::5
QF_IDL/parity/19.800.graph.smt::yices::5
QF_IDL/schedulingIDL/tai_15x15_7_mkspan898.smt::both::5
QF_IDL/schedulingIDL/tai_15x15_5_mkspan953.smt::both::5
QF_IDL/schedulingIDL/tai_20x20_3_mkspan1276.smt::z3::5
QF_IDL/parity/03.700.graph.smt::both::5
QF_IDL/schedulingIDL/tai_20x20_10_mkspan1321.smt::z3::5
QF_IDL/schedulingIDL/j8_per10_0_mkspan1018.smt::z3::10
QF_IDL/schedulingIDL/tai_20x20_7_mkspan1370.smt::both::10
QF_IDL/schedulingIDL/tai_20x20_8_mkspan1169.smt::z3::10
QF_IDL/parity/15.700.graph.smt::both::10
QF_IDL/schedulingIDL/j8_per10_2_mkspan1010.smt::yices::10
QF_IDL/schedulingIDL/tai_20x20_7_mkspan1303.smt::z3::10
QF_IDL/schedulingIDL/tai_20x20_8_mkspan1191.smt::both::10
QF_IDL/schedulingIDL/tai_20x20_10_mkspan1243.smt::both::30
QF_IDL/diamonds/diamonds.18.10.i.a.u.smt::yices::30
QF_IDL/qlock/qlock-4-10-24.base.cvc.smt::both::300
QF_IDL/job_shop/jobshop56-2-28-28-4-4-12.smt::z3::300
QF_IDL/job_shop/jobshop38-2-19-19-2-4-9.smt::z3::600
Unknown Files:
QF_IDL/job_shop/jobshop54-2-27-27-4-4-11.smt
QF_IDL/job_shop/jobshop52-2-26-26-4-4-11.smt
QF_IDL/job_shop/jobshop20-2-10-10-4-4-11.smt
QF_IDL/queens_bench/toroidal_bench/toroidal_queen98-1.smt
QF_IDL/job_shop/jobshop56-2-28-28-4-4-11.smt
QF_IDL/queens_bench/toroidal_bench/toroidal_queen46-1.smt
QF_IDL/queens_bench/toroidal_bench/toroidal_queen78-1.smt
QF_IDL/job_shop/jobshop22-2-11-11-4-4-11.smt
