QF_LRA/sal/windowreal/windowreal-no_t_deadlock-13.smt::both::1
QF_LRA/uart/uart-6.induction.cvc.smt::both::1
QF_LRA/DTP-Scheduling/constraints-cooking04.smt::both::1
QF_LRA/tta_startup/simple_startup_6nodes.bug.induct.smt::both::1
QF_LRA/sc/sc-5.induction3.cvc.smt::both::1
QF_LRA/sal/gasburner/gasburner-prop3-5.smt::both::1
QF_LRA/sc/sc-16.induction3.cvc.smt::both::1
QF_LRA/DTP-Scheduling/constraints-cooking09.smt::both::1
QF_LRA/DTP-Scheduling/constraints-cooking10.smt::both::1
QF_LRA/DTP-Scheduling/constraints-cooking11.smt::both::1
QF_LRA/tta_startup/simple_startup_11nodes.synchro.base.smt::both::1
QF_LRA/DTP-Scheduling/constraints-cooking13.smt::both::1
QF_LRA/sal/gasburner/gasburner-prop3-16.smt::both::1
QF_LRA/sal/pursuit/pursuit-safety-7.smt::both::1
QF_LRA/spider_benchmarks/synched.base.smt::both::1
QF_LRA/sc/sc-31.induction.cvc.smt::yices::1
QF_LRA/DTP-Scheduling/constraints-cooking18.smt::both::1
QF_LRA/uart/uart-6.base.cvc.smt::both::1
QF_LRA/DTP-Scheduling/constraints-cooking20.smt::both::1
QF_LRA/sal/carpark/Carpark2-t1-1.smt::both::1
QF_LRA/sal/windowreal/windowreal-safe2-1.smt::both::1
QF_LRA/sc/sc-11.induction2.cvc.smt::both::1
QF_LRA/sc/sc-26.induction3.cvc.smt::yices::1
QF_LRA/DTP-Scheduling/constraints-tempo-depth-100.smt::both::1
QF_LRA/DTP-Scheduling/constraints-tempo-depth-150.smt::both::1
QF_LRA/tta_startup/simple_startup_6nodes.synchro.base.smt::both::1
QF_LRA/tta_startup/simple_startup_4nodes.synchro.induct.smt::both::1
QF_LRA/tta_startup/simple_startup_3nodes.abstract.induct.smt::both::1
QF_LRA/sal/gasburner/gasburner-prop3-6.smt::both::1
QF_LRA/sal/pursuit/pursuit-safety-15.smt::both::1
QF_LRA/sal/windowreal/windowreal-safe-2.smt::both::1
QF_LRA/DTP-Scheduling/constraints-tempo-depth-5.smt::both::1
QF_LRA/DTP-Scheduling/constraints-tempo-depth-6.smt::both::1
QF_LRA/tta_startup/simple_startup_8nodes.missing.induct.smt::both::1
QF_LRA/uart/uart-13.base.cvc.smt::both::1
QF_LRA/DTP-Scheduling/constraints-tempo-matrix1x1.pddl.smt::both::1
QF_LRA/sc/sc-19.induction.cvc.smt::both::1
QF_LRA/sc/sc-19.base.cvc.smt::yices::1
QF_LRA/uart/uart-11.induction.cvc.smt::both::1
QF_LRA/sc/sc-9.base.cvc.smt::both::1
QF_LRA/spider_benchmarks/frame_prop.base.smt::both::1
QF_LRA/DTP-Scheduling/constraints-tempo-matrix7x7.pddl.smt::both::1
QF_LRA/tta_startup/simple_startup_15nodes.synchro.base.smt::both::1
QF_LRA/spider_benchmarks/op_seen_more1.base.smt::both::1
QF_LRA/sc/sc-15.base.cvc.smt::yices::1
QF_LRA/sal/tgc/tgc_io-safe-7.smt::both::1
QF_LRA/DTP-Scheduling/constraints-tempo-width-30.smt::z3::1
QF_LRA/uart/uart-10.base.cvc.smt::both::1
QF_LRA/sc/sc-21.induction3.cvc.smt::both::1
QF_LRA/sc/sc-17.base.cvc.smt::yices::1
QF_LRA/uart/uart-23.induction.cvc.smt::both::1
QF_LRA/DTP-Scheduling/constraints-tempo-width-6.smt::both::1
QF_LRA/sal/pursuit/pursuit-safety-3.smt::both::1
QF_LRA/spider_benchmarks/pd_init_op_accs.induction.smt::both::1
QF_LRA/tta_startup/simple_startup_14nodes.abstract.base.smt::both::1
QF_LRA/sc/sc-16.induction2.cvc.smt::both::1
QF_LRA/sal/tgc/tgc_io-safe-16.smt::both::1
QF_LRA/sc/sc-10.induction3.cvc.smt::both::1
QF_LRA/DTP-Scheduling/constraints-temporal-machine-shop-2-3-A05.smt::both::1
QF_LRA/DTP-Scheduling/constraints-temporal-machine-shop-2-3-A06.smt::both::1
QF_LRA/sc/sc-15.induction3.cvc.smt::both::1
QF_LRA/tta_startup/simple_startup_3nodes.synchro.base.smt::both::1
QF_LRA/sc/sc-24.induction3.cvc.smt::yices::1
QF_LRA/DTP-Scheduling/constraints-temporal-machine-shop-2-3-A10.smt::both::1
QF_LRA/DTP-Scheduling/constraints-temporal-machine-shop-2-3-A20.smt::both::1
QF_LRA/DTP-Scheduling/constraints-temporal-machine-shop-2-3-A30.smt::both::1
QF_LRA/sal/gasburner/gasburner-prop3-1.smt::both::1
QF_LRA/DTP-Scheduling/constraints-temporal-machine-shop-2-3-A60.smt::both::1
QF_LRA/DTP-Scheduling/constraints-temporal-machine-shop-2-3-A70.smt::both::1
QF_LRA/tta_startup/simple_startup_12nodes.missing.induct.smt::yices::1
QF_LRA/sc/sc-38.induction.cvc.smt::yices::1
QF_LRA/DTP-Scheduling/constraints-tms-2-3-light-04.smt::both::1
QF_LRA/sal/gasburner/gasburner-prop3-17.smt::both::1
QF_LRA/sal/tgc/tgc_io-safe-17.smt::both::1
QF_LRA/sal/carpark/Carpark2-t1-4.smt::both::1
QF_LRA/spider_benchmarks/reint_to_least.base.smt::both::1
QF_LRA/uart/uart-16.base.cvc.smt::yices::1
QF_LRA/spider_benchmarks/op_seen_more1.induction.smt::both::1
QF_LRA/DTP-Scheduling/constraints-tms-2-3-light-20.smt::both::1
QF_LRA/DTP-Scheduling/constraints-tms-2-3-light-30.smt::both::1
QF_LRA/sal/tgc/tgc_io-safe-1.smt::both::1
QF_LRA/spider_benchmarks/pd_no_op_accs.induction.smt::both::1
QF_LRA/uart/uart-37.induction.cvc.smt::yices::1
QF_LRA/sal/gasburner/gasburner-prop3-14.smt::both::1
QF_LRA/DTP-Scheduling/constraints-tms-2-3-light-90.smt::both::1
QF_LRA/tta_startup/simple_startup_5nodes.bug.induct.smt::both::1
QF_LRA/sc/sc-28.induction2.cvc.smt::both::1
QF_LRA/sc/sc-40.induction.cvc.smt::yices::1
QF_LRA/TM/p-2-bucket_s11.smt::both::1
QF_LRA/sal/gasburner/gasburner-prop3-4.smt::both::1
QF_LRA/sal/windowreal/windowreal-no_t_deadlock-18.smt::both::1
QF_LRA/TM/p2-driverlogNumeric_s10.smt::both::1
QF_LRA/TM/p3-driverlogNumeric_s8.smt::both::1
QF_LRA/sal/gasburner/gasburner-prop3-20.smt::both::1
QF_LRA/sal/pursuit/pursuit-safety-14.smt::both::1
QF_LRA/uart/uart-10.induction.cvc.smt::both::1
QF_LRA/sc/sc-23.induction.cvc.smt::both::1
QF_LRA/tta_startup/simple_startup_7nodes.synchro.induct.smt::both::1
QF_LRA/spider_benchmarks/fs_not_sc_seen.base.smt::both::1
QF_LRA/sc/sc-19.induction3.cvc.smt::both::1
QF_LRA/TM/p6-driverlogNumeric_s5.smt::both::1
QF_LRA/TM/p6-zenonumeric_s5.smt::both::1
QF_LRA/TM/p6-zenonumeric_s7.smt::both::1
QF_LRA/sc/sc-13.induction.cvc.smt::both::1
QF_LRA/sal/tgc/tgc_io-safe-11.smt::both::1
QF_LRA/tta_startup/simple_startup_9nodes.synchro.base.smt::both::1
QF_LRA/uart/uart-25.induction.cvc.smt::yices::1
QF_LRA/sc/sc-12.base.cvc.smt::both::1
QF_LRA/clock_synchro/clocksynchro_10clocks.main_invar.base.smt::both::1
QF_LRA/sal/tgc/tgc_io-safe-8.smt::both::1
QF_LRA/tta_startup/simple_startup_6nodes.synchro.induct.smt::both::1
QF_LRA/sc/sc-17.induction3.cvc.smt::both::1
QF_LRA/sal/gasburner/gasburner-prop3-10.smt::both::1
QF_LRA/tta_startup/simple_startup_5nodes.synchro.base.smt::both::1
QF_LRA/sal/windowreal/windowreal-no_t_deadlock-8.smt::both::1
QF_LRA/clock_synchro/clocksynchro_3clocks.worst_case_skew.induct.smt::both::1
QF_LRA/sc/sc-29.induction.cvc.smt::both::1
QF_LRA/spider_benchmarks/no_op_accs.base.smt::both::1
QF_LRA/clock_synchro/clocksynchro_5clocks.main_invar.base.smt::both::1
QF_LRA/spider_benchmarks/pd_finish.base.smt::both::1
QF_LRA/sal/gasburner/gasburner-prop3-13.smt::both::1
QF_LRA/clock_synchro/clocksynchro_6clocks.worst_case_skew.base.smt::both::1
QF_LRA/tta_startup/simple_startup_6nodes.missing.induct.smt::both::1
QF_LRA/clock_synchro/clocksynchro_7clocks.main_invar.base.smt::both::1
QF_LRA/sal/windowreal/windowreal-safe2-3.smt::both::1
QF_LRA/spider_benchmarks/op_seen_less2.base.smt::both::1
QF_LRA/sc/sc-17.induction.cvc.smt::both::1
QF_LRA/clock_synchro/clocksynchro_8clocks.main_invar.base.smt::both::1
QF_LRA/sc/sc-9.induction3.cvc.smt::both::1
QF_LRA/sal/pursuit/pursuit-safety-2.smt::both::1
QF_LRA/tta_startup/simple_startup_8nodes.synchro.base.smt::both::1
QF_LRA/clock_synchro/clocksynchro_9clocks.main_invar.base.smt::both::1
QF_LRA/uart/uart-12.induction.cvc.smt::both::1
QF_LRA/clock_synchro/clocksynchro_9clocks.worst_case_skew.base.smt::both::1
QF_LRA/sc/sc-25.induction3.cvc.smt::yices::1
QF_LRA/sal/pursuit/pursuit-safety-4.smt::both::1
QF_LRA/tta_startup/simple_startup_7nodes.synchro.base.smt::both::1
QF_LRA/sal/tgc/tgc_io-nosafe-1.smt::both::1
QF_LRA/sc/sc-7.induction3.cvc.smt::both::1
QF_LRA/tta_startup/simple_startup_9nodes.abstract.base.smt::both::1
QF_LRA/tta_startup/simple_startup_8nodes.synchro.induct.smt::both::1
QF_LRA/sal/tgc/tgc_io-safe-13.smt::both::1
QF_LRA/miplib/opt1217--1.smt::both::1
QF_LRA/sc/sc-27.induction.cvc.smt::both::1
QF_LRA/sc/sc-28.induction3.cvc.smt::yices::1
QF_LRA/miplib/opt1217--6.smt::yices::1
QF_LRA/sc/sc-7.base.cvc.smt::both::1
QF_LRA/sc/sc-7.induction.cvc.smt::both::1
QF_LRA/sc/sc-6.induction2.cvc.smt::both::1
QF_LRA/uart/uart-16.induction.cvc.smt::both::1
QF_LRA/spider_benchmarks/pd_not_sc_seen.base.smt::both::1
QF_LRA/sc/sc-12.induction2.cvc.smt::both::1
QF_LRA/miplib/pp08a-10000.smt::z3::1
QF_LRA/miplib/pp08a-11000.smt::both::1
QF_LRA/sc/sc-11.induction3.cvc.smt::both::1
QF_LRA/uart/uart-15.induction.cvc.smt::both::1
QF_LRA/sc/sc-20.induction3.cvc.smt::both::1
QF_LRA/uart/uart-21.induction.cvc.smt::both::1
QF_LRA/miplib/vpm2-0.smt::both::1
QF_LRA/sal/tgc/tgc_io-nosafe-7.smt::both::1
QF_LRA/tta_startup/simple_startup_11nodes.synchro.induct.smt::both::1
QF_LRA/spider_benchmarks/good_frame_update.base.smt::both::1
QF_LRA/miplib/vpm2-5.smt::both::1
QF_LRA/spider_benchmarks/fs_window.induction.smt::both::1
QF_LRA/sal/windowreal/windowreal-no_t_deadlock-7.smt::both::1
QF_LRA/sal/carpark/Carpark2-ausgabe-4.smt::both::1
QF_LRA/sc/sc-30.base.cvc.smt::yices::5
QF_LRA/sc/sc-35.base.cvc.smt::yices::5
QF_LRA/uart/uart-38.induction.cvc.smt::both::5
QF_LRA/sc/sc-36.base.cvc.smt::yices::5
QF_LRA/sc/sc-37.induction2.cvc.smt::yices::5
QF_LRA/tta_startup/simple_startup_6nodes.abstract.induct.smt::both::5
QF_LRA/sc/sc-31.induction2.cvc.smt::both::5
QF_LRA/sc/sc-39.induction3.cvc.smt::both::5
QF_LRA/sc/sc-33.induction2.cvc.smt::both::5
QF_LRA/sc/sc-24.base.cvc.smt::yices::5
QF_LRA/sc/sc-39.induction2.cvc.smt::yices::5
QF_LRA/clock_synchro/clocksynchro_5clocks.worst_case_skew.induct.smt::yices::5
QF_LRA/sc/sc-40.induction3.cvc.smt::yices::5
QF_LRA/miplib/pp08a-2000.smt::yices::5
QF_LRA/tta_startup/simple_startup_10nodes.bug.induct.smt::z3::5
QF_LRA/sc/sc-31.induction3.cvc.smt::both::5
QF_LRA/sc/sc-33.induction3.cvc.smt::both::5
QF_LRA/sc/sc-36.induction2.cvc.smt::both::5
QF_LRA/uart/uart-26.base.cvc.smt::yices::10
QF_LRA/uart/uart-27.base.cvc.smt::yices::10
QF_LRA/clock_synchro/clocksynchro_4clocks.main_invar.induct.smt::yices::10
QF_LRA/miplib/danoint-266.smt::yices::10
QF_LRA/tta_startup/simple_startup_8nodes.abstract.induct.smt::yices::10
QF_LRA/clock_synchro/clocksynchro_6clocks.main_invar.induct.smt::yices::30
QF_LRA/tta_startup/simple_startup_11nodes.abstract.induct.smt::both::60
QF_LRA/uart/uart-40.base.cvc.smt::yices::60
QF_LRA/clock_synchro/clocksynchro_9clocks.worst_case_skew.induct.smt::yices::60
QF_LRA/clock_synchro/clocksynchro_10clocks.main_invar.induct.smt::yices::120
QF_LRA/tta_startup/simple_startup_14nodes.abstract.induct.smt::both::300
QF_LRA/tta_startup/simple_startup_15nodes.abstract.induct.smt::both::300
QF_LRA/miplib/pp08a-9000.smt::yices::300
Unknown Files:
QF_LRA/miplib/opt1217--11.smt
QF_LRA/miplib/opt1217--16.smt
QF_LRA/miplib/opt1217--17.smt
