QF_LIA/bofill-scheduling/SMT_random_LIA/ex19200_2600_100.smt::both::1
QF_LIA/CAV_2009_benchmarks/smt/25-vars/problem_2__007.smt::both::1
QF_LIA/bofill-scheduling/SMT_real_LIA/ex6100_2400_100.smt::z3::1
QF_LIA/bofill-scheduling/SMT_random_LIA/ex22700_2600_100.smt::both::1
QF_LIA/convert/convert-jpg2gif-query-1373.smt::both::1
QF_LIA/nec-smt/med/checkpass_pwd/prp-7-23.smt::both::1
QF_LIA/CAV_2009_benchmarks/smt/20-vars/problem__004.smt::both::1
QF_LIA/bofill-scheduling/SMT_real_LIA/ex4460_2400_100.smt::both::1
QF_LIA/CAV_2009_benchmarks/smt/45-vars/problem_2__003.smt::both::1
QF_LIA/convert/convert-jpg2gif-query-1518.smt::z3::1
QF_LIA/convert/convert-jpg2gif-query-2120.smt::both::1
QF_LIA/bofill-scheduling/SMT_real_LIA/ex6080_2400_100.smt::z3::1
QF_LIA/rings/ring_2exp16_5vars_0ite_unsat.smt::z3::1
QF_LIA/bofill-scheduling/SMT_random_LIA/ex11500_2600_100.smt::both::1
QF_LIA/nec-smt/large/bftpd_login/prp-42-46.smt::z3::1
QF_LIA/CAV_2009_benchmarks/smt/35-vars/problem__001.smt::both::1
QF_LIA/nec-smt/large/bftpd_login/prp-54-49.smt::z3::1
QF_LIA/bofill-scheduling/SMT_random_LIA/ex11600_2600_100.smt::both::1
QF_LIA/CAV_2009_benchmarks/coef-size/smt/size-30/problem__005.smt::z3::1
QF_LIA/CAV_2009_benchmarks/coef-size/smt/size-30/problem__006.smt::both::1
QF_LIA/nec-smt/large/bftpd_login/prp-54-50.smt::z3::1
QF_LIA/CAV_2009_benchmarks/coef-size/smt/size-50/problem__002.smt::both::1
QF_LIA/rings/ring_2exp6_3vars_2ite_unsat.smt::both::1
QF_LIA/CAV_2009_benchmarks/coef-size/smt/size-50/problem__004.smt::z3::1
QF_LIA/rings/ring_2exp10_4vars_1ite_unsat.smt::both::1
QF_LIA/rings/ring_2exp6_4vars_0ite_unsat.smt::both::1
QF_LIA/nec-smt/small/checkpass_pwd/prp-2-18.smt::both::1
QF_LIA/bofill-scheduling/SMT_random_LIA/ex17200_2600_100.smt::both::1
QF_LIA/convert/convert-jpg2gif-query-1497.smt::both::1
QF_LIA/mathsat/FISCHER4-9-fair.smt::both::1
QF_LIA/nec-smt/large/bftpd_login/prp-57-49.smt::z3::1
QF_LIA/convert/convert-jpg2gif-query-1590.smt::z3::1
QF_LIA/bofill-scheduling/SMT_random_LIA/ex26900_2600_100.smt::both::1
QF_LIA/bofill-scheduling/SMT_real_LIA/ex6360_2400_100.smt::z3::1
QF_LIA/mathsat/FISCHER7-4-fair.smt::both::1
QF_LIA/CAV_2009_benchmarks/smt/10-vars/problem_2__017.smt::both::1
QF_LIA/cut_lemmas/10-vars/cut_lemma_02_010.smt::both::1
QF_LIA/bofill-scheduling/SMT_real_LIA/ex4100_2400_100.smt::both::1
QF_LIA/CAV_2009_benchmarks/smt/10-vars/problem_2__026.smt::both::1
QF_LIA/nec-smt/large/checkpass/prp-32-47.smt::z3::1
QF_LIA/nec-smt/med/int_from_list/prp-30-32.smt::z3::1
QF_LIA/bofill-scheduling/SMT_random_LIA/ex10000_2600_100.smt::both::1
QF_LIA/bofill-scheduling/SMT_real_LIA/ex8160_2400_100.smt::both::1
QF_LIA/nec-smt/large/bftpd_login/prp-12-48.smt::z3::1
QF_LIA/rings_preprocessed/ring_2exp16_5vars_0ite_unsat.smt::both::1
QF_LIA/CAV_2009_benchmarks/smt/20-vars/problem_2__026.smt::both::1
QF_LIA/nec-smt/med/checkpass_pwd/prp-2-25.smt::z3::1
QF_LIA/mathsat/FISCHER10-1-fair.smt::both::1
QF_LIA/convert/convert-jpg2gif-query-1469.smt::z3::1
QF_LIA/mathsat/FISCHER9-2-fair.smt::both::1
QF_LIA/bofill-scheduling/SMT_real_LIA/ex8700_2400_100.smt::both::1
QF_LIA/CAV_2009_benchmarks/smt/40-vars/problem_2__007.smt::both::1
QF_LIA/bofill-scheduling/SMT_random_LIA/ex23400_2600_100.smt::both::1
QF_LIA/convert/convert-jpg2gif-query-1174.smt::both::1
QF_LIA/mathsat/FISCHER9-10-fair.smt::both::1
QF_LIA/convert/convert-jpg2gif-query-1453.smt::both::1
QF_LIA/rings_preprocessed/ring_2exp14_4vars_3ite_unsat.smt::both::1
QF_LIA/bofill-scheduling/SMT_random_LIA/ex25800_2600_100.smt::both::1
QF_LIA/bofill-scheduling/SMT_random_LIA/ex16000_2600_100.smt::both::1
QF_LIA/CAV_2009_benchmarks/smt/10-vars/problem__027.smt::both::1
QF_LIA/CAV_2009_benchmarks/smt/35-vars/problem_2__001.smt::both::1
QF_LIA/nec-smt/med/int_from_list/prp-18-26.smt::both::1
QF_LIA/bofill-scheduling/SMT_real_LIA/ex9640_2400_100.smt::both::1
QF_LIA/convert/convert-jpg2gif-query-1198.smt::both::1
QF_LIA/rings_preprocessed/ring_2exp16_8vars_1ite_unsat.smt::z3::1
QF_LIA/nec-smt/large/bftpd_login/prp-82-50.smt::z3::1
QF_LIA/bofill-scheduling/SMT_random_LIA/ex20700_2600_100.smt::both::1
QF_LIA/rings/ring_2exp12_8vars_0ite_unsat.smt::z3::1
QF_LIA/rings_preprocessed/ring_2exp12_8vars_3ite_unsat.smt::z3::1
QF_LIA/convert/convert-jpg2gif-query-1208.smt::both::1
QF_LIA/nec-smt/med/int_from_list/prp-19-29.smt::z3::1
QF_LIA/CAV_2009_benchmarks/smt/15-vars/problem_2__019.smt::both::1
QF_LIA/calypto/problem-004308.cvc.1.smt::both::1
QF_LIA/rings/ring_2exp8_4vars_3ite_unsat.smt::both::1
QF_LIA/bofill-scheduling/SMT_real_LIA/ex2120_2400_100.smt::both::1
QF_LIA/bofill-scheduling/SMT_random_LIA/ex7600_2600_100.smt::both::1
QF_LIA/bofill-scheduling/SMT_random_LIA/ex22300_2600_100.smt::both::1
QF_LIA/convert/convert-jpg2gif-query-1444.smt::both::1
QF_LIA/bofill-scheduling/SMT_random_LIA/ex7100_2600_100.smt::both::1
QF_LIA/CAV_2009_benchmarks/smt/20-vars/problem__005.smt::both::1
QF_LIA/convert/convert-jpg2gif-query-1535.smt::z3::1
QF_LIA/convert/convert-jpg2gif-query-1162.smt::both::1
QF_LIA/nec-smt/med/checkpass_pwd/prp-14-26.smt::both::1
QF_LIA/bofill-scheduling/SMT_real_LIA/ex2780_2400_100.smt::both::1
QF_LIA/bofill-scheduling/SMT_real_LIA/ex8540_2400_100.smt::both::1
QF_LIA/nec-smt/large/bftpd_login/prp-6-48.smt::z3::1
QF_LIA/rings_preprocessed/ring_2exp6_3vars_2ite_unsat.smt::both::1
QF_LIA/mathsat/FISCHER2-5-fair.smt::both::1
QF_LIA/bofill-scheduling/SMT_random_LIA/ex30000_2600_100.smt::both::1
QF_LIA/rings_preprocessed/ring_2exp10_8vars_3ite_unsat.smt::z3::1
QF_LIA/rings_preprocessed/ring_2exp6_4vars_1ite_unsat.smt::both::1
QF_LIA/CAV_2009_benchmarks/smt/35-vars/problem_2__015.smt::both::1
QF_LIA/nec-smt/med/checkpass_pwd/prp-17-30.smt::both::5
QF_LIA/nec-smt/large/checkpass/prp-55-50.smt::z3::5
QF_LIA/nec-smt/large/int_from_list/prp-40-46.smt::z3::5
QF_LIA/nec-smt/large/handler_sigchld/prp-17-47.smt::z3::5
QF_LIA/nec-smt/large/int_from_list/prp-56-47.smt::z3::5
QF_LIA/nec-smt/large/checkpass/prp-45-47.smt::z3::5
QF_LIA/nec-smt/med/checkpass_pwd/prp-20-33.smt::z3::5
QF_LIA/nec-smt/large/checkpass/prp-14-50.smt::z3::5
QF_LIA/nec-smt/large/checkpass/prp-20-48.smt::z3::5
QF_LIA/nec-smt/large/checkpass/prp-18-47.smt::z3::5
QF_LIA/nec-smt/large/int_from_list/prp-40-48.smt::z3::5
QF_LIA/nec-smt/large/checkpass/prp-6-48.smt::z3::5
QF_LIA/nec-smt/med/checkpass_pwd/prp-20-28.smt::both::5
QF_LIA/nec-smt/large/handler_sigchld/prp-25-48.smt::z3::5
QF_LIA/cut_lemmas/20-vars/cut_lemma_01_005.smt::yices::5
QF_LIA/nec-smt/med/checkpass_pwd/prp-18-29.smt::both::5
QF_LIA/nec-smt/med/checkpass_pwd/prp-5-27.smt::both::5
QF_LIA/nec-smt/med/getoption_group/prp-26-41.smt::z3::5
QF_LIA/nec-smt/large/checkpass/prp-7-48.smt::z3::5
QF_LIA/nec-smt/large/handler_sigchld/prp-16-49.smt::z3::5
QF_LIA/cut_lemmas/20-vars/cut_lemma_02_003.smt::yices::5
QF_LIA/nec-smt/large/checkpass/prp-15-48.smt::z3::5
QF_LIA/nec-smt/med/checkpass_pwd/prp-19-32.smt::z3::5
QF_LIA/nec-smt/large/getoption_group/prp-28-42.smt::z3::5
QF_LIA/nec-smt/large/int_from_list/prp-8-48.smt::z3::5
QF_LIA/nec-smt/med/checkpass_pwd/prp-10-26.smt::both::5
QF_LIA/bofill-scheduling/SMT_real_LIA/ex5480_2400_100.smt::both::5
QF_LIA/nec-smt/large/checkpass/prp-29-50.smt::z3::5
QF_LIA/nec-smt/large/int_from_list/prp-20-49.smt::z3::5
QF_LIA/nec-smt/large/checkpass/prp-51-48.smt::z3::5
QF_LIA/nec-smt/large/checkpass/prp-10-49.smt::z3::5
QF_LIA/CAV_2009_benchmarks/smt/45-vars/problem_2__033.smt::z3::5
QF_LIA/nec-smt/large/handler_sigchld/prp-18-50.smt::z3::5
QF_LIA/nec-smt/large/checkpass_pwd/prp-20-36.smt::z3::10
QF_LIA/nec-smt/large/checkpass_pwd/prp-29-37.smt::z3::10
QF_LIA/nec-smt/large/checkpass_pwd/prp-20-35.smt::z3::10
QF_LIA/bofill-scheduling/SMT_real_LIA/ex5220_2400_100.smt::z3::10
QF_LIA/nec-smt/large/checkpass_pwd/prp-20-34.smt::z3::10
QF_LIA/nec-smt/large/checkpass_pwd/prp-44-41.smt::both::30
QF_LIA/nec-smt/large/getoption_group/prp-5-46.smt::z3::30
QF_LIA/rings/ring_2exp10_6vars_4ite_unsat.smt::z3::30
QF_LIA/nec-smt/large/checkpass_pwd/prp-22-40.smt::z3::30
QF_LIA/nec-smt/large/checkpass_pwd/prp-5-41.smt::z3::30
QF_LIA/nec-smt/large/getoption_group/prp-65-49.smt::z3::30
QF_LIA/nec-smt/large/getoption_directories/prp-10-49.smt::z3::30
QF_LIA/nec-smt/large/getoption_group/prp-22-48.smt::z3::30
QF_LIA/nec-smt/large/checkpass_pwd/prp-25-41.smt::z3::30
QF_LIA/nec-smt/large/getoption_group/prp-21-50.smt::z3::30
QF_LIA/nec-smt/large/checkpass_pwd/prp-7-37.smt::both::30
QF_LIA/nec-smt/large/getoption_group/prp-2-47.smt::z3::30
QF_LIA/rings/ring_2exp12_8vars_1ite_unsat.smt::z3::30
QF_LIA/rings/ring_2exp6_6vars_2ite_unsat.smt::z3::30
QF_LIA/nec-smt/large/getoption_group/prp-15-50.smt::z3::30
QF_LIA/mathsat/FISCHER10-14-fair.smt::both::30
QF_LIA/nec-smt/large/getoption_group/prp-2-48.smt::z3::30
QF_LIA/nec-smt/large/checkpass_pwd/prp-33-42.smt::z3::30
QF_LIA/nec-smt/large/getoption_group/prp-1-50.smt::z3::30
QF_LIA/nec-smt/large/getoption_group/prp-53-50.smt::z3::30
QF_LIA/nec-smt/large/checkpass_pwd/prp-18-40.smt::z3::30
QF_LIA/nec-smt/large/checkpass_pwd/prp-16-41.smt::z3::30
QF_LIA/bofill-scheduling/SMT_real_LIA/ex5280_2400_100.smt::z3::30
QF_LIA/rings/ring_2exp14_6vars_3ite_unsat.smt::z3::30
QF_LIA/nec-smt/large/checkpass_pwd/prp-39-41.smt::z3::30
QF_LIA/nec-smt/large/checkpass_pwd/prp-32-42.smt::z3::30
QF_LIA/nec-smt/large/getoption_group/prp-49-49.smt::z3::30
QF_LIA/nec-smt/large/checkpass_pwd/prp-50-43.smt::z3::30
QF_LIA/nec-smt/large/getoption_user/prp-12-49.smt::z3::60
QF_LIA/CAV_2009_benchmarks/smt/20-vars/problem__028.smt::z3::60
QF_LIA/nec-smt/large/getoption_user/prp-5-48.smt::z3::60
QF_LIA/nec-smt/large/user_is_in_group/prp-24-48.smt::z3::60
QF_LIA/nec-smt/large/getoption_user/prp-23-46.smt::z3::60
QF_LIA/nec-smt/large/checkpass_pwd/prp-45-45.smt::both::60
QF_LIA/nec-smt/large/getoption_directories/prp-4-110.smt::z3::60
QF_LIA/nec-smt/large/user_is_in_group/prp-2-50.smt::z3::60
QF_LIA/nec-smt/large/getoption_user/prp-11-48.smt::z3::60
QF_LIA/nec-smt/large/user_is_in_group/prp-22-47.smt::z3::60
QF_LIA/nec-smt/large/checkpass_pwd/prp-37-48.smt::z3::60
QF_LIA/nec-smt/large/checkpass_pwd/prp-37-46.smt::z3::60
QF_LIA/nec-smt/large/getoption_user/prp-30-48.smt::z3::60
QF_LIA/nec-smt/large/getoption_user/prp-12-50.smt::z3::60
QF_LIA/nec-smt/large/user_is_in_group/prp-3-48.smt::z3::60
QF_LIA/nec-smt/large/getoption_user/prp-44-47.smt::z3::60
QF_LIA/nec-smt/large/checkpass_pwd/prp-14-43.smt::both::60
QF_LIA/nec-smt/large/checkpass_pwd/prp-7-41.smt::both::60
QF_LIA/nec-smt/large/checkpass_pwd/prp-7-46.smt::z3::60
QF_LIA/nec-smt/large/checkpass_pwd/prp-38-48.smt::z3::60
QF_LIA/nec-smt/large/getoption_user/prp-19-46.smt::z3::60
QF_LIA/nec-smt/large/getoption_user/prp-39-48.smt::z3::60
QF_LIA/nec-smt/large/checkpass_pwd/prp-29-48.smt::z3::60
QF_LIA/nec-smt/large/checkpass_pwd/prp-37-44.smt::z3::60
QF_LIA/rings/ring_2exp16_8vars_5ite_unsat.smt::z3::60
QF_LIA/nec-smt/large/checkpass_pwd/prp-36-48.smt::z3::120
QF_LIA/cut_lemmas/20-vars/cut_lemma_03_007.smt::yices::120
QF_LIA/nec-smt/large/user_is_in_group/prp-18-49.smt::z3::120
QF_LIA/rings/ring_2exp6_9vars_5ite_unsat.smt::z3::120
QF_LIA/nec-smt/large/user_is_in_group/prp-21-49.smt::z3::120
QF_LIA/rings/ring_2exp8_9vars_4ite_unsat.smt::z3::300
Unknown Files:
QF_LIA/rings_preprocessed/ring_2exp10_9vars_8ite_unsat.smt
QF_LIA/rings_preprocessed/ring_2exp6_9vars_6ite_unsat.smt
QF_LIA/cut_lemmas/20-vars/cut_lemma_03_016.smt
QF_LIA/CAV_2009_benchmarks/smt/30-vars/problem__030.smt
QF_LIA/CIRC/multiplier/MULTIPLIER_15.msat.smt
QF_LIA/CAV_2009_benchmarks/smt/40-vars/problem__031.smt
QF_LIA/CAV_2009_benchmarks/smt/35-vars/problem__031.smt
QF_LIA/rings/ring_2exp6_9vars_8ite_unsat.smt
QF_LIA/rings/ring_2exp16_8vars_7ite_unsat.smt
QF_LIA/rings_preprocessed/ring_2exp16_8vars_6ite_unsat.smt
QF_LIA/CAV_2009_benchmarks/smt/40-vars/problem__028.smt
