QF_UFLRA/mathsat/RandomDecoupled/pb_real_50_100_30_27.smt::z3::1
QF_UFLRA/mathsat/RandomDecoupled/pb_real_50_100_30_04.smt::z3::1
QF_UFLRA/mathsat/RandomDecoupled/pb_real_50_150_30_71.smt::both::1
QF_UFLRA/mathsat/RandomCoupled/pb_real_10_0100_10_13.smt::both::1
QF_UFLRA/mathsat/RandomDecoupled/pb_real_50_100_30_03.smt::z3::1
QF_UFLRA/mathsat/RandomDecoupled/pb_real_40_80_60_86.smt::z3::1
QF_UFLRA/mathsat/RandomDecoupled/pb_real_30_60_45_28.smt::both::1
QF_UFLRA/mathsat/RandomDecoupled/pb_real_50_150_30_42.smt::both::1
QF_UFLRA/mathsat/RandomCoupled/pb_real_10_0100_10_18.smt::both::1
QF_UFLRA/mathsat/RandomDecoupled/pb_real_30_75_45_73.smt::both::1
QF_UFLRA/mathsat/RandomDecoupled/pb_real_50_150_30_37.smt::both::1
QF_UFLRA/mathsat/RandomCoupled/pb_real_40_0600_10_22.smt::z3::1
QF_UFLRA/mathsat/RandomCoupled/pb_real_20_0500_10_27.smt::both::1
QF_UFLRA/mathsat/RandomDecoupled/pb_real_30_60_45_72.smt::both::1
QF_UFLRA/mathsat/RandomDecoupled/pb_real_40_80_60_38.smt::z3::1
QF_UFLRA/mathsat/RandomDecoupled/pb_real_30_60_45_78.smt::both::1
QF_UFLRA/mathsat/RandomCoupled/pb_real_10_0100_10_26.smt::both::1
QF_UFLRA/mathsat/RandomDecoupled/pb_real_40_80_60_04.smt::both::1
QF_UFLRA/mathsat/RandomDecoupled/pb_real_30_60_45_44.smt::both::1
QF_UFLRA/mathsat/RandomDecoupled/pb_real_50_150_30_04.smt::both::1
QF_UFLRA/mathsat/RandomCoupled/pb_real_30_0450_10_11.smt::z3::1
QF_UFLRA/mathsat/RandomDecoupled/pb_real_50_150_30_18.smt::both::1
QF_UFLRA/mathsat/RandomDecoupled/pb_real_30_75_45_67.smt::both::1
QF_UFLRA/mathsat/RandomDecoupled/pb_real_30_75_45_72.smt::both::1
QF_UFLRA/mathsat/RandomCoupled/pb_real_30_0300_10_13.smt::z3::1
QF_UFLRA/mathsat/RandomCoupled/pb_real_20_0500_10_26.smt::z3::1
QF_UFLRA/mathsat/RandomDecoupled/pb_real_50_100_30_83.smt::z3::1
QF_UFLRA/mathsat/RandomDecoupled/pb_real_30_60_45_14.smt::both::1
QF_UFLRA/mathsat/RandomDecoupled/pb_real_40_80_60_19.smt::both::1
QF_UFLRA/mathsat/RandomDecoupled/pb_real_50_100_30_15.smt::z3::1
QF_UFLRA/mathsat/RandomCoupled/pb_real_40_1000_10_26.smt::both::1
QF_UFLRA/mathsat/RandomCoupled/pb_real_20_0200_10_10.smt::both::1
QF_UFLRA/mathsat/RandomDecoupled/pb_real_50_100_30_19.smt::z3::1
QF_UFLRA/mathsat/RandomCoupled/pb_real_30_0300_10_16.smt::z3::1
QF_UFLRA/mathsat/RandomCoupled/pb_real_40_0800_10_26.smt::z3::1
QF_UFLRA/mathsat/RandomDecoupled/pb_real_40_80_60_34.smt::z3::1
QF_UFLRA/mathsat/RandomDecoupled/pb_real_50_100_30_16.smt::z3::1
QF_UFLRA/mathsat/RandomDecoupled/pb_real_50_150_30_44.smt::both::1
QF_UFLRA/mathsat/RandomCoupled/pb_real_30_0300_10_19.smt::z3::1
QF_UFLRA/mathsat/RandomDecoupled/pb_real_50_150_30_10.smt::both::1
QF_UFLRA/mathsat/RandomDecoupled/pb_real_40_80_60_62.smt::z3::1
QF_UFLRA/mathsat/RandomCoupled/pb_real_30_0300_10_25.smt::z3::1
QF_UFLRA/mathsat/RandomDecoupled/pb_real_30_60_45_02.smt::both::1
QF_UFLRA/mathsat/RandomDecoupled/pb_real_50_100_30_36.smt::z3::1
QF_UFLRA/mathsat/RandomCoupled/pb_real_40_0400_10_13.smt::z3::1
QF_UFLRA/mathsat/RandomDecoupled/pb_real_30_60_45_81.smt::both::1
QF_UFLRA/mathsat/RandomCoupled/pb_real_10_0200_10_16.smt::both::1
QF_UFLRA/mathsat/RandomDecoupled/pb_real_30_60_45_01.smt::z3::1
QF_UFLRA/mathsat/RandomCoupled/pb_real_20_0500_10_15.smt::both::1
QF_UFLRA/mathsat/RandomCoupled/pb_real_10_0200_10_19.smt::both::1
QF_UFLRA/mathsat/RandomCoupled/pb_real_20_0500_10_19.smt::both::1
QF_UFLRA/mathsat/RandomCoupled/pb_real_20_0400_10_25.smt::z3::1
QF_UFLRA/mathsat/RandomDecoupled/pb_real_50_150_30_82.smt::both::1
QF_UFLRA/mathsat/RandomCoupled/pb_real_30_0450_10_10.smt::z3::1
QF_UFLRA/mathsat/RandomDecoupled/pb_real_50_150_30_24.smt::both::1
QF_UFLRA/mathsat/RandomCoupled/pb_real_30_0900_10_28.smt::both::1
QF_UFLRA/mathsat/RandomDecoupled/pb_real_50_100_30_59.smt::z3::1
QF_UFLRA/mathsat/RandomCoupled/pb_real_30_0600_10_27.smt::z3::1
QF_UFLRA/mathsat/RandomDecoupled/pb_real_30_60_45_97.smt::both::1
QF_UFLRA/mathsat/RandomCoupled/pb_real_40_0800_10_15.smt::z3::1
QF_UFLRA/mathsat/RandomCoupled/pb_real_30_0750_10_22.smt::both::1
QF_UFLRA/mathsat/RandomDecoupled/pb_real_30_60_45_43.smt::both::1
QF_UFLRA/mathsat/RandomDecoupled/pb_real_30_75_45_54.smt::both::1
QF_UFLRA/mathsat/RandomCoupled/pb_real_30_0900_10_24.smt::both::1
QF_UFLRA/mathsat/RandomDecoupled/pb_real_50_100_30_21.smt::z3::1
QF_UFLRA/mathsat/RandomCoupled/pb_real_30_0750_10_11.smt::both::1
QF_UFLRA/mathsat/RandomCoupled/pb_real_10_0250_10_16.smt::both::1
QF_UFLRA/mathsat/RandomDecoupled/pb_real_30_60_45_66.smt::both::1
QF_UFLRA/mathsat/RandomDecoupled/pb_real_50_150_30_90.smt::both::1
QF_UFLRA/mathsat/RandomDecoupled/pb_real_50_150_30_79.smt::both::1
QF_UFLRA/mathsat/RandomDecoupled/pb_real_30_75_45_68.smt::both::1
QF_UFLRA/mathsat/RandomDecoupled/pb_real_30_60_45_07.smt::both::1
QF_UFLRA/mathsat/RandomDecoupled/pb_real_30_60_45_52.smt::both::1
QF_UFLRA/mathsat/RandomDecoupled/pb_real_40_80_60_54.smt::both::1
QF_UFLRA/mathsat/RandomCoupled/pb_real_30_0600_10_14.smt::z3::1
QF_UFLRA/mathsat/RandomDecoupled/pb_real_30_75_45_31.smt::both::1
QF_UFLRA/mathsat/RandomCoupled/pb_real_30_0600_10_26.smt::z3::1
QF_UFLRA/mathsat/RandomCoupled/pb_real_20_0600_10_23.smt::both::1
QF_UFLRA/mathsat/RandomDecoupled/pb_real_50_100_30_98.smt::z3::1
QF_UFLRA/mathsat/RandomCoupled/pb_real_20_0300_10_17.smt::both::1
QF_UFLRA/mathsat/RandomCoupled/pb_real_10_0300_10_10.smt::both::1
QF_UFLRA/mathsat/RandomDecoupled/pb_real_30_60_45_60.smt::both::1
QF_UFLRA/mathsat/RandomCoupled/pb_real_20_0500_10_22.smt::both::1
QF_UFLRA/mathsat/RandomCoupled/pb_real_10_0300_10_13.smt::both::1
QF_UFLRA/mathsat/RandomCoupled/pb_real_30_0600_10_28.smt::z3::1
QF_UFLRA/mathsat/RandomDecoupled/pb_real_30_60_45_25.smt::both::1
QF_UFLRA/mathsat/RandomCoupled/pb_real_20_0300_10_25.smt::both::1
QF_UFLRA/mathsat/RandomDecoupled/pb_real_30_60_45_10.smt::both::1
QF_UFLRA/mathsat/RandomCoupled/pb_real_40_0600_10_10.smt::z3::1
QF_UFLRA/mathsat/RandomCoupled/pb_real_30_0300_10_29.smt::z3::1
QF_UFLRA/mathsat/RandomDecoupled/pb_real_30_60_45_24.smt::both::1
QF_UFLRA/mathsat/RandomCoupled/pb_real_20_0500_10_17.smt::both::1
QF_UFLRA/mathsat/RandomDecoupled/pb_real_30_75_45_18.smt::both::1
QF_UFLRA/mathsat/RandomDecoupled/pb_real_30_75_45_13.smt::both::1
QF_UFLRA/mathsat/RandomDecoupled/pb_real_30_75_45_26.smt::both::1
QF_UFLRA/mathsat/RandomCoupled/pb_real_40_0400_10_11.smt::z3::1
QF_UFLRA/mathsat/RandomCoupled/pb_real_10_0300_10_26.smt::both::1
QF_UFLRA/mathsat/RandomCoupled/pb_real_40_1000_10_12.smt::both::1
QF_UFLRA/mathsat/RandomDecoupled/pb_real_40_80_60_21.smt::z3::1
QF_UFLRA/mathsat/RandomCoupled/pb_real_40_1000_10_13.smt::both::1
Unknown Files:
