QF_UF/QG-classification/qg5/iso_icl430.smt::both::1
QF_UF/QG-classification/qg5/gensys_icl217.smt::both::1
QF_UF/QG-classification/qg5/gensys_icl227.smt::both::1
QF_UF/QG-classification/qg5/iso_icl1216.smt::both::1
QF_UF/QG-classification/qg5/gensys_icl493.smt::both::1
QF_UF/QG-classification/qg5/gensys_icl1162.smt::both::1
QF_UF/QG-classification/qg5/gensys_icl917.smt::both::1
QF_UF/QG-classification/qg5/gensys_brn890.smt::both::1
QF_UF/QG-classification/qg5/iso_brn336.smt::both::1
QF_UF/QG-classification/qg5/gensys_icl421.smt::z3::1
QF_UF/NEQ/NEQ016_size5.smt::both::1
QF_UF/QG-classification/qg5/iso_icl677.smt::both::1
QF_UF/QG-classification/qg5/iso_icl811.smt::both::1
QF_UF/QG-classification/qg5/iso_icl367.smt::both::1
QF_UF/QG-classification/qg7/iso_brn053.smt::both::1
QF_UF/QG-classification/qg5/gensys_icl036.smt::both::1
QF_UF/QG-classification/qg5/gensys_brn991.smt::both::1
QF_UF/QG-classification/qg5/iso_brn099.smt::both::1
QF_UF/QG-classification/qg5/iso_brn546.smt::both::1
QF_UF/QG-classification/qg7/iso_brn_repgen050.smt::both::1
QF_UF/QG-classification/qg5/iso_brn1025.smt::both::1
QF_UF/QG-classification/qg5/gensys_icl1267.smt::both::1
QF_UF/QG-classification/qg5/gensys_icl1075.smt::both::1
QF_UF/QG-classification/loops6/iso_icl044.smt::both::1
QF_UF/QG-classification/qg5/iso_icl1211.smt::both::1
QF_UF/QG-classification/qg5/iso_brn660.smt::both::1
QF_UF/QG-classification/loops6/gensys_icl097.smt::both::1
QF_UF/QG-classification/qg5/iso_brn963.smt::both::1
QF_UF/QG-classification/qg5/gensys_brn173.smt::both::1
QF_UF/QG-classification/qg5/gensys_icl440.smt::both::1
QF_UF/QG-classification/qg7/iso_brn050.smt::both::1
QF_UF/QG-classification/qg7/iso_icl004.smt::both::1
QF_UF/QG-classification/qg5/iso_brn025.smt::both::1
QF_UF/QG-classification/qg5/iso_brn259.smt::both::1
QF_UF/QG-classification/qg5/gensys_brn950.smt::both::1
QF_UF/QG-classification/loops6/iso_icl049.smt::both::1
QF_UF/QG-classification/qg5/iso_brn1028.smt::both::1
QF_UF/QG-classification/qg5/gensys_brn331.smt::both::1
QF_UF/QG-classification/qg5/gensys_brn204.smt::both::1
QF_UF/QG-classification/qg5/iso_brn290.smt::both::1
QF_UF/QG-classification/qg5/iso_brn897.smt::both::1
QF_UF/QG-classification/qg5/iso_icl861.smt::both::1
QF_UF/QG-classification/qg5/gensys_brn623.smt::both::1
QF_UF/QG-classification/qg5/iso_brn275.smt::both::1
QF_UF/QG-classification/loops6/iso_icl013.smt::both::1
QF_UF/QG-classification/qg5/gensys_icl017.smt::both::1
QF_UF/QG-classification/qg5/iso_icl120.smt::both::1
QF_UF/QG-classification/qg5/iso_icl307.smt::both::1
QF_UF/QG-classification/qg7/gensys_brn_sk049.smt::both::1
QF_UF/QG-classification/qg5/iso_icl1004.smt::both::1
QF_UF/QG-classification/qg5/iso_icl599.smt::both::1
QF_UF/QG-classification/qg5/iso_brn514.smt::both::1
QF_UF/SEQ/SEQ018_size6.smt::z3::1
QF_UF/QG-classification/qg5/gensys_brn714.smt::both::1
QF_UF/QG-classification/qg5/iso_brn090.smt::both::1
QF_UF/QG-classification/qg5/iso_brn199.smt::both::1
QF_UF/QG-classification/qg5/iso_brn951.smt::both::1
QF_UF/QG-classification/qg5/iso_brn029.smt::both::1
QF_UF/QG-classification/qg5/gensys_icl1078.smt::both::1
QF_UF/QG-classification/qg5/gensys_icl161.smt::both::1
QF_UF/QG-classification/qg5/iso_brn008.smt::both::1
QF_UF/QG-classification/qg5/gensys_icl914.smt::both::1
QF_UF/PEQ/PEQ013_size5.smt::both::1
QF_UF/QG-classification/loops6/iso_brn102.smt::both::1
QF_UF/QG-classification/qg5/iso_brn627.smt::both::1
QF_UF/QG-classification/loops6/gensys_icl022.smt::both::1
QF_UF/QG-classification/qg5/gensys_brn522.smt::both::1
QF_UF/QG-classification/qg5/gensys_brn220.smt::both::1
QF_UF/QG-classification/qg5/iso_brn928.smt::both::1
QF_UF/QG-classification/qg5/iso_brn436.smt::both::1
QF_UF/QG-classification/qg6/gensys_brn009.smt::both::1
QF_UF/QG-classification/qg5/iso_brn1079.smt::both::1
QF_UF/QG-classification/qg5/gensys_brn1314.smt::both::1
QF_UF/QG-classification/qg6/gensys_brn014.smt::both::1
QF_UF/QG-classification/qg7/iso_brn_sk021.smt::both::1
QF_UF/QG-classification/qg5/iso_icl1232.smt::both::1
QF_UF/QG-classification/qg7/iso_brn_repgen_sk043.smt::z3::1
QF_UF/QG-classification/qg5/iso_brn058.smt::both::1
QF_UF/QG-classification/qg7/iso_brn_sk017.smt::both::1
QF_UF/QG-classification/qg5/iso_brn202.smt::both::1
QF_UF/QG-classification/qg5/iso_icl1051.smt::both::1
QF_UF/QG-classification/loops6/gensys_icl053.smt::both::1
QF_UF/QG-classification/qg5/iso_brn486.smt::both::1
QF_UF/QG-classification/qg5/gensys_brn202.smt::both::1
QF_UF/QG-classification/qg5/gensys_brn656.smt::both::1
QF_UF/QG-classification/qg5/iso_icl318.smt::both::1
QF_UF/QG-classification/qg5/iso_brn308.smt::both::1
QF_UF/QG-classification/qg5/gensys_icl496.smt::both::1
QF_UF/QG-classification/qg5/iso_brn785.smt::both::1
QF_UF/QG-classification/qg5/iso_brn038.smt::both::1
QF_UF/QG-classification/qg5/gensys_brn301.smt::both::1
QF_UF/eq_diamond/eq_diamond4.smt::both::1
QF_UF/QG-classification/loops6/iso_icl040.smt::both::1
QF_UF/QG-classification/qg5/iso_icl171.smt::both::1
QF_UF/QG-classification/qg5/iso_icl766.smt::both::1
QF_UF/QG-classification/qg5/iso_brn426.smt::both::1
QF_UF/QG-classification/qg5/gensys_brn221.smt::both::1
QF_UF/QG-classification/qg5/iso_brn758.smt::both::1
QF_UF/QG-classification/qg5/dead_dnd039.smt::both::1
QF_UF/QG-classification/qg5/gensys_icl353.smt::z3::1
QF_UF/QG-classification/qg5/gensys_icl270.smt::both::1
QF_UF/QG-classification/qg5/gensys_icl771.smt::both::1
QF_UF/QG-classification/loops6/gensys_brn006.smt::both::1
QF_UF/QG-classification/qg5/gensys_icl709.smt::both::1
QF_UF/QG-classification/qg5/gensys_icl297.smt::both::1
QF_UF/QG-classification/qg7/iso_brn044.smt::both::1
QF_UF/QG-classification/qg5/gensys_brn329.smt::both::1
QF_UF/QG-classification/qg7/iso_brn_sk016.smt::both::1
QF_UF/QG-classification/qg5/iso_icl278.smt::both::1
QF_UF/QG-classification/qg5/gensys_brn670.smt::both::1
QF_UF/QG-classification/qg5/gensys_icl642.smt::both::1
QF_UF/QG-classification/loops6/iso_brn048.smt::both::1
QF_UF/QG-classification/qg5/gensys_brn970.smt::both::1
QF_UF/QG-classification/qg5/iso_brn895.smt::both::1
QF_UF/QG-classification/qg5/iso_brn189.smt::both::1
QF_UF/QG-classification/qg5/iso_brn057.smt::both::1
QF_UF/QG-classification/qg5/iso_icl1160.smt::both::1
QF_UF/QG-classification/qg5/iso_icl305.smt::both::1
QF_UF/QG-classification/qg5/iso_icl511.smt::both::1
QF_UF/QG-classification/qg5/iso_icl167.smt::both::1
QF_UF/QG-classification/qg5/gensys_brn1256.smt::both::1
QF_UF/QG-classification/qg5/iso_icl513.smt::both::1
QF_UF/QG-classification/loops6/gensys_icl042.smt::both::1
QF_UF/QG-classification/loops6/gensys_brn029.smt::both::1
QF_UF/QG-classification/qg5/iso_icl145.smt::both::1
QF_UF/QG-classification/qg5/gensys_brn1106.smt::both::1
QF_UF/QG-classification/qg5/gensys_brn811.smt::both::1
QF_UF/QG-classification/qg5/iso_icl1047.smt::both::1
QF_UF/QG-classification/qg5/iso_icl784.smt::both::1
QF_UF/QG-classification/qg5/gensys_brn219.smt::both::1
QF_UF/QG-classification/qg5/dead_dnd003.smt::both::1
QF_UF/QG-classification/qg5/iso_brn274.smt::both::1
QF_UF/QG-classification/qg5/iso_brn411.smt::both::1
QF_UF/QG-classification/qg5/iso_icl689.smt::both::1
QF_UF/QG-classification/qg5/iso_brn417.smt::both::1
QF_UF/QG-classification/qg5/gensys_brn498.smt::both::1
QF_UF/QG-classification/qg5/gensys_icl1092.smt::both::1
QF_UF/QG-classification/qg5/iso_brn461.smt::both::1
QF_UF/QG-classification/qg5/iso_brn880.smt::both::1
QF_UF/QG-classification/qg5/iso_icl093.smt::both::1
QF_UF/QG-classification/qg5/gensys_brn058.smt::both::1
QF_UF/QG-classification/qg5/gensys_icl1054.smt::both::1
QF_UF/QG-classification/qg5/iso_icl128.smt::both::1
QF_UF/QG-classification/qg5/iso_brn316.smt::both::1
QF_UF/QG-classification/qg5/gensys_brn383.smt::both::1
QF_UF/QG-classification/qg5/gensys_icl274.smt::both::1
QF_UF/QG-classification/qg5/gensys_icl425.smt::yices::1
QF_UF/QG-classification/qg5/gensys_brn194.smt::both::1
QF_UF/QG-classification/qg7/gensys_brn010.smt::both::1
QF_UF/QG-classification/qg5/iso_icl964.smt::both::1
QF_UF/QG-classification/qg5/iso_icl907.smt::both::1
QF_UF/QG-classification/qg5/iso_brn561.smt::both::1
QF_UF/QG-classification/loops6/gensys_brn098.smt::both::1
QF_UF/QG-classification/qg5/iso_brn393.smt::both::1
QF_UF/QG-classification/qg5/iso_icl729.smt::both::1
QF_UF/QG-classification/qg5/gensys_brn1148.smt::z3::1
QF_UF/QG-classification/qg5/gensys_brn499.smt::both::1
QF_UF/QG-classification/qg5/iso_icl144.smt::both::1
QF_UF/QG-classification/qg5/gensys_icl756.smt::both::1
QF_UF/QG-classification/qg5/iso_icl1168.smt::both::1
QF_UF/QG-classification/loops6/iso_brn078.smt::both::1
QF_UF/QG-classification/qg5/iso_icl655.smt::both::1
QF_UF/QG-classification/qg5/gensys_brn699.smt::both::1
QF_UF/QG-classification/qg5/iso_icl363.smt::both::1
QF_UF/QG-classification/qg5/gensys_icl476.smt::both::1
QF_UF/QG-classification/loops6/iso_icl060.smt::both::1
QF_UF/QG-classification/qg5/iso_icl260.smt::both::1
QF_UF/QG-classification/qg5/iso_brn483.smt::both::1
QF_UF/QG-classification/qg5/gensys_icl1010.smt::both::1
QF_UF/QG-classification/qg6/iso_brn_repgen002.smt::both::1
QF_UF/QG-classification/qg5/iso_icl1054.smt::both::1
QF_UF/QG-classification/qg5/iso_brn543.smt::both::1
QF_UF/QG-classification/qg5/iso_brn300.smt::both::1
QF_UF/QG-classification/qg5/iso_brn349.smt::both::1
QF_UF/QG-classification/qg7/iso_brn_repgen_sk047.smt::both::1
QF_UF/QG-classification/qg5/gensys_icl850.smt::both::5
QF_UF/QG-classification/qg5/gensys_icl195.smt::both::5
QF_UF/QG-classification/qg6/gensys_brn_sk007.smt::z3::5
QF_UF/QG-classification/qg5/gensys_brn723.smt::both::5
QF_UF/QG-classification/qg5/gensys_icl534.smt::both::5
QF_UF/QG-classification/qg5/dead_dnd048.smt::both::5
QF_UF/QG-classification/qg5/gensys_icl158.smt::both::5
QF_UF/QG-classification/qg5/gensys_icl591.smt::z3::5
QF_UF/QG-classification/qg5/gensys_icl314.smt::both::5
QF_UF/QG-classification/qg5/gensys_icl298.smt::both::5
QF_UF/QG-classification/qg5/gensys_icl594.smt::both::5
QF_UF/QG-classification/qg5/dead_dnd034.smt::both::5
QF_UF/QG-classification/qg5/gensys_brn1263.smt::both::5
QF_UF/QG-classification/qg5/gensys_icl108.smt::both::5
QF_UF/QG-classification/qg5/gensys_brn795.smt::both::5
QF_UF/QG-classification/qg5/gensys_brn325.smt::both::5
QF_UF/QG-classification/qg6/dead_dnd_sk001.smt::z3::5
QF_UF/QG-classification/qg5/gensys_icl157.smt::both::5
QF_UF/QG-classification/qg7/iso_brn_nogen_sk017.smt::both::5
QF_UF/QG-classification/qg5/gensys_icl822.smt::both::5
QF_UF/QG-classification/qg5/gensys_icl810.smt::both::5
QF_UF/SEQ/SEQ009_size8.smt::both::10
QF_UF/QG-classification/qg7/gensys_icl001.smt::z3::30
QF_UF/SEQ/SEQ026_size7.smt::z3::120
Unknown Files:
QF_UF/eq_diamond/eq_diamond97.smt
