QF_UFLIA/mathsat/Hash/hash_uns_05_14.smt::both::1
QF_UFLIA/check/bignum_lia2.smt::both::1
QF_UFLIA/mathsat/EufLaArithmetic/hard/hard10.smt::both::1
QF_UFLIA/mathsat/EufLaArithmetic/hard/hard11.smt::both::1
QF_UFLIA/mathsat/EufLaArithmetic/hard/hard12.smt::both::1
QF_UFLIA/mathsat/EufLaArithmetic/hard/hard13.smt::both::1
QF_UFLIA/mathsat/EufLaArithmetic/hard/hard15.smt::both::1
QF_UFLIA/wisas/xs_5_15.smt::both::1
QF_UFLIA/mathsat/Wisa/xs-12-20-1-1-5-2.smt::both::1
QF_UFLIA/mathsat/EufLaArithmetic/hard/hard18.smt::both::1
QF_UFLIA/wisas/xs_8_13.smt::both::1
QF_UFLIA/mathsat/EufLaArithmetic/hard/hard20.smt::both::1
QF_UFLIA/wisas/xs_30_50.smt::both::1
QF_UFLIA/mathsat/Wisa/xs-16-10-4-3-1-3.smt::both::1
QF_UFLIA/mathsat/Wisa/xs-13-10-4-3-1-3.smt::both::1
QF_UFLIA/wisas/xs_19_29.smt::both::1
QF_UFLIA/mathsat/Wisa/xs-17-10-5-3-2-1.smt::both::1
QF_UFLIA/mathsat/Wisa/xs-11-06-4-4-5-5.smt::both::1
QF_UFLIA/mathsat/Wisa/xs-09-13-2-3-1-3.smt::both::1
QF_UFLIA/mathsat/Wisa/xs-18-11-5-3-1-1.smt::both::1
QF_UFLIA/mathsat/EufLaArithmetic/medium/medium12.smt::both::1
QF_UFLIA/mathsat/Wisa/xs-13-11-5-3-5-3.smt::both::1
QF_UFLIA/mathsat/Wisa/xs-07-16-2-4-3-5.smt::both::1
QF_UFLIA/mathsat/EufLaArithmetic/medium/medium15.smt::both::1
QF_UFLIA/mathsat/Wisa/xs-18-13-5-4-1-2.smt::both::1
QF_UFLIA/mathsat/EufLaArithmetic/medium/medium17.smt::both::1
QF_UFLIA/wisas/xs_16_26.smt::both::1
QF_UFLIA/wisas/xs_10_20.smt::both::1
QF_UFLIA/mathsat/EufLaArithmetic/medium/medium20.smt::both::1
QF_UFLIA/mathsat/EufLaArithmetic/medium/medium5.smt::both::1
QF_UFLIA/mathsat/Wisa/xs-09-17-2-1-4-1.smt::both::1
QF_UFLIA/mathsat/EufLaArithmetic/medium/medium7.smt::both::1
QF_UFLIA/wisas/xs_9_9.smt::both::1
QF_UFLIA/mathsat/EufLaArithmetic/medium/medium9.smt::both::1
QF_UFLIA/mathsat/Hash/hash_uns_04_15.smt::both::1
QF_UFLIA/wisas/xs_27_27.smt::both::1
QF_UFLIA/mathsat/Wisa/xs-13-15-5-3-4-1.smt::both::1
QF_UFLIA/mathsat/Hash/hash_sat_03_06.smt::both::1
QF_UFLIA/wisas/xs_23_33.smt::both::1
QF_UFLIA/wisas/xs_40_50.smt::both::1
QF_UFLIA/mathsat/Wisa/xs-13-12-5-3-4-4.smt::both::1
QF_UFLIA/mathsat/Hash/hash_uns_05_08.smt::both::1
QF_UFLIA/mathsat/Hash/hash_sat_03_11.smt::both::1
QF_UFLIA/wisas/xs_31_51.smt::both::1
QF_UFLIA/mathsat/Wisa/xs-05-08-4-2-5-4.smt::both::1
QF_UFLIA/mathsat/Wisa/xs-08-10-5-2-5-3.smt::both::1
QF_UFLIA/mathsat/Hash/hash_sat_03_15.smt::both::1
QF_UFLIA/mathsat/Wisa/xs-20-18-3-4-5-4.smt::both::1
QF_UFLIA/mathsat/Hash/hash_uns_05_06.smt::both::1
QF_UFLIA/mathsat/Hash/hash_sat_03_18.smt::both::1
QF_UFLIA/mathsat/Wisa/xs-08-06-4-5-4-1.smt::both::1
QF_UFLIA/mathsat/Hash/hash_sat_03_20.smt::both::1
QF_UFLIA/mathsat/Wisa/xs-06-12-5-4-2-5.smt::both::1
QF_UFLIA/mathsat/Hash/hash_sat_04_04.smt::both::1
QF_UFLIA/mathsat/Hash/hash_sat_04_05.smt::both::1
QF_UFLIA/wisas/xs_38_58.smt::both::1
QF_UFLIA/mathsat/Hash/hash_sat_04_07.smt::both::1
QF_UFLIA/mathsat/Wisa/xs-12-11-1-4-4-3.smt::both::1
QF_UFLIA/wisas/xs_6_16.smt::both::1
QF_UFLIA/wisas/xs_34_54.smt::both::1
QF_UFLIA/wisas/xs_33_53.smt::both::1
QF_UFLIA/mathsat/Wisa/xs-15-09-3-5-5-3.smt::both::1
QF_UFLIA/mathsat/Wisa/xs-13-17-4-2-1-5.smt::both::1
QF_UFLIA/mathsat/Hash/hash_uns_05_03.smt::both::1
QF_UFLIA/mathsat/Hash/hash_sat_04_15.smt::both::1
QF_UFLIA/mathsat/Wisa/xs-15-18-4-1-3-5.smt::both::1
QF_UFLIA/wisas/xs_21_21.smt::both::1
QF_UFLIA/mathsat/Wisa/xs-07-11-1-1-1-1.smt::both::1
QF_UFLIA/mathsat/Hash/hash_sat_04_19.smt::both::1
QF_UFLIA/mathsat/Wisa/xs-09-12-5-2-1-5.smt::both::1
QF_UFLIA/wisas/xs_20_20.smt::both::1
QF_UFLIA/mathsat/Wisa/xs-09-07-1-3-3-2.smt::both::1
QF_UFLIA/mathsat/Hash/hash_sat_05_05.smt::both::1
QF_UFLIA/wisas/xs_30_40.smt::both::1
QF_UFLIA/mathsat/Wisa/xs-19-14-3-3-5-3.smt::both::1
QF_UFLIA/wisas/xs_14_19.smt::both::1
QF_UFLIA/mathsat/Hash/hash_sat_05_09.smt::both::1
QF_UFLIA/wisas/xs_13_13.smt::both::1
QF_UFLIA/mathsat/Wisa/xs-05-20-5-1-4-2.smt::both::1
QF_UFLIA/wisas/xs_35_45.smt::yices::1
QF_UFLIA/wisas/xs_26_26.smt::both::1
QF_UFLIA/mathsat/Wisa/xs-11-20-5-2-5-3.smt::both::1
QF_UFLIA/mathsat/Hash/hash_sat_05_15.smt::both::1
QF_UFLIA/mathsat/Hash/hash_sat_05_16.smt::both::1
QF_UFLIA/mathsat/Hash/hash_sat_05_17.smt::both::1
QF_UFLIA/mathsat/Hash/hash_uns_05_09.smt::both::1
QF_UFLIA/mathsat/Hash/hash_sat_05_19.smt::both::1
QF_UFLIA/mathsat/Hash/hash_sat_05_20.smt::both::1
QF_UFLIA/mathsat/Hash/hash_sat_06_03.smt::both::1
QF_UFLIA/mathsat/Wisa/xs-11-09-1-2-1-3.smt::both::1
QF_UFLIA/mathsat/Hash/hash_sat_06_05.smt::both::1
QF_UFLIA/mathsat/Wisa/xs-09-06-1-5-3-2.smt::both::1
QF_UFLIA/wisas/xs_36_56.smt::yices::1
QF_UFLIA/wisas/xs_32_52.smt::both::1
QF_UFLIA/mathsat/Hash/hash_sat_06_09.smt::both::1
QF_UFLIA/mathsat/Wisa/xs-15-07-3-1-5-5.smt::both::1
QF_UFLIA/wisas/xs_10_15.smt::both::1
QF_UFLIA/mathsat/Wisa/xs-11-18-3-3-4-1.smt::both::1
QF_UFLIA/mathsat/Wisa/xs-05-09-5-1-2-5.smt::both::1
QF_UFLIA/mathsat/Wisa/xs-08-09-4-5-5-4.smt::both::1
QF_UFLIA/mathsat/Hash/hash_sat_06_15.smt::both::1
QF_UFLIA/wisas/xs_13_18.smt::both::1
QF_UFLIA/wisas/xs_10_10.smt::both::1
QF_UFLIA/mathsat/Hash/hash_sat_06_18.smt::both::1
QF_UFLIA/wisas/xs_26_36.smt::both::1
QF_UFLIA/mathsat/Hash/hash_sat_06_20.smt::both::1
QF_UFLIA/mathsat/Wisa/xs-19-17-2-2-5-1.smt::both::1
QF_UFLIA/wisas/xs_7_17.smt::both::1
QF_UFLIA/mathsat/Wisa/xs-14-12-4-4-1-3.smt::both::1
QF_UFLIA/mathsat/Hash/hash_uns_04_20.smt::both::1
QF_UFLIA/mathsat/Hash/hash_sat_07_07.smt::both::1
QF_UFLIA/mathsat/Wisa/xs-18-08-4-5-2-5.smt::both::1
QF_UFLIA/mathsat/Wisa/xs-17-19-3-3-3-4.smt::both::1
QF_UFLIA/mathsat/Hash/hash_sat_07_10.smt::both::1
QF_UFLIA/mathsat/Wisa/xs-20-14-2-3-3-3.smt::both::1
QF_UFLIA/mathsat/Hash/hash_sat_07_12.smt::both::1
QF_UFLIA/wisas/xs_16_16.smt::both::1
QF_UFLIA/mathsat/Hash/hash_sat_07_14.smt::both::1
QF_UFLIA/wisas/xs_33_33.smt::both::1
QF_UFLIA/mathsat/Hash/hash_sat_07_16.smt::both::1
QF_UFLIA/mathsat/Hash/hash_sat_07_17.smt::both::1
QF_UFLIA/mathsat/Wisa/xs-06-14-3-1-5-2.smt::both::1
QF_UFLIA/mathsat/Hash/hash_sat_07_19.smt::both::1
QF_UFLIA/mathsat/Wisa/xs-17-15-2-2-2-4.smt::both::1
QF_UFLIA/mathsat/Hash/hash_sat_08_03.smt::both::1
QF_UFLIA/mathsat/Hash/hash_sat_08_04.smt::both::1
QF_UFLIA/mathsat/Hash/hash_sat_08_05.smt::both::1
QF_UFLIA/mathsat/Wisa/xs-11-05-3-1-5-3.smt::both::1
QF_UFLIA/mathsat/Hash/hash_sat_08_07.smt::both::1
QF_UFLIA/mathsat/Wisa/xs-06-18-1-2-1-5.smt::both::1
QF_UFLIA/mathsat/Wisa/xs-20-06-2-3-1-3.smt::both::1
QF_UFLIA/wisas/xs_24_44.smt::both::1
QF_UFLIA/wisas/xs_19_39.smt::z3::1
QF_UFLIA/mathsat/Hash/hash_sat_08_12.smt::both::1
QF_UFLIA/mathsat/Wisa/xs-11-08-3-4-3-5.smt::both::1
QF_UFLIA/mathsat/Wisa/xs-07-15-4-4-1-5.smt::both::1
QF_UFLIA/mathsat/Wisa/xs-14-07-1-4-1-3.smt::both::1
QF_UFLIA/mathsat/Hash/hash_sat_08_16.smt::both::1
QF_UFLIA/mathsat/Wisa/xs-19-05-2-5-4-2.smt::both::1
QF_UFLIA/mathsat/Wisa/xs-15-12-2-2-3-4.smt::both::1
QF_UFLIA/wisas/xs_11_21.smt::both::1
QF_UFLIA/mathsat/Hash/hash_sat_08_20.smt::both::1
QF_UFLIA/wisas/xs_12_17.smt::both::1
QF_UFLIA/mathsat/Wisa/xs-10-09-1-4-4-1.smt::both::1
QF_UFLIA/mathsat/Hash/hash_sat_09_05.smt::both::1
QF_UFLIA/mathsat/Hash/hash_sat_09_06.smt::both::1
QF_UFLIA/mathsat/Wisa/xs-18-17-4-5-2-4.smt::both::1
QF_UFLIA/mathsat/Wisa/xs-19-10-3-5-2-5.smt::both::1
QF_UFLIA/mathsat/Wisa/xs-12-16-5-2-2-3.smt::both::1
QF_UFLIA/mathsat/Hash/hash_sat_09_10.smt::both::1
QF_UFLIA/mathsat/Hash/hash_uns_04_14.smt::both::1
QF_UFLIA/mathsat/Hash/hash_sat_09_12.smt::both::1
QF_UFLIA/mathsat/Wisa/xs-11-07-3-4-2-3.smt::both::1
QF_UFLIA/mathsat/Hash/hash_sat_09_14.smt::both::1
QF_UFLIA/mathsat/Wisa/xs-15-10-1-3-5-1.smt::both::1
QF_UFLIA/wisas/xs_31_41.smt::both::1
QF_UFLIA/mathsat/Wisa/xs-19-11-4-4-1-3.smt::both::1
QF_UFLIA/mathsat/Hash/hash_sat_09_18.smt::both::1
QF_UFLIA/mathsat/Wisa/xs-05-17-1-5-1-5.smt::both::1
QF_UFLIA/wisas/xs_35_35.smt::both::1
QF_UFLIA/mathsat/Wisa/xs-17-12-3-4-4-1.smt::both::1
QF_UFLIA/mathsat/Wisa/xs-19-15-3-1-3-4.smt::both::1
QF_UFLIA/mathsat/Hash/hash_sat_10_05.smt::both::1
QF_UFLIA/mathsat/Wisa/xs-12-15-3-2-1-5.smt::both::1
QF_UFLIA/mathsat/Hash/hash_uns_04_19.smt::both::1
QF_UFLIA/wisas/xs_37_37.smt::both::1
QF_UFLIA/mathsat/Wisa/xs-14-17-5-4-3-1.smt::both::1
QF_UFLIA/mathsat/Hash/hash_sat_10_10.smt::both::1
QF_UFLIA/wisas/xs_19_19.smt::both::1
QF_UFLIA/mathsat/Wisa/xs-18-06-4-2-1-1.smt::both::1
QF_UFLIA/mathsat/Hash/hash_uns_05_13.smt::both::1
QF_UFLIA/mathsat/Wisa/xs-08-19-2-2-3-1.smt::both::1
QF_UFLIA/mathsat/Wisa/xs-11-14-5-3-1-2.smt::both::1
QF_UFLIA/mathsat/Wisa/xs-05-06-2-2-5-1.smt::both::1
QF_UFLIA/mathsat/Wisa/xs-14-05-1-4-4-5.smt::both::1
QF_UFLIA/mathsat/Wisa/xs-10-19-3-4-2-4.smt::both::1
QF_UFLIA/mathsat/Hash/hash_sat_10_19.smt::both::1
QF_UFLIA/mathsat/Hash/hash_sat_10_20.smt::both::1
QF_UFLIA/mathsat/Wisa/xs-08-05-1-5-4-2.smt::both::1
QF_UFLIA/mathsat/Wisa/xs-07-06-4-1-5-3.smt::both::1
QF_UFLIA/wisas/xs_38_48.smt::both::1
QF_UFLIA/mathsat/Hash/hash_uns_03_06.smt::both::1
QF_UFLIA/mathsat/Wisa/xs-05-12-1-4-2-1.smt::both::1
QF_UFLIA/mathsat/Hash/hash_uns_03_08.smt::both::1
QF_UFLIA/mathsat/Wisa/xs-09-05-2-4-4-5.smt::both::1
QF_UFLIA/mathsat/Wisa/xs-20-10-5-5-5-4.smt::both::1
QF_UFLIA/mathsat/Wisa/xs-19-09-4-2-3-5.smt::both::1
QF_UFLIA/mathsat/Hash/hash_uns_03_12.smt::both::1
QF_UFLIA/mathsat/Wisa/xs-09-20-5-5-1-5.smt::both::1
QF_UFLIA/mathsat/Hash/hash_uns_05_20.smt::both::1
QF_UFLIA/mathsat/Wisa/xs-12-10-4-4-3-1.smt::both::1
QF_UFLIA/mathsat/Hash/hash_uns_03_16.smt::both::1
QF_UFLIA/wisas/xs_23_23.smt::both::1
QF_UFLIA/mathsat/Hash/hash_uns_03_18.smt::both::1
QF_UFLIA/mathsat/Hash/hash_uns_03_19.smt::both::1
QF_UFLIA/mathsat/Wisa/xs-13-05-5-4-1-5.smt::both::1
QF_UFLIA/mathsat/Hash/hash_uns_05_05.smt::both::1
QF_UFLIA/wisas/xs_15_20.smt::both::1
QF_UFLIA/wisas/xs_39_39.smt::both::1
QF_UFLIA/wisas/xs_20_40.smt::both::5
Unknown Files:
