QF_BV/spear/cvs_v1.11.22/cvs_vc105251.smt:3.78:29.05
QF_BV/spear/cvs_v1.11.22/cvs_vc105346.smt:3.52:29.81
QF_BV/spear/cvs_v1.11.22/cvs_vc105421.smt:4.14:29.86
QF_BV/spear/cvs_v1.11.22/cvs_vc105353.smt:3.19:29.74
QF_BV/spear/cvs_v1.11.22/cvs_vc71402.smt:0.0:0.0
QF_BV/spear/cvs_v1.11.22/cvs_vc105413.smt:3.16:29.75
QF_BV/spear/cvs_v1.11.22/cvs_vc105433.smt:3.31:29.1
QF_BV/spear/cvs_v1.11.22/cvs_vc81758.smt:3.78:19.22
QF_BV/spear/cvs_v1.11.22/cvs_vc105128.smt:3.68:29.58
QF_BV/spear/cvs_v1.11.22/cvs_vc81760.smt:4.21:15.94
QF_BV/spear/cvs_v1.11.22/cvs_vc105447.smt:2.77:29.82
QF_BV/spear/cvs_v1.11.22/cvs_vc81759.smt:4.2:16.21
QF_BV/spear/cvs_v1.11.22/cvs_vc105324.smt:2.74:29.86
QF_BV/spear/cvs_v1.11.22/cvs_vc105369.smt:3.12:29.82
QF_BV/spear/cvs_v1.11.22/cvs_vc105422.smt:4.37:29.51
QF_BV/spear/cvs_v1.11.22/cvs_vc81761.smt:3.49:19.33
QF_BV/spear/cvs_v1.11.22/cvs_vc105321.smt:2.44:29.89
QF_BV/spear/cvs_v1.11.22/cvs_vc105323.smt:2.48:29.83
QF_BV/spear/cvs_v1.11.22/cvs_vc105153.smt:3.35:29.82
QF_BV/spear/cvs_v1.11.22/cvs_vc105365.smt:2.92:29.87
QF_BV/spear/cvs_v1.11.22/cvs_vc105357.smt:2.95:29.89
QF_BV/spear/cvs_v1.11.22/cvs_vc105410.smt:3.19:29.89
QF_BV/spear/cvs_v1.11.22/cvs_vc105439.smt:2.82:29.88
QF_BV/spear/cvs_v1.11.22/cvs_vc105354.smt:3.47:29.79
QF_BV/spear/cvs_v1.11.22/cvs_vc105458.smt:3.44:29.41
QF_BV/spear/cvs_v1.11.22/cvs_vc105319.smt:2.64:29.75
QF_BV/spear/cvs_v1.11.22/cvs_vc105453.smt:2.73:29.85
QF_BV/spear/cvs_v1.11.22/cvs_vc105366.smt:3.15:29.38
QF_BV/spear/cvs_v1.11.22/cvs_vc105322.smt:3.34:29.63
QF_BV/spear/samba_v3.0.24/bin_libsmbsharemodes_vc7656.smt:6.61:29.87
QF_BV/spear/samba_v3.0.24/bin_libsmbsharemodes_vc7133.smt:3.66:29.87
QF_BV/spear/samba_v3.0.24/bin_eventlogadm_vc352867.smt:8.81:29.85
QF_BV/spear/samba_v3.0.24/bin_libsmbsharemodes_vc5747.smt:2.12:29.53
QF_BV/spear/samba_v3.0.24/bin_libsmbsharemodes_vc7129.smt:4.72:29.71
QF_BV/spear/samba_v3.0.24/bin_eventlogadm_vc352374.smt:13.6:29.82
QF_BV/spear/samba_v3.0.24/bin_libsmbsharemodes_vc7704.smt:8.97:29.48
QF_BV/spear/samba_v3.0.24/bin_libsmbclient_vc1225740.smt:3.84:29.69
QF_BV/spear/samba_v3.0.24/bin_eventlogadm_vc331181.smt:7.19:29.54
QF_BV/spear/samba_v3.0.24/bin_libsmbsharemodes_vc7131.smt:4.47:29.75
QF_BV/spear/samba_v3.0.24/bin_libsmbclient_vc1228493.smt:5.17:29.84
QF_BV/spear/samba_v3.0.24/bin_libsmbclient_vc1225735.smt:4.01:29.57
QF_BV/spear/samba_v3.0.24/bin_libsmbsharemodes_vc6278.smt:2.91:29.37
QF_BV/spear/samba_v3.0.24/bin_libmsrpc_vc1225458.smt:4.08:29.57
QF_BV/spear/samba_v3.0.24/bin_eventlogadm_vc352395.smt:7.86:29.79
QF_BV/spear/samba_v3.0.24/bin_libsmbsharemodes_vc4292.smt:1.65:12.7
QF_BV/spear/samba_v3.0.24/bin_libsmbsharemodes_vc6173.smt:2.86:29.72
QF_BV/spear/samba_v3.0.24/bin_libsmbsharemodes_vc6139.smt:2.42:29.72
QF_BV/spear/samba_v3.0.24/bin_libsmbclient_vc1228437.smt:7.59:29.6
QF_BV/spear/samba_v3.0.24/bin_eventlogadm_vc331211.smt:22.76:29.63
QF_BV/spear/samba_v3.0.24/bin_libsmbsharemodes_vc7611.smt:3.56:29.51
QF_BV/spear/samba_v3.0.24/bin_eventlogadm_vc331198.smt:7.17:29.62
QF_BV/spear/samba_v3.0.24/bin_libmsrpc_vc1225435.smt:5.37:29.86
QF_BV/spear/samba_v3.0.24/bin_libmsrpc_vc1225313.smt:3.1:29.77
QF_BV/spear/samba_v3.0.24/bin_libsmbclient_vc1225860.smt:4.15:29.82
QF_BV/spear/samba_v3.0.24/bin_libsmbsharemodes_vc7685.smt:7.48:29.84
QF_BV/spear/samba_v3.0.24/bin_libsmbsharemodes_vc5320.smt:2.69:29.85
QF_BV/spear/samba_v3.0.24/bin_libsmbsharemodes_vc6155.smt:3.12:29.8
QF_BV/spear/samba_v3.0.24/bin_libsmbclient_vc1225818.smt:4.26:29.75
QF_BV/spear/samba_v3.0.24/bin_libsmbsharemodes_vc6277.smt:3.06:29.77
QF_BV/spear/samba_v3.0.24/bin_libsmbsharemodes_vc6204.smt:3.41:29.75
QF_BV/spear/samba_v3.0.24/bin_libmsrpc_vc1225254.smt:3.5:29.75
QF_BV/spear/samba_v3.0.24/bin_eventlogadm_vc352380.smt:14.31:29.66
QF_BV/spear/samba_v3.0.24/bin_libsmbsharemodes_vc6208.smt:5.08:29.5
QF_BV/spear/samba_v3.0.24/bin_libsmbsharemodes_vc5796.smt:2.19:12.66
QF_BV/spear/samba_v3.0.24/bin_libsmbclient_vc1225779.smt:6.16:29.77
QF_BV/spear/samba_v3.0.24/bin_eventlogadm_vc352401.smt:13.89:29.82
QF_BV/spear/samba_v3.0.24/bin_libsmbsharemodes_vc6312.smt:3.65:29.61
QF_BV/spear/samba_v3.0.24/bin_eventlogadm_vc330983.smt:0.4:1.79
QF_BV/spear/samba_v3.0.24/bin_libsmbsharemodes_vc6194.smt:5.39:29.72
QF_BV/spear/samba_v3.0.24/bin_libsmbsharemodes_vc5757.smt:4.13:29.51
QF_BV/spear/samba_v3.0.24/bin_libmsrpc_vc1225840.smt:6.4:29.23
QF_BV/spear/samba_v3.0.24/bin_libsmbsharemodes_vc7699.smt:10.18:29.8
QF_BV/spear/samba_v3.0.24/bin_eventlogadm_vc331217.smt:8.0:29.72
QF_BV/spear/samba_v3.0.24/bin_eventlogadm_vc331188.smt:6.15:29.79
QF_BV/spear/samba_v3.0.24/bin_libmsrpc_vc1225309.smt:3.41:29.88
QF_BV/spear/samba_v3.0.24/bin_eventlogadm_vc352354.smt:0.94:5.55
QF_BV/spear/samba_v3.0.24/bin_libmsrpc_vc1228567.smt:6.56:29.72
QF_BV/spear/samba_v3.0.24/bin_libsmbsharemodes_vc6339.smt:2.72:29.85
QF_BV/spear/samba_v3.0.24/bin_libsmbsharemodes_vc7109.smt:2.76:29.89
QF_BV/spear/samba_v3.0.24/bin_eventlogadm_vc331101.smt:2.66:29.87
QF_BV/spear/samba_v3.0.24/bin_libsmbsharemodes_vc5794.smt:1.84:16.06
QF_BV/spear/samba_v3.0.24/bin_libmsrpc_vc1225907.smt:5.75:29.86
QF_BV/spear/samba_v3.0.24/bin_libsmbsharemodes_vc7678.smt:8.47:29.81
QF_BV/spear/samba_v3.0.24/bin_libsmbsharemodes_vc5760.smt:1.77:21.66
QF_BV/spear/samba_v3.0.24/bin_libsmbsharemodes_vc6223.smt:3.8:29.85
QF_BV/spear/samba_v3.0.24/bin_libsmbsharemodes_vc6257.smt:5.13:29.43
QF_BV/spear/samba_v3.0.24/bin_libmsrpc_vc1225283.smt:2.96:29.09
QF_BV/spear/samba_v3.0.24/bin_libmsrpc_vc1225767.smt:3.08:29.48
QF_BV/spear/samba_v3.0.24/bin_libsmbsharemodes_vc6333.smt:4.77:29.33
QF_BV/spear/samba_v3.0.24/bin_libsmbsharemodes_vc5813.smt:2.19:14.57
QF_BV/spear/samba_v3.0.24/bin_libsmbsharemodes_vc6326.smt:2.66:29.28
QF_BV/spear/samba_v3.0.24/bin_eventlogadm_vc334888.smt:4.63:29.68
QF_BV/spear/samba_v3.0.24/bin_libmsrpc_vc1232002.smt:3.58:29.84
QF_BV/spear/samba_v3.0.24/bin_eventlogadm_vc331119.smt:4.24:29.5
QF_BV/spear/samba_v3.0.24/bin_libsmbsharemodes_vc6263.smt:6.6:29.29
QF_BV/spear/samba_v3.0.24/bin_libmsrpc_vc1225883.smt:7.98:29.85
QF_BV/spear/samba_v3.0.24/bin_eventlogadm_vc331107.smt:3.97:29.83
QF_BV/spear/samba_v3.0.24/bin_eventlogadm_vc351342.smt:1.16:8.16
QF_BV/spear/samba_v3.0.24/bin_eventlogadm_vc331134.smt:3.49:29.68
QF_BV/spear/samba_v3.0.24/bin_libsmbclient_vc1225825.smt:4.86:29.75
QF_BV/spear/samba_v3.0.24/bin_libsmbsharemodes_vc5749.smt:3.25:29.77
QF_BV/spear/samba_v3.0.24/bin_eventlogadm_vc351390.smt:8.89:29.85
QF_BV/spear/samba_v3.0.24/bin_libsmbclient_vc1228512.smt:6.19:29.83
QF_BV/spear/samba_v3.0.24/bin_eventlogadm_vc331254.smt:17.66:29.84
QF_BV/spear/samba_v3.0.24/bin_libsmbsharemodes_vc6314.smt:5.17:29.86
QF_BV/spear/samba_v3.0.24/bin_libsmbclient_vc1225782.smt:4.95:29.88
QF_BV/spear/samba_v3.0.24/bin_eventlogadm_vc352878.smt:13.12:29.68
QF_BV/spear/samba_v3.0.24/bin_libsmbsharemodes_vc4777.smt:1.33:4.95
QF_BV/spear/samba_v3.0.24/bin_libsmbclient_vc1228478.smt:6.07:29.88
QF_BV/spear/samba_v3.0.24/bin_libsmbsharemodes_vc4291.smt:1.12:5.97
QF_BV/spear/samba_v3.0.24/bin_libsmbsharemodes_vc5697.smt:2.69:25.16
QF_BV/spear/samba_v3.0.24/bin_eventlogadm_vc330950.smt:0.96:0.85
QF_BV/spear/samba_v3.0.24/bin_libsmbsharemodes_vc6185.smt:3.49:29.73
QF_BV/spear/samba_v3.0.24/bin_libmsrpc_vc1225909.smt:5.92:29.89
QF_BV/spear/samba_v3.0.24/bin_libsmbclient_vc1225887.smt:5.5:29.3
QF_BV/spear/samba_v3.0.24/bin_eventlogadm_vc331241.smt:11.55:29.82
QF_BV/spear/samba_v3.0.24/bin_eventlogadm_vc331169.smt:3.7:29.82
QF_BV/spear/samba_v3.0.24/bin_eventlogadm_vc354402.smt:1.29:0.42
QF_BV/spear/samba_v3.0.24/bin_libsmbsharemodes_vc7674.smt:5.85:29.89
QF_BV/spear/samba_v3.0.24/bin_libsmbsharemodes_vc7676.smt:4.63:29.87
QF_BV/spear/samba_v3.0.24/bin_libmsrpc_vc1225962.smt:5.23:29.85
QF_BV/spear/samba_v3.0.24/bin_libsmbsharemodes_vc6300.smt:3.87:29.85
QF_BV/spear/samba_v3.0.24/bin_libsmbclient_vc1225276.smt:4.67:29.83
QF_BV/spear/samba_v3.0.24/bin_libsmbsharemodes_vc6275.smt:3.09:29.88
QF_BV/spear/samba_v3.0.24/bin_eventlogadm_vc351389.smt:10.52:29.71
QF_BV/spear/samba_v3.0.24/bin_libsmbsharemodes_vc6186.smt:4.56:29.44
QF_BV/spear/samba_v3.0.24/bin_libsmbsharemodes_vc4780.smt:1.5:11.48
QF_BV/spear/samba_v3.0.24/bin_libsmbsharemodes_vc7706.smt:5.53:29.84
QF_BV/spear/samba_v3.0.24/bin_libsmbsharemodes_vc7714.smt:3.63:29.87
QF_BV/spear/samba_v3.0.24/bin_eventlogadm_vc352370.smt:10.27:29.85
QF_BV/spear/samba_v3.0.24/bin_libsmbclient_vc1225746.smt:3.04:29.72
QF_BV/spear/samba_v3.0.24/bin_libsmbclient_vc1225781.smt:5.08:29.24
QF_BV/spear/samba_v3.0.24/bin_eventlogadm_vc351366.smt:3.82:29.6
QF_BV/spear/samba_v3.0.24/bin_eventlogadm_vc352865.smt:2.7:29.53
QF_BV/spear/samba_v3.0.24/bin_eventlogadm_vc331092.smt:2.3:29.81
QF_BV/spear/samba_v3.0.24/bin_libsmbclient_vc1228535.smt:6.3:29.65
QF_BV/spear/samba_v3.0.24/bin_libsmbsharemodes_vc6099.smt:2.96:16.6
QF_BV/spear/samba_v3.0.24/bin_eventlogadm_vc331103.smt:3.36:29.68
QF_BV/spear/samba_v3.0.24/bin_libsmbsharemodes_vc5840.smt:2.21:13.3
QF_BV/spear/samba_v3.0.24/bin_libsmbsharemodes_vc5715.smt:2.54:29.78
QF_BV/spear/samba_v3.0.24/bin_libsmbclient_vc1225277.smt:7.81:29.5
QF_BV/spear/samba_v3.0.24/bin_libsmbsharemodes_vc5737.smt:1.54:29.68
QF_BV/spear/samba_v3.0.24/bin_eventlogadm_vc351319.smt:0.88:3.0
QF_BV/spear/samba_v3.0.24/bin_libmsrpc_vc1225939.smt:11.84:29.68
QF_BV/spear/samba_v3.0.24/bin_libmsrpc_vc1225856.smt:3.86:29.72
QF_BV/spear/samba_v3.0.24/bin_libsmbsharemodes_vc5810.smt:3.19:29.78
QF_BV/spear/samba_v3.0.24/bin_libsmbsharemodes_vc6266.smt:3.27:29.83
QF_BV/spear/samba_v3.0.24/bin_eventlogadm_vc354395.smt:1.17:0.49
QF_BV/spear/samba_v3.0.24/bin_libsmbsharemodes_vc6246.smt:3.29:29.76
QF_BV/spear/samba_v3.0.24/bin_eventlogadm_vc331212.smt:5.99:29.82
QF_BV/spear/samba_v3.0.24/bin_libsmbclient_vc1225745.smt:3.35:29.85
QF_BV/spear/samba_v3.0.24/bin_libsmbsharemodes_vc7125.smt:3.76:29.57
QF_BV/spear/samba_v3.0.24/bin_libsmbsharemodes_vc7687.smt:13.38:29.57
QF_BV/spear/samba_v3.0.24/bin_libsmbclient_vc1225741.smt:4.41:29.72
QF_BV/spear/samba_v3.0.24/bin_libsmbsharemodes_vc4302.smt:1.28:6.61
QF_BV/spear/samba_v3.0.24/bin_eventlogadm_vc331024.smt:2.19:2.83
QF_BV/spear/samba_v3.0.24/bin_libsmbsharemodes_vc4328.smt:20.18:29.47
QF_BV/spear/samba_v3.0.24/bin_eventlogadm_vc331100.smt:3.14:29.86
QF_BV/spear/samba_v3.0.24/bin_eventlogadm_vc344392.smt:0.49:29.81
QF_BV/spear/samba_v3.0.24/bin_eventlogadm_vc331088.smt:2.11:29.67
QF_BV/spear/samba_v3.0.24/bin_libmsrpc_vc1225851.smt:5.91:29.77
QF_BV/spear/samba_v3.0.24/bin_libmsrpc_vc1228578.smt:4.01:29.86
QF_BV/spear/samba_v3.0.24/bin_libmsrpc_vc1225405.smt:5.61:29.49
QF_BV/spear/samba_v3.0.24/bin_libsmbsharemodes_vc6188.smt:2.86:28.87
QF_BV/spear/samba_v3.0.24/bin_libsmbsharemodes_vc7639.smt:4.35:29.77
QF_BV/spear/samba_v3.0.24/bin_eventlogadm_vc331246.smt:13.36:29.49
QF_BV/spear/samba_v3.0.24/bin_libmsrpc_vc1225336.smt:4.7:29.76
QF_BV/spear/samba_v3.0.24/bin_libsmbclient_vc1225808.smt:7.98:29.86
QF_BV/spear/samba_v3.0.24/bin_eventlogadm_vc352886.smt:7.83:29.8
QF_BV/spear/samba_v3.0.24/bin_eventlogadm_vc331170.smt:3.99:29.76
QF_BV/spear/samba_v3.0.24/bin_libsmbsharemodes_vc6239.smt:2.73:29.09
QF_BV/spear/samba_v3.0.24/bin_libsmbsharemodes_vc7665.smt:5.72:29.87
QF_BV/spear/samba_v3.0.24/bin_libsmbsharemodes_vc4847.smt:8.19:29.79
QF_BV/spear/samba_v3.0.24/bin_libsmbsharemodes_vc4786.smt:1.25:17.0
QF_BV/spear/samba_v3.0.24/bin_libmsrpc_vc1225842.smt:7.05:29.85
QF_BV/spear/samba_v3.0.24/bin_eventlogadm_vc344886.smt:4.06:29.87
QF_BV/spear/samba_v3.0.24/bin_libsmbclient_vc1225828.smt:10.93:29.82
QF_BV/spear/samba_v3.0.24/bin_eventlogadm_vc354394.smt:0.99:0.360000000001
QF_BV/spear/samba_v3.0.24/bin_eventlogadm_vc352373.smt:11.02:29.81
QF_BV/spear/samba_v3.0.24/bin_eventlogadm_vc345391.smt:3.83:29.84
QF_BV/spear/samba_v3.0.24/bin_libmsrpc_vc1232039.smt:3.69:29.71
QF_BV/spear/samba_v3.0.24/bin_libsmbsharemodes_vc6179.smt:3.52:29.69
QF_BV/spear/samba_v3.0.24/bin_libsmbclient_vc1225304.smt:11.14:29.55
QF_BV/spear/samba_v3.0.24/bin_libsmbclient_vc1225692.smt:3.1:29.87
QF_BV/spear/samba_v3.0.24/bin_eventlogadm_vc331231.smt:11.1:29.84
QF_BV/spear/samba_v3.0.24/bin_libsmbsharemodes_vc4239.smt:0.73:3.48
QF_BV/spear/samba_v3.0.24/bin_libsmbsharemodes_vc6045.smt:2.36:10.76
QF_BV/spear/samba_v3.0.24/bin_libsmbclient_vc1225700.smt:3.03:29.76
QF_BV/spear/samba_v3.0.24/bin_eventlogadm_vc331221.smt:8.56:29.69
QF_BV/spear/samba_v3.0.24/bin_libmsrpc_vc1225858.smt:5.07:29.81
QF_BV/spear/samba_v3.0.24/bin_libmsrpc_vc1225806.smt:3.08:29.83
QF_BV/spear/samba_v3.0.24/bin_eventlogadm_vc331235.smt:10.34:29.77
QF_BV/spear/samba_v3.0.24/bin_eventlogadm_vc331219.smt:7.59:29.85
QF_BV/spear/samba_v3.0.24/bin_libsmbclient_vc1225775.smt:4.11:29.5
QF_BV/spear/samba_v3.0.24/bin_libmsrpc_vc1228524.smt:3.69:29.86
QF_BV/spear/samba_v3.0.24/bin_libsmbclient_vc1228503.smt:4.82:29.86
QF_BV/spear/samba_v3.0.24/bin_libsmbsharemodes_vc4806.smt:0.96:4.9
QF_BV/spear/samba_v3.0.24/bin_eventlogadm_vc352339.smt:1.17:11.55
QF_BV/spear/samba_v3.0.24/bin_libmsrpc_vc1225392.smt:6.86:29.86
QF_BV/spear/samba_v3.0.24/bin_eventlogadm_vc331187.smt:10.09:29.55
QF_BV/spear/samba_v3.0.24/bin_libsmbclient_vc1228444.smt:6.17:29.84
QF_BV/spear/samba_v3.0.24/bin_libmsrpc_vc1232068.smt:3.57:29.81
QF_BV/spear/samba_v3.0.24/bin_eventlogadm_vc331245.smt:11.2:29.83
QF_BV/spear/samba_v3.0.24/bin_libsmbsharemodes_vc7101.smt:2.44:29.87
QF_BV/spear/samba_v3.0.24/bin_libsmbsharemodes_vc6282.smt:3.34:29.85
QF_BV/spear/samba_v3.0.24/bin_eventlogadm_vc351379.smt:6.94:29.85
QF_BV/spear/samba_v3.0.24/bin_libmsrpc_vc1228486.smt:2.91:29.86
QF_BV/spear/samba_v3.0.24/bin_libsmbsharemodes_vc4312.smt:3.35:29.83
QF_BV/spear/samba_v3.0.24/bin_libmsrpc_vc1228572.smt:4.73:28.47
QF_BV/spear/samba_v3.0.24/bin_libsmbclient_vc1225776.smt:7.87:28.82
QF_BV/spear/samba_v3.0.24/bin_libsmbsharemodes_vc6265.smt:2.92:29.64
QF_BV/spear/samba_v3.0.24/bin_libmsrpc_vc1225781.smt:2.33:29.87
QF_BV/spear/samba_v3.0.24/bin_libsmbsharemodes_vc4305.smt:1.31:5.93
QF_BV/spear/samba_v3.0.24/bin_libmsrpc_vc1225390.smt:5.47:29.86
QF_BV/spear/samba_v3.0.24/bin_libmsrpc_vc1232056.smt:3.03:29.82
QF_BV/spear/samba_v3.0.24/bin_libsmbsharemodes_vc6289.smt:2.73:29.86
QF_BV/spear/samba_v3.0.24/bin_libsmbsharemodes_vc7682.smt:7.6:29.87
QF_BV/spear/samba_v3.0.24/bin_libsmbclient_vc1228506.smt:9.54:29.83
QF_BV/spear/samba_v3.0.24/bin_libsmbclient_vc1225267.smt:5.68:29.58
QF_BV/spear/samba_v3.0.24/bin_libmsrpc_vc1225774.smt:3.01:29.88
QF_BV/spear/samba_v3.0.24/bin_libmsrpc_vc1225338.smt:5.8:29.83
QF_BV/spear/samba_v3.0.24/bin_libsmbsharemodes_vc4835.smt:13.31:29.87
QF_BV/spear/samba_v3.0.24/bin_libmsrpc_vc1228514.smt:4.39:29.84
QF_BV/spear/samba_v3.0.24/bin_libsmbsharemodes_vc4790.smt:0.799999999999:5.69
QF_BV/spear/samba_v3.0.24/bin_libsmbsharemodes_vc4832.smt:8.43:29.79
QF_BV/spear/samba_v3.0.24/bin_libsmbclient_vc1225230.smt:2.81:29.84
QF_BV/spear/samba_v3.0.24/bin_libsmbsharemodes_vc7698.smt:11.29:29.83
QF_BV/spear/samba_v3.0.24/bin_libmsrpc_vc1225318.smt:2.74:29.84
QF_BV/spear/samba_v3.0.24/bin_libsmbsharemodes_vc7059.smt:2.0:15.32
QF_BV/spear/samba_v3.0.24/bin_libmsrpc_vc1225839.smt:8.59:29.78
QF_BV/spear/samba_v3.0.24/bin_libsmbsharemodes_vc6220.smt:4.26:29.69
QF_BV/spear/samba_v3.0.24/bin_libsmbsharemodes_vc6199.smt:4.14:29.4
QF_BV/spear/samba_v3.0.24/bin_libmsrpc_vc1225221.smt:2.65:29.79
QF_BV/spear/samba_v3.0.24/bin_libmsrpc_vc1225809.smt:4.88:29.86
QF_BV/spear/samba_v3.0.24/bin_eventlogadm_vc331165.smt:4.59:29.85
QF_BV/spear/samba_v3.0.24/bin_libmsrpc_vc1225820.smt:2.87:29.76
QF_BV/spear/samba_v3.0.24/bin_eventlogadm_vc330985.smt:1.31:3.92
QF_BV/spear/samba_v3.0.24/bin_libmsrpc_vc1228519.smt:4.79:29.85
QF_BV/spear/samba_v3.0.24/bin_eventlogadm_vc331078.smt:1.92:12.22
QF_BV/spear/samba_v3.0.24/bin_eventlogadm_vc352901.smt:11.77:29.34
QF_BV/spear/samba_v3.0.24/bin_libmsrpc_vc1225393.smt:5.78:29.85
QF_BV/spear/samba_v3.0.24/bin_libsmbclient_vc1225713.smt:3.39:29.76
QF_BV/spear/samba_v3.0.24/bin_libsmbclient_vc1225748.smt:5.07:29.79
QF_BV/spear/samba_v3.0.24/bin_libsmbsharemodes_vc5766.smt:2.11:28.55
QF_BV/spear/samba_v3.0.24/bin_libsmbsharemodes_vc7686.smt:14.77:29.8
QF_BV/spear/samba_v3.0.24/bin_eventlogadm_vc331183.smt:10.38:29.82
QF_BV/spear/samba_v3.0.24/bin_eventlogadm_vc331184.smt:7.89:29.78
QF_BV/spear/samba_v3.0.24/bin_eventlogadm_vc331069.smt:2.71:25.09
QF_BV/spear/samba_v3.0.24/bin_eventlogadm_vc344891.smt:0.47:29.82
QF_BV/spear/samba_v3.0.24/bin_libmsrpc_vc1232107.smt:3.33:29.81
QF_BV/spear/samba_v3.0.24/bin_libsmbsharemodes_vc6200.smt:3.48:29.59
QF_BV/spear/samba_v3.0.24/bin_libsmbsharemodes_vc4334.smt:10.16:29.78
QF_BV/spear/samba_v3.0.24/bin_eventlogadm_vc331203.smt:6.91:29.81
QF_BV/spear/samba_v3.0.24/bin_libmsrpc_vc1228580.smt:8.2:29.86
QF_BV/spear/samba_v3.0.24/bin_libmsrpc_vc1225908.smt:5.01:29.82
QF_BV/spear/samba_v3.0.24/bin_libsmbsharemodes_vc5699.smt:1.73:25.14
QF_BV/spear/samba_v3.0.24/bin_libsmbclient_vc1225684.smt:3.77:29.69
QF_BV/spear/samba_v3.0.24/bin_libsmbclient_vc1225832.smt:7.17:29.86
QF_BV/spear/samba_v3.0.24/bin_libsmbsharemodes_vc7126.smt:4.19:29.89
QF_BV/spear/samba_v3.0.24/bin_libsmbclient_vc1225144.smt:2.43:21.3
QF_BV/spear/samba_v3.0.24/bin_libsmbsharemodes_vc4819.smt:13.07:29.8
QF_BV/spear/samba_v3.0.24/bin_libsmbsharemodes_vc7693.smt:14.9:29.78
QF_BV/spear/samba_v3.0.24/bin_libmsrpc_vc1228516.smt:6.61:29.86
QF_BV/spear/samba_v3.0.24/bin_libsmbclient_vc1228502.smt:5.59:29.88
QF_BV/spear/samba_v3.0.24/bin_libsmbsharemodes_vc7138.smt:5.41:29.86
QF_BV/spear/samba_v3.0.24/bin_libsmbclient_vc1225766.smt:4.76:29.81
QF_BV/spear/samba_v3.0.24/bin_libsmbsharemodes_vc5277.smt:2.57:15.17
QF_BV/spear/samba_v3.0.24/bin_libmsrpc_vc1232140.smt:3.57:29.79
QF_BV/spear/samba_v3.0.24/bin_libsmbsharemodes_vc7078.smt:2.94:28.93
QF_BV/spear/samba_v3.0.24/bin_libsmbclient_vc1228479.smt:5.44:29.34
QF_BV/spear/samba_v3.0.24/bin_libsmbsharemodes_vc5698.smt:2.03:22.28
QF_BV/spear/samba_v3.0.24/bin_libmsrpc_vc1225779.smt:3.41:29.82
QF_BV/spear/samba_v3.0.24/bin_eventlogadm_vc331077.smt:2.91:29.75
QF_BV/spear/samba_v3.0.24/bin_libsmbsharemodes_vc6215.smt:2.91:29.71
QF_BV/spear/samba_v3.0.24/bin_eventlogadm_vc331182.smt:11.07:29.46
QF_BV/spear/samba_v3.0.24/bin_libsmbsharemodes_vc5776.smt:2.41:29.77
QF_BV/spear/samba_v3.0.24/bin_eventlogadm_vc352877.smt:9.05:29.8
QF_BV/spear/samba_v3.0.24/bin_libsmbsharemodes_vc6097.smt:1.46:8.48
QF_BV/spear/samba_v3.0.24/bin_libmsrpc_vc1225799.smt:2.89:29.89
QF_BV/spear/samba_v3.0.24/bin_libsmbsharemodes_vc6219.smt:4.01:29.85
QF_BV/spear/samba_v3.0.24/bin_eventlogadm_vc331164.smt:3.7:29.77
QF_BV/spear/samba_v3.0.24/bin_eventlogadm_vc331249.smt:16.47:29.84
QF_BV/spear/samba_v3.0.24/bin_libmsrpc_vc1225354.smt:5.88:29.79
QF_BV/spear/samba_v3.0.24/bin_libmsrpc_vc1225901.smt:5.74:29.8
QF_BV/spear/samba_v3.0.24/bin_libmsrpc_vc1225389.smt:6.39:29.83
QF_BV/spear/samba_v3.0.24/bin_libsmbsharemodes_vc5758.smt:3.08:29.85
QF_BV/spear/samba_v3.0.24/bin_libmsrpc_vc1228554.smt:8.13:29.74
QF_BV/spear/samba_v3.0.24/bin_libmsrpc_vc1225790.smt:4.66:29.86
QF_BV/spear/samba_v3.0.24/bin_libsmbsharemodes_vc5824.smt:1.9:13.98
QF_BV/spear/samba_v3.0.24/bin_eventlogadm_vc330973.smt:0.35:3.42
QF_BV/spear/samba_v3.0.24/bin_eventlogadm_vc331175.smt:7.02:29.75
QF_BV/spear/samba_v3.0.24/bin_eventlogadm_vc331176.smt:5.82:29.78
QF_BV/spear/samba_v3.0.24/bin_libsmbclient_vc1228499.smt:6.09:29.79
QF_BV/spear/samba_v3.0.24/bin_libsmbsharemodes_vc5342.smt:1.77:29.87
QF_BV/spear/samba_v3.0.24/bin_libmsrpc_vc1225431.smt:5.84:29.88
QF_BV/spear/samba_v3.0.24/bin_libsmbsharemodes_vc6347.smt:2.95:29.73
QF_BV/spear/samba_v3.0.24/bin_eventlogadm_vc351401.smt:8.03:29.81
QF_BV/spear/samba_v3.0.24/bin_libsmbsharemodes_vc6195.smt:2.89:29.83
QF_BV/spear/samba_v3.0.24/bin_libsmbsharemodes_vc5839.smt:1.79:12.57
QF_BV/spear/samba_v3.0.24/bin_libsmbsharemodes_vc7700.smt:19.77:29.8
QF_BV/spear/samba_v3.0.24/bin_eventlogadm_vc331234.smt:5.4:29.83
QF_BV/spear/samba_v3.0.24/bin_libsmbclient_vc1225835.smt:5.92:29.84
QF_BV/spear/samba_v3.0.24/bin_libmsrpc_vc1249401.smt:5.38:29.88
QF_BV/spear/samba_v3.0.24/bin_libsmbsharemodes_vc7657.smt:5.41:29.85
QF_BV/spear/samba_v3.0.24/bin_libsmbsharemodes_vc7296.smt:0.309999999999:1.1
QF_BV/spear/samba_v3.0.24/bin_eventlogadm_vc352885.smt:12.49:29.83
QF_BV/spear/samba_v3.0.24/bin_eventlogadm_vc351394.smt:14.1:28.78
QF_BV/spear/samba_v3.0.24/bin_eventlogadm_vc331178.smt:9.31:29.79
QF_BV/spear/samba_v3.0.24/bin_libsmbclient_vc1225211.smt:5.18:29.82
QF_BV/spear/samba_v3.0.24/bin_libsmbsharemodes_vc5811.smt:2.7:22.33
QF_BV/spear/samba_v3.0.24/bin_libsmbsharemodes_vc6261.smt:6.75:29.82
QF_BV/spear/samba_v3.0.24/bin_libmsrpc_vc1225406.smt:7.34:28.74
QF_BV/spear/samba_v3.0.24/bin_libmsrpc_vc1225854.smt:6.66:29.83
QF_BV/spear/samba_v3.0.24/bin_libmsrpc_vc1225756.smt:2.5:29.85
QF_BV/spear/samba_v3.0.24/bin_libsmbsharemodes_vc7111.smt:3.44:29.87
QF_BV/spear/samba_v3.0.24/bin_libmsrpc_vc1228587.smt:4.82:29.87
QF_BV/spear/samba_v3.0.24/bin_eventlogadm_vc331208.smt:5.35:29.85
QF_BV/spear/samba_v3.0.24/bin_libsmbsharemodes_vc4278.smt:1.35:6.6
QF_BV/spear/samba_v3.0.24/bin_libsmbclient_vc1225214.smt:2.91:29.84
QF_BV/spear/samba_v3.0.24/bin_eventlogadm_vc331144.smt:3.19:29.77
QF_BV/spear/samba_v3.0.24/bin_libsmbsharemodes_vc7132.smt:4.94:29.87
QF_BV/spear/samba_v3.0.24/bin_libmsrpc_vc1228577.smt:5.97:29.75
QF_BV/spear/samba_v3.0.24/bin_libmsrpc_vc1232057.smt:3.74:29.4
QF_BV/spear/samba_v3.0.24/bin_libsmbsharemodes_vc6250.smt:3.83:29.87
QF_BV/spear/samba_v3.0.24/bin_libsmbsharemodes_vc5678.smt:2.44:20.58
QF_BV/spear/samba_v3.0.24/bin_libsmbclient_vc1225181.smt:4.27:29.83
QF_BV/spear/samba_v3.0.24/bin_libsmbsharemodes_vc7106.smt:2.0:29.88
QF_BV/spear/samba_v3.0.24/bin_libmsrpc_vc1225304.smt:3.56:28.88
QF_BV/spear/samba_v3.0.24/bin_eventlogadm_vc352376.smt:9.34:29.82
QF_BV/spear/samba_v3.0.24/bin_libsmbsharemodes_vc5844.smt:2.86:27.32
QF_BV/spear/samba_v3.0.24/bin_eventlogadm_vc331129.smt:2.67:29.87
QF_BV/spear/samba_v3.0.24/bin_libsmbsharemodes_vc7074.smt:2.01:27.09
QF_BV/spear/samba_v3.0.24/bin_libmsrpc_vc1225268.smt:2.62:29.85
QF_BV/spear/samba_v3.0.24/bin_libmsrpc_vc1228517.smt:4.38:29.86
QF_BV/spear/samba_v3.0.24/bin_libmsrpc_vc1225404.smt:4.92:29.81
QF_BV/spear/samba_v3.0.24/bin_libsmbsharemodes_vc4330.smt:6.57:29.77
QF_BV/spear/samba_v3.0.24/bin_libsmbsharemodes_vc5303.smt:1.92:16.51
QF_BV/spear/samba_v3.0.24/bin_libsmbclient_vc1225060.smt:1.43:3.6
QF_BV/spear/samba_v3.0.24/bin_libsmbsharemodes_vc6279.smt:3.16:29.8
QF_BV/spear/samba_v3.0.24/bin_libmsrpc_vc1228459.smt:4.36:29.15
QF_BV/spear/samba_v3.0.24/bin_libmsrpc_vc1225900.smt:6.24:29.05
QF_BV/spear/samba_v3.0.24/bin_libsmbclient_vc1225733.smt:3.26:29.79
QF_BV/spear/samba_v3.0.24/bin_libmsrpc_vc1225916.smt:7.27:29.76
QF_BV/spear/samba_v3.0.24/bin_libsmbsharemodes_vc7345.smt:1.85:8.03
QF_BV/spear/samba_v3.0.24/bin_libsmbsharemodes_vc7695.smt:11.42:29.48
QF_BV/spear/samba_v3.0.24/bin_libmsrpc_vc1225849.smt:5.18:29.81
QF_BV/spear/samba_v3.0.24/bin_libsmbsharemodes_vc5721.smt:3.72:29.77
QF_BV/spear/samba_v3.0.24/bin_eventlogadm_vc352378.smt:13.62:29.8
QF_BV/spear/samba_v3.0.24/bin_libsmbsharemodes_vc6299.smt:4.52:29.07
QF_BV/spear/samba_v3.0.24/bin_libsmbsharemodes_vc4839.smt:8.39:29.51
QF_BV/spear/samba_v3.0.24/bin_libmsrpc_vc1225895.smt:4.66:29.82
QF_BV/spear/samba_v3.0.24/bin_eventlogadm_vc351393.smt:9.63:29.64
QF_BV/spear/samba_v3.0.24/bin_libsmbsharemodes_vc7121.smt:3.42:29.87
QF_BV/spear/samba_v3.0.24/bin_libsmbsharemodes_vc6233.smt:4.16:29.85
QF_BV/spear/samba_v3.0.24/bin_eventlogadm_vc331064.smt:3.33:19.55
QF_BV/spear/samba_v3.0.24/bin_libmsrpc_vc1225785.smt:3.65:29.87
QF_BV/spear/samba_v3.0.24/bin_libsmbclient_vc1228454.smt:4.98:29.78
QF_BV/spear/samba_v3.0.24/bin_libsmbsharemodes_vc7733.smt:5.47:29.53
QF_BV/spear/samba_v3.0.24/bin_eventlogadm_vc331008.smt:2.21:8.94
QF_BV/spear/samba_v3.0.24/bin_libmsrpc_vc1228472.smt:3.76:29.73
QF_BV/spear/samba_v3.0.24/bin_libsmbclient_vc1228505.smt:8.52:29.66
QF_BV/spear/samba_v3.0.24/bin_libsmbsharemodes_vc6161.smt:2.52:29.87
QF_BV/spear/samba_v3.0.24/bin_libmsrpc_vc1231991.smt:0.639999999999:26.95
QF_BV/spear/samba_v3.0.24/bin_libmsrpc_vc1225379.smt:6.72:29.83
QF_BV/spear/samba_v3.0.24/bin_libsmbclient_vc1225279.smt:7.43:29.83
QF_BV/spear/samba_v3.0.24/bin_libsmbclient_vc1225771.smt:5.62:29.73
QF_BV/spear/samba_v3.0.24/bin_libmsrpc_vc1232013.smt:2.03:29.81
QF_BV/spear/samba_v3.0.24/bin_eventlogadm_vc331025.smt:1.64:5.21
QF_BV/spear/samba_v3.0.24/bin_libsmbclient_vc1225758.smt:5.45:29.66
QF_BV/spear/samba_v3.0.24/bin_libmsrpc_vc1228579.smt:5.69:29.58
QF_BV/spear/samba_v3.0.24/bin_libsmbsharemodes_vc6272.smt:2.6:29.84
QF_BV/spear/samba_v3.0.24/bin_libsmbsharemodes_vc6258.smt:4.95:29.78
QF_BV/spear/samba_v3.0.24/bin_libsmbsharemodes_vc5729.smt:3.06:29.27
QF_BV/spear/samba_v3.0.24/bin_libmsrpc_vc1225408.smt:4.39:29.8
QF_BV/spear/samba_v3.0.24/bin_eventlogadm_vc352876.smt:25.15:29.82
QF_BV/spear/samba_v3.0.24/bin_libsmbsharemodes_vc5838.smt:2.28:9.31
QF_BV/spear/samba_v3.0.24/bin_libsmbsharemodes_vc5229.smt:1.58:5.2
QF_BV/spear/samba_v3.0.24/bin_libsmbsharemodes_vc6271.smt:2.27:29.87
QF_BV/spear/samba_v3.0.24/bin_libsmbsharemodes_vc6328.smt:2.78:29.86
QF_BV/spear/samba_v3.0.24/bin_libsmbsharemodes_vc6332.smt:3.44:29.8
QF_BV/spear/samba_v3.0.24/bin_eventlogadm_vc331232.smt:12.65:28.96
QF_BV/spear/samba_v3.0.24/bin_libsmbclient_vc1225232.smt:4.03:29.08
QF_BV/spear/samba_v3.0.24/bin_libsmbsharemodes_vc5753.smt:3.35:29.87
QF_BV/spear/samba_v3.0.24/bin_eventlogadm_vc352382.smt:14.06:29.3
QF_BV/spear/samba_v3.0.24/bin_eventlogadm_vc331161.smt:4.21:29.71
QF_BV/spear/samba_v3.0.24/bin_libsmbsharemodes_vc6344.smt:2.95:28.76
QF_BV/spear/samba_v3.0.24/bin_libsmbsharemodes_vc5742.smt:3.2:29.39
QF_BV/spear/samba_v3.0.24/bin_libsmbsharemodes_vc6197.smt:4.67:29.61
QF_BV/spear/samba_v3.0.24/bin_libsmbsharemodes_vc7116.smt:4.14:29.51
QF_BV/spear/samba_v3.0.24/bin_libsmbclient_vc1225732.smt:3.92:29.8
QF_BV/spear/samba_v3.0.24/bin_libsmbsharemodes_vc6172.smt:2.29:29.87
QF_BV/spear/samba_v3.0.24/bin_libsmbsharemodes_vc7117.smt:4.33:29.78
QF_BV/spear/samba_v3.0.24/bin_libmsrpc_vc1225289.smt:3.73:29.87
QF_BV/spear/samba_v3.0.24/bin_eventlogadm_vc331075.smt:2.79:21.74
QF_BV/spear/samba_v3.0.24/bin_libsmbsharemodes_vc6264.smt:3.75:28.94
QF_BV/spear/samba_v3.0.24/bin_libmsrpc_vc1228487.smt:3.56:28.78
QF_BV/spear/samba_v3.0.24/bin_libsmbclient_vc1228441.smt:4.56:29.79
QF_BV/spear/samba_v3.0.24/bin_libmsrpc_vc1228571.smt:3.96:29.83
QF_BV/spear/samba_v3.0.24/bin_libsmbsharemodes_vc5743.smt:2.36:29.82
QF_BV/spear/samba_v3.0.24/bin_libsmbsharemodes_vc6148.smt:3.99:29.8
QF_BV/spear/samba_v3.0.24/bin_libsmbclient_vc1225268.smt:7.73:29.03
QF_BV/spear/samba_v3.0.24/bin_libsmbsharemodes_vc6137.smt:2.53:29.74
QF_BV/spear/samba_v3.0.24/bin_libmsrpc_vc1225783.smt:4.55:29.78
QF_BV/spear/samba_v3.0.24/bin_eventlogadm_vc352387.smt:10.41:29.84
QF_BV/spear/samba_v3.0.24/bin_libsmbsharemodes_vc4844.smt:9.21:29.84
QF_BV/spear/samba_v3.0.24/bin_eventlogadm_vc351330.smt:1.51:6.32
QF_BV/spear/samba_v3.0.24/bin_libsmbclient_vc1225271.smt:3.98:29.85
QF_BV/spear/samba_v3.0.24/bin_libmsrpc_vc1231995.smt:2.97:29.76
QF_BV/spear/samba_v3.0.24/bin_libsmbsharemodes_vc6302.smt:2.56:29.59
QF_BV/spear/samba_v3.0.24/bin_libmsrpc_vc1232113.smt:3.75:29.72
QF_BV/spear/samba_v3.0.24/bin_libsmbsharemodes_vc6268.smt:3.28:29.21
QF_BV/spear/samba_v3.0.24/bin_libsmbclient_vc1228438.smt:5.39:29.57
QF_BV/spear/samba_v3.0.24/bin_libsmbsharemodes_vc6213.smt:2.87:29.81
QF_BV/spear/samba_v3.0.24/bin_libsmbsharemodes_vc6150.smt:1.89:29.83
QF_BV/spear/samba_v3.0.24/bin_libmsrpc_vc1225817.smt:3.18:29.82
QF_BV/spear/samba_v3.0.24/bin_eventlogadm_vc331102.smt:3.52:29.66
QF_BV/spear/samba_v3.0.24/bin_libmsrpc_vc1225299.smt:4.52:29.82
QF_BV/spear/samba_v3.0.24/bin_libsmbsharemodes_vc4314.smt:2.93:29.78
QF_BV/spear/samba_v3.0.24/bin_libmsrpc_vc1225380.smt:4.36:29.82
QF_BV/spear/samba_v3.0.24/bin_eventlogadm_vc331034.smt:1.78:8.69
QF_BV/spear/samba_v3.0.24/bin_eventlogadm_vc352402.smt:10.18:29.84
QF_BV/spear/samba_v3.0.24/bin_eventlogadm_vc331238.smt:7.19:29.79
QF_BV/spear/samba_v3.0.24/bin_libsmbsharemodes_vc6291.smt:3.86:29.79
QF_BV/spear/samba_v3.0.24/bin_libsmbsharemodes_vc7114.smt:3.64:29.86
QF_BV/spear/samba_v3.0.24/bin_libmsrpc_vc1232139.smt:3.85:29.85
QF_BV/spear/samba_v3.0.24/bin_eventlogadm_vc331196.smt:10.18:29.82
QF_BV/spear/samba_v3.0.24/bin_libmsrpc_vc1225833.smt:3.96:29.84
QF_BV/spear/samba_v3.0.24/bin_libmsrpc_vc1232108.smt:3.74:29.86
QF_BV/spear/samba_v3.0.24/bin_libsmbclient_vc1225261.smt:8.94:29.42
QF_BV/spear/samba_v3.0.24/bin_eventlogadm_vc351371.smt:19.42:29.52
QF_BV/spear/samba_v3.0.24/bin_libsmbsharemodes_vc7673.smt:5.28:29.83
QF_BV/spear/samba_v3.0.24/bin_libsmbsharemodes_vc6260.smt:3.83:29.79
QF_BV/spear/samba_v3.0.24/bin_eventlogadm_vc331099.smt:3.25:29.79
QF_BV/spear/samba_v3.0.24/bin_libsmbsharemodes_vc6247.smt:5.63:29.77
QF_BV/spear/samba_v3.0.24/bin_libsmbclient_vc1225590.smt:1.81:6.18
QF_BV/spear/samba_v3.0.24/bin_libsmbclient_vc1225822.smt:4.01:29.84
QF_BV/spear/samba_v3.0.24/bin_libsmbsharemodes_vc6158.smt:2.99:29.8
QF_BV/spear/samba_v3.0.24/bin_libsmbclient_vc1225256.smt:7.26:29.8
QF_BV/spear/samba_v3.0.24/bin_libsmbsharemodes_vc7694.smt:9.0:29.84
QF_BV/spear/samba_v3.0.24/bin_libsmbclient_vc1228384.smt:4.2:29.84
QF_BV/spear/samba_v3.0.24/bin_libsmbsharemodes_vc7073.smt:2.06:29.87
QF_BV/spear/samba_v3.0.24/bin_eventlogadm_vc354404.smt:1.73:0.470000000001
QF_BV/spear/samba_v3.0.24/bin_libsmbsharemodes_vc6287.smt:3.51:29.87
QF_BV/spear/samba_v3.0.24/bin_libsmbsharemodes_vc4817.smt:3.0:29.85
QF_BV/spear/samba_v3.0.24/bin_libsmbclient_vc1225237.smt:3.09:29.77
QF_BV/spear/samba_v3.0.24/bin_eventlogadm_vc354399.smt:2.08:0.629999999999
QF_BV/spear/samba_v3.0.24/bin_libmsrpc_vc1225717.smt:2.67:18.91
QF_BV/spear/samba_v3.0.24/bin_libsmbsharemodes_vc6845.smt:1.99:19.92
QF_BV/spear/samba_v3.0.24/bin_libmsrpc_vc1225342.smt:5.39:29.88
QF_BV/spear/samba_v3.0.24/bin_libsmbsharemodes_vc4842.smt:10.51:29.85
QF_BV/spear/samba_v3.0.24/bin_libmsrpc_vc1225850.smt:3.89:29.77
QF_BV/spear/samba_v3.0.24/bin_eventlogadm_vc331007.smt:1.31:3.68
QF_BV/spear/samba_v3.0.24/bin_libsmbsharemodes_vc7654.smt:4.64:29.8
QF_BV/spear/samba_v3.0.24/bin_libmsrpc_vc1228564.smt:4.47:29.87
QF_BV/spear/samba_v3.0.24/bin_libsmbsharemodes_vc4315.smt:8.31:29.84
QF_BV/spear/samba_v3.0.24/bin_libsmbclient_vc1225247.smt:2.55:29.84
QF_BV/spear/samba_v3.0.24/bin_libsmbsharemodes_vc7681.smt:5.33:29.88
QF_BV/spear/samba_v3.0.24/bin_eventlogadm_vc331096.smt:2.62:29.73
QF_BV/spear/samba_v3.0.24/bin_libsmbsharemodes_vc7094.smt:3.07:29.68
QF_BV/spear/samba_v3.0.24/bin_libsmbclient_vc1228449.smt:4.98:29.83
QF_BV/spear/samba_v3.0.24/bin_libmsrpc_vc1225296.smt:3.74:29.82
QF_BV/spear/samba_v3.0.24/bin_eventlogadm_vc351386.smt:5.92:29.55
QF_BV/spear/samba_v3.0.24/bin_libsmbsharemodes_vc5786.smt:2.55:27.15
QF_BV/spear/samba_v3.0.24/bin_libsmbsharemodes_vc6191.smt:2.37:29.81
QF_BV/spear/samba_v3.0.24/bin_libsmbsharemodes_vc6297.smt:2.7:29.82
QF_BV/spear/samba_v3.0.24/bin_libsmbsharemodes_vc4833.smt:10.83:29.8
QF_BV/spear/samba_v3.0.24/bin_libmsrpc_vc1228569.smt:4.88:29.82
QF_BV/spear/samba_v3.0.24/bin_eventlogadm_vc331068.smt:2.26:24.99
QF_BV/spear/samba_v3.0.24/bin_libsmbsharemodes_vc7659.smt:4.99:29.87
QF_BV/spear/samba_v3.0.24/bin_libsmbsharemodes_vc6211.smt:3.0:29.85
QF_BV/spear/samba_v3.0.24/bin_libsmbsharemodes_vc7690.smt:4.31:29.78
QF_BV/spear/samba_v3.0.24/bin_eventlogadm_vc351375.smt:5.58:29.86
QF_BV/spear/samba_v3.0.24/bin_eventlogadm_vc331132.smt:4.01:29.85
QF_BV/spear/samba_v3.0.24/bin_libmsrpc_vc1225847.smt:4.97:29.83
QF_BV/spear/samba_v3.0.24/bin_eventlogadm_vc331094.smt:3.62:29.79
QF_BV/spear/samba_v3.0.24/bin_libsmbsharemodes_vc7128.smt:3.26:29.88
QF_BV/spear/samba_v3.0.24/bin_libmsrpc_vc1225906.smt:4.64:29.71
QF_BV/spear/samba_v3.0.24/bin_libsmbsharemodes_vc7135.smt:4.07:29.85
QF_BV/spear/samba_v3.0.24/bin_libsmbclient_vc1225724.smt:3.09:29.66
QF_BV/spear/samba_v3.0.24/bin_libmsrpc_vc1225320.smt:3.28:29.57
QF_BV/spear/samba_v3.0.24/bin_eventlogadm_vc344889.smt:8.43:29.35
QF_BV/spear/samba_v3.0.24/bin_libsmbclient_vc1225777.smt:5.82:29.75
QF_BV/spear/samba_v3.0.24/bin_libmsrpc_vc1228504.smt:4.89:29.88
QF_BV/spear/samba_v3.0.24/bin_eventlogadm_vc352864.smt:2.93:29.89
QF_BV/spear/samba_v3.0.24/bin_eventlogadm_vc331253.smt:6.97:29.89
QF_BV/spear/samba_v3.0.24/bin_libsmbsharemodes_vc6190.smt:1.71:29.92
QF_BV/spear/samba_v3.0.24/bin_libsmbclient_vc1225820.smt:4.53:29.89
QF_BV/spear/samba_v3.0.24/bin_libsmbsharemodes_vc6142.smt:1.84:29.89
QF_BV/spear/samba_v3.0.24/bin_libmsrpc_vc1225395.smt:5.23:29.86
QF_BV/spear/samba_v3.0.24/bin_libsmbclient_vc1225727.smt:2.71:29.88
QF_BV/spear/samba_v3.0.24/bin_eventlogadm_vc331002.smt:0.4:4.21
QF_BV/spear/samba_v3.0.24/bin_libmsrpc_vc1225848.smt:4.19:29.87
QF_BV/spear/samba_v3.0.24/bin_libsmbsharemodes_vc4311.smt:3.09:29.9
QF_BV/spear/samba_v3.0.24/bin_eventlogadm_vc331220.smt:7.3:29.84
QF_BV/spear/samba_v3.0.24/bin_libsmbclient_vc1225823.smt:3.89:29.87
QF_BV/spear/samba_v3.0.24/bin_libsmbsharemodes_vc4812.smt:4.71:29.85
QF_BV/spear/samba_v3.0.24/bin_libsmbclient_vc1225809.smt:3.43:29.87
QF_BV/spear/samba_v3.0.24/bin_libsmbclient_vc1225750.smt:2.6:29.87
QF_BV/spear/samba_v3.0.24/bin_eventlogadm_vc352365.smt:1.63:29.9
QF_BV/spear/samba_v3.0.24/bin_eventlogadm_vc330990.smt:1.26:2.25
QF_BV/spear/samba_v3.0.24/bin_libmsrpc_vc1232138.smt:2.69:29.88
QF_BV/spear/samba_v3.0.24/bin_libsmbclient_vc1225224.smt:2.58:29.87
QF_BV/spear/samba_v3.0.24/bin_eventlogadm_vc352369.smt:8.74:29.87
QF_BV/spear/samba_v3.0.24/bin_libsmbsharemodes_vc4803.smt:1.02:5.71
QF_BV/spear/samba_v3.0.24/bin_libsmbsharemodes_vc4758.smt:0.690000000001:2.73
QF_BV/spear/samba_v3.0.24/bin_libsmbclient_vc1225759.smt:4.35:29.85
QF_BV/spear/samba_v3.0.24/bin_libsmbclient_vc1225272.smt:4.44:29.86
QF_BV/spear/samba_v3.0.24/bin_libsmbsharemodes_vc6847.smt:2.23:8.56
QF_BV/spear/samba_v3.0.24/bin_libsmbclient_vc1228494.smt:4.53:29.85
QF_BV/spear/samba_v3.0.24/bin_libmsrpc_vc1225912.smt:3.86:29.88
QF_BV/spear/samba_v3.0.24/bin_libsmbclient_vc1225306.smt:8.63:29.87
QF_BV/spear/samba_v3.0.24/bin_libmsrpc_vc1228512.smt:4.14:29.86
QF_BV/spear/samba_v3.0.24/bin_libsmbsharemodes_vc5762.smt:1.7:24.47
QF_BV/spear/samba_v3.0.24/bin_libsmbsharemodes_vc6285.smt:3.65:29.86
QF_BV/spear/samba_v3.0.24/bin_libmsrpc_vc1225824.smt:2.84:29.87
QF_BV/spear/samba_v3.0.24/bin_libsmbsharemodes_vc6238.smt:2.66:29.91
QF_BV/spear/samba_v3.0.24/bin_libmsrpc_vc1225903.smt:5.51:29.86
QF_BV/spear/samba_v3.0.24/bin_libsmbsharemodes_vc5738.smt:0.779999999999:29.92
QF_BV/spear/samba_v3.0.24/bin_eventlogadm_vc331020.smt:1.61:8.24
QF_BV/spear/samba_v3.0.24/bin_eventlogadm_vc344391.smt:0.41:29.86
QF_BV/spear/samba_v3.0.24/bin_eventlogadm_vc331229.smt:7.78:29.85
QF_BV/spear/samba_v3.0.24/bin_libsmbsharemodes_vc5752.smt:2.34:29.88
QF_BV/spear/samba_v3.0.24/bin_eventlogadm_vc351374.smt:11.79:29.83
QF_BV/spear/samba_v3.0.24/bin_libsmbsharemodes_vc7701.smt:7.45:29.89
QF_BV/spear/samba_v3.0.24/bin_libsmbclient_vc1225761.smt:4.79:29.86
QF_BV/spear/samba_v3.0.24/bin_libsmbsharemodes_vc5731.smt:2.16:29.86
QF_BV/spear/samba_v3.0.24/bin_libsmbclient_vc1225557.smt:0.209999999999:1.05
QF_BV/spear/samba_v3.0.24/bin_libsmbsharemodes_vc6243.smt:3.69:29.87
QF_BV/spear/samba_v3.0.24/bin_libmsrpc_vc1225650.smt:1.36:4.6
QF_BV/spear/samba_v3.0.24/bin_libsmbclient_vc1225253.smt:3.38:29.86
QF_BV/spear/samba_v3.0.24/bin_libsmbsharemodes_vc7663.smt:5.91:29.88
QF_BV/spear/samba_v3.0.24/bin_libsmbclient_vc1225831.smt:4.02:29.88
QF_BV/spear/samba_v3.0.24/bin_eventlogadm_vc352368.smt:9.15:29.85
QF_BV/spear/samba_v3.0.24/bin_libsmbsharemodes_vc5769.smt:2.24:28.66
QF_BV/spear/samba_v3.0.24/bin_libmsrpc_vc1232105.smt:2.71:29.88
QF_BV/spear/samba_v3.0.24/bin_libsmbclient_vc1225757.smt:4.5:29.86
QF_BV/spear/samba_v3.0.24/bin_libsmbsharemodes_vc5741.smt:2.99:29.88
QF_BV/spear/samba_v3.0.24/bin_libsmbclient_vc1225173.smt:2.33:29.86
QF_BV/spear/samba_v3.0.24/bin_eventlogadm_vc331014.smt:1.37:8.89
QF_BV/spear/samba_v3.0.24/bin_eventlogadm_vc351347.smt:0.969999999998:8.12
QF_BV/spear/samba_v3.0.24/bin_eventlogadm_vc331230.smt:10.14:29.87
QF_BV/spear/samba_v3.0.24/bin_libmsrpc_vc1225339.smt:4.87:29.86
QF_BV/spear/samba_v3.0.24/bin_libsmbsharemodes_vc7651.smt:2.3:29.92
QF_BV/spear/samba_v3.0.24/bin_eventlogadm_vc352375.smt:10.97:29.87
QF_BV/spear/samba_v3.0.24/bin_libsmbsharemodes_vc6169.smt:2.27:29.86
QF_BV/spear/samba_v3.0.24/bin_libsmbsharemodes_vc5687.smt:1.98:7.22
QF_BV/spear/samba_v3.0.24/bin_libsmbsharemodes_vc6340.smt:2.67:29.89
QF_BV/spear/samba_v3.0.24/bin_libsmbclient_vc1228497.smt:3.84:29.86
QF_BV/spear/samba_v3.0.24/bin_eventlogadm_vc331185.smt:11.14:29.85
QF_BV/spear/samba_v3.0.24/bin_libmsrpc_vc1225821.smt:2.79:29.89
QF_BV/spear/samba_v3.0.24/bin_eventlogadm_vc331197.smt:9.97:29.85
QF_BV/spear/samba_v3.0.24/bin_libsmbclient_vc1228434.smt:3.29:29.85
QF_BV/spear/samba_v3.0.24/bin_libsmbsharemodes_vc7623.smt:2.32:29.91
QF_BV/spear/samba_v3.0.24/bin_eventlogadm_vc352880.smt:6.88:29.86
QF_BV/spear/samba_v3.0.24/bin_eventlogadm_vc331233.smt:13.78:29.85
QF_BV/spear/samba_v3.0.24/bin_eventlogadm_vc352394.smt:11.89:29.87
QF_BV/spear/samba_v3.0.24/bin_eventlogadm_vc331172.smt:1.75:5.51
QF_BV/spear/samba_v3.0.24/bin_libmsrpc_vc1232133.smt:2.43:29.9
QF_BV/spear/samba_v3.0.24/bin_libsmbsharemodes_vc6267.smt:2.8:29.86
QF_BV/spear/samba_v3.0.24/bin_libsmbsharemodes_vc4333.smt:11.66:29.87
QF_BV/spear/samba_v3.0.24/bin_libsmbsharemodes_vc5724.smt:2.46:29.84
QF_BV/spear/samba_v3.0.24/bin_eventlogadm_vc351392.smt:7.36:29.86
QF_BV/spear/samba_v3.0.24/bin_libsmbsharemodes_vc4296.smt:1.12:15.31
QF_BV/spear/samba_v3.0.24/bin_libsmbsharemodes_vc7060.smt:0.950000000001:7.32
QF_BV/spear/samba_v3.0.24/bin_eventlogadm_vc330984.smt:1.13:1.93
QF_BV/spear/samba_v3.0.24/bin_libsmbsharemodes_vc7718.smt:3.53:29.89
QF_BV/spear/samba_v3.0.24/bin_eventlogadm_vc330980.smt:0.98:1.09
QF_BV/spear/samba_v3.0.24/bin_libsmbsharemodes_vc6230.smt:3.49:29.84
QF_BV/spear/samba_v3.0.24/bin_libsmbsharemodes_vc4829.smt:7.44:29.83
QF_BV/spear/samba_v3.0.24/bin_libsmbsharemodes_vc4797.smt:0.799999999999:3.87
QF_BV/spear/samba_v3.0.24/bin_libsmbclient_vc1225259.smt:4.86:29.88
QF_BV/spear/samba_v3.0.24/bin_libsmbclient_vc1228448.smt:4.98:29.86
QF_BV/spear/samba_v3.0.24/bin_libsmbclient_vc1225236.smt:2.82:29.86
QF_BV/spear/samba_v3.0.24/bin_libsmbsharemodes_vc6235.smt:2.21:29.91
QF_BV/spear/samba_v3.0.24/bin_libmsrpc_vc1225285.smt:3.3:29.88
QF_BV/spear/samba_v3.0.24/bin_eventlogadm_vc344888.smt:4.31:29.88
QF_BV/spear/samba_v3.0.24/bin_libsmbsharemodes_vc4335.smt:6.93:29.85
QF_BV/spear/samba_v3.0.24/bin_eventlogadm_vc331237.smt:6.12:29.86
QF_BV/spear/samba_v3.0.24/bin_libsmbsharemodes_vc7711.smt:9.7:29.87
QF_BV/spear/samba_v3.0.24/bin_libsmbsharemodes_vc5787.smt:2.15:29.87
QF_BV/spear/samba_v3.0.24/bin_eventlogadm_vc351363.smt:1.87:29.9
QF_BV/spear/samba_v3.0.24/bin_eventlogadm_vc354400.smt:1.27:0.460000000003
QF_BV/spear/samba_v3.0.24/bin_libmsrpc_vc1225857.smt:3.81:29.85
QF_BV/spear/samba_v3.0.24/bin_libsmbsharemodes_vc5711.smt:2.3:14.23
QF_BV/spear/samba_v3.0.24/bin_libmsrpc_vc1225282.smt:2.8:29.86
QF_BV/spear/samba_v3.0.24/bin_libsmbsharemodes_vc7708.smt:7.27:29.88
QF_BV/spear/samba_v3.0.24/bin_libsmbsharemodes_vc6244.smt:3.18:29.84
QF_BV/spear/samba_v3.0.24/bin_libsmbsharemodes_vc5735.smt:0.809999999998:29.94
QF_BV/spear/samba_v3.0.24/bin_eventlogadm_vc344885.smt:3.81:29.87
QF_BV/spear/samba_v3.0.24/bin_libmsrpc_vc1228474.smt:2.9:29.87
QF_BV/spear/samba_v3.0.24/bin_libsmbsharemodes_vc6345.smt:3.13:29.87
QF_BV/spear/samba_v3.0.24/bin_libsmbsharemodes_vc4816.smt:1.99:29.89
QF_BV/spear/samba_v3.0.24/bin_libsmbsharemodes_vc4846.smt:7.99:29.86
QF_BV/spear/samba_v3.0.24/bin_libsmbsharemodes_vc5300.smt:1.52:15.99
QF_BV/spear/samba_v3.0.24/bin_eventlogadm_vc331207.smt:6.02:29.87
QF_BV/spear/samba_v3.0.24/bin_eventlogadm_vc331251.smt:7.45:29.85
QF_BV/spear/samba_v3.0.24/bin_libsmbsharemodes_vc7225.smt:0.610000000001:0.5
QF_BV/spear/samba_v3.0.24/bin_libsmbsharemodes_vc6305.smt:3.32:29.86
QF_BV/spear/samba_v3.0.24/bin_eventlogadm_vc330978.smt:0.360000000001:3.39
QF_BV/spear/samba_v3.0.24/bin_eventlogadm_vc331223.smt:5.2:29.87
QF_BV/spear/samba_v3.0.24/bin_libmsrpc_vc1232136.smt:3.29:29.9
QF_BV/spear/samba_v3.0.24/bin_libmsrpc_vc1228470.smt:2.71:29.88
QF_BV/spear/samba_v3.0.24/bin_eventlogadm_vc331151.smt:4.09:29.86
QF_BV/spear/samba_v3.0.24/bin_libsmbsharemodes_vc4289.smt:0.990000000002:6.55
QF_BV/spear/samba_v3.0.24/bin_libsmbsharemodes_vc6324.smt:2.88:29.86
QF_BV/spear/samba_v3.0.24/bin_libmsrpc_vc1228443.smt:2.82:29.87
QF_BV/spear/samba_v3.0.24/bin_eventlogadm_vc331042.smt:1.57:5.71
QF_BV/spear/samba_v3.0.24/bin_libsmbsharemodes_vc4825.smt:12.94:29.84
QF_BV/spear/samba_v3.0.24/bin_eventlogadm_vc344386.smt:4.48:29.84
QF_BV/spear/samba_v3.0.24/bin_libmsrpc_vc1232118.smt:2.82:29.86
QF_BV/spear/samba_v3.0.24/bin_libsmbsharemodes_vc4288.smt:1.02:5.37
QF_BV/spear/samba_v3.0.24/bin_eventlogadm_vc352389.smt:9.95:29.82
QF_BV/spear/samba_v3.0.24/bin_libsmbsharemodes_vc6255.smt:3.69:29.85
QF_BV/spear/samba_v3.0.24/bin_eventlogadm_vc331114.smt:2.27:29.85
QF_BV/spear/samba_v3.0.24/bin_eventlogadm_vc331206.smt:6.76:29.86
QF_BV/spear/samba_v3.0.24/bin_eventlogadm_vc331222.smt:9.03:29.85
QF_BV/spear/samba_v3.0.24/bin_eventlogadm_vc331186.smt:5.15:29.86
QF_BV/spear/samba_v3.0.24/bin_eventlogadm_vc331062.smt:1.95:29.88
QF_BV/spear/samba_v3.0.24/bin_eventlogadm_vc331135.smt:3.2:29.85
QF_BV/spear/samba_v3.0.24/bin_libsmbclient_vc1225221.smt:3.08:29.88
QF_BV/spear/samba_v3.0.24/bin_libsmbsharemodes_vc7092.smt:2.1:21.24
QF_BV/spear/samba_v3.0.24/bin_libsmbclient_vc1225069.smt:0.919999999998:2.82
QF_BV/spear/samba_v3.0.24/bin_eventlogadm_vc352371.smt:13.73:29.84
QF_BV/spear/samba_v3.0.24/bin_eventlogadm_vc354403.smt:1.36:0.480000000003
QF_BV/spear/samba_v3.0.24/bin_eventlogadm_vc331133.smt:4.6:29.84
QF_BV/spear/samba_v3.0.24/bin_libsmbsharemodes_vc4329.smt:21.41:29.86
QF_BV/spear/samba_v3.0.24/bin_libmsrpc_vc1232071.smt:3.01:29.87
QF_BV/spear/samba_v3.0.24/bin_libmsrpc_vc1225762.smt:2.69:29.88
QF_BV/spear/samba_v3.0.24/bin_libsmbsharemodes_vc7082.smt:2.18:29.88
QF_BV/spear/samba_v3.0.24/bin_libsmbsharemodes_vc4308.smt:4.73:29.84
QF_BV/spear/samba_v3.0.24/bin_eventlogadm_vc352884.smt:13.31:29.87
QF_BV/spear/samba_v3.0.24/bin_libsmbsharemodes_vc5302.smt:1.8:18.88
QF_BV/spear/samba_v3.0.24/bin_libsmbsharemodes_vc7290.smt:0.760000000002:1.74
QF_BV/spear/samba_v3.0.24/bin_libsmbsharemodes_vc5845.smt:1.83:12.86
QF_BV/spear/samba_v3.0.24/bin_libmsrpc_vc1225787.smt:3.32:29.81
QF_BV/spear/samba_v3.0.24/bin_eventlogadm_vc352896.smt:8.12:29.86
QF_BV/spear/samba_v3.0.24/bin_libmsrpc_vc1225910.smt:6.14:29.86
QF_BV/spear/samba_v3.0.24/bin_libsmbsharemodes_vc7100.smt:2.69:29.88
QF_BV/spear/samba_v3.0.24/bin_libsmbclient_vc1228439.smt:3.68:29.86
QF_BV/spear/samba_v3.0.24/bin_libsmbsharemodes_vc6240.smt:3.53:29.83
QF_BV/spear/samba_v3.0.24/bin_libsmbsharemodes_vc7730.smt:6.62:29.79
QF_BV/spear/samba_v3.0.24/bin_eventlogadm_vc351321.smt:1.0:4.24
QF_BV/spear/samba_v3.0.24/bin_libsmbsharemodes_vc7119.smt:3.26:29.88
QF_BV/spear/samba_v3.0.24/bin_eventlogadm_vc331177.smt:7.98:29.84
QF_BV/spear/samba_v3.0.24/bin_libsmbclient_vc1225864.smt:4.97:29.87
QF_BV/spear/samba_v3.0.24/bin_eventlogadm_vc352890.smt:7.62:29.84
QF_BV/spear/samba_v3.0.24/bin_libmsrpc_vc1225377.smt:4.11:29.87
QF_BV/spear/samba_v3.0.24/bin_libmsrpc_vc1228503.smt:5.65:29.87
QF_BV/spear/samba_v3.0.24/bin_eventlogadm_vc352836.smt:0.830000000002:4.11
QF_BV/spear/samba_v3.0.24/bin_eventlogadm_vc352863.smt:1.7:29.87
QF_BV/spear/samba_v3.0.24/bin_libsmbsharemodes_vc7727.smt:3.59:29.87
QF_BV/spear/samba_v3.0.24/bin_eventlogadm_vc351348.smt:0.969999999998:6.43
QF_BV/spear/samba_v3.0.24/bin_libmsrpc_vc1225958.smt:4.32:29.85
QF_BV/spear/samba_v3.0.24/bin_libsmbclient_vc1225270.smt:4.59:29.85
QF_BV/spear/samba_v3.0.24/bin_libsmbclient_vc1228453.smt:3.95:29.88
QF_BV/spear/samba_v3.0.24/bin_libsmbsharemodes_vc4814.smt:3.22:29.89
QF_BV/spear/samba_v3.0.24/bin_libsmbclient_vc1228436.smt:9.62:29.84
QF_BV/spear/samba_v3.0.24/bin_eventlogadm_vc331045.smt:0.700000000001:12.68
QF_BV/spear/samba_v3.0.24/bin_eventlogadm_vc352367.smt:5.53:29.84
QF_BV/spear/samba_v3.0.24/bin_libmsrpc_vc1225310.smt:3.95:29.86
QF_BV/spear/samba_v3.0.24/bin_libsmbsharemodes_vc4320.smt:7.3:29.83
QF_BV/spear/samba_v3.0.24/bin_libsmbsharemodes_vc6248.smt:4.55:29.85
QF_BV/spear/samba_v3.0.24/bin_libsmbsharemodes_vc7647.smt:5.06:29.9
QF_BV/spear/samba_v3.0.24/bin_libsmbclient_vc1228446.smt:4.44:29.86
QF_BV/spear/samba_v3.0.24/bin_libmsrpc_vc1225814.smt:3.74:29.86
QF_BV/spear/samba_v3.0.24/bin_eventlogadm_vc331199.smt:7.62:29.84
QF_BV/spear/samba_v3.0.24/bin_libsmbsharemodes_vc7696.smt:11.1:29.87
QF_BV/spear/samba_v3.0.24/bin_eventlogadm_vc331160.smt:3.28:29.86
QF_BV/spear/samba_v3.0.24/bin_libsmbsharemodes_vc4830.smt:9.53:29.86
QF_BV/spear/samba_v3.0.24/bin_libsmbsharemodes_vc5701.smt:2.58:29.87
QF_BV/spear/samba_v3.0.24/bin_libsmbsharemodes_vc5761.smt:3.33:29.86
QF_BV/spear/samba_v3.0.24/bin_libsmbsharemodes_vc7110.smt:1.63:29.92
QF_BV/spear/samba_v3.0.24/bin_libsmbsharemodes_vc5680.smt:2.28:20.99
QF_BV/spear/samba_v3.0.24/bin_eventlogadm_vc331152.smt:3.58:29.84
QF_BV/spear/samba_v3.0.24/bin_eventlogadm_vc331001.smt:0.449999999997:4.46
QF_BV/spear/samba_v3.0.24/bin_libsmbsharemodes_vc6343.smt:3.1:29.86
QF_BV/spear/samba_v3.0.24/bin_libsmbsharemodes_vc6298.smt:3.14:29.86
QF_BV/spear/samba_v3.0.24/bin_libmsrpc_vc1225601.smt:0.57:0.630000000001
QF_BV/spear/samba_v3.0.24/bin_eventlogadm_vc330981.smt:1.29:2.25
QF_BV/spear/samba_v3.0.24/bin_libmsrpc_vc1232034.smt:2.77:29.84
QF_BV/spear/samba_v3.0.24/bin_libsmbsharemodes_vc6325.smt:3.06:29.88
QF_BV/spear/samba_v3.0.24/bin_libsmbsharemodes_vc6216.smt:3.66:29.82
QF_BV/spear/samba_v3.0.24/bin_eventlogadm_vc352879.smt:11.48:29.83
QF_BV/spear/samba_v3.0.24/bin_libsmbsharemodes_vc6254.smt:5.79:29.83
QF_BV/spear/samba_v3.0.24/bin_libsmbsharemodes_vc7113.smt:3.56:29.88
QF_BV/spear/samba_v3.0.24/bin_libsmbsharemodes_vc4840.smt:6.65:29.86
QF_BV/spear/samba_v3.0.24/bin_eventlogadm_vc351402.smt:6.84:29.83
QF_BV/spear/samba_v3.0.24/bin_libmsrpc_vc1225789.smt:2.83:29.87
QF_BV/spear/samba_v3.0.24/bin_libsmbsharemodes_vc6189.smt:2.14:29.92
QF_BV/spear/samba_v3.0.24/bin_libmsrpc_vc1225272.smt:3.22:29.84
QF_BV/spear/samba_v3.0.24/bin_libsmbsharemodes_vc5807.smt:2.0:22.58
QF_BV/spear/samba_v3.0.24/bin_libsmbclient_vc1225207.smt:2.78:29.88
QF_BV/spear/samba_v3.0.24/bin_eventlogadm_vc331086.smt:2.61:29.85
QF_BV/spear/samba_v3.0.24/bin_libsmbsharemodes_vc6273.smt:2.08:29.89
QF_BV/spear/samba_v3.0.24/bin_eventlogadm_vc331173.smt:2.26:25.52
QF_BV/spear/samba_v3.0.24/bin_libsmbclient_vc1228445.smt:5.66:29.84
QF_BV/spear/samba_v3.0.24/bin_libsmbsharemodes_vc4838.smt:5.64:29.84
QF_BV/spear/samba_v3.0.24/bin_libmsrpc_vc1228482.smt:4.43:29.88
QF_BV/spear/samba_v3.0.24/bin_libmsrpc_vc1225346.smt:5.3:29.86
QF_BV/spear/samba_v3.0.24/bin_eventlogadm_vc352868.smt:6.31:29.83
QF_BV/spear/samba_v3.0.24/bin_libsmbsharemodes_vc5751.smt:1.85:24.98
QF_BV/spear/samba_v3.0.24/bin_libsmbsharemodes_vc5714.smt:1.59:19.49
QF_BV/spear/samba_v3.0.24/bin_libsmbsharemodes_vc4332.smt:9.36:29.84
QF_BV/spear/samba_v3.0.24/bin_libsmbclient_vc1225239.smt:2.99:29.84
QF_BV/spear/samba_v3.0.24/bin_libsmbsharemodes_vc7703.smt:15.94:29.87
QF_BV/spear/samba_v3.0.24/bin_libsmbsharemodes_vc5331.smt:2.3:29.85
QF_BV/spear/samba_v3.0.24/bin_libsmbsharemodes_vc4778.smt:1.1:5.04
QF_BV/spear/samba_v3.0.24/bin_libsmbsharemodes_vc6232.smt:3.86:29.85
QF_BV/spear/samba_v3.0.24/bin_eventlogadm_vc331109.smt:3.16:27.06
QF_BV/spear/samba_v3.0.24/bin_libsmbclient_vc1225778.smt:4.26:29.87
QF_BV/spear/samba_v3.0.24/bin_libsmbsharemodes_vc7652.smt:1.99:29.92
QF_BV/spear/samba_v3.0.24/bin_eventlogadm_vc344892.smt:0.5:29.85
QF_BV/spear/samba_v3.0.24/bin_libsmbclient_vc1225269.smt:4.13:29.85
QF_BV/spear/samba_v3.0.24/bin_libsmbsharemodes_vc5826.smt:2.28:29.83
QF_BV/spear/samba_v3.0.24/bin_libmsrpc_vc1225841.smt:4.56:29.85
QF_BV/spear/samba_v3.0.24/bin_libsmbsharemodes_vc7707.smt:8.17:29.9
QF_BV/spear/samba_v3.0.24/bin_eventlogadm_vc351364.smt:2.99:29.9
QF_BV/spear/samba_v3.0.24/bin_libsmbsharemodes_vc6316.smt:3.03:29.88
QF_BV/spear/samba_v3.0.24/bin_libsmbsharemodes_vc6242.smt:2.95:29.87
QF_BV/spear/samba_v3.0.24/bin_libsmbclient_vc1225260.smt:4.01:29.85
QF_BV/spear/samba_v3.0.24/bin_libsmbsharemodes_vc5220.smt:0.290000000001:1.84
QF_BV/spear/samba_v3.0.24/bin_eventlogadm_vc331052.smt:1.74:15.79
QF_BV/spear/samba_v3.0.24/bin_libsmbsharemodes_vc4309.smt:7.44:29.85
QF_BV/spear/samba_v3.0.24/bin_eventlogadm_vc344390.smt:4.57:29.86
QF_BV/spear/samba_v3.0.24/bin_libmsrpc_vc1225280.smt:2.87:29.87
QF_BV/spear/samba_v3.0.24/bin_eventlogadm_vc352869.smt:11.24:29.85
QF_BV/spear/samba_v3.0.24/bin_eventlogadm_vc352399.smt:4.71:29.84
QF_BV/spear/samba_v3.0.24/bin_eventlogadm_vc352400.smt:4.22:29.85
QF_BV/spear/samba_v3.0.24/bin_eventlogadm_vc352873.smt:15.4:29.84
QF_BV/spear/samba_v3.0.24/bin_libsmbclient_vc1228450.smt:3.94:29.84
QF_BV/spear/samba_v3.0.24/bin_libmsrpc_vc1225316.smt:2.88:29.88
QF_BV/spear/samba_v3.0.24/bin_libsmbclient_vc1228490.smt:4.29:29.86
QF_BV/spear/samba_v3.0.24/bin_libsmbclient_vc1228410.smt:3.88:29.87
QF_BV/spear/samba_v3.0.24/bin_libsmbsharemodes_vc6294.smt:3.52:29.88
QF_BV/spear/samba_v3.0.24/bin_libsmbclient_vc1228496.smt:5.71:29.85
QF_BV/spear/samba_v3.0.24/bin_libmsrpc_vc1249402.smt:2.85:29.87
QF_BV/spear/samba_v3.0.24/bin_libsmbsharemodes_vc4269.smt:0.98:3.1
QF_BV/spear/samba_v3.0.24/bin_libsmbsharemodes_vc5726.smt:2.55:29.87
QF_BV/spear/samba_v3.0.24/bin_libmsrpc_vc1225396.smt:3.91:29.88
QF_BV/spear/samba_v3.0.24/bin_eventlogadm_vc351378.smt:9.7:29.85
QF_BV/spear/samba_v3.0.24/bin_eventlogadm_vc354409.smt:1.33:27.21
QF_BV/spear/samba_v3.0.24/bin_libsmbclient_vc1228451.smt:4.77:29.85
QF_BV/spear/samba_v3.0.24/bin_eventlogadm_vc331162.smt:2.89:29.83
QF_BV/spear/samba_v3.0.24/bin_libsmbsharemodes_vc7288.smt:1.0:2.0
QF_BV/spear/samba_v3.0.24/bin_libsmbclient_vc1228495.smt:5.16:29.87
QF_BV/spear/samba_v3.0.24/bin_libsmbclient_vc1228554.smt:4.95:29.85
QF_BV/spear/samba_v3.0.24/bin_libsmbsharemodes_vc6280.smt:2.86:29.85
QF_BV/spear/samba_v3.0.24/bin_libsmbsharemodes_vc7143.smt:4.43:29.89
QF_BV/spear/samba_v3.0.24/bin_eventlogadm_vc352875.smt:9.7:29.83
QF_BV/spear/samba_v3.0.24/bin_libsmbsharemodes_vc5770.smt:0.950000000001:29.91
QF_BV/spear/samba_v3.0.24/bin_libsmbsharemodes_vc4247.smt:0.630000000001:3.67
QF_BV/spear/samba_v3.0.24/bin_libsmbsharemodes_vc5728.smt:2.33:19.39
QF_BV/spear/samba_v3.0.24/bin_libmsrpc_vc1228463.smt:2.65:29.82
QF_BV/spear/samba_v3.0.24/bin_libsmbsharemodes_vc7118.smt:3.61:29.86
QF_BV/spear/samba_v3.0.24/bin_eventlogadm_vc354398.smt:1.53:0.460000000003
QF_BV/spear/samba_v3.0.24/bin_eventlogadm_vc330966.smt:0.829999999998:1.55
QF_BV/spear/samba_v3.0.24/bin_libmsrpc_vc1232130.smt:2.89:29.88
QF_BV/spear/samba_v3.0.24/bin_libsmbsharemodes_vc6251.smt:4.18:29.84
QF_BV/spear/samba_v3.0.24/bin_libsmbsharemodes_vc6307.smt:3.33:29.85
QF_BV/spear/samba_v3.0.24/bin_libmsrpc_vc1225800.smt:2.78:29.87
QF_BV/spear/samba_v3.0.24/bin_libsmbsharemodes_vc4760.smt:0.739999999998:2.82
QF_BV/spear/samba_v3.0.24/bin_libsmbsharemodes_vc6159.smt:2.51:29.83
QF_BV/spear/samba_v3.0.24/bin_eventlogadm_vc344387.smt:4.91:29.83
QF_BV/spear/samba_v3.0.24/bin_eventlogadm_vc351377.smt:12.19:29.82
QF_BV/spear/samba_v3.0.24/bin_libsmbsharemodes_vc5285.smt:1.79:26.28
QF_BV/spear/samba_v3.0.24/bin_libsmbclient_vc1225770.smt:4.68:29.86
QF_BV/spear/samba_v3.0.24/bin_libsmbsharemodes_vc7072.smt:1.67:23.52
QF_BV/spear/samba_v3.0.24/bin_libsmbsharemodes_vc7102.smt:2.53:29.89
QF_BV/spear/samba_v3.0.24/bin_libsmbsharemodes_vc4826.smt:14.78:29.85
QF_BV/spear/samba_v3.0.24/bin_libsmbclient_vc1225783.smt:4.47:29.86
QF_BV/spear/samba_v3.0.24/bin_eventlogadm_vc331085.smt:2.41:29.85
QF_BV/spear/samba_v3.0.24/bin_eventlogadm_vc331082.smt:2.05:19.66
QF_BV/spear/samba_v3.0.24/bin_libsmbclient_vc1228489.smt:4.96:29.85
QF_BV/spear/samba_v3.0.24/bin_libmsrpc_vc1228529.smt:8.86:29.85
QF_BV/spear/samba_v3.0.24/bin_libsmbsharemodes_vc5795.smt:1.47:5.48
QF_BV/spear/samba_v3.0.24/bin_libmsrpc_vc1228565.smt:7.13:29.86
QF_BV/spear/samba_v3.0.24/bin_eventlogadm_vc331145.smt:3.54:29.85
QF_BV/spear/samba_v3.0.24/bin_libsmbsharemodes_vc6193.smt:2.06:29.9
QF_BV/spear/samba_v3.0.24/bin_libmsrpc_vc1225761.smt:2.72:29.87
QF_BV/spear/samba_v3.0.24/bin_eventlogadm_vc352872.smt:13.28:29.83
QF_BV/spear/samba_v3.0.24/bin_libsmbclient_vc1225205.smt:2.78:29.87
QF_BV/spear/samba_v3.0.24/bin_libsmbsharemodes_vc6315.smt:2.75:29.87
QF_BV/spear/samba_v3.0.24/bin_libsmbclient_vc1225736.smt:3.84:29.87
QF_BV/spear/samba_v3.0.24/bin_libsmbclient_vc1228531.smt:5.47:29.84
QF_BV/spear/samba_v3.0.24/bin_libmsrpc_vc1225852.smt:3.8:29.86
QF_BV/spear/samba_v3.0.24/bin_libsmbsharemodes_vc4810.smt:5.82:29.86
QF_BV/spear/samba_v3.0.24/bin_libmsrpc_vc1225815.smt:2.9:29.87
QF_BV/spear/samba_v3.0.24/bin_libmsrpc_vc1225935.smt:5.18:29.87
QF_BV/spear/samba_v3.0.24/bin_eventlogadm_vc351384.smt:17.68:29.83
QF_BV/spear/samba_v3.0.24/bin_libsmbclient_vc1228435.smt:5.82:29.85
QF_BV/spear/samba_v3.0.24/bin_libsmbsharemodes_vc7086.smt:2.0:28.47
QF_BV/spear/samba_v3.0.24/bin_libmsrpc_vc1225807.smt:2.95:29.88
QF_BV/spear/samba_v3.0.24/bin_libsmbsharemodes_vc4845.smt:6.44:29.86
QF_BV/spear/samba_v3.0.24/bin_libsmbsharemodes_vc6196.smt:3.95:29.85
QF_BV/spear/samba_v3.0.24/bin_libmsrpc_vc1225745.smt:2.39:29.86
QF_BV/spear/samba_v3.0.24/bin_libmsrpc_vc1225628.smt:0.77:1.63
QF_BV/spear/samba_v3.0.24/bin_libmsrpc_vc1225288.smt:3.86:29.85
QF_BV/spear/samba_v3.0.24/bin_libsmbsharemodes_vc6218.smt:3.25:29.85
QF_BV/spear/samba_v3.0.24/bin_libmsrpc_vc1225810.smt:2.82:29.89
QF_BV/spear/samba_v3.0.24/bin_eventlogadm_vc354411.smt:2.25:29.84
QF_BV/spear/samba_v3.0.24/bin_libmsrpc_vc1232069.smt:2.56:29.86
QF_BV/spear/samba_v3.0.24/bin_libsmbsharemodes_vc6176.smt:2.16:29.87
QF_BV/spear/samba_v3.0.24/bin_libmsrpc_vc1232021.smt:2.93:29.88
QF_BV/spear/samba_v3.0.24/bin_libmsrpc_vc1228491.smt:3.02:29.85
QF_BV/spear/samba_v3.0.24/bin_eventlogadm_vc331130.smt:3.07:29.85
QF_BV/spear/samba_v3.0.24/bin_libmsrpc_vc1228509.smt:6.29:29.87
QF_BV/spear/samba_v3.0.24/bin_eventlogadm_vc331225.smt:5.28:29.88
QF_BV/spear/samba_v3.0.24/bin_libmsrpc_vc1225332.smt:3.81:29.86
QF_BV/spear/samba_v3.0.24/bin_libmsrpc_vc1225896.smt:6.67:29.86
QF_BV/spear/samba_v3.0.24/bin_eventlogadm_vc330976.smt:0.290000000001:1.07
QF_BV/spear/samba_v3.0.24/bin_libsmbclient_vc1225302.smt:6.45:29.87
QF_BV/spear/samba_v3.0.24/bin_eventlogadm_vc351368.smt:6.8:29.85
QF_BV/spear/samba_v3.0.24/bin_libmsrpc_vc1225286.smt:2.91:29.86
QF_BV/spear/samba_v3.0.24/bin_eventlogadm_vc331117.smt:2.95:29.85
QF_BV/spear/samba_v3.0.24/bin_libsmbsharemodes_vc6212.smt:2.94:29.87
QF_BV/spear/samba_v3.0.24/bin_libsmbsharemodes_vc7645.smt:4.02:29.88
QF_BV/spear/samba_v3.0.24/bin_libsmbsharemodes_vc7644.smt:3.87:29.88
QF_BV/spear/samba_v3.0.24/bin_libsmbsharemodes_vc5792.smt:1.95:25.01
QF_BV/spear/samba_v3.0.24/bin_libmsrpc_vc1225330.smt:6.01:29.83
QF_BV/spear/samba_v3.0.24/bin_libsmbclient_vc1225222.smt:3.0:29.87
QF_BV/spear/samba_v3.0.24/bin_eventlogadm_vc352386.smt:6.11:29.85
QF_BV/spear/samba_v3.0.24/bin_libmsrpc_vc1225893.smt:7.35:29.88
QF_BV/spear/samba_v3.0.24/bin_libsmbsharemodes_vc6117.smt:1.8:19.03
QF_BV/spear/samba_v3.0.24/bin_eventlogadm_vc331118.smt:3.29:29.84
QF_BV/spear/samba_v3.0.24/bin_eventlogadm_vc354397.smt:1.22:0.399999999998
QF_BV/spear/samba_v3.0.24/bin_libsmbsharemodes_vc6288.smt:2.85:29.86
QF_BV/spear/samba_v3.0.24/bin_eventlogadm_vc331112.smt:2.48:29.87
QF_BV/spear/samba_v3.0.24/bin_eventlogadm_vc331213.smt:8.02:29.86
QF_BV/spear/samba_v3.0.24/bin_libsmbsharemodes_vc4824.smt:7.77:29.83
QF_BV/spear/samba_v3.0.24/bin_libsmbsharemodes_vc4788.smt:1.3:8.4
QF_BV/spear/samba_v3.0.24/bin_libsmbsharemodes_vc4323.smt:8.44:29.87
QF_BV/spear/samba_v3.0.24/bin_libmsrpc_vc1228492.smt:2.94:29.86
QF_BV/spear/samba_v3.0.24/bin_libsmbclient_vc1225689.smt:2.71:28.82
QF_BV/spear/samba_v3.0.24/bin_libsmbclient_vc1225054.smt:0.990000000002:2.63
QF_BV/spear/samba_v3.0.24/bin_libsmbclient_vc1225257.smt:4.17:29.85
QF_BV/spear/samba_v3.0.24/bin_libsmbsharemodes_vc6181.smt:2.53:29.86
QF_BV/spear/samba_v3.0.24/bin_libsmbsharemodes_vc6202.smt:3.96:29.89
QF_BV/spear/samba_v3.0.24/bin_libmsrpc_vc1232055.smt:2.45:29.89
QF_BV/spear/samba_v3.0.24/bin_eventlogadm_vc351331.smt:0.309999999998:3.3
QF_BV/spear/samba_v3.0.24/bin_eventlogadm_vc352388.smt:6.14:29.85
QF_BV/spear/samba_v3.0.24/bin_libmsrpc_vc1225884.smt:4.07:29.84
QF_BV/spear/samba_v3.0.24/bin_libmsrpc_vc1225454.smt:4.31:29.83
QF_BV/spear/samba_v3.0.24/bin_libsmbsharemodes_vc6049.smt:1.58:6.45
QF_BV/spear/samba_v3.0.24/bin_libsmbsharemodes_vc7112.smt:3.18:29.87
QF_BV/spear/samba_v3.0.24/bin_eventlogadm_vc334891.smt:3.62:29.89
QF_BV/spear/samba_v3.0.24/bin_libsmbsharemodes_vc4811.smt:5.78:29.85
QF_BV/spear/samba_v3.0.24/bin_libsmbsharemodes_vc6290.smt:4.18:29.87
QF_BV/spear/samba_v3.0.24/bin_libsmbclient_vc1225263.smt:4.97:29.87
QF_BV/spear/samba_v3.0.24/bin_eventlogadm_vc331204.smt:13.63:29.85
QF_BV/spear/samba_v3.0.24/bin_libsmbsharemodes_vc4284.smt:1.05:7.69
QF_BV/spear/samba_v3.0.24/bin_eventlogadm_vc352900.smt:4.15:29.87
QF_BV/spear/samba_v3.0.24/bin_libsmbclient_vc1225210.smt:3.02:29.85
QF_BV/spear/samba_v3.0.24/bin_libsmbsharemodes_vc6295.smt:4.43:29.83
QF_BV/spear/samba_v3.0.24/bin_libsmbsharemodes_vc6296.smt:3.48:29.85
QF_BV/spear/samba_v3.0.24/bin_libsmbsharemodes_vc7130.smt:2.73:29.89
QF_BV/spear/samba_v3.0.24/bin_libmsrpc_vc1232117.smt:2.97:29.86
QF_BV/spear/samba_v3.0.24/bin_libsmbclient_vc1228432.smt:5.03:29.88
QF_BV/spear/samba_v3.0.24/bin_eventlogadm_vc331236.smt:14.13:29.84
QF_BV/spear/samba_v3.0.24/bin_libsmbclient_vc1225669.smt:2.13:29.91
QF_BV/spear/samba_v3.0.24/bin_libsmbsharemodes_vc4841.smt:8.12:29.85
QF_BV/spear/samba_v3.0.24/bin_eventlogadm_vc352870.smt:7.61:29.81
QF_BV/spear/samba_v3.0.24/bin_libsmbsharemodes_vc4796.smt:1.16:7.41
QF_BV/spear/samba_v3.0.24/bin_libsmbclient_vc1228409.smt:2.81:29.88
QF_BV/spear/samba_v3.0.24/bin_eventlogadm_vc354405.smt:1.7:0.459999999999
QF_BV/spear/samba_v3.0.24/bin_eventlogadm_vc331046.smt:2.16:29.85
QF_BV/spear/samba_v3.0.24/bin_eventlogadm_vc331138.smt:4.74:29.84
QF_BV/spear/samba_v3.0.24/bin_libmsrpc_vc1232007.smt:2.56:29.87
QF_BV/spear/samba_v3.0.24/bin_eventlogadm_vc331166.smt:3.06:29.86
QF_BV/spear/samba_v3.0.24/bin_libsmbsharemodes_vc5207.smt:0.260000000002:2.36
QF_BV/spear/samba_v3.0.24/bin_libsmbsharemodes_vc6241.smt:3.31:29.87
QF_BV/spear/samba_v3.0.24/bin_libmsrpc_vc1232036.smt:3.5:29.88
QF_BV/spear/samba_v3.0.24/bin_libsmbsharemodes_vc6074.smt:1.8:10.52
QF_BV/spear/samba_v3.0.24/bin_libsmbsharemodes_vc5842.smt:1.97:15.23
QF_BV/spear/samba_v3.0.24/bin_libsmbsharemodes_vc7317.smt:1.08:6.0
QF_BV/spear/samba_v3.0.24/bin_libmsrpc_vc1225832.smt:5.87:29.84
QF_BV/spear/samba_v3.0.24/bin_libsmbsharemodes_vc5692.smt:0.899999999998:29.9
QF_BV/spear/samba_v3.0.24/bin_libsmbsharemodes_vc7105.smt:3.24:29.89
QF_BV/spear/samba_v3.0.24/bin_libsmbsharemodes_vc6105.smt:1.89:29.87
QF_BV/spear/samba_v3.0.24/bin_libsmbsharemodes_vc6274.smt:1.78:29.9
QF_BV/spear/samba_v3.0.24/bin_libsmbsharemodes_vc7689.smt:4.42:29.9
QF_BV/spear/samba_v3.0.24/bin_libsmbclient_vc1225715.smt:3.43:29.86
QF_BV/spear/samba_v3.0.24/bin_libsmbsharemodes_vc7750.smt:7.54:29.84
QF_BV/spear/samba_v3.0.24/bin_libsmbclient_vc1228447.smt:4.93:29.83
QF_BV/spear/samba_v3.0.24/bin_libsmbclient_vc1225833.smt:4.42:29.87
QF_BV/spear/samba_v3.0.24/bin_libsmbsharemodes_vc5837.smt:1.87:12.09
QF_BV/spear/samba_v3.0.24/bin_libsmbsharemodes_vc7679.smt:6.61:29.88
QF_BV/spear/samba_v3.0.24/bin_libsmbsharemodes_vc7684.smt:7.12:29.85
QF_BV/spear/samba_v3.0.24/bin_libmsrpc_vc1225819.smt:2.79:29.85
QF_BV/spear/samba_v3.0.24/bin_libsmbsharemodes_vc6236.smt:2.61:29.91
QF_BV/spear/samba_v3.0.24/bin_eventlogadm_vc351382.smt:11.72:29.84
QF_BV/spear/samba_v3.0.24/bin_libsmbsharemodes_vc7660.smt:4.21:29.87
QF_BV/spear/samba_v3.0.24/bin_libsmbsharemodes_vc7713.smt:7.99:29.85
QF_BV/spear/samba_v3.0.24/bin_libsmbsharemodes_vc4801.smt:0.82:3.92
QF_BV/spear/samba_v3.0.24/bin_libsmbsharemodes_vc4318.smt:13.56:29.85
QF_BV/spear/samba_v3.0.24/bin_libsmbsharemodes_vc7068.smt:1.67:12.44
QF_BV/spear/samba_v3.0.24/bin_libsmbsharemodes_vc7064.smt:1.12:29.91
QF_BV/spear/samba_v3.0.24/bin_eventlogadm_vc331090.smt:1.9:29.92
QF_BV/spear/samba_v3.0.24/bin_libsmbclient_vc1225223.smt:2.95:29.89
QF_BV/spear/samba_v3.0.24/bin_libsmbclient_vc1228477.smt:3.86:29.86
QF_BV/spear/samba_v3.0.24/bin_eventlogadm_vc352391.smt:7.95:29.83
QF_BV/spear/samba_v3.0.24/bin_libmsrpc_vc1228511.smt:4.56:29.82
QF_BV/spear/samba_v3.0.24/bin_libsmbclient_vc1225728.smt:2.62:29.88
QF_BV/spear/samba_v3.0.24/bin_libsmbsharemodes_vc5774.smt:0.540000000001:16.57
QF_BV/spear/samba_v3.0.24/bin_libmsrpc_vc1225775.smt:3.29:29.88
QF_BV/spear/samba_v3.0.24/bin_eventlogadm_vc331190.smt:18.85:29.84
QF_BV/spear/samba_v3.0.24/bin_libsmbsharemodes_vc7671.smt:5.34:29.89
QF_BV/spear/samba_v3.0.24/bin_eventlogadm_vc331163.smt:3.91:29.85
QF_BV/spear/samba_v3.0.24/bin_libsmbsharemodes_vc6095.smt:1.9:25.47
QF_BV/spear/samba_v3.0.24/bin_libsmbsharemodes_vc7098.smt:2.6:29.86
QF_BV/spear/samba_v3.0.24/bin_libsmbsharemodes_vc5777.smt:1.73:19.56
QF_BV/spear/samba_v3.0.24/bin_eventlogadm_vc352381.smt:6.57:29.85
QF_BV/spear/samba_v3.0.24/bin_eventlogadm_vc331200.smt:6.53:29.82
QF_BV/spear/samba_v3.0.24/bin_libsmbsharemodes_vc4298.smt:0.990000000002:8.39
QF_BV/spear/samba_v3.0.24/bin_libmsrpc_vc1228478.smt:2.91:29.88
QF_BV/spear/samba_v3.0.24/bin_libsmbsharemodes_vc5773.smt:0.560000000001:19.33
QF_BV/spear/samba_v3.0.24/bin_libsmbsharemodes_vc7643.smt:4.59:29.86
QF_BV/spear/samba_v3.0.24/bin_libsmbsharemodes_vc7667.smt:6.17:29.89
QF_BV/spear/samba_v3.0.24/bin_libsmbsharemodes_vc4083.smt:0.029999999998