QF_AUFBV/bench_ab/a103test0001.smt::known
QF_AUFBV/bench_ab/a20test0001.smt::known
QF_AUFBV/bench_ab/a21test0002.smt::known
QF_AUFBV/bench_ab/a227test0001.smt::known
QF_AUFBV/bench_ab/a228test0002.smt::known
QF_AUFBV/bench_ab/a22test0003.smt::known
QF_AUFBV/bench_ab/a233test0001.smt::known
QF_AUFBV/bench_ab/a234test0002.smt::known
QF_AUFBV/bench_ab/a235test0003.smt::known
QF_AUFBV/bench_ab/a236test0004.smt::known
QF_AUFBV/bench_ab/a23test0004.smt::known
QF_AUFBV/bench_ab/a246test0001.smt::known
QF_AUFBV/bench_ab/a247test0002.smt::known
QF_AUFBV/bench_ab/a248test0003.smt::known
QF_AUFBV/bench_ab/a255test0005.smt::known
QF_AUFBV/bench_ab/a256test0001.smt::known
QF_AUFBV/bench_ab/a257test0002.smt::known
QF_AUFBV/bench_ab/a258test0003.smt::known
QF_AUFBV/bench_ab/a259test0006.smt::known
QF_AUFBV/bench_ab/a260test0004.smt::known
QF_AUFBV/bench_ab/a266test0005.smt::known
QF_AUFBV/bench_ab/a267test0001.smt::known
QF_AUFBV/bench_ab/a268test0002.smt::known
QF_AUFBV/bench_ab/a269test0003.smt::known
QF_AUFBV/bench_ab/a270test0004.smt::known
QF_AUFBV/bench_ab/a271test0009.smt::known
QF_AUFBV/bench_ab/a27test0001.smt::known
QF_AUFBV/bench_ab/a281test0005.smt::known
QF_AUFBV/bench_ab/a282test0001.smt::known
QF_AUFBV/bench_ab/a283test0002.smt::known
QF_AUFBV/bench_ab/a284test0003.smt::known
QF_AUFBV/bench_ab/a285test0006.smt::known
QF_AUFBV/bench_ab/a286test0007.smt::known
QF_AUFBV/bench_ab/a287test0008.smt::known
QF_AUFBV/bench_ab/a288test0004.smt::known
QF_AUFBV/bench_ab/a28test0002.smt::known
QF_AUFBV/bench_ab/a294test0005.smt::known
QF_AUFBV/bench_ab/a295test0001.smt::known
QF_AUFBV/bench_ab/a296test0002.smt::known
QF_AUFBV/bench_ab/a297test0003.smt::known
QF_AUFBV/bench_ab/a298test0004.smt::known
QF_AUFBV/bench_ab/a29test0003.smt::known
QF_AUFBV/bench_ab/a304test0005.smt::known
QF_AUFBV/bench_ab/a305test0001.smt::known
QF_AUFBV/bench_ab/a306test0002.smt::known
QF_AUFBV/bench_ab/a307test0003.smt::known
QF_AUFBV/bench_ab/a308test0004.smt::known
QF_AUFBV/bench_ab/a64test0001.smt::known
QF_AUFBV/bench_ab/a65test0002.smt::known
QF_AUFBV/bench_ab/a70test0001.smt::known
QF_AUFBV/bench_ab/a71test0002.smt::known
QF_AUFBV/bench_ab/a72test0003.smt::known
QF_AUFBV/bench_ab/a73test0004.smt::known
QF_AUFBV/bench_ab/a83test0001.smt::known
QF_AUFBV/bench_ab/a84test0002.smt::known
QF_AUFBV/bench_ab/a85test0003.smt::known
QF_AUFBV/bench_ab/a89test0001.smt::known
QF_AUFBV/bench_ab/a90test0002.smt::known
QF_AUFBV/bench_ab/a91test0003.smt::known
QF_AUFBV/bench_ab/b159test0001.smt::known
QF_AUFBV/bench_ab/b160test0002.smt::known
QF_AUFBV/bench_ab/b161test0003.smt::known
QF_AUFBV/bench_ab/b162test0004.smt::known
QF_AUFBV/bench_ab/b163test0005.smt::known
QF_AUFBV/bench_ab/b164test0006.smt::known
QF_AUFBV/bench_ab/b165test0007.smt::known
QF_AUFBV/bench_ab/b166test0008.smt::known
QF_AUFBV/bench_ab/b167test0009.smt::known
QF_AUFBV/bench_ab/b168test0010.smt::known
QF_AUFBV/bench_ab/b169test0011.smt::known
QF_AUFBV/bench_ab/b170test0012.smt::known
QF_AUFBV/bench_ab/b171test0013.smt::known
QF_AUFBV/bench_ab/b172test0014.smt::known
QF_AUFBV/bench_ab/b173test0015.smt::known
QF_AUFBV/bench_ab/b174test0016.smt::known
QF_AUFBV/bench_ab/b175test0017.smt::known
QF_AUFBV/bench_ab/b176test0018.smt::known
QF_AUFBV/bench_ab/b177test0019.smt::known
QF_AUFBV/bench_ab/b178test0020.smt::known
QF_AUFBV/bench_ab/b179test0021.smt::known
QF_AUFBV/bench_ab/b17test0002.smt::known
QF_AUFBV/bench_ab/b180test0022.smt::known
QF_AUFBV/bench_ab/b181test0023.smt::known
QF_AUFBV/bench_ab/b182test0024.smt::known
QF_AUFBV/bench_ab/b183test0001.smt::known
QF_AUFBV/bench_ab/b184test0002.smt::known
QF_AUFBV/bench_ab/b185test0001.smt::known
QF_AUFBV/bench_ab/b186test0002.smt::known
QF_AUFBV/bench_ab/b18test0003.smt::known
QF_AUFBV/bench_ab/b216test0001.smt::known
QF_AUFBV/bench_ab/b217test0002.smt::known
QF_AUFBV/bench_ab/b260test0002.smt::known
QF_AUFBV/bench_ab/b261test0003.smt::known
QF_AUFBV/bench_ab/b262test0004.smt::known
QF_AUFBV/bench_ab/b263test0005.smt::known
QF_AUFBV/bench_ab/b264test0001.smt::known
QF_AUFBV/bench_ab/b266test0001.smt::known
QF_AUFBV/bench_ab/b267test0002.smt::known
QF_AUFBV/bench_ab/b268test0003.smt::known
QF_AUFBV/bench_ab/b269test0004.smt::known
QF_AUFBV/bench_ab/b330test0050.smt::known
QF_AUFBV/bench_ab/b331test0051.smt::known
QF_AUFBV/bench_ab/b332test0052.smt::known
QF_AUFBV/bench_ab/b334test0001.smt::known
QF_AUFBV/bench_ab/b335test0002.smt::known
QF_AUFBV/bench_ab/b336test0003.smt::known
QF_AUFBV/bench_ab/b337test0004.smt::known
QF_AUFBV/bench_ab/b338test0005.smt::known
QF_AUFBV/bench_ab/b339test0006.smt::known
QF_AUFBV/bench_ab/b33test0001.smt::known
QF_AUFBV/bench_ab/b3test0002.smt::known
QF_AUFBV/bench_ab/b4test0003.smt::known
QF_AUFBV/bench_ab/b5test0004.smt::known
QF_AUFBV/bench_ab/b6test0005.smt::known
QF_AUFBV/bench_ab/broken.smt::known
QF_AUFBV/bench_ab/ft-out-2006-03-01--18:31:59-test0005.smt::known
QF_AUFBV/bench_ab/ft-out-2006-03-01--18:31:59-test0006.smt::known
QF_AUFBV/bench_ab/ft-out-2006-03-02--18:03:59-test0002.smt::known
QF_AUFBV/bench_ab/ft-out-2006-03-02--23:36:33-test0092.smt::known
QF_AUFBV/bench_ab/ft-out-2006-03-03--00:23:12-test0117.smt::known
QF_AUFBV/bench_ab/ft-out-2006-03-03--00:23:12-test0122.smt::known
QF_AUFBV/bench_ab/ft-out-2006-03-04test0016.smt::known
QF_AUFBV/brummayerbiere/binarysearch32s016.smt::z3
QF_AUFBV/brummayerbiere/binarysearch32s032.smt::z3
QF_AUFBV/brummayerbiere/binarysearch32s064.smt::unknown
QF_AUFBV/brummayerbiere/binarysearch32s128.smt::unknown
QF_AUFBV/brummayerbiere/binarysearch32s256.smt::unknown
QF_AUFBV/brummayerbiere/bubsort002un.smt::yices
QF_AUFBV/brummayerbiere/bubsort003un.smt::yices
QF_AUFBV/brummayerbiere/bubsort004un.smt::yices
QF_AUFBV/brummayerbiere/bubsort005un.smt::yices
QF_AUFBV/brummayerbiere/bubsort006un.smt::yices
QF_AUFBV/brummayerbiere/bubsort007un.smt::unknown
QF_AUFBV/brummayerbiere/bubsort008un.smt::unknown
QF_AUFBV/brummayerbiere/bubsort009un.smt::unknown
QF_AUFBV/brummayerbiere/bubsort010un.smt::unknown
QF_AUFBV/brummayerbiere/bubsort012un.smt::unknown
QF_AUFBV/brummayerbiere/bubsort014un.smt::unknown
QF_AUFBV/brummayerbiere/bubsort016un.smt::unknown
QF_AUFBV/brummayerbiere/bubsort018un.smt::unknown
QF_AUFBV/brummayerbiere/bubsort020un.smt::unknown
QF_AUFBV/brummayerbiere/bubsort025un.smt::unknown
QF_AUFBV/brummayerbiere/bubsort030un.smt::unknown
QF_AUFBV/brummayerbiere/bubsort035un.smt::unknown
QF_AUFBV/brummayerbiere/bubsort040un.smt::unknown
QF_AUFBV/brummayerbiere/bubsort045un.smt::unknown
QF_AUFBV/brummayerbiere/bubsort050un.smt::unknown
QF_AUFBV/brummayerbiere/dubreva002ue.smt::known
QF_AUFBV/brummayerbiere/dubreva003ue.smt::known
QF_AUFBV/brummayerbiere/dubreva004ue.smt::yices
QF_AUFBV/brummayerbiere/dubreva005ue.smt::yices
QF_AUFBV/brummayerbiere/dubreva006ue.smt::yices
QF_AUFBV/brummayerbiere/dubreva007ue.smt::unknown
QF_AUFBV/brummayerbiere/dubreva008ue.smt::unknown
QF_AUFBV/brummayerbiere/dubreva009ue.smt::unknown
QF_AUFBV/brummayerbiere/dubreva010ue.smt::unknown
QF_AUFBV/brummayerbiere/fifo32bc04k05.smt::known
QF_AUFBV/brummayerbiere/fifo32bc04k06.smt::known
QF_AUFBV/brummayerbiere/fifo32bc04k07.smt::known
QF_AUFBV/brummayerbiere/fifo32bc04k08.smt::known
QF_AUFBV/brummayerbiere/fifo32bc04k09.smt::known
QF_AUFBV/brummayerbiere/fifo32bc04k10.smt::known
QF_AUFBV/brummayerbiere/fifo32bc06k05.smt::known
QF_AUFBV/brummayerbiere/fifo32bc06k06.smt::known
QF_AUFBV/brummayerbiere/fifo32bc06k07.smt::yices
QF_AUFBV/brummayerbiere/fifo32bc06k08.smt::unknown
QF_AUFBV/brummayerbiere/fifo32bc06k09.smt::unknown
QF_AUFBV/brummayerbiere/fifo32bc06k10.smt::unknown
QF_AUFBV/brummayerbiere/fifo32bc08k05.smt::yices
QF_AUFBV/brummayerbiere/fifo32bc08k06.smt::yices
QF_AUFBV/brummayerbiere/fifo32bc08k07.smt::unknown
QF_AUFBV/brummayerbiere/fifo32bc08k08.smt::unknown
QF_AUFBV/brummayerbiere/fifo32bc08k09.smt::unknown
QF_AUFBV/brummayerbiere/fifo32bc08k10.smt::unknown
QF_AUFBV/brummayerbiere/fifo32ia04k05.smt::known
QF_AUFBV/brummayerbiere/fifo32ia04k06.smt::known
QF_AUFBV/brummayerbiere/fifo32ia04k07.smt::known
QF_AUFBV/brummayerbiere/fifo32ia04k08.smt::known
QF_AUFBV/brummayerbiere/fifo32ia04k09.smt::known
QF_AUFBV/brummayerbiere/fifo32ia04k10.smt::known
QF_AUFBV/brummayerbiere/fifo32ia06k05.smt::yices
QF_AUFBV/brummayerbiere/fifo32ia06k06.smt::yices
QF_AUFBV/brummayerbiere/fifo32ia06k07.smt::yices
QF_AUFBV/brummayerbiere/fifo32ia06k08.smt::yices
QF_AUFBV/brummayerbiere/fifo32ia06k09.smt::yices
QF_AUFBV/brummayerbiere/fifo32ia06k10.smt::yices
QF_AUFBV/brummayerbiere/fifo32in04k05.smt::known
QF_AUFBV/brummayerbiere/fifo32in04k06.smt::known
QF_AUFBV/brummayerbiere/fifo32in04k07.smt::known
QF_AUFBV/brummayerbiere/fifo32in04k08.smt::known
QF_AUFBV/brummayerbiere/fifo32in04k09.smt::known
QF_AUFBV/brummayerbiere/fifo32in04k10.smt::known
QF_AUFBV/brummayerbiere/fifo32in06k05.smt::yices
QF_AUFBV/brummayerbiere/fifo32in06k06.smt::yices
QF_AUFBV/brummayerbiere/fifo32in06k07.smt::yices
QF_AUFBV/brummayerbiere/fifo32in06k08.smt::yices
QF_AUFBV/brummayerbiere/fifo32in06k09.smt::yices
QF_AUFBV/brummayerbiere/fifo32in06k10.smt::yices
QF_AUFBV/brummayerbiere/fifo32in08k05.smt::unknown
QF_AUFBV/brummayerbiere/fifo32in08k06.smt::yices
QF_AUFBV/brummayerbiere/fifo32in08k07.smt::unknown
QF_AUFBV/brummayerbiere/fifo32in08k08.smt::unknown
QF_AUFBV/brummayerbiere/fifo32in08k09.smt::unknown
QF_AUFBV/brummayerbiere/fifo32in08k10.smt::unknown
QF_AUFBV/brummayerbiere/fifo32in10k05.smt::unknown
QF_AUFBV/brummayerbiere/fifo32in10k06.smt::unknown
QF_AUFBV/brummayerbiere/fifo32in10k07.smt::unknown
QF_AUFBV/brummayerbiere/fifo32in10k08.smt::unknown
QF_AUFBV/brummayerbiere/fifo32in10k09.smt::unknown
QF_AUFBV/brummayerbiere/fifo32in10k10.smt::unknown
QF_AUFBV/brummayerbiere/matrixmultcomm02.smt::known
QF_AUFBV/brummayerbiere/matrixmultcomm03.smt::known
QF_AUFBV/brummayerbiere/matrixmultcomm04.smt::known
QF_AUFBV/brummayerbiere/matrixmultcomm05.smt::yices
QF_AUFBV/brummayerbiere/matrixmultcomm06.smt::yices
QF_AUFBV/brummayerbiere/matrixmultcomm07.smt::yices
QF_AUFBV/brummayerbiere/matrixmultcomm08.smt::unknown
QF_AUFBV/brummayerbiere/matrixmultcomm09.smt::unknown
QF_AUFBV/brummayerbiere/matrixmultcomm10.smt::unknown
QF_AUFBV/brummayerbiere/matrixmultcomm11.smt::unknown
QF_AUFBV/brummayerbiere/matrixmultcomm12.smt::unknown
QF_AUFBV/brummayerbiere/memcpy02.smt::yices
QF_AUFBV/brummayerbiere/memcpy03.smt::yices
QF_AUFBV/brummayerbiere/memcpy04.smt::yices
QF_AUFBV/brummayerbiere/memcpy05.smt::yices
QF_AUFBV/brummayerbiere/memcpy06.smt::yices
QF_AUFBV/brummayerbiere/memcpy07.smt::yices
QF_AUFBV/brummayerbiere/memcpy08.smt::yices
QF_AUFBV/brummayerbiere/memcpy09.smt::yices
QF_AUFBV/brummayerbiere/memcpy10.smt::yices
QF_AUFBV/brummayerbiere/memcpy11.smt::yices
QF_AUFBV/brummayerbiere/memcpy12.smt::yices
QF_AUFBV/brummayerbiere/selsort002un.smt::yices
QF_AUFBV/brummayerbiere/selsort003un.smt::yices
QF_AUFBV/brummayerbiere/selsort004un.smt::yices
QF_AUFBV/brummayerbiere/selsort005un.smt::yices
QF_AUFBV/brummayerbiere/selsort006un.smt::yices
QF_AUFBV/brummayerbiere/selsort007un.smt::yices
QF_AUFBV/brummayerbiere/selsort008un.smt::yices
QF_AUFBV/brummayerbiere/selsort009un.smt::unknown
QF_AUFBV/brummayerbiere/selsort010un.smt::unknown
QF_AUFBV/brummayerbiere/selsort012un.smt::unknown
QF_AUFBV/brummayerbiere/selsort014un.smt::unknown
QF_AUFBV/brummayerbiere/selsort016un.smt::unknown
QF_AUFBV/brummayerbiere/selsort018un.smt::unknown
QF_AUFBV/brummayerbiere/selsort020un.smt::unknown
QF_AUFBV/brummayerbiere/selsort025un.smt::unknown
QF_AUFBV/brummayerbiere/selsort030un.smt::unknown
QF_AUFBV/brummayerbiere/selsort035un.smt::unknown
QF_AUFBV/brummayerbiere/selsort040un.smt::unknown
QF_AUFBV/brummayerbiere/selsort045un.smt::unknown
QF_AUFBV/brummayerbiere/selsort050un.smt::unknown
QF_AUFBV/brummayerbiere/swapmem002se.smt::known
QF_AUFBV/brummayerbiere/swapmem002ue.smt::known
QF_AUFBV/brummayerbiere/swapmem003ue.smt::known
QF_AUFBV/brummayerbiere/swapmem004se.smt::known
QF_AUFBV/brummayerbiere/swapmem004ue.smt::known
QF_AUFBV/brummayerbiere/swapmem005ue.smt::known
QF_AUFBV/brummayerbiere/swapmem006se.smt::known
QF_AUFBV/brummayerbiere/swapmem006ue.smt::known
QF_AUFBV/brummayerbiere/swapmem007ue.smt::known
QF_AUFBV/brummayerbiere/swapmem008se.smt::known
QF_AUFBV/brummayerbiere/swapmem008ue.smt::known
QF_AUFBV/brummayerbiere/swapmem009ue.smt::known
QF_AUFBV/brummayerbiere/swapmem010se.smt::known
QF_AUFBV/brummayerbiere/swapmem010ue.smt::known
QF_AUFBV/brummayerbiere/swapmem011ue.smt::known
QF_AUFBV/brummayerbiere/swapmem012se.smt::known
QF_AUFBV/brummayerbiere/swapmem012ue.smt::known
QF_AUFBV/brummayerbiere/swapmem013ue.smt::known
QF_AUFBV/brummayerbiere/swapmem014se.smt::known
QF_AUFBV/brummayerbiere/swapmem014ue.smt::unknown
QF_AUFBV/brummayerbiere/swapmem015ue.smt::known
QF_AUFBV/brummayerbiere/swapmem016se.smt::known
QF_AUFBV/brummayerbiere/swapmem016ue.smt::z3
QF_AUFBV/brummayerbiere/swapmem017ue.smt::unknown
QF_AUFBV/brummayerbiere/swapmem018se.smt::known
QF_AUFBV/brummayerbiere/swapmem018ue.smt::unknown
QF_AUFBV/brummayerbiere/swapmem019ue.smt::unknown
QF_AUFBV/brummayerbiere/swapmem020se.smt::known
QF_AUFBV/brummayerbiere/swapmem020ue.smt::unknown
QF_AUFBV/brummayerbiere/swapmem021ue.smt::unknown
QF_AUFBV/brummayerbiere/swapmem022se.smt::yices
QF_AUFBV/brummayerbiere/swapmem022ue.smt::unknown
QF_AUFBV/brummayerbiere/swapmem023ue.smt::unknown
QF_AUFBV/brummayerbiere/swapmem024se.smt::known
QF_AUFBV/brummayerbiere/swapmem024ue.smt::unknown
QF_AUFBV/brummayerbiere/swapmem025ue.smt::unknown
QF_AUFBV/brummayerbiere/swapmem026se.smt::known
QF_AUFBV/brummayerbiere/swapmem026ue.smt::unknown
QF_AUFBV/brummayerbiere/swapmem027ue.smt::unknown
QF_AUFBV/brummayerbiere/swapmem028se.smt::known
QF_AUFBV/brummayerbiere/swapmem028ue.smt::unknown
QF_AUFBV/brummayerbiere/swapmem029ue.smt::unknown
QF_AUFBV/brummayerbiere/swapmem030se.smt::known
QF_AUFBV/brummayerbiere/swapmem030ue.smt::unknown
QF_AUFBV/brummayerbiere/swapmem032se.smt::known
QF_AUFBV/brummayerbiere/swapmem034se.smt::yices
QF_AUFBV/brummayerbiere/swapmem036se.smt::yices
QF_AUFBV/brummayerbiere/swapmem038se.smt::known
QF_AUFBV/brummayerbiere/swapmem040se.smt::known
QF_AUFBV/brummayerbiere/swapmem042se.smt::known
QF_AUFBV/brummayerbiere/swapmem044se.smt::known
QF_AUFBV/brummayerbiere/swapmem046se.smt::unknown
QF_AUFBV/brummayerbiere/swapmem048se.smt::known
QF_AUFBV/brummayerbiere/swapmem050se.smt::unknown
QF_AUFBV/brummayerbiere/swapmem052se.smt::unknown
QF_AUFBV/brummayerbiere/swapmem054se.smt::unknown
QF_AUFBV/brummayerbiere/swapmem056se.smt::unknown
QF_AUFBV/brummayerbiere/swapmem058se.smt::unknown
QF_AUFBV/brummayerbiere/swapmem060se.smt::unknown
QF_AUFBV/brummayerbiere/wchains002se.smt::known
QF_AUFBV/brummayerbiere/wchains002ue.smt::known
QF_AUFBV/brummayerbiere/wchains003se.smt::known
QF_AUFBV/brummayerbiere/wchains003ue.smt::known
QF_AUFBV/brummayerbiere/wchains004se.smt::known
QF_AUFBV/brummayerbiere/wchains004ue.smt::known
QF_AUFBV/brummayerbiere/wchains005se.smt::known
QF_AUFBV/brummayerbiere/wchains005ue.smt::known
QF_AUFBV/brummayerbiere/wchains006se.smt::known
QF_AUFBV/brummayerbiere/wchains006ue.smt::known
QF_AUFBV/brummayerbiere/wchains007se.smt::known
QF_AUFBV/brummayerbiere/wchains007ue.smt::known
QF_AUFBV/brummayerbiere/wchains008se.smt::known
QF_AUFBV/brummayerbiere/wchains008ue.smt::known
QF_AUFBV/brummayerbiere/wchains009se.smt::known
QF_AUFBV/brummayerbiere/wchains009ue.smt::known
QF_AUFBV/brummayerbiere/wchains010se.smt::known
QF_AUFBV/brummayerbiere/wchains010ue.smt::known
QF_AUFBV/brummayerbiere/wchains011se.smt::known
QF_AUFBV/brummayerbiere/wchains011ue.smt::known
QF_AUFBV/brummayerbiere/wchains012se.smt::known
QF_AUFBV/brummayerbiere/wchains012ue.smt::known
QF_AUFBV/brummayerbiere/wchains013se.smt::known
QF_AUFBV/brummayerbiere/wchains013ue.smt::known
QF_AUFBV/brummayerbiere/wchains014se.smt::known
QF_AUFBV/brummayerbiere/wchains014ue.smt::known
QF_AUFBV/brummayerbiere/wchains015se.smt::known
QF_AUFBV/brummayerbiere/wchains015ue.smt::known
QF_AUFBV/brummayerbiere/wchains016se.smt::known
QF_AUFBV/brummayerbiere/wchains016ue.smt::known
QF_AUFBV/brummayerbiere/wchains017se.smt::known
QF_AUFBV/brummayerbiere/wchains017ue.smt::known
QF_AUFBV/brummayerbiere/wchains018se.smt::known
QF_AUFBV/brummayerbiere/wchains018ue.smt::known
QF_AUFBV/brummayerbiere/wchains019se.smt::known
QF_AUFBV/brummayerbiere/wchains019ue.smt::known
QF_AUFBV/brummayerbiere/wchains020se.smt::known
QF_AUFBV/brummayerbiere/wchains020ue.smt::known
QF_AUFBV/brummayerbiere/wchains022se.smt::known
QF_AUFBV/brummayerbiere/wchains022ue.smt::known
QF_AUFBV/brummayerbiere/wchains024se.smt::known
QF_AUFBV/brummayerbiere/wchains024ue.smt::known
QF_AUFBV/brummayerbiere/wchains026se.smt::known
QF_AUFBV/brummayerbiere/wchains026ue.smt::known
QF_AUFBV/brummayerbiere/wchains028se.smt::known
QF_AUFBV/brummayerbiere/wchains028ue.smt::known
QF_AUFBV/brummayerbiere/wchains030se.smt::known
QF_AUFBV/brummayerbiere/wchains030ue.smt::known
QF_AUFBV/brummayerbiere/wchains032se.smt::known
QF_AUFBV/brummayerbiere/wchains032ue.smt::known
QF_AUFBV/brummayerbiere/wchains034se.smt::known
QF_AUFBV/brummayerbiere/wchains034ue.smt::yices
QF_AUFBV/brummayerbiere/wchains036se.smt::known
QF_AUFBV/brummayerbiere/wchains036ue.smt::known
QF_AUFBV/brummayerbiere/wchains038se.smt::known
QF_AUFBV/brummayerbiere/wchains038ue.smt::yices
QF_AUFBV/brummayerbiere/wchains040se.smt::known
QF_AUFBV/brummayerbiere/wchains040ue.smt::yices
QF_AUFBV/brummayerbiere/wchains042se.smt::known
QF_AUFBV/brummayerbiere/wchains042ue.smt::yices
QF_AUFBV/brummayerbiere/wchains044se.smt::known
QF_AUFBV/brummayerbiere/wchains044ue.smt::yices
QF_AUFBV/brummayerbiere/wchains046se.smt::known
QF_AUFBV/brummayerbiere/wchains046ue.smt::yices
QF_AUFBV/brummayerbiere/wchains048se.smt::known
QF_AUFBV/brummayerbiere/wchains048ue.smt::yices
QF_AUFBV/brummayerbiere/wchains050se.smt::known
QF_AUFBV/brummayerbiere/wchains050ue.smt::yices
QF_AUFBV/brummayerbiere/wchains055se.smt::known
QF_AUFBV/brummayerbiere/wchains055ue.smt::yices
QF_AUFBV/brummayerbiere/wchains060se.smt::known
QF_AUFBV/brummayerbiere/wchains060ue.smt::yices
QF_AUFBV/brummayerbiere/wchains065se.smt::known