false
false
QF_AUFLIA/storecomm/storecomm_invalid_t1_pp_sf_ni_00050_002.cvc.smt::known
false
false
QF_AUFLIA/storecomm/storecomm_t3_pp_sf_ai_00020_007.cvc.smt::known
false
false
QF_AUFLIA/storecomm/storecomm_t1_pp_nf_ai_00030_001.cvc.smt::known
false
false
QF_AUFLIA/storecomm/storecomm_t3_pp_nf_ai_00050_006.cvc.smt::known
false
false
QF_AUFLIA/storecomm/storecomm_t1_pp_nf_ni_00020_003.cvc.smt::known
false
false
QF_AUFLIA/storecomm/storecomm_invalid_t1_np_nf_ni_00010_002.cvc.smt::known
false
false
QF_AUFLIA/storecomm/storecomm_invalid_t1_pp_sf_ni_00050_008.cvc.smt::known
false
false
QF_AUFLIA/storecomm/storecomm_t3_pp_sf_ni_00020_007.cvc.smt::known
false
false
QF_AUFLIA/storecomm/storecomm_t2_np_sf_ni_00030_008.cvc.smt::known
false
false
QF_AUFLIA/storecomm/storecomm_invalid_t3_pp_nf_ai_00040_005.cvc.smt::known
false
false
QF_AUFLIA/storecomm/storecomm_invalid_t1_pp_sf_ai_00030_009.cvc.smt::known
false
false
QF_AUFLIA/storecomm/storecomm_t2_np_sf_ni_00050_003.cvc.smt::known
false
false
QF_AUFLIA/storecomm/storecomm_invalid_t1_pp_nf_ni_00030_007.cvc.smt::known
false
false
QF_AUFLIA/storecomm/storecomm_t1_pp_sf_ni_00060_002.cvc.smt::known
false
false
QF_AUFLIA/storecomm/storecomm_invalid_t3_np_sf_ni_00040_002.cvc.smt::known
false
false
QF_AUFLIA/storecomm/storecomm_t1_pp_sf_ni_00060_005.cvc.smt::known
false
false
QF_AUFLIA/storecomm/storecomm_invalid_t1_pp_sf_ni_00030_008.cvc.smt::known
false
false
QF_AUFLIA/storecomm/storecomm_invalid_t1_pp_nf_ni_00050_005.cvc.smt::known
false
false
QF_AUFLIA/storecomm/storecomm_invalid_t3_pp_nf_ni_00030_003.cvc.smt::known
false
false
QF_AUFLIA/storecomm/storecomm_invalid_t3_np_nf_ni_00040_009.cvc.smt::known
false
false
QF_AUFLIA/storecomm/storecomm_invalid_t3_np_nf_ni_00030_003.cvc.smt::known
false
false
QF_AUFLIA/storecomm/storecomm_t3_pp_nf_ai_00060_007.cvc.smt::known
false
false
QF_AUFLIA/storecomm/storecomm_invalid_t1_np_sf_ni_00020_003.cvc.smt::known
false
false
QF_AUFLIA/storecomm/storecomm_invalid_t1_pp_sf_ai_00010_007.cvc.smt::known
false
false
QF_AUFLIA/storecomm/storecomm_t3_pp_sf_ni_00010_006.cvc.smt::known
false
false
QF_AUFLIA/storecomm/storecomm_t1_pp_sf_ai_00030_005.cvc.smt::known
false
false
QF_AUFLIA/storecomm/storecomm_invalid_t3_pp_nf_ni_00050_002.cvc.smt::known
false
false
QF_AUFLIA/storecomm/storecomm_t3_np_nf_ni_00050_003.cvc.smt::known
false
false
QF_AUFLIA/storecomm/storecomm_t3_np_nf_ni_00040_001.cvc.smt::known
false
false
QF_AUFLIA/storecomm/storecomm_t1_pp_sf_ai_00060_007.cvc.smt::known
false
false
QF_AUFLIA/storecomm/storecomm_invalid_t3_np_nf_ni_00020_007.cvc.smt::known
false
false
QF_AUFLIA/storecomm/storecomm_invalid_t1_pp_sf_ai_00030_004.cvc.smt::known
false
false
QF_AUFLIA/storecomm/storecomm_invalid_t3_pp_nf_ni_00010_005.cvc.smt::known
false
false
QF_AUFLIA/storecomm/storecomm_invalid_t1_pp_sf_ni_00020_004.cvc.smt::known
false
false
QF_AUFLIA/storecomm/storecomm_invalid_t3_pp_sf_ni_00060_006.cvc.smt::known
false
false
QF_AUFLIA/storecomm/storecomm_t1_pp_nf_ai_00030_006.cvc.smt::known
false
false
QF_AUFLIA/storecomm/storecomm_t1_pp_sf_ni_00020_005.cvc.smt::known
false
false
QF_AUFLIA/storecomm/storecomm_t3_pp_sf_ai_00050_007.cvc.smt::known
false
false
QF_AUFLIA/storecomm/storecomm_t1_pp_nf_ni_00010_005.cvc.smt::known
false
false
QF_AUFLIA/storecomm/storecomm_t3_pp_sf_ai_00020_008.cvc.smt::known
false
false
QF_AUFLIA/storecomm/storecomm_invalid_t1_pp_sf_ai_00060_003.cvc.smt::known
false
false
QF_AUFLIA/storecomm/storecomm_t3_np_nf_ni_00010_007.cvc.smt::known
false
false
QF_AUFLIA/storecomm/storecomm_t1_pp_nf_ai_00050_004.cvc.smt::known
false
false
QF_AUFLIA/storecomm/storecomm_invalid_t1_pp_nf_ni_00010_006.cvc.smt::known
false
false
QF_AUFLIA/storecomm/storecomm_invalid_t3_pp_sf_ai_00030_001.cvc.smt::known
false
false
QF_AUFLIA/storecomm/storecomm_invalid_t3_pp_sf_ai_00060_006.cvc.smt::known
false
false
QF_AUFLIA/storecomm/storecomm_invalid_t1_np_sf_ni_00040_001.cvc.smt::known
false
false
QF_AUFLIA/storecomm/storecomm_t3_pp_sf_ni_00040_003.cvc.smt::known
false
false
QF_AUFLIA/storecomm/storecomm_t1_pp_sf_ai_00040_003.cvc.smt::known
false
false
QF_AUFLIA/storecomm/storecomm_invalid_t3_pp_nf_ai_00040_007.cvc.smt::known
false
false
QF_AUFLIA/storecomm/storecomm_invalid_t1_pp_nf_ni_00020_008.cvc.smt::known
false
false
QF_AUFLIA/storecomm/storecomm_t1_pp_nf_ai_00030_002.cvc.smt::known
false
false
QF_AUFLIA/storecomm/storecomm_invalid_t3_pp_sf_ai_00050_007.cvc.smt::known
false
false
QF_AUFLIA/storecomm/storecomm_t1_pp_nf_ni_00030_001.cvc.smt::known
false
false
QF_AUFLIA/storecomm/storecomm_t1_np_sf_ni_00060_006.cvc.smt::known
false
false
QF_AUFLIA/storecomm/storecomm_t1_pp_nf_ni_00040_003.cvc.smt::known
false
false
QF_AUFLIA/storecomm/storecomm_invalid_t1_np_nf_ni_00020_005.cvc.smt::known
false
false
QF_AUFLIA/storecomm/storecomm_invalid_t1_pp_nf_ai_00020_005.cvc.smt::known
false
false
QF_AUFLIA/storecomm/storecomm_invalid_t1_pp_sf_ni_00050_001.cvc.smt::known
false
false
QF_AUFLIA/storecomm/storecomm_t1_np_nf_ni_00020_005.cvc.smt::known
false
false
QF_AUFLIA/storecomm/storecomm_invalid_t3_pp_sf_ai_00010_004.cvc.smt::known
false
false
QF_AUFLIA/storecomm/storecomm_invalid_t3_np_sf_ni_00050_006.cvc.smt::known
false
false
QF_AUFLIA/storecomm/storecomm_t1_np_nf_ni_00050_001.cvc.smt::known
false
false
QF_AUFLIA/storecomm/storecomm_t2_np_nf_ni_00060_005.cvc.smt::known
false
false
QF_AUFLIA/storecomm/storecomm_invalid_t3_pp_nf_ni_00040_006.cvc.smt::known
false
false
QF_AUFLIA/storecomm/storecomm_invalid_t3_pp_sf_ai_00010_003.cvc.smt::known
false
false
QF_AUFLIA/storecomm/storecomm_invalid_t1_pp_sf_ai_00040_005.cvc.smt::known
false
false
QF_AUFLIA/storecomm/storecomm_invalid_t3_np_sf_ni_00060_001.cvc.smt::known
false
false
QF_AUFLIA/storecomm/storecomm_t1_pp_sf_ai_00040_002.cvc.smt::known
false
false
QF_AUFLIA/storecomm/storecomm_t2_np_nf_ni_00060_006.cvc.smt::known
false
false
QF_AUFLIA/storecomm/storecomm_t1_pp_nf_ni_00020_008.cvc.smt::known
false
false
QF_AUFLIA/storecomm/storecomm_invalid_t3_pp_nf_ai_00060_002.cvc.smt::known
false
false
QF_AUFLIA/storecomm/storecomm_invalid_t1_pp_nf_ai_00040_003.cvc.smt::known
false
false
QF_AUFLIA/storecomm/storecomm_invalid_t1_pp_nf_ni_00020_007.cvc.smt::known
false
false
QF_AUFLIA/storecomm/storecomm_invalid_t3_pp_sf_ni_00060_004.cvc.smt::known
false
false
QF_AUFLIA/storecomm/storecomm_t3_pp_nf_ai_00030_007.cvc.smt::known
false
false
QF_AUFLIA/storecomm/storecomm_t1_pp_nf_ai_00020_002.cvc.smt::known
false
false
QF_AUFLIA/storecomm/storecomm_invalid_t3_pp_nf_ni_00050_001.cvc.smt::known
false
false
QF_AUFLIA/storecomm/storecomm_invalid_t1_np_sf_ni_00050_009.cvc.smt::known
false
false
QF_AUFLIA/storecomm/storecomm_t3_pp_nf_ai_00050_002.cvc.smt::known
false
false
QF_AUFLIA/storecomm/storecomm_t1_np_sf_ni_00020_003.cvc.smt::known
false
false
QF_AUFLIA/storecomm/storecomm_t3_pp_nf_ni_00020_007.cvc.smt::known
false
false
QF_AUFLIA/storecomm/storecomm_t1_pp_sf_ai_00030_004.cvc.smt::known
false
false
QF_AUFLIA/storecomm/storecomm_t1_pp_nf_ai_00040_005.cvc.smt::known
false
false
QF_AUFLIA/storecomm/storecomm_t1_pp_sf_ni_00050_007.cvc.smt::known
false
false
QF_AUFLIA/storecomm/storecomm_t3_np_nf_ni_00020_007.cvc.smt::known
false
false
QF_AUFLIA/storecomm/storecomm_t1_np_nf_ni_00050_009.cvc.smt::known
false
false
QF_AUFLIA/storecomm/storecomm_invalid_t3_pp_sf_ai_00040_006.cvc.smt::known
false
false
QF_AUFLIA/storecomm/storecomm_invalid_t1_np_sf_ni_00020_007.cvc.smt::known
false
false
QF_AUFLIA/storecomm/storecomm_invalid_t3_np_nf_ni_00050_006.cvc.smt::known
false
false
QF_AUFLIA/storecomm/storecomm_invalid_t3_pp_sf_ai_00010_002.cvc.smt::known
false
false
QF_AUFLIA/storecomm/storecomm_invalid_t1_pp_sf_ai_00060_001.cvc.smt::known
false
false
QF_AUFLIA/storecomm/storecomm_t3_pp_nf_ni_00050_009.cvc.smt::known
false
false
QF_AUFLIA/storecomm/storecomm_invalid_t3_pp_sf_ai_00010_005.cvc.smt::known
false
false
QF_AUFLIA/storecomm/storecomm_invalid_t3_pp_sf_ni_00040_004.cvc.smt::known
false
false
QF_AUFLIA/storecomm/storecomm_t1_pp_nf_ai_00020_003.cvc.smt::known
false
false
QF_AUFLIA/storecomm/storecomm_invalid_t1_pp_nf_ni_00030_002.cvc.smt::known
false
false
QF_AUFLIA/storecomm/storecomm_t1_pp_nf_ni_00060_006.cvc.smt::known
false
false
QF_AUFLIA/storecomm/storecomm_invalid_t3_pp_nf_ai_00020_004.cvc.smt::known
false
false
QF_AUFLIA/storecomm/storecomm_invalid_t3_np_sf_ni_00010_002.cvc.smt::known
false
false
QF_AUFLIA/storecomm/storecomm_t1_pp_sf_ai_00060_002.cvc.smt::known
false
false
QF_AUFLIA/storecomm/storecomm_t1_pp_sf_ni_00060_003.cvc.smt::known
false
false
QF_AUFLIA/storecomm/storecomm_invalid_t3_pp_nf_ni_00020_001.cvc.smt::known
false
false
QF_AUFLIA/storecomm/storecomm_invalid_t3_np_sf_ni_00060_007.cvc.smt::known
false
false
QF_AUFLIA/storecomm/storecomm_t1_pp_nf_ai_00040_004.cvc.smt::known
false
false
QF_AUFLIA/storecomm/storecomm_t1_pp_nf_ni_00050_002.cvc.smt::known
false
false
QF_AUFLIA/storecomm/storecomm_invalid_t1_np_nf_ni_00040_002.cvc.smt::known
false
false
QF_AUFLIA/storecomm/storecomm_t3_np_sf_ni_00010_004.cvc.smt::known
false
false
QF_AUFLIA/storecomm/storecomm_t3_pp_sf_ni_00060_008.cvc.smt::known
false
false
QF_AUFLIA/storecomm/storecomm_invalid_t1_np_sf_ni_00030_003.cvc.smt::known
false
false
QF_AUFLIA/storecomm/storecomm_invalid_t1_pp_nf_ai_00030_003.cvc.smt::known
false
false
QF_AUFLIA/storecomm/storecomm_invalid_t1_np_nf_ni_00030_004.cvc.smt::known
false
false
QF_AUFLIA/storecomm/storecomm_invalid_t3_pp_sf_ni_00060_008.cvc.smt::known
false
false
QF_AUFLIA/storecomm/storecomm_t3_np_nf_ni_00060_004.cvc.smt::known
false
false
QF_AUFLIA/storecomm/storecomm_t3_pp_sf_ni_00040_002.cvc.smt::known
false
false
QF_AUFLIA/storecomm/storecomm_t3_pp_sf_ai_00030_003.cvc.smt::known
false
false
QF_AUFLIA/storecomm/storecomm_t3_pp_sf_ni_00020_004.cvc.smt::known
false
false
QF_AUFLIA/storecomm/storecomm_t3_np_sf_ni_00050_001.cvc.smt::known
false
false
QF_AUFLIA/storecomm/storecomm_t3_pp_nf_ai_00010_006.cvc.smt::known
false
false
QF_AUFLIA/storecomm/storecomm_invalid_t3_np_sf_ni_00020_006.cvc.smt::known
false
false
QF_AUFLIA/storecomm/storecomm_t3_pp_nf_ai_00040_009.cvc.smt::known
false
false
QF_AUFLIA/storecomm/storecomm_invalid_t1_np_sf_ni_00060_005.cvc.smt::known
false
false
QF_AUFLIA/storecomm/storecomm_invalid_t1_pp_sf_ai_00020_007.cvc.smt::known
false
false
QF_AUFLIA/storecomm/storecomm_invalid_t3_pp_sf_ni_00030_002.cvc.smt::known
false
false
QF_AUFLIA/storecomm/storecomm_invalid_t1_pp_nf_ai_00040_004.cvc.smt::known
false
false
QF_AUFLIA/storecomm/storecomm_invalid_t1_pp_sf_ai_00020_005.cvc.smt::known
false
false
QF_AUFLIA/storecomm/storecomm_invalid_t3_pp_sf_ai_00060_005.cvc.smt::known
false
false
QF_AUFLIA/storecomm/storecomm_t1_pp_sf_ai_00030_009.cvc.smt::known
false
false
QF_AUFLIA/storecomm/storecomm_invalid_t1_pp_nf_ni_00040_009.cvc.smt::known
false
false
QF_AUFLIA/storecomm/storecomm_t2_np_nf_ni_00050_007.cvc.smt::known
false
false
QF_AUFLIA/storecomm/storecomm_invalid_t1_pp_sf_ai_00060_008.cvc.smt::known
false
false
QF_AUFLIA/storecomm/storecomm_t2_np_sf_ni_00040_001.cvc.smt::known
false
false
QF_AUFLIA/storecomm/storecomm_t1_pp_nf_ni_00020_009.cvc.smt::known
false
false
QF_AUFLIA/storecomm/storecomm_invalid_t1_np_nf_ni_00020_004.cvc.smt::known
false
false
QF_AUFLIA/storecomm/storecomm_t3_pp_nf_ni_00020_004.cvc.smt::known
false
false
QF_AUFLIA/storecomm/storecomm_invalid_t1_pp_sf_ni_00040_003.cvc.smt::known
false
false
QF_AUFLIA/storecomm/storecomm_invalid_t3_pp_sf_ai_00050_001.cvc.smt::known
false
false
QF_AUFLIA/storecomm/storecomm_invalid_t1_pp_nf_ai_00060_003.cvc.smt::known
false
false
QF_AUFLIA/storecomm/storecomm_t1_np_nf_ni_00040_007.cvc.smt::known
false
false
QF_AUFLIA/storecomm/storecomm_t3_pp_sf_ni_00060_007.cvc.smt::known
false
false
QF_AUFLIA/storecomm/storecomm_t3_np_nf_ni_00030_003.cvc.smt::known
false
false
QF_AUFLIA/storecomm/storecomm_t3_np_sf_ni_00060_004.cvc.smt::known
false
false
QF_AUFLIA/storecomm/storecomm_t3_pp_nf_ni_00060_003.cvc.smt::known
false
false
QF_AUFLIA/storecomm/storecomm_invalid_t3_pp_nf_ni_00030_001.cvc.smt::known
false
false
QF_AUFLIA/storecomm/storecomm_t1_np_sf_ni_00050_008.cvc.smt::known
false
false
QF_AUFLIA/storecomm/storecomm_invalid_t3_np_sf_ni_00060_003.cvc.smt::known
false
false
QF_AUFLIA/storecomm/storecomm_invalid_t1_pp_sf_ni_00010_005.cvc.smt::known
false
false
QF_AUFLIA/storecomm/storecomm_invalid_t3_pp_nf_ai_00020_006.cvc.smt::known
false
false
QF_AUFLIA/storecomm/storecomm_invalid_t1_pp_sf_ai_00050_005.cvc.smt::known
false
false
QF_AUFLIA/storecomm/storecomm_invalid_t1_np_sf_ni_00030_002.cvc.smt::known
false
false
QF_AUFLIA/storecomm/storecomm_invalid_t3_np_sf_ni_00040_009.cvc.smt::known
false
false
QF_AUFLIA/storecomm/storecomm_t2_np_nf_ni_00060_009.cvc.smt::known
false
false
QF_AUFLIA/storecomm/storecomm_t3_pp_nf_ni_00030_008.cvc.smt::known
false
false
QF_AUFLIA/storecomm/storecomm_t1_pp_nf_ai_00030_004.cvc.smt::known
false
false
QF_AUFLIA/storecomm/storecomm_invalid_t3_np_nf_ni_00020_009.cvc.smt::known
false
false
QF_AUFLIA/storecomm/storecomm_t3_pp_sf_ni_00010_003.cvc.smt::known
false
false
QF_AUFLIA/storecomm/storecomm_t3_np_nf_ni_00020_008.cvc.smt::known
false
false
QF_AUFLIA/storecomm/storecomm_invalid_t3_pp_sf_ai_00030_006.cvc.smt::known
false
false
QF_AUFLIA/storecomm/storecomm_invalid_t1_pp_sf_ai_00040_004.cvc.smt::known
false
false
QF_AUFLIA/storecomm/storecomm_t1_pp_sf_ni_00060_009.cvc.smt::known
false
false
QF_AUFLIA/storecomm/storecomm_t1_pp_sf_ai_00030_007.cvc.smt::known
false
false
QF_AUFLIA/storecomm/storecomm_invalid_t3_np_nf_ni_00060_003.cvc.smt::known
false
false
QF_AUFLIA/storecomm/storecomm_invalid_t3_pp_nf_ai_00020_003.cvc.smt::known
false
false
QF_AUFLIA/storecomm/storecomm_invalid_t3_np_nf_ni_00060_007.cvc.smt::known
false
false
QF_AUFLIA/storecomm/storecomm_invalid_t1_np_sf_ni_00060_008.cvc.smt::known
false
false
QF_AUFLIA/storecomm/storecomm_invalid_t1_pp_nf_ni_00010_008.cvc.smt::known
false
false
QF_AUFLIA/storecomm/storecomm_t1_pp_sf_ai_00010_006.cvc.smt::known
false
false
QF_AUFLIA/storecomm/storecomm_invalid_t1_pp_nf_ni_00020_003.cvc.smt::known
false
false
QF_AUFLIA/storecomm/storecomm_invalid_t1_pp_sf_ai_00040_003.cvc.smt::known
false
false
QF_AUFLIA/storecomm/storecomm_invalid_t1_pp_nf_ni_00010_002.cvc.smt::known
false
false
QF_AUFLIA/storecomm/storecomm_invalid_t1_pp_nf_ai_00050_008.cvc.smt::known
false
false
QF_AUFLIA/storecomm/storecomm_t1_pp_nf_ai_00040_006.cvc.smt::known
false
false
QF_AUFLIA/storecomm/storecomm_t3_pp_nf_ni_00060_004.cvc.smt::known
false
false
QF_AUFLIA/storecomm/storecomm_invalid_t3_pp_nf_ai_00060_004.cvc.smt::known
false
false
QF_AUFLIA/storecomm/storecomm_t3_np_sf_ni_00030_009.cvc.smt::known
false
false
QF_AUFLIA/storecomm/storecomm_t3_pp_sf_ni_00030_003.cvc.smt::known
false
false
QF_AUFLIA/storecomm/storecomm_t3_np_nf_ni_00010_006.cvc.smt::known
false
false
QF_AUFLIA/storecomm/storecomm_invalid_t3_pp_nf_ni_00010_007.cvc.smt::known
false
false
QF_AUFLIA/storecomm/storecomm_invalid_t1_pp_nf_ai_00010_009.cvc.smt::known
false
false
QF_AUFLIA/storecomm/storecomm_t3_np_sf_ni_00010_001.cvc.smt::known
false
false
QF_AUFLIA/storecomm/storecomm_invalid_t3_pp_sf_ni_00030_006.cvc.smt::known
false
false
QF_AUFLIA/storecomm/storecomm_t1_pp_nf_ni_00010_008.cvc.smt::known
false
false
QF_AUFLIA/storecomm/storecomm_invalid_t1_pp_sf_ni_00020_009.cvc.smt::known
false
false
QF_AUFLIA/storecomm/storecomm_t1_np_nf_ni_00020_009.cvc.smt::known
false
false
QF_AUFLIA/storecomm/storecomm_t3_pp_nf_ai_00010_003.cvc.smt::known
false
false
QF_AUFLIA/storecomm/storecomm_invalid_t3_np_nf_ni_00040_005.cvc.smt::known
false
false
QF_AUFLIA/storecomm/storecomm_invalid_t3_np_nf_ni_00050_009.cvc.smt::known
false
false
QF_AUFLIA/storecomm/storecomm_invalid_t1_np_nf_ni_00040_003.cvc.smt::known
false
false
QF_AUFLIA/storecomm/storecomm_t3_pp_nf_ni_00030_005.cvc.smt::known
false
false
QF_AUFLIA/storecomm/storecomm_invalid_t3_np_sf_ni_00060_006.cvc.smt::known
false
false
QF_AUFLIA/storecomm/storecomm_invalid_t1_np_sf_ni_00060_009.cvc.smt::known
false
false
QF_AUFLIA/storecomm/storecomm_invalid_t1_np_sf_ni_00050_003.cvc.smt::known
false
false
QF_AUFLIA/storecomm/storecomm_t3_pp_nf_ai_00050_005.cvc.smt::known
false
false
QF_AUFLIA/storecomm/storecomm_invalid_t3_pp_nf_ni_00050_004.cvc.smt::known
false
false
QF_AUFLIA/storecomm/storecomm_t3_pp_sf_ai_00040_009.cvc.smt::known
false
false
QF_AUFLIA/storecomm/storecomm_invalid_t1_pp_sf_ai_00020_001.cvc.smt::known
false
false
QF_AUFLIA/storecomm/storecomm_invalid_t3_np_sf_ni_00050_002.cvc.smt::known
false
false
QF_AUFLIA/storecomm/storecomm_t1_pp_nf_ai_00060_002.cvc.smt::known
false
false
QF_AUFLIA/storecomm/storecomm_t3_pp_nf_ai_00030_009.cvc.smt::known
false
false
QF_AUFLIA/storecomm/storecomm_invalid_t1_pp_nf_ai_00050_005.cvc.smt::known
false
false
QF_AUFLIA/storecomm/storecomm_t1_pp_sf_ai_00060_001.cvc.smt::known
false
false
QF_AUFLIA/storecomm/storecomm_invalid_t1_pp_nf_ni_00050_007.cvc.smt::known
false
false
QF_AUFLIA/storecomm/storecomm_invalid_t1_pp_sf_ai_00050_009.cvc.smt::known
false
false
QF_AUFLIA/storecomm/storecomm_t1_np_nf_ni_00020_004.cvc.smt::known
false
false
QF_AUFLIA/storecomm/storecomm_invalid_t3_pp_nf_ni_00060_001.cvc.smt::known
false
false
QF_AUFLIA/storecomm/storecomm_t3_np_sf_ni_00030_003.cvc.smt::known
false
false
QF_AUFLIA/storecomm/storecomm_invalid_t1_pp_nf_ai_00060_007.cvc.smt::known
false
false
QF_AUFLIA/storecomm/storecomm_t3_pp_nf_ni_00060_001.cvc.smt::known
false
false
QF_AUFLIA/storecomm/storecomm_invalid_t3_pp_sf_ai_00040_002.cvc.smt::known
false
false
QF_AUFLIA/storecomm/storecomm_t1_np_sf_ni_00060_005.cvc.smt::known
false
false
QF_AUFLIA/storecomm/storecomm_t2_np_nf_ni_00040_006.cvc.smt::known
false
false
QF_AUFLIA/storecomm/storecomm_t2_np_nf_ni_00020_001.cvc.smt::known
false
false
QF_AUFLIA/storecomm/storecomm_t1_np_sf_ni_00010_005.cvc.smt::known
false
false
QF_AUFLIA/storecomm/storecomm_invalid_t3_np_nf_ni_00040_001.cvc.smt::known
false
false
QF_AUFLIA/storecomm/storecomm_t3_np_sf_ni_00050_009.cvc.smt::known
false
false
QF_AUFLIA/storecomm/storecomm_t1_pp_nf_ni_00020_001.cvc.smt::known
false
false
QF_AUFLIA/storecomm/storecomm_invalid_t1_pp_nf_ni_00020_006.cvc.smt::known
false
false
QF_AUFLIA/storecomm/storecomm_t2_np_nf_ni_00030_001.cvc.smt::known
false
false
QF_AUFLIA/storecomm/storecomm_t3_np_nf_ni_00010_005.cvc.smt::known
false
false
QF_AUFLIA/storecomm/storecomm_invalid_t1_pp_nf_ni_00040_007.cvc.smt::known
false
false
QF_AUFLIA/storecomm/storecomm_invalid_t3_np_sf_ni_00010_005.cvc.smt::known
false
false
QF_AUFLIA/storecomm/storecomm_invalid_t1_np_nf_ni_00030_009.cvc.smt::known
false
false
QF_AUFLIA/storecomm/storecomm_invalid_t3_pp_nf_ni_00060_002.cvc.smt::known
false
false
QF_AUFLIA/storecomm/storecomm_invalid_t1_pp_sf_ni_00030_003.cvc.smt::known
false
false
QF_AUFLIA/storecomm/storecomm_t3_pp_nf_ai_00040_007.cvc.smt::known
false
false
QF_AUFLIA/storecomm/storecomm_invalid_t3_pp_nf_ai_00030_007.cvc.smt::known
false
false
QF_AUFLIA/storecomm/storecomm_invalid_t1_np_nf_ni_00020_006.cvc.smt::known
false
false
QF_AUFLIA/storecomm/storecomm_invalid_t3_pp_sf_ni_00060_003.cvc.smt::known
false
false
QF_AUFLIA/storecomm/storecomm_t1_pp_sf_ai_00040_001.cvc.smt::known
false
false
QF_AUFLIA/storecomm/storecomm_t1_pp_sf_ai_00050_009.cvc.smt::known
false
false
QF_AUFLIA/storecomm/storecomm_t3_np_nf_ni_00060_008.cvc.smt::known
false
false
QF_AUFLIA/storecomm/storecomm_invalid_t3_pp_sf_ai_00030_008.cvc.smt::known
false
false
QF_AUFLIA/storecomm/storecomm_invalid_t1_pp_sf_ni_00010_001.cvc.smt::known
false
false
QF_AUFLIA/storecomm/storecomm_t1_pp_nf_ai_00010_002.cvc.smt::known
false
false
QF_AUFLIA/storecomm/storecomm_invalid_t3_pp_nf_ni_00030_009.cvc.smt::known
false
false
QF_AUFLIA/storecomm/storecomm_t3_np_nf_ni_00030_004.cvc.smt::known
false
false
QF_AUFLIA/storecomm/storecomm_t3_pp_sf_ai_00050_003.cvc.smt::known
false
false
QF_AUFLIA/storecomm/storecomm_t1_pp_nf_ni_00060_009.cvc.smt::known
false
false
QF_AUFLIA/storecomm/storecomm_invalid_t1_pp_nf_ni_00060_004.cvc.smt::known
false
false
QF_AUFLIA/storecomm/storecomm_invalid_t3_pp_sf_ni_00020_001.cvc.smt::known
false
false
QF_AUFLIA/storecomm/storecomm_t2_np_sf_ni_00060_009.cvc.smt::known
false
false
QF_AUFLIA/storecomm/storecomm_t1_pp_sf_ni_00040_004.cvc.smt::known
false
false
QF_AUFLIA/storecomm/storecomm_invalid_t3_np_sf_ni_00030_009.cvc.smt::known
false
false
QF_AUFLIA/storecomm/storecomm_invalid_t3_pp_nf_ai_00060_001.cvc.smt::known
false
false
QF_AUFLIA/storecomm/storecomm_t3_pp_sf_ni_00050_005.cvc.smt::known
false
false
QF_AUFLIA/storecomm/storecomm_t3_pp_sf_ai_00050_008.cvc.smt::known
false
false
QF_AUFLIA/storecomm/storecomm_invalid_t3_pp_sf_ni_00010_006.cvc.smt::known
false
false
QF_AUFLIA/storecomm/storecomm_invalid_t1_np_sf_ni_00030_004.cvc.smt::known
false
false
QF_AUFLIA/storecomm/storecomm_invalid_t1_np_nf_ni_00050_004.cvc.smt::known
false
false
QF_AUFLIA/storecomm/storecomm_invalid_t3_pp_nf_ai_00040_006.cvc.smt::known
false
false
QF_AUFLIA/storecomm/storecomm_invalid_t1_np_nf_ni_00060_002.cvc.smt::known
false
false
QF_AUFLIA/storecomm/storecomm_t1_pp_sf_ni_00050_003.cvc.smt::known
false
false
QF_AUFLIA/storecomm/storecomm_invalid_t1_pp_sf_ni_00050_005.cvc.smt::known
false
false
QF_AUFLIA/storecomm/storecomm_invalid_t1_pp_nf_ai_00010_002.cvc.smt::known
false
false
QF_AUFLIA/storecomm/storecomm_t3_pp_nf_ai_00010_005.cvc.smt::known
false
false
QF_AUFLIA/storecomm/storecomm_invalid_t3_pp_sf_ai_00030_002.cvc.smt::known
false
false
QF_AUFLIA/storecomm/storecomm_t1_pp_nf_ai_00040_003.cvc.smt::known
false
false
QF_AUFLIA/storecomm/storecomm_invalid_t1_np_sf_ni_00010_006.cvc.smt::known
false
false
QF_AUFLIA/storecomm/storecomm_invalid_t1_pp_nf_ni_00010_003.cvc.smt::known
false
false
QF_AUFLIA/storecomm/storecomm_t1_pp_sf_ai_00010_007.cvc.smt::known
false
false
QF_AUFLIA/storecomm/storecomm_invalid_t3_pp_sf_ai_00030_003.cvc.smt::known
false
false
QF_AUFLIA/storecomm/storecomm_invalid_t3_pp_sf_ni_00060_009.cvc.smt::known
false
false
QF_AUFLIA/storecomm/storecomm_invalid_t1_np_sf_ni_00060_004.cvc.smt::known
false
false
QF_AUFLIA/storecomm/storecomm_t3_pp_sf_ni_00010_001.cvc.smt::known
false
false
QF_AUFLIA/storecomm/storecomm_invalid_t3_pp_nf_ai_00020_007.cvc.smt::known
false
false
QF_AUFLIA/storecomm/storecomm_t1_pp_nf_ai_00060_005.cvc.smt::known
false
false
QF_AUFLIA/storecomm/storecomm_invalid_t3_pp_sf_ai_00060_002.cvc.smt::known
false
false
QF_AUFLIA/storecomm/storecomm_invalid_t3_pp_nf_ai_00010_008.cvc.smt::known
false
false
QF_AUFLIA/storecomm/storecomm_t3_pp_nf_ai_00060_001.cvc.smt::known
false
false
QF_AUFLIA/storecomm/storecomm_t1_pp_nf_ai_00010_004.cvc.smt::known
false
false
QF_AUFLIA/storecomm/storecomm_t2_np_nf_ni_00010_004.cvc.smt::known
false
false
QF_AUFLIA/storecomm/storecomm_t1_pp_nf_ai_00010_009.cvc.smt::known
false
false
QF_AUFLIA/storecomm/storecomm_invalid_t1_pp_sf_ni_00020_002.cvc.smt::known
false
false
QF_AUFLIA/storecomm/storecomm_t3_pp_nf_ai_00020_009.cvc.smt::known
false
false
QF_AUFLIA/storecomm/storecomm_invalid_t3_np_nf_ni_00030_006.cvc.smt::known
false
false
QF_AUFLIA/storecomm/storecomm_t3_pp_nf_ai_00010_008.cvc.smt::known
false
false
QF_AUFLIA/storecomm/storecomm_t3_pp_sf_ai_00030_001.cvc.smt::known
false
false
QF_AUFLIA/storecomm/storecomm_t1_pp_sf_ni_00010_007.cvc.smt::known
false
false
QF_AUFLIA/storecomm/storecomm_invalid_t1_pp_nf_ai_00040_009.cvc.smt::known
false
false
QF_AUFLIA/storecomm/storecomm_invalid_t3_pp_nf_ai_00010_003.cvc.smt::known
false
false
QF_AUFLIA/storecomm/storecomm_invalid_t3_pp_nf_ni_00030_006.cvc.smt::known
false
false
QF_AUFLIA/storecomm/storecomm_t1_pp_sf_ni_00010_002.cvc.smt::known
false
false
QF_AUFLIA/storecomm/storecomm_t3_np_sf_ni_00040_007.cvc.smt::known
false
false
QF_AUFLIA/storecomm/storecomm_invalid_t1_pp_sf_ni_00020_003.cvc.smt::known
false
false
QF_AUFLIA/storecomm/storecomm_t2_np_nf_ni_00040_002.cvc.smt::known
false
false
QF_AUFLIA/storecomm/storecomm_t3_pp_sf_ni_00030_001.cvc.smt::known
false
false
QF_AUFLIA/storecomm/storecomm_t3_pp_sf_ai_00040_004.cvc.smt::known
false
false
QF_AUFLIA/storecomm/storecomm_t3_pp_nf_ai_00050_001.cvc.smt::known
false
false
QF_AUFLIA/storecomm/storecomm_invalid_t3_pp_nf_ni_00060_006.cvc.smt::known
false
false
QF_AUFLIA/storecomm/storecomm_t1_pp_nf_ai_00030_008.cvc.smt::known
false
false
QF_AUFLIA/storecomm/storecomm_invalid_t1_pp_nf_ni_00050_006.cvc.smt::known
false
false
QF_AUFLIA/storecomm/storecomm_t1_pp_nf_ni_00050_007.cvc.smt::known
false
false
QF_AUFLIA/storecomm/storecomm_invalid_t3_np_nf_ni_00010_001.cvc.smt::known
false
false
QF_AUFLIA/storecomm/storecomm_invalid_t3_pp_sf_ni_00050_003.cvc.smt::known
false
false
QF_AUFLIA/storecomm/storecomm_invalid_t1_np_nf_ni_00030_008.cvc.smt::known
false
false
QF_AUFLIA/storecomm/storecomm_t1_pp_nf_ni_00060_002.cvc.smt::known
false
false
QF_AUFLIA/storecomm/storecomm_t1_pp_sf_ai_00020_002.cvc.smt::known
false
false
QF_AUFLIA/storecomm/storecomm_invalid_t1_pp_nf_ai_00030_002.cvc.smt::known
false
false
QF_AUFLIA/storecomm/storecomm_invalid_t1_pp_sf_ni_00010_009.cvc.smt::known
false
false
QF_AUFLIA/storecomm/storecomm_invalid_t1_pp_nf_ni_00020_002.cvc.smt::known
false
false
QF_AUFLIA/storecomm/storecomm_t1_pp_sf_ni_00060_004.cvc.smt::known
false
false
QF_AUFLIA/storecomm/storecomm_t1_np_nf_ni_00040_004.cvc.smt::known
false
false
QF_AUFLIA/storecomm/storecomm_invalid_t3_pp_nf_ai_00050_003.cvc.smt::known
false
false
QF_AUFLIA/storecomm/storecomm_invalid_t3_np_nf_ni_00050_001.cvc.smt::known
false
false
QF_AUFLIA/storecomm/storecomm_invalid_t1_np_nf_ni_00010_007.cvc.smt::known
false
false
QF_AUFLIA/storecomm/storecomm_invalid_t3_pp_nf_ni_00060_009.cvc.smt::known
false
false
QF_AUFLIA/storecomm/storecomm_t3_pp_sf_ni_00020_008.cvc.smt::known
false
false
QF_AUFLIA/storecomm/storecomm_t1_pp_sf_ai_00040_005.cvc.smt::known
false
false
QF_AUFLIA/storecomm/storecomm_invalid_t1_pp_sf_ni_00040_009.cvc.smt::known
false
false
QF_AUFLIA/storecomm/storecomm_t1_pp_sf_ai_00060_004.cvc.smt::known
false
false
QF_AUFLIA/storecomm/storecomm_invalid_t3_pp_sf_ai_00020_008.cvc.smt::known
false
false
QF_AUFLIA/storecomm/storecomm_t1_pp_sf_ni_00030_007.cvc.smt::known
false
false
QF_AUFLIA/storecomm/storecomm_invalid_t1_np_sf_ni_00010_007.cvc.smt::known
false
false
QF_AUFLIA/storecomm/storecomm_invalid_t1_pp_nf_ni_00040_004.cvc.smt::known
false
false
QF_AUFLIA/storecomm/storecomm_t3_pp_sf_ni_00040_001.cvc.smt::known
false
false
QF_AUFLIA/storecomm/storecomm_invalid_t1_pp_nf_ai_00020_001.cvc.smt::known
false
false
QF_AUFLIA/storecomm/storecomm_t3_pp_sf_ai_00050_004.cvc.smt::known
false
false
QF_AUFLIA/storecomm/storecomm_t3_np_nf_ni_00020_006.cvc.smt::known
false
false
QF_AUFLIA/storecomm/storecomm_t3_pp_nf_ni_00010_007.cvc.smt::known
false
false
QF_AUFLIA/storecomm/storecomm_t1_pp_sf_ai_00010_003.cvc.smt::known
false
false
QF_AUFLIA/storecomm/storecomm_t3_pp_sf_ni_00040_005.cvc.smt::known
false
false
QF_AUFLIA/storecomm/storecomm_invalid_t3_pp_nf_ni_00040_003.cvc.smt::known
false
false
QF_AUFLIA/storecomm/storecomm_t1_pp_nf_ni_00030_004.cvc.smt::known
false
false
QF_AUFLIA/storecomm/storecomm_invalid_t1_pp_sf_ai_00030_005.cvc.smt::known
false
false
QF_AUFLIA/storecomm/storecomm_t1_np_sf_ni_00040_009.cvc.smt::known
false
false
QF_AUFLIA/storecomm/storecomm_t2_np_nf_ni_00010_003.cvc.smt::known
false
false
QF_AUFLIA/storecomm/storecomm_invalid_t1_pp_sf_ni_00060_002.cvc.smt::known
QF_AUFLIA/storecomm/storecomm_invalid_t1_pp_sf_ni_00040_001.cvc.smt::known
QF_AUFLIA/storecomm/storecomm_invalid_t3_np_nf_ni_00040_007.cvc.smt::known
QF_AUFLIA/storecomm/storecomm_invalid_t1_pp_sf_ni_00040_007.cvc.smt::known
QF_AUFLIA/storecomm/storecomm_t1_pp_nf_ni_00060_007.cvc.smt::known
QF_AUFLIA/storecomm/storecomm_invalid_t3_pp_nf_ai_00030_005.cvc.smt::known
QF_AUFLIA/storecomm/storecomm_invalid_t3_pp_nf_ai_00030_001.cvc.smt::known
QF_AUFLIA/storecomm/storecomm_t1_pp_nf_ni_00050_008.cvc.smt::known
QF_AUFLIA/storecomm/storecomm_t1_pp_sf_ni_00060_006.cvc.smt::known
QF_AUFLIA/storecomm/storecomm_t2_np_sf_ni_00030_002.cvc.smt::known
QF_AUFLIA/storecomm/storecomm_t1_pp_sf_ni_00020_009.cvc.smt::known
QF_AUFLIA/storecomm/storecomm_invalid_t3_np_nf_ni_00050_002.cvc.smt::known
QF_AUFLIA/storecomm/storecomm_t1_pp_nf_ni_00010_001.cvc.smt::known
QF_AUFLIA/storecomm/storecomm_invalid_t3_np_sf_ni_00010_004.cvc.smt::known
QF_AUFLIA/storecomm/storecomm_invalid_t3_pp_nf_ni_00040_002.cvc.smt::known
QF_AUFLIA/storecomm/storecomm_t1_pp_nf_ni_00040_005.cvc.smt::known
QF_AUFLIA/storecomm/storecomm_t1_pp_nf_ai_00040_008.cvc.smt::known
QF_AUFLIA/storecomm/storecomm_t3_pp_sf_ai_00020_001.cvc.smt::known
QF_AUFLIA/storecomm/storecomm_t2_np_sf_ni_00040_008.cvc.smt::known
QF_AUFLIA/storecomm/storecomm_t3_pp_sf_ai_00020_004.cvc.smt::known
QF_AUFLIA/storecomm/storecomm_invalid_t3_pp_sf_ni_00010_002.cvc.smt::known
QF_AUFLIA/storecomm/storecomm_invalid_t3_pp_sf_ni_00010_008.cvc.smt::known
QF_AUFLIA/storecomm/storecomm_invalid_t3_pp_sf_ai_00020_003.cvc.smt::known
QF_AUFLIA/storecomm/storecomm_invalid_t3_pp_sf_ni_00050_004.cvc.smt::known
QF_AUFLIA/storecomm/storecomm_t1_pp_sf_ai_00060_006.cvc.smt::known
QF_AUFLIA/storecomm/storecomm_invalid_t1_pp_sf_ni_00020_008.cvc.smt::known
QF_AUFLIA/storecomm/storecomm_t3_np_nf_ni_00060_003.cvc.smt::known
QF_AUFLIA/storecomm/storecomm_invalid_t1_pp_nf_ai_00030_006.cvc.smt::known
QF_AUFLIA/storecomm/storecomm_invalid_t3_np_sf_ni_00040_007.cvc.smt::known
QF_AUFLIA/storecomm/storecomm_t1_np_sf_ni_00010_007.cvc.smt::known
QF_AUFLIA/storecomm/storecomm_t3_pp_sf_ai_00010_002.cvc.smt::known
QF_AUFLIA/storecomm/storecomm_invalid_t3_pp_sf_ai_00040_007.cvc.smt::known
QF_AUFLIA/storecomm/storecomm_invalid_t1_np_nf_ni_00030_007.cvc.smt::known
QF_AUFLIA/storecomm/storecomm_t2_np_nf_ni_00010_001.cvc.smt::known
QF_AUFLIA/storecomm/storecomm_t3_np_sf_ni_00060_008.cvc.smt::known
QF_AUFLIA/storecomm/storecomm_invalid_t1_np_nf_ni_00060_004.cvc.smt::known
QF_AUFLIA/storecomm/storecomm_invalid_t1_np_sf_ni_00030_007.cvc.smt::known
QF_AUFLIA/storecomm/storecomm_invalid_t1_np_nf_ni_00020_003.cvc.smt::known
QF_AUFLIA/storecomm/storecomm_invalid_t3_np_sf_ni_00030_005.cvc.smt::known
QF_AUFLIA/storecomm/storecomm_invalid_t1_pp_sf_ni_00010_003.cvc.smt::known
QF_AUFLIA/storecomm/storecomm_invalid_t1_pp_nf_ni_00050_009.cvc.smt::known
QF_AUFLIA/storecomm/storecomm_invalid_t3_pp_sf_ni_00040_006.cvc.smt::known
QF_AUFLIA/storecomm/storecomm_t2_np_sf_ni_00010_008.cvc.smt::known
QF_AUFLIA/storecomm/storecomm_invalid_t3_np_sf_ni_00050_004.cvc.smt::known
QF_AUFLIA/storecomm/storecomm_invalid_t1_pp_nf_ai_00050_009.cvc.smt::known
QF_AUFLIA/storecomm/storecomm_invalid_t3_pp_nf_ai_00060_006.cvc.smt::known
QF_AUFLIA/storecomm/storecomm_t1_pp_nf_ni_00020_006.cvc.smt::known
QF_AUFLIA/storecomm/storecomm_t3_pp_nf_ai_00020_008.cvc.smt::known
QF_AUFLIA/storecomm/storecomm_t3_pp_nf_ai_00060_003.cvc.smt::known
QF_AUFLIA/storecomm/storecomm_t1_pp_sf_ni_00020_003.cvc.smt::known
QF_AUFLIA/storecomm/storecomm_t1_pp_sf_ai_00060_009.cvc.smt::known
QF_AUFLIA/storecomm/storecomm_t1_pp_sf_ai_00060_008.cvc.smt::known
QF_AUFLIA/storecomm/storecomm_invalid_t1_np_nf_ni_00060_009.cvc.smt::known
QF_AUFLIA/storecomm/storecomm_t3_np_nf_ni_00050_002.cvc.smt::known
QF_AUFLIA/storecomm/storecomm_invalid_t1_pp_nf_ni_00060_005.cvc.smt::known
QF_AUFLIA/storecomm/storecomm_t2_np_sf_ni_00060_007.cvc.smt::known
QF_AUFLIA/storecomm/storecomm_invalid_t3_pp_nf_ni_00020_004.cvc.smt::known
QF_AUFLIA/storecomm/storecomm_invalid_t3_np_nf_ni_00050_008.cvc.smt::known
QF_AUFLIA/storecomm/storecomm_t1_np_nf_ni_00050_004.cvc.smt::known
QF_AUFLIA/storecomm/storecomm_invalid_t1_pp_sf_ni_00020_005.cvc.smt::known
QF_AUFLIA/storecomm/storecomm_t3_pp_nf_ni_00050_004.cvc.smt::known
QF_AUFLIA/storecomm/storecomm_invalid_t3_pp_sf_ai_00040_001.cvc.smt::known
QF_AUFLIA/storecomm/storecomm_t1_pp_sf_ni_00030_005.cvc.smt::known
QF_AUFLIA/storecomm/storecomm_invalid_t3_np_sf_ni_00010_001.cvc.smt::known
QF_AUFLIA/storecomm/storecomm_invalid_t3_pp_sf_ni_00020_006.cvc.smt::known
QF_AUFLIA/storecomm/storecomm_invalid_t3_pp_nf_ai_00020_008.cvc.smt::known
QF_AUFLIA/storecomm/storecomm_invalid_t3_np_nf_ni_00060_001.cvc.smt::known
QF_AUFLIA/storecomm/storecomm_t3_pp_sf_ni_00010_009.cvc.smt::known
QF_AUFLIA/storecomm/storecomm_invalid_t3_pp_sf_ai_00040_009.cvc.smt::known
QF_AUFLIA/storecomm/storecomm_t3_np_nf_ni_00050_006.cvc.smt::known
QF_AUFLIA/storecomm/storecomm_invalid_t1_pp_nf_ai_00050_004.cvc.smt::known
QF_AUFLIA/storecomm/storecomm_invalid_t3_pp_nf_ni_00020_005.cvc.smt::known
QF_AUFLIA/storecomm/storecomm_t1_pp_nf_ni_00040_008.cvc.smt::known
QF_AUFLIA/storecomm/storecomm_t3_pp_nf_ai_00050_007.cvc.smt::known
QF_AUFLIA/storecomm/storecomm_t3_pp_nf_ni_00030_007.cvc.smt::known
QF_AUFLIA/storecomm/storecomm_invalid_t3_pp_nf_ai_00040_002.cvc.smt::known
QF_AUFLIA/storecomm/storecomm_t3_np_sf_ni_00010_002.cvc.smt::known
QF_AUFLIA/storecomm/storecomm_t1_pp_nf_ni_00060_008.cvc.smt::known
QF_AUFLIA/storecomm/storecomm_t2_np_sf_ni_00040_005.cvc.smt::known
QF_AUFLIA/storecomm/storecomm_t1_pp_nf_ni_00050_003.cvc.smt::known
QF_AUFLIA/storecomm/storecomm_invalid_t3_np_sf_ni_00040_004.cvc.smt::known
QF_AUFLIA/storecomm/storecomm_t2_np_nf_ni_00050_005.cvc.smt::known
QF_AUFLIA/storecomm/storecomm_invalid_t1_pp_nf_ni_00030_004.cvc.smt::known
QF_AUFLIA/storecomm/storecomm_t1_np_nf_ni_00030_002.cvc.smt::known
QF_AUFLIA/storecomm/storecomm_t1_np_sf_ni_00040_003.cvc.smt::known
QF_AUFLIA/storecomm/storecomm_invalid_t1_pp_sf_ni_00040_008.cvc.smt::known
QF_AUFLIA/storecomm/storecomm_t1_np_sf_ni_00040_006.cvc.smt::known
QF_AUFLIA/storecomm/storecomm_invalid_t3_pp_sf_ni_00030_009.cvc.smt::known
QF_AUFLIA/storecomm/storecomm_t3_pp_nf_ni_00030_006.cvc.smt::known
QF_AUFLIA/storecomm/storecomm_t1_pp_nf_ni_00040_002.cvc.smt::known
QF_AUFLIA/storecomm/storecomm_t3_pp_nf_ai_00030_005.cvc.smt::known
QF_AUFLIA/storecomm/storecomm_t3_pp_sf_ni_00050_002.cvc.smt::known
QF_AUFLIA/storecomm/storecomm_t1_pp_nf_ni_00060_005.cvc.smt::known
QF_AUFLIA/storecomm/storecomm_t3_pp_sf_ni_00050_006.cvc.smt::known
QF_AUFLIA/storecomm/storecomm_invalid_t1_pp_sf_ai_00020_006.cvc.smt::known
QF_AUFLIA/storecomm/storecomm_invalid_t1_pp_sf_ni_00030_001.cvc.smt::known
QF_AUFLIA/storecomm/storecomm_invalid_t1_pp_sf_ni_00030_007.cvc.smt::known
QF_AUFLIA/storecomm/storecomm_t2_np_nf_ni_00020_003.cvc.smt::known
QF_AUFLIA/storecomm/storecomm_invalid_t1_pp_nf_ni_00050_008.cvc.smt::known
QF_AUFLIA/storecomm/storecomm_t1_pp_nf_ni_00040_004.cvc.smt::known
QF_AUFLIA/storecomm/storecomm_t2_np_nf_ni_00010_008.cvc.smt::known
QF_AUFLIA/storecomm/storecomm_invalid_t3_pp_nf_ai_00040_001.cvc.smt::known
QF_AUFLIA/storecomm/storecomm_t3_np_sf_ni_00060_002.cvc.smt::known
QF_AUFLIA/storecomm/storecomm_t3_pp_sf_ai_00050_002.cvc.smt::known
QF_AUFLIA/storecomm/storecomm_invalid_t3_pp_nf_ni_00010_001.cvc.smt::known
QF_AUFLIA/storecomm/storecomm_t1_pp_nf_ni_00030_009.cvc.smt::known
QF_AUFLIA/storecomm/storecomm_t3_pp_nf_ai_00060_004.cvc.smt::known
QF_AUFLIA/storecomm/storecomm_invalid_t1_pp_nf_ai_00060_008.cvc.smt::known
QF_AUFLIA/storecomm/storecomm_t3_pp_sf_ai_00060_003.cvc.smt::known
QF_AUFLIA/storecomm/storecomm_t1_pp_nf_ni_00030_002.cvc.smt::known
QF_AUFLIA/storecomm/storecomm_t2_np_sf_ni_00040_002.cvc.smt::known
QF_AUFLIA/storecomm/storecomm_t3_pp_nf_ni_00010_009.cvc.smt::known
QF_AUFLIA/storecomm/storecomm_invalid_t3_np_sf_ni_00050_001.cvc.smt::known
QF_AUFLIA/storecomm/storecomm_t3_pp_nf_ai_00040_002.cvc.smt::known
QF_AUFLIA/storecomm/storecomm_invalid_t1_np_nf_ni_00020_001.cvc.smt::known
QF_AUFLIA/storecomm/storecomm_t2_np_nf_ni_00040_005.cvc.smt::known
QF_AUFLIA/storecomm/storecomm_invalid_t3_np_sf_ni_00020_009.cvc.smt::known
QF_AUFLIA/storecomm/storecomm_t1_pp_sf_ni_00030_004.cvc.smt::known
QF_AUFLIA/storecomm/storecomm_invalid_t3_pp_sf_ai_00050_004.cvc.smt::known
QF_AUFLIA/storecomm/storecomm_t2_np_sf_ni_00010_006.cvc.smt::known
QF_AUFLIA/storecomm/storecomm_invalid_t1_pp_nf_ai_00010_007.cvc.smt::known
QF_AUFLIA/storecomm/storecomm_invalid_t1_pp_nf_ai_00060_005.cvc.smt::known
QF_AUFLIA/storecomm/storecomm_invalid_t3_np_sf_ni_00030_008.cvc.smt::known
QF_AUFLIA/storecomm/storecomm_t2_np_nf_ni_00050_008.cvc.smt::known
QF_AUFLIA/storecomm/storecomm_t1_pp_sf_ni_00020_001.cvc.smt::known
QF_AUFLIA/storecomm/storecomm_t2_np_sf_ni_00050_002.cvc.smt::known
QF_AUFLIA/storecomm/storecomm_invalid_t1_np_nf_ni_00010_003.cvc.smt::known
QF_AUFLIA/storecomm/storecomm_invalid_t1_np_nf_ni_00060_005.cvc.smt::known
QF_AUFLIA/storecomm/storecomm_t1_pp_nf_ni_00050_006.cvc.smt::known
QF_AUFLIA/storecomm/storecomm_t1_pp_nf_ni_00040_001.cvc.smt::known
QF_AUFLIA/storecomm/storecomm_t1_pp_sf_ai_00010_008.cvc.smt::known
QF_AUFLIA/storecomm/storecomm_invalid_t1_pp_nf_ni_00010_004.cvc.smt::known
QF_AUFLIA/storecomm/storecomm_invalid_t1_np_sf_ni_00010_009.cvc.smt::known
QF_AUFLIA/storecomm/storecomm_t2_np_nf_ni_00060_002.cvc.smt::known
QF_AUFLIA/storecomm/storecomm_t3_pp_sf_ni_00010_005.cvc.smt::known
QF_AUFLIA/storecomm/storecomm_invalid_t1_pp_nf_ai_00010_004.cvc.smt::known
QF_AUFLIA/storecomm/storecomm_invalid_t3_pp_sf_ni_00030_004.cvc.smt::known
QF_AUFLIA/storecomm/storecomm_t1_pp_nf_ai_00020_006.cvc.smt::known
QF_AUFLIA/storecomm/storecomm_t2_np_nf_ni_00060_007.cvc.smt::known
QF_AUFLIA/storecomm/storecomm_t2_np_nf_ni_00030_008.cvc.smt::known
QF_AUFLIA/storecomm/storecomm_t3_np_nf_ni_00010_002.cvc.smt::known
QF_AUFLIA/storecomm/storecomm_t3_pp_sf_ni_00050_009.cvc.smt::known
QF_AUFLIA/storecomm/storecomm_t1_np_sf_ni_00030_006.cvc.smt::known
QF_AUFLIA/storecomm/storecomm_invalid_t3_np_nf_ni_00010_004.cvc.smt::known
QF_AUFLIA/storecomm/storecomm_invalid_t3_pp_sf_ai_00030_007.cvc.smt::known
QF_AUFLIA/storecomm/storecomm_invalid_t1_pp_sf_ni_00060_001.cvc.smt::known
QF_AUFLIA/storecomm/storecomm_invalid_t3_pp_sf_ai_00060_007.cvc.smt::known
QF_AUFLIA/storecomm/storecomm_invalid_t3_pp_nf_ai_00050_002.cvc.smt::known
QF_AUFLIA/storecomm/storecomm_t3_pp_nf_ni_00010_002.cvc.smt::known
QF_AUFLIA/storecomm/storecomm_t1_pp_nf_ni_00040_006.cvc.smt::known
QF_AUFLIA/storecomm/storecomm_t3_pp_nf_ni_00010_003.cvc.smt::known
QF_AUFLIA/storecomm/storecomm_invalid_t1_np_sf_ni_00030_006.cvc.smt::known
QF_AUFLIA/storecomm/storecomm_t3_pp_sf_ai_00010_005.cvc.smt::known
QF_AUFLIA/storecomm/storecomm_invalid_t1_pp_sf_ni_00040_002.cvc.smt::known
QF_AUFLIA/storecomm/storecomm_t1_pp_nf_ai_00060_009.cvc.smt::known
QF_AUFLIA/storecomm/storecomm_t3_np_sf_ni_00020_007.cvc.smt::known
QF_AUFLIA/storecomm/storecomm_t2_np_sf_ni_00060_003.cvc.smt::known
QF_AUFLIA/storecomm/storecomm_t3_pp_nf_ni_00020_002.cvc.smt::known
QF_AUFLIA/storecomm/storecomm_t3_pp_sf_ai_00050_001.cvc.smt::known
QF_AUFLIA/storecomm/storecomm_t1_np_sf_ni_00030_004.cvc.smt::known
QF_AUFLIA/storecomm/storecomm_t1_np_nf_ni_00030_007.cvc.smt::known
QF_AUFLIA/storecomm/storecomm_invalid_t3_pp_sf_ai_00060_004.cvc.smt::known
QF_AUFLIA/storecomm/storecomm_t1_pp_sf_ai_00050_005.cvc.smt::known
QF_AUFLIA/storecomm/storecomm_t3_pp_sf_ni_00020_006.cvc.smt::known
QF_AUFLIA/storecomm/storecomm_invalid_t1_np_sf_ni_00040_005.cvc.smt::known
QF_AUFLIA/storecomm/storecomm_invalid_t3_pp_nf_ai_00010_006.cvc.smt::known
QF_AUFLIA/storecomm/storecomm_t3_np_nf_ni_00040_008.cvc.smt::known
QF_AUFLIA/storecomm/storecomm_t1_pp_sf_ai_00010_004.cvc.smt::known
QF_AUFLIA/storecomm/storecomm_t3_np_nf_ni_00060_001.cvc.smt::known
QF_AUFLIA/storecomm/storecomm_invalid_t1_pp_nf_ai_00030_008.cvc.smt::known
QF_AUFLIA/storecomm/storecomm_t1_pp_nf_ai_00030_003.cvc.smt::known
QF_AUFLIA/storecomm/storecomm_invalid_t1_np_nf_ni_00010_006.cvc.smt::known
QF_AUFLIA/storecomm/storecomm_t2_np_sf_ni_00050_006.cvc.smt::known
QF_AUFLIA/storecomm/storecomm_invalid_t1_pp_nf_ai_00010_001.cvc.smt::known
QF_AUFLIA/storecomm/storecomm_t3_np_nf_ni_00040_009.cvc.smt::known
QF_AUFLIA/storecomm/storecomm_t3_pp_sf_ai_00040_007.cvc.smt::known
QF_AUFLIA/storecomm/storecomm_invalid_t3_pp_sf_ai_00050_002.cvc.smt::known
QF_AUFLIA/storecomm/storecomm_invalid_t3_pp_sf_ni_00020_007.cvc.smt::known
QF_AUFLIA/storecomm/storecomm_t3_pp_sf_ai_00030_006.cvc.smt::known
QF_AUFLIA/storecomm/storecomm_invalid_t1_pp_sf_ai_00020_002.cvc.smt::known
QF_AUFLIA/storecomm/storecomm_t1_pp_sf_ni_00020_002.cvc.smt::known
QF_AUFLIA/storecomm/storecomm_invalid_t1_pp_sf_ai_00010_001.cvc.smt::known
QF_AUFLIA/storecomm/storecomm_t3_pp_sf_ai_00040_006.cvc.smt::known
QF_AUFLIA/storecomm/storecomm_invalid_t1_np_nf_ni_00010_009.cvc.smt::known
QF_AUFLIA/storecomm/storecomm_invalid_t1_np_nf_ni_00020_008.cvc.smt::known
QF_AUFLIA/storecomm/storecomm_t3_np_nf_ni_00020_002.cvc.smt::known
QF_AUFLIA/storecomm/storecomm_t1_pp_nf_ni_00010_004.cvc.smt::known
QF_AUFLIA/storecomm/storecomm_t3_pp_sf_ai_00010_001.cvc.smt::known
QF_AUFLIA/storecomm/storecomm_t1_pp_nf_ni_00020_005.cvc.smt::known
QF_AUFLIA/storecomm/storecomm_t3_pp_nf_ni_00040_007.cvc.smt::known
QF_AUFLIA/storecomm/storecomm_t1_np_sf_ni_00020_005.cvc.smt::known
QF_AUFLIA/storecomm/storecomm_invalid_t1_pp_nf_ai_00050_001.cvc.smt::known
QF_AUFLIA/storecomm/storecomm_t3_pp_sf_ai_00020_005.cvc.smt::known
QF_AUFLIA/storecomm/storecomm_t1_pp_sf_ai_00020_003.cvc.smt::known
QF_AUFLIA/storecomm/storecomm_invalid_t3_pp_sf_ai_00010_009.cvc.smt::known
QF_AUFLIA/storecomm/storecomm_t1_pp_sf_ni_00030_006.cvc.smt::known
QF_AUFLIA/storecomm/storecomm_invalid_t3_np_nf_ni_00050_005.cvc.smt::known
QF_AUFLIA/storecomm/storecomm_invalid_t3_pp_sf_ai_00010_006.cvc.smt::known
QF_AUFLIA/storecomm/storecomm_t1_np_nf_ni_00040_003.cvc.smt::known
QF_AUFLIA/storecomm/storecomm_invalid_t1_pp_sf_ni_00030_005.cvc.smt::known
QF_AUFLIA/storecomm/storecomm_t3_np_sf_ni_00050_005.cvc.smt::known
QF_AUFLIA/storecomm/storecomm_t2_np_nf_ni_00030_006.cvc.smt::known
QF_AUFLIA/storecomm/storecomm_invalid_t1_np_nf_ni_00030_001.cvc.smt::known
QF_AUFLIA/storecomm/storecomm_invalid_t1_pp_sf_ai_00010_008.cvc.smt::known
QF_AUFLIA/storecomm/storecomm_invalid_t1_pp_nf_ni_00060_003.cvc.smt::known
QF_AUFLIA/storecomm/storecomm_t3_pp_nf_ai_00060_006.cvc.smt::known
QF_AUFLIA/storecomm/storecomm_t3_pp_sf_ni_00040_007.cvc.smt::known
QF_AUFLIA/storecomm/storecomm_invalid_t3_pp_sf_ai_00050_006.cvc.smt::known
QF_AUFLIA/storecomm/storecomm_t1_pp_sf_ai_00020_009.cvc.smt::known
QF_AUFLIA/storecomm/storecomm_t3_pp_nf_ai_00050_003.cvc.smt::known
QF_AUFLIA/storecomm/storecomm_invalid_t3_np_sf_ni_00010_008.cvc.smt::known
QF_AUFLIA/storecomm/storecomm_invalid_t3_pp_nf_ni_00040_001.cvc.smt::known
QF_AUFLIA/storecomm/storecomm_t1_np_sf_ni_00030_005.cvc.smt::known
QF_AUFLIA/storecomm/storecomm_t3_pp_sf_ni_00030_009.cvc.smt::known
QF_AUFLIA/storecomm/storecomm_invalid_t1_pp_sf_ai_00020_009.cvc.smt::known
QF_AUFLIA/storecomm/storecomm_t1_np_sf_ni_00020_001.cvc.smt::known
QF_AUFLIA/storecomm/storecomm_invalid_t1_pp_nf_ai_00020_002.cvc.smt::known
QF_AUFLIA/storecomm/storecomm_invalid_t1_pp_sf_ni_00060_005.cvc.smt::known
QF_AUFLIA/storecomm/storecomm_invalid_t1_pp_nf_ni_00060_008.cvc.smt::known
QF_AUFLIA/storecomm/storecomm_invalid_t1_np_nf_ni_00030_005.cvc.smt::known
QF_AUFLIA/storecomm/storecomm_invalid_t1_pp_sf_ai_00050_003.cvc.smt::known
QF_AUFLIA/storecomm/storecomm_t2_np_sf_ni_00050_007.cvc.smt::known
QF_AUFLIA/storecomm/storecomm_t1_pp_sf_ni_00050_004.cvc.smt::known
QF_AUFLIA/storecomm/storecomm_t3_np_sf_ni_00010_003.cvc.smt::known
QF_AUFLIA/storecomm/storecomm_invalid_t1_np_sf_ni_00020_005.cvc.smt::known
QF_AUFLIA/storecomm/storecomm_invalid_t3_pp_nf_ni_00020_009.cvc.smt::known
QF_AUFLIA/storecomm/storecomm_t3_pp_sf_ai_00040_008.cvc.smt::known
QF_AUFLIA/storecomm/storecomm_invalid_t1_pp_nf_ai_00030_009.cvc.smt::known
QF_AUFLIA/storecomm/storecomm_invalid_t1_np_sf_ni_00040_003.cvc.smt::known
QF_AUFLIA/storecomm/storecomm_t3_pp_sf_ni_00040_008.cvc.smt::known
QF_AUFLIA/storecomm/storecomm_t3_pp_nf_ai_00020_007.cvc.smt::known
QF_AUFLIA/storecomm/storecomm_t3_pp_nf_ni_00030_003.cvc.smt::known
QF_AUFLIA/storecomm/storecomm_t2_np_nf_ni_00010_009.cvc.smt::known
QF_AUFLIA/storecomm/storecomm_invalid_t3_pp_sf_ai_00020_004.cvc.smt::known
QF_AUFLIA/storecomm/storecomm_invalid_t3_np_nf_ni_00040_004.cvc.smt::known
QF_AUFLIA/storecomm/storecomm_invalid_t3_np_nf_ni_00060_006.cvc.smt::known
QF_AUFLIA/storecomm/storecomm_invalid_t1_np_sf_ni_00020_001.cvc.smt::known
QF_AUFLIA/storecomm/storecomm_invalid_t3_pp_nf_ni_00010_009.cvc.smt::known
QF_AUFLIA/storecomm/storecomm_t3_pp_sf_ai_00060_005.cvc.smt::known
QF_AUFLIA/storecomm/storecomm_t3_pp_nf_ai_00010_001.cvc.smt::known
QF_AUFLIA/storecomm/storecomm_t2_np_sf_ni_00040_004.cvc.smt::known
QF_AUFLIA/storecomm/storecomm_t1_np_sf_ni_00060_001.cvc.smt::known
QF_AUFLIA/storecomm/storecomm_t1_pp_sf_ni_00010_004.cvc.smt::known
QF_AUFLIA/storecomm/storecomm_t3_pp_nf_ai_00010_007.cvc.smt::known
QF_AUFLIA/storecomm/storecomm_t1_pp_sf_ni_00060_001.cvc.smt::known
QF_AUFLIA/storecomm/storecomm_t1_pp_sf_ni_00030_002.cvc.smt::known
QF_AUFLIA/storecomm/storecomm_invalid_t1_np_nf_ni_00060_008.cvc.smt::known
QF_AUFLIA/storecomm/storecomm_invalid_t1_np_nf_ni_00010_005.cvc.smt::known
QF_AUFLIA/storecomm/storecomm_t3_np_nf_ni_00030_009.cvc.smt::known
QF_AUFLIA/storecomm/storecomm_t3_pp_sf_ni_00050_008.cvc.smt::known
QF_AUFLIA/storecomm/storecomm_t2_np_sf_ni_00020_004.cvc.smt::known
QF_AUFLIA/storecomm/storecomm_invalid_t3_np_nf_ni_00030_002.cvc.smt::known
QF_AUFLIA/storecomm/storecomm_invalid_t3_np_sf_ni_00050_005.cvc.smt::known
QF_AUFLIA/storecomm/storecomm_t3_np_nf_ni_00030_005.cvc.smt::known
QF_AUFLIA/storecomm/storecomm_invalid_t3_np_sf_ni_00020_002.cvc.smt::known
QF_AUFLIA/storecomm/storecomm_invalid_t1_pp_nf_ni_00040_008.cvc.smt::known
QF_AUFLIA/storecomm/storecomm_t3_pp_sf_ni_00040_009.cvc.smt::known
QF_AUFLIA/storecomm/storecomm_invalid_t1_np_sf_ni_00020_004.cvc.smt::known
QF_AUFLIA/storecomm/storecomm_t1_pp_sf_ai_00010_009.cvc.smt::known
QF_AUFLIA/storecomm/storecomm_t3_pp_sf_ni_00050_001.cvc.smt::known
QF_AUFLIA/storecomm/storecomm_invalid_t3_pp_nf_ai_00050_006.cvc.smt::known
QF_AUFLIA/storecomm/storecomm_invalid_t3_np_nf_ni_00040_006.cvc.smt::known
QF_AUFLIA/storecomm/storecomm_invalid_t3_pp_nf_ai_00060_009.cvc.smt::known
QF_AUFLIA/storecomm/storecomm_t1_pp_nf_ai_00060_008.cvc.smt::known
QF_AUFLIA/storecomm/storecomm_invalid_t1_np_sf_ni_00050_008.cvc.smt::known
QF_AUFLIA/storecomm/storecomm_t3_pp_nf_ai_00050_008.cvc.smt::known
QF_AUFLIA/storecomm/storecomm_invalid_t1_pp_nf_ai_00040_008.cvc.smt::known
QF_AUFLIA/storecomm/storecomm_t1_np_sf_ni_00020_006.cvc.smt::known
QF_AUFLIA/storecomm/storecomm_invalid_t3_pp_sf_ni_00010_007.cvc.smt::known
QF_AUFLIA/storecomm/storecomm_t1_np_sf_ni_00010_009.cvc.smt::known
QF_AUFLIA/storecomm/storecomm_t3_pp_nf_ni_00040_009.cvc.smt::known
QF_AUFLIA/storecomm/storecomm_t3_pp_sf_ai_00030_008.cvc.smt::known
QF_AUFLIA/storecomm/storecomm_invalid_t1_pp_sf_ni_00010_004.cvc.smt::known
QF_AUFLIA/storecomm/storecomm_t3_pp_sf_ni_00010_008.cvc.smt::known
QF_AUFLIA/storecomm/storecomm_t1_np_sf_ni_00030_001.cvc.smt::known
QF_AUFLIA/storecomm/storecomm_t1_pp_sf_ni_00030_008.cvc.smt::known
QF_AUFLIA/storecomm/storecomm_invalid_t1_pp_nf_ni_00060_007.cvc.smt::known
QF_AUFLIA/storecomm/storecomm_invalid_t3_np_nf_ni_00040_008.cvc.smt::known
QF_AUFLIA/storecomm/storecomm_t1_pp_nf_ni_00050_001.cvc.smt::known
QF_AUFLIA/storecomm/storecomm_invalid_t3_pp_nf_ni_00030_005.cvc.smt::known
QF_AUFLIA/storecomm/storecomm_invalid_t1_pp_nf_ai_00050_007.cvc.smt::known
QF_AUFLIA/storecomm/storecomm_t1_pp_sf_ni_00040_006.cvc.smt::known
QF_AUFLIA/storecomm/storecomm_t3_pp_sf_ai_00030_002.cvc.smt::known
QF_AUFLIA/storecomm/storecomm_invalid_t3_pp_sf_ai_00050_008.cvc.smt::known
QF_AUFLIA/storecomm/storecomm_t3_pp_nf_ai_00020_001.cvc.smt::known
QF_AUFLIA/storecomm/storecomm_invalid_t1_np_sf_ni_00020_008.cvc.smt::known
QF_AUFLIA/storecomm/storecomm_invalid_t1_pp_sf_ni_00050_007.cvc.smt::known
QF_AUFLIA/storecomm/storecomm_invalid_t3_pp_sf_ai_00040_008.cvc.smt::known
QF_AUFLIA/storecomm/storecomm_invalid_t3_np_nf_ni_00010_008.cvc.smt::known
QF_AUFLIA/storecomm/storecomm_t3_pp_nf_ai_00020_004.cvc.smt::known
QF_AUFLIA/storecomm/storecomm_t2_np_sf_ni_00020_009.cvc.smt::known
QF_AUFLIA/storecomm/storecomm_invalid_t3_np_sf_ni_00050_007.cvc.smt::known
QF_AUFLIA/storecomm/storecomm_invalid_t1_pp_nf_ni_00030_008.cvc.smt::known
QF_AUFLIA/storecomm/storecomm_invalid_t3_np_sf_ni_00040_006.cvc.smt::known
QF_AUFLIA/storecomm/storecomm_t3_pp_nf_ai_00020_005.cvc.smt::known
QF_AUFLIA/storecomm/storecomm_t2_np_sf_ni_00050_004.cvc.smt::known
QF_AUFLIA/storecomm/storecomm_invalid_t1_pp_sf_ni_00050_006.cvc.smt::known
QF_AUFLIA/storecomm/storecomm_t1_pp_sf_ai_00020_006.cvc.smt::known
QF_AUFLIA/storecomm/storecomm_t1_np_sf_ni_00020_002.cvc.smt::known
QF_AUFLIA/storecomm/storecomm_invalid_t3_np_sf_ni_00040_008.cvc.smt::known
QF_AUFLIA/storecomm/storecomm_invalid_t3_pp_nf_ai_00030_004.cvc.smt::known
QF_AUFLIA/storecomm/storecomm_invalid_t3_pp_sf_ni_00040_005.cvc.smt::known
QF_AUFLIA/storecomm/storecomm_invalid_t3_pp_sf_ni_00050_009.cvc.smt::known
QF_AUFLIA/storecomm/storecomm_invalid_t3_pp_sf_ni_00060_007.cvc.smt::known
QF_AUFLIA/storecomm/storecomm_t1_pp_nf_ai_00050_009.cvc.smt::known
QF_AUFLIA/storecomm/storecomm_invalid_t1_pp_nf_ni_00050_003.cvc.smt::known
QF_AUFLIA/storecomm/storecomm_invalid_t3_np_sf_ni_00010_003.cvc.smt::known
QF_AUFLIA/storecomm/storecomm_invalid_t1_pp_nf_ni_00040_005.cvc.smt::known
QF_AUFLIA/storecomm/storecomm_t1_pp_sf_ai_00050_006.cvc.smt::known
QF_AUFLIA/storecomm/storecomm_t2_np_sf_ni_00030_007.cvc.smt::known
QF_AUFLIA/storecomm/storecomm_invalid_t1_pp_nf_ai_00020_009.cvc.smt::known
QF_AUFLIA/storecomm/storecomm_invalid_t1_np_sf_ni_00030_001.cvc.smt::known
QF_AUFLIA/storecomm/storecomm_invalid_t3_np_nf_ni_00020_002.cvc.smt::known
QF_AUFLIA/storecomm/storecomm_t2_np_sf_ni_00020_008.cvc.smt::known
QF_AUFLIA/storecomm/storecomm_t1_pp_nf_ni_00010_006.cvc.smt::known
QF_AUFLIA/storecomm/storecomm_invalid_t1_pp_sf_ai_00060_009.cvc.smt::known
QF_AUFLIA/storecomm/storecomm_invalid_t3_pp_nf_ai_00010_005.cvc.smt::known
QF_AUFLIA/storecomm/storecomm_t3_pp_nf_ai_00040_001.cvc.smt::known
QF_AUFLIA/storecomm/storecomm_invalid_t1_np_nf_ni_00050_007.cvc.smt::known
QF_AUFLIA/storecomm/storecomm_t1_pp_nf_ni_00050_005.cvc.smt::known
QF_AUFLIA/storecomm/storecomm_invalid_t1_np_sf_ni_00060_002.cvc.smt::known
QF_AUFLIA/storecomm/storecomm_invalid_t3_np_nf_ni_00050_003.cvc.smt::known
QF_AUFLIA/qlock2/qlock.induction.5.smt::known
QF_AUFLIA/qlock2/qlock.base.16.smt::known
QF_AUFLIA/qlock2/qlock.base.20.smt::known
QF_AUFLIA/qlock2/qlock.induction.11.smt::known
QF_AUFLIA/qlock2/qlock.base.28.smt::yices
QF_AUFLIA/qlock2/qlock.base.19.smt::known
QF_AUFLIA/qlock2/qlock.induction.30.smt::yices
QF_AUFLIA/qlock2/qlock.induction.13.smt::known
QF_AUFLIA/qlock2/qlock.base.29.smt::yices
QF_AUFLIA/qlock2/qlock.induction.6.smt::known
QF_AUFLIA/qlock2/qlock.base.5.smt::known
QF_AUFLIA/qlock2/qlock.induction.10.smt::known
QF_AUFLIA/qlock2/qlock.base.17.smt::known
QF_AUFLIA/qlock2/qlock.induction.28.smt::yices
QF_AUFLIA/qlock2/qlock.induction.29.smt::known
QF_AUFLIA/qlock2/qlock.base.12.smt::known
QF_AUFLIA/qlock2/qlock.base.9.smt::known
QF_AUFLIA/qlock2/qlock.induction.22.smt::yices
QF_AUFLIA/qlock2/qlock.base.15.smt::known
QF_AUFLIA/qlock2/qlock.base.18.smt::known
QF_AUFLIA/qlock2/qlock.base.7.smt::known
QF_AUFLIA/qlock2/qlock.induction.20.smt::yices
QF_AUFLIA/qlock2/qlock.induction.19.smt::yices
QF_AUFLIA/qlock2/qlock.induction.25.smt::yices
QF_AUFLIA/qlock2/qlock.base.24.smt::known
QF_AUFLIA/qlock2/qlock.base.11.smt::known
QF_AUFLIA/qlock2/qlock.base.21.smt::known
QF_AUFLIA/qlock2/qlock.base.26.smt::yices
QF_AUFLIA/qlock2/qlock.induction.17.smt::known
QF_AUFLIA/qlock2/qlock.induction.18.smt::known
QF_AUFLIA/qlock2/qlock.base.6.smt::known
QF_AUFLIA/qlock2/qlock.induction.23.smt::yices
QF_AUFLIA/qlock2/qlock.base.8.smt::known
QF_AUFLIA/qlock2/qlock.induction.27.smt::yices
QF_AUFLIA/qlock2/qlock.base.10.smt::known
QF_AUFLIA/qlock2/qlock.induction.15.smt::known
QF_AUFLIA/qlock2/qlock.base.30.smt::yices
QF_AUFLIA/qlock2/qlock.induction.24.smt::yices
QF_AUFLIA/qlock2/qlock.induction.14.smt::known
QF_AUFLIA/qlock2/qlock.induction.7.smt::known
QF_AUFLIA/qlock2/qlock.induction.8.smt::known
QF_AUFLIA/qlock2/qlock.induction.26.smt::yices
QF_AUFLIA/qlock2/qlock.base.27.smt::yices
QF_AUFLIA/qlock2/qlock.base.22.smt::known
QF_AUFLIA/qlock2/qlock.induction.16.smt::known
QF_AUFLIA/qlock2/qlock.base.23.smt::known
QF_AUFLIA/qlock2/qlock.induction.12.smt::known
QF_AUFLIA/qlock2/qlock.base.13.smt::known
QF_AUFLIA/qlock2/qlock.base.14.smt::yices
QF_AUFLIA/qlock2/qlock.base.25.smt::yices
QF_AUFLIA/qlock2/qlock.induction.21.smt::yices
QF_AUFLIA/qlock2/qlock.induction.9.smt::known
QF_AUFLIA/piVC/piVC_3031c9.smt::known
QF_AUFLIA/piVC/piVC_13f61c.smt::known
QF_AUFLIA/piVC/piVC_174f4d.smt::known
QF_AUFLIA/piVC/piVC_d421cb.smt::known
QF_AUFLIA/piVC/piVC_408ff0.smt::known
QF_AUFLIA/piVC/piVC_fdec13.smt::known
QF_AUFLIA/piVC/piVC_46582a.smt::known
QF_AUFLIA/piVC/piVC_7fd2c4.smt::known
QF_AUFLIA/piVC/piVC_cb19c7.smt::known
QF_AUFLIA/piVC/piVC_ed9849.smt::known
QF_AUFLIA/piVC/piVC_f5059f.smt::known
QF_AUFLIA/piVC/piVC_22b1f2.smt::known
QF_AUFLIA/piVC/piVC_ffa5fa.smt::known
QF_AUFLIA/piVC/piVC_509c40.smt::known
QF_AUFLIA/piVC/piVC_5b181b.smt::known
QF_AUFLIA/storeinv/storeinv_invalid_t3_pp_nf_ai_00008_001.cvc.smt::known
QF_AUFLIA/storeinv/storeinv_t3_pp_sf_ai_00002_001.cvc.smt::known
QF_AUFLIA/storeinv/storeinv_invalid_t1_pp_nf_ai_00002_001.cvc.smt::known
QF_AUFLIA/storeinv/storeinv_t1_pp_nf_ai_00005_001.cvc.smt::known
QF_AUFLIA/storeinv/storeinv_invalid_t1_pp_sf_ai_00008_001.cvc.smt::known
QF_AUFLIA/storeinv/storeinv_invalid_t1_pp_sf_ai_00007_001.cvc.smt::known
QF_AUFLIA/storeinv/storeinv_invalid_t1_pp_nf_ai_00004_001.cvc.smt::known
QF_AUFLIA/storeinv/storeinv_t1_pp_nf_ai_00006_001.cvc.smt::known
QF_AUFLIA/storeinv/storeinv_t1_pp_sf_ai_00007_001.cvc.smt::known
QF_AUFLIA/storeinv/storeinv_invalid_t1_pp_nf_ai_00007_001.cvc.smt::known
QF_AUFLIA/storeinv/storeinv_t1_pp_sf_ai_00004_001.cvc.smt::known
QF_AUFLIA/storeinv/storeinv_invalid_t1_pp_sf_ai_00009_001.cvc.smt::known
QF_AUFLIA/storeinv/storeinv_t1_pp_nf_ai_00003_001.cvc.smt::known
QF_AUFLIA/storeinv/storeinv_t3_pp_nf_ai_00004_001.cvc.smt::known
QF_AUFLIA/storeinv/storeinv_invalid_t3_pp_nf_ai_00009_001.cvc.smt::known
QF_AUFLIA/storeinv/storeinv_invalid_t1_pp_sf_ai_00006_001.cvc.smt::known
QF_AUFLIA/storeinv/storeinv_t3_pp_sf_ai_00010_001.cvc.smt::known
QF_AUFLIA/storeinv/storeinv_invalid_t3_pp_sf_ai_00003_001.cvc.smt::known
QF_AUFLIA/storeinv/storeinv_invalid_t1_pp_nf_ai_00005_001.cvc.smt::known
QF_AUFLIA/storeinv/storeinv_invalid_t3_pp_sf_ai_00002_001.cvc.smt::known
QF_AUFLIA/storeinv/storeinv_invalid_t1_pp_nf_ai_00006_001.cvc.smt::known
QF_AUFLIA/storeinv/storeinv_t3_pp_sf_ai_00008_001.cvc.smt::known
QF_AUFLIA/storeinv/storeinv_invalid_t1_pp_sf_ai_00005_001.cvc.smt::known
QF_AUFLIA/storeinv/storeinv_t3_pp_nf_ai_00008_001.cvc.smt::known
QF_AUFLIA/storeinv/storeinv_t1_pp_sf_ai_00006_001.cvc.smt::known
QF_AUFLIA/storeinv/storeinv_t1_pp_nf_ai_00001_001.cvc.smt::known
QF_AUFLIA/storeinv/storeinv_invalid_t3_pp_sf_ai_00004_001.cvc.smt::known
QF_AUFLIA/storeinv/storeinv_t3_pp_nf_ai_00007_001.cvc.smt::known
QF_AUFLIA/storeinv/storeinv_t3_pp_sf_ai_00003_001.cvc.smt::known
QF_AUFLIA/storeinv/storeinv_invalid_t1_pp_nf_ai_00010_001.cvc.smt::known
QF_AUFLIA/storeinv/storeinv_t3_pp_sf_ai_00009_001.cvc.smt::known
QF_AUFLIA/storeinv/storeinv_t1_pp_nf_ai_00009_001.cvc.smt::known
QF_AUFLIA/storeinv/storeinv_t1_pp_nf_ai_00002_001.cvc.smt::known
QF_AUFLIA/storeinv/storeinv_invalid_t1_pp_sf_ai_00010_001.cvc.smt::known
QF_AUFLIA/storeinv/storeinv_invalid_t3_pp_nf_ai_00003_001.cvc.smt::known
QF_AUFLIA/storeinv/storeinv_t3_pp_sf_ai_00005_001.cvc.smt::known
QF_AUFLIA/storeinv/storeinv_t1_pp_sf_ai_00001_001.cvc.smt::known
QF_AUFLIA/storeinv/storeinv_t1_pp_nf_ai_00010_001.cvc.smt::known
QF_AUFLIA/ios/ios_t1_ios_bia_np_sf_ai_00011_001.cvc.smt::known
QF_AUFLIA/ios/ios_t1_ios_np_sf_ai_00008_001.cvc.smt::known
QF_AUFLIA/ios/ios_t1_ios_np_sf_ai_00002_001.cvc.smt::known
QF_AUFLIA/ios/ios_t1_ios_bia_np_sf_ai_00009_001.cvc.smt::known
QF_AUFLIA/ios/ios_t1_ios_np_sf_ai_00015_001.cvc.smt::known
QF_AUFLIA/ios/ios_t1_ios_np_sf_ai_00004_001.cvc.smt::known
QF_AUFLIA/ios/ios_t1_ios_bia_np_sf_ai_00001_001.cvc.smt::known
QF_AUFLIA/ios/ios_t1_ios_np_sf_ai_00014_001.cvc.smt::known
QF_AUFLIA/ios/ios_t1_ios_np_sf_ai_00012_001.cvc.smt::known
QF_AUFLIA/ios/ios_t1_ios_bia_np_sf_ai_00004_001.cvc.smt::known
QF_AUFLIA/ios/ios_t1_ios_bia_np_sf_ai_00014_001.cvc.smt::known
QF_AUFLIA/ios/ios_t1_ios_bia_np_sf_ai_00015_001.cvc.smt::known
QF_AUFLIA/ios/ios_t1_ios_np_sf_ai_00009_001.cvc.smt::known
QF_AUFLIA/ios/ios_t1_ios_bia_np_sf_ai_00002_001.cvc.smt::known
QF_AUFLIA/ios/ios_t1_ios_np_sf_ai_00011_001.cvc.smt::known
QF_AUFLIA/ios/ios_t1_ios_np_sf_ai_00006_001.cvc.smt::known
QF_AUFLIA/ios/ios_t1_ios_bia_np_sf_ai_00012_001.cvc.smt::known
QF_AUFLIA/ios/ios_t1_ios_np_sf_ai_00003_001.cvc.smt::known
QF_AUFLIA/ios/ios_t1_ios_bia_np_sf_ai_00006_001.cvc.smt::known
QF_AUFLIA/ios/ios_t1_ios_bia_np_sf_ai_00003_001.cvc.smt::known
QF_AUFLIA/ios/ios_t1_ios_bia_np_sf_ai_00007_001.cvc.smt::known
QF_AUFLIA/ios/ios_t1_ios_bia_np_sf_ai_00008_001.cvc.smt::known
QF_AUFLIA/ios/ios_t1_ios_np_sf_ai_00007_001.cvc.smt::known
QF_AUFLIA/ios/ios_t1_ios_bia_np_sf_ai_00013_001.cvc.smt::known
QF_AUFLIA/ios/ios_t1_ios_np_sf_ai_00013_001.cvc.smt::known
QF_AUFLIA/ios/ios_t1_ios_bia_np_sf_ai_00005_001.cvc.smt::known
QF_AUFLIA/ios/ios_t1_ios_np_sf_ai_00010_001.cvc.smt::known
QF_AUFLIA/ios/ios_t1_ios_bia_np_sf_ai_00010_001.cvc.smt::known
QF_AUFLIA/ios/ios_t1_ios_np_sf_ai_00005_001.cvc.smt::known
QF_AUFLIA/ios/ios_t1_ios_np_sf_ai_00001_001.cvc.smt::known
QF_AUFLIA/array_benchmarks/pointer/pointer-safe-5.smt::known
QF_AUFLIA/array_benchmarks/pointer/pointer-invalid-5.smt::known
QF_AUFLIA/array_benchmarks/pointer/pointer-safe-15.smt::known
QF_AUFLIA/array_benchmarks/pointer/pointer-invalid-10.smt::known
QF_AUFLIA/array_benchmarks/pointer/pointer-invalid-15.smt::known
QF_AUFLIA/array_benchmarks/pointer/pointer-invalid-20.smt::known
QF_AUFLIA/array_benchmarks/pointer/pointer-safe-10.smt::known
QF_AUFLIA/array_benchmarks/pointer/pointer-safe-20.smt::known
QF_AUFLIA/array_benchmarks/misc/stack-th1-6.smt::known
QF_AUFLIA/array_benchmarks/misc/queue-th1-6.smt::known
QF_AUFLIA/array_benchmarks/misc/pipeline-invalid.smt::known
QF_AUFLIA/array_benchmarks/misc/stack-invalid-6.smt::known
QF_AUFLIA/array_benchmarks/misc/queue-th2-6.smt::known
QF_AUFLIA/array_benchmarks/misc/stack-th2-6.smt::known
QF_AUFLIA/array_benchmarks/qlock/qlock-bug-5.smt::known
QF_AUFLIA/array_benchmarks/qlock/qlock-mutex-5.smt::known
QF_AUFLIA/array_benchmarks/qlock/qlock-bug2-10.smt::known
QF_AUFLIA/array_benchmarks/qlock/qlock-bug-10.smt::known
QF_AUFLIA/array_benchmarks/qlock/qlock-bug2-20.smt::known
QF_AUFLIA/array_benchmarks/qlock/qlock-mutex-15.smt::known
QF_AUFLIA/array_benchmarks/qlock/qlock-bug2-15.smt::known
QF_AUFLIA/array_benchmarks/qlock/qlock-mutex-20.smt::yices
QF_AUFLIA/array_benchmarks/qlock/qlock-bug-20.smt::known
QF_AUFLIA/array_benchmarks/qlock/qlock-bug-15.smt::known
QF_AUFLIA/array_benchmarks/qlock/qlock-mutex-10.smt::known
QF_AUFLIA/swap/swap_t3_pp_sf_ai_00008_002.cvc.smt::known
QF_AUFLIA/swap/swap_invalid_t1_pp_sf_ai_00005_003.cvc.smt::known
QF_AUFLIA/swap/swap_t3_pp_nf_ai_00004_008.cvc.smt::known
QF_AUFLIA/swap/swap_t3_pp_nf_ai_00005_004.cvc.smt::known
QF_AUFLIA/swap/swap_invalid_t1_pp_nf_ai_00003_001.cvc.smt::known
QF_AUFLIA/swap/swap_t3_pp_sf_ai_00010_001.cvc.smt::known
QF_AUFLIA/swap/swap_t1_pp_nf_ai_00010_002.cvc.smt::yices
QF_AUFLIA/swap/swap_t3_pp_sf_ai_00008_007.cvc.smt::known
QF_AUFLIA/swap/swap_t1_pp_nf_ai_00004_006.cvc.smt::known
QF_AUFLIA/swap/swap_t1_pp_nf_ai_00007_006.cvc.smt::known
QF_AUFLIA/swap/swap_t1_pp_nf_ai_00003_007.cvc.smt::known
QF_AUFLIA/swap/swap_invalid_t3_pp_sf_ai_00006_002.cvc.smt::known
QF_AUFLIA/swap/swap_invalid_t3_pp_nf_ai_00010_001.cvc.smt::known
QF_AUFLIA/swap/swap_t3_pp_sf_ai_00006_004.cvc.smt::known
QF_AUFLIA/swap/swap_t3_pp_nf_ai_00008_002.cvc.smt::known
QF_AUFLIA/swap/swap_t1_pp_nf_ai_00003_001.cvc.smt::known
QF_AUFLIA/swap/swap_invalid_t3_pp_nf_ai_00009_008.cvc.smt::known
QF_AUFLIA/swap/swap_invalid_t3_pp_sf_ai_00003_006.cvc.smt::known
QF_AUFLIA/swap/swap_invalid_t1_pp_nf_ai_00008_004.cvc.smt::known
QF_AUFLIA/swap/swap_invalid_t3_pp_nf_ai_00009_001.cvc.smt::known
QF_AUFLIA/swap/swap_t1_pp_nf_ai_00007_001.cvc.smt::known
QF_AUFLIA/swap/swap_invalid_t1_pp_nf_ai_00004_009.cvc.smt::known
QF_AUFLIA/swap/swap_invalid_t1_pp_sf_ai_00007_002.cvc.smt::known
QF_AUFLIA/swap/swap_invalid_t1_pp_sf_ai_00007_007.cvc.smt::known
QF_AUFLIA/swap/swap_invalid_t3_pp_sf_ai_00010_004.cvc.smt::known
QF_AUFLIA/swap/swap_invalid_t3_pp_nf_ai_00004_008.cvc.smt::known
QF_AUFLIA/swap/swap_invalid_t3_pp_sf_ai_00004_002.cvc.smt::known
QF_AUFLIA/swap/swap_invalid_t3_pp_nf_ai_00005_006.cvc.smt::known
QF_AUFLIA/swap/swap_t1_pp_sf_ai_00010_002.cvc.smt::known
QF_AUFLIA/swap/swap_invalid_t3_pp_sf_ai_00010_007.cvc.smt::known
QF_AUFLIA/swap/swap_t1_pp_nf_ai_00007_004.cvc.smt::known
QF_AUFLIA/swap/swap_invalid_t1_pp_nf_ai_00009_005.cvc.smt::known
QF_AUFLIA/swap/swap_invalid_t3_pp_sf_ai_00008_006.cvc.smt::known
QF_AUFLIA/swap/swap_t1_pp_sf_ai_00002_003.cvc.smt::known
QF_AUFLIA/swap/swap_invalid_t1_pp_nf_ai_00002_002.cvc.smt::known
QF_AUFLIA/swap/swap_invalid_t1_pp_sf_ai_00005_008.cvc.smt::known
QF_AUFLIA/swap/swap_t3_pp_sf_ai_00005_008.cvc.smt::known
QF_AUFLIA/swap/swap_t3_pp_nf_ai_00004_009.cvc.smt::known
QF_AUFLIA/swap/swap_t1_pp_nf_ai_00007_008.cvc.smt::known
QF_AUFLIA/swap/swap_t3_pp_sf_ai_00006_005.cvc.smt::known
QF_AUFLIA/swap/swap_t3_pp_nf_ai_00008_007.cvc.smt::known
QF_AUFLIA/swap/swap_t1_pp_nf_ai_00009_005.cvc.smt::known
QF_AUFLIA/swap/swap_t3_pp_sf_ai_00008_006.cvc.smt::known
QF_AUFLIA/swap/swap_invalid_t3_pp_sf_ai_00010_003.cvc.smt::known
QF_AUFLIA/swap/swap_invalid_t1_pp_nf_ai_00002_006.cvc.smt::known
QF_AUFLIA/swap/swap_invalid_t3_pp_nf_ai_00006_001.cvc.smt::known
QF_AUFLIA/swap/swap_invalid_t3_pp_nf_ai_00003_007.cvc.smt::known
QF_AUFLIA/swap/swap_invalid_t1_pp_sf_ai_00008_004.cvc.smt::known
QF_AUFLIA/swap/swap_invalid_t1_pp_nf_ai_00007_006.cvc.smt::known
QF_AUFLIA/swap/swap_t1_pp_sf_ai_00008_005.cvc.smt::known
QF_AUFLIA/swap/swap_t3_pp_nf_ai_00005_005.cvc.smt::known
QF_AUFLIA/swap/swap_t1_pp_sf_ai_00010_009.cvc.smt::known
QF_AUFLIA/swap/swap_invalid_t1_pp_sf_ai_00005_009.cvc.smt::known
QF_AUFLIA/swap/swap_t1_pp_sf_ai_00008_004.cvc.smt::known
QF_AUFLIA/swap/swap_invalid_t1_pp_nf_ai_00005_003.cvc.smt::known
QF_AUFLIA/swap/swap_t3_pp_sf_ai_00007_005.cvc.smt::known
QF_AUFLIA/swap/swap_t1_pp_sf_ai_00006_009.cvc.smt::known
QF_AUFLIA/swap/swap_t1_pp_sf_ai_00003_008.cvc.smt::known
QF_AUFLIA/swap/swap_t3_pp_nf_ai_00006_007.cvc.smt::known
QF_AUFLIA/swap/swap_t3_pp_nf_ai_00004_007.cvc.smt::known
QF_AUFLIA/swap/swap_invalid_t3_pp_nf_ai_00003_005.cvc.smt::known
QF_AUFLIA/swap/swap_t3_pp_nf_ai_00003_005.cvc.smt::known
QF_AUFLIA/swap/swap_t3_pp_sf_ai_00003_001.cvc.smt::known
QF_AUFLIA/swap/swap_invalid_t1_pp_nf_ai_00003_006.cvc.smt::known
QF_AUFLIA/swap/swap_invalid_t1_pp_sf_ai_00003_008.cvc.smt::known
QF_AUFLIA/swap/swap_invalid_t3_pp_nf_ai_00004_004.cvc.smt::known
QF_AUFLIA/swap/swap_invalid_t1_pp_nf_ai_00008_008.cvc.smt::known
QF_AUFLIA/swap/swap_t1_pp_nf_ai_00008_003.cvc.smt::known
QF_AUFLIA/swap/swap_t1_pp_sf_ai_00004_008.cvc.smt::known
QF_AUFLIA/swap/swap_invalid_t1_pp_sf_ai_00004_008.cvc.smt::known
QF_AUFLIA/swap/swap_invalid_t3_pp_sf_ai_00004_007.cvc.smt::known
QF_AUFLIA/swap/swap_invalid_t1_pp_nf_ai_00005_009.cvc.smt::known
QF_AUFLIA/swap/swap_t1_pp_nf_ai_00006_001.cvc.smt::known
QF_AUFLIA/swap/swap_invalid_t1_pp_sf_ai_00002_006.cvc.smt::known
QF_AUFLIA/swap/swap_invalid_t1_pp_sf_ai_00010_002.cvc.smt::known
QF_AUFLIA/swap/swap_t3_pp_sf_ai_00003_007.cvc.smt::known
QF_AUFLIA/swap/swap_invalid_t1_pp_sf_ai_00007_005.cvc.smt::known
QF_AUFLIA/swap/swap_invalid_t3_pp_sf_ai_00008_009.cvc.smt::known
QF_AUFLIA/swap/swap_invalid_t1_pp_sf_ai_00004_006.cvc.smt::known
QF_AUFLIA/swap/swap_invalid_t1_pp_sf_ai_00009_003.cvc.smt::known
QF_AUFLIA/swap/swap_t1_pp_sf_ai_00005_005.cvc.smt::known
QF_AUFLIA/swap/swap_t1_pp_sf_ai_00005_003.cvc.smt::known
QF_AUFLIA/swap/swap_t1_pp_nf_ai_00003_008.cvc.smt::known
QF_AUFLIA/swap/swap_invalid_t1_pp_sf_ai_00007_009.cvc.smt::known
QF_AUFLIA/swap/swap_invalid_t1_pp_sf_ai_00010_001.cvc.smt::known
QF_AUFLIA/swap/swap_t1_pp_nf_ai_00010_005.cvc.smt::known
QF_AUFLIA/swap/swap_t1_pp_nf_ai_00006_008.cvc.smt::known
QF_AUFLIA/swap/swap_t3_pp_nf_ai_00005_007.cvc.smt::known
QF_AUFLIA/swap/swap_invalid_t1_pp_nf_ai_00008_007.cvc.smt::known
QF_AUFLIA/swap/swap_t1_pp_sf_ai_00002_005.cvc.smt::known
QF_AUFLIA/swap/swap_t3_pp_nf_ai_00003_002.cvc.smt::known
QF_AUFLIA/swap/swap_invalid_t1_pp_nf_ai_00006_008.cvc.smt::known
QF_AUFLIA/swap/swap_t1_pp_nf_ai_00005_002.cvc.smt::known
QF_AUFLIA/swap/swap_t1_pp_nf_ai_00009_001.cvc.smt::known
QF_AUFLIA/swap/swap_t1_pp_nf_ai_00004_002.cvc.smt::known
QF_AUFLIA/swap/swap_invalid_t1_pp_sf_ai_00005_004.cvc.smt::known
QF_AUFLIA/swap/swap_t1_pp_sf_ai_00009_001.cvc.smt::known
QF_AUFLIA/swap/swap_invalid_t3_pp_nf_ai_00007_001.cvc.smt::known
QF_AUFLIA/swap/swap_invalid_t3_pp_sf_ai_00006_007.cvc.smt::known
QF_AUFLIA/swap/swap_t1_pp_nf_ai_00009_002.cvc.smt::known
QF_AUFLIA/swap/swap_invalid_t1_pp_nf_ai_00004_002.cvc.smt::known
QF_AUFLIA/swap/swap_t3_pp_nf_ai_00007_003.cvc.smt::known
QF_AUFLIA/swap/swap_invalid_t3_pp_nf_ai_00007_003.cvc.smt::known
QF_AUFLIA/swap/swap_invalid_t1_pp_nf_ai_00010_009.cvc.smt::known
QF_AUFLIA/swap/swap_t1_pp_nf_ai_00006_005.cvc.smt::known
QF_AUFLIA/swap/swap_invalid_t3_pp_nf_ai_00010_002.cvc.smt::known
QF_AUFLIA/swap/swap_invalid_t1_pp_nf_ai_00009_002.cvc.smt::known
QF_AUFLIA/swap/swap_invalid_t1_pp_nf_ai_00004_007.cvc.smt::known
QF_AUFLIA/swap/swap_t3_pp_nf_ai_00008_005.cvc.smt::known
QF_AUFLIA/swap/swap_invalid_t3_pp_nf_ai_00002_005.cvc.smt::known
QF_AUFLIA/swap/swap_invalid_t1_pp_nf_ai_00003_004.cvc.smt::known
QF_AUFLIA/swap/swap_t1_pp_sf_ai_00006_006.cvc.smt::known
QF_AUFLIA/swap/swap_t1_pp_sf_ai_00002_008.cvc.smt::known
QF_AUFLIA/swap/swap_invalid_t1_pp_sf_ai_00004_001.cvc.smt::known
QF_AUFLIA/swap/swap_t1_pp_sf_ai_00008_009.cvc.smt::known
QF_AUFLIA/swap/swap_t3_pp_sf_ai_00007_003.cvc.smt::known
QF_AUFLIA/swap/swap_invalid_t1_pp_nf_ai_00005_007.cvc.smt::known
QF_AUFLIA/swap/swap_t1_pp_sf_ai_00010_004.cvc.smt::known
QF_AUFLIA/swap/swap_invalid_t1_pp_sf_ai_00005_002.cvc.smt::known
QF_AUFLIA/swap/swap_invalid_t1_pp_sf_ai_00007_008.cvc.smt::known
QF_AUFLIA/swap/swap_t1_pp_sf_ai_00005_002.cvc.smt::known
QF_AUFLIA/swap/swap_invalid_t3_pp_sf_ai_00009_009.cvc.smt::known
QF_AUFLIA/swap/swap_t3_pp_sf_ai_00005_004.cvc.smt::known
QF_AUFLIA/swap/swap_t3_pp_sf_ai_00006_003.cvc.smt::known
QF_AUFLIA/swap/swap_t3_pp_sf_ai_00009_009.cvc.smt::known
QF_AUFLIA/swap/swap_invalid_t1_pp_nf_ai_00007_009.cvc.smt::known
QF_AUFLIA/swap/swap_t1_pp_sf_ai_00009_007.cvc.smt::known
QF_AUFLIA/swap/swap_invalid_t1_pp_nf_ai_00005_002.cvc.smt::known
QF_AUFLIA/swap/swap_t1_pp_nf_ai_00006_002.cvc.smt::known
QF_AUFLIA/swap/swap_t1_pp_nf_ai_00008_008.cvc.smt::known
QF_AUFLIA/swap/swap_t1_pp_nf_ai_00002_006.cvc.smt::known
QF_AUFLIA/swap/swap_invalid_t1_pp_sf_ai_00010_008.cvc.smt::known
QF_AUFLIA/swap/swap_invalid_t1_pp_sf_ai_00005_001.cvc.smt::known
QF_AUFLIA/swap/swap_invalid_t3_pp_sf_ai_00009_006.cvc.smt::known
QF_AUFLIA/swap/swap_t3_pp_sf_ai_00004_009.cvc.smt::known
QF_AUFLIA/swap/swap_invalid_t1_pp_nf_ai_00006_002.cvc.smt::known
QF_AUFLIA/swap/swap_t3_pp_sf_ai_00005_001.cvc.smt::known
QF_AUFLIA/swap/swap_t1_pp_nf_ai_00010_008.cvc.smt::known
QF_AUFLIA/swap/swap_t3_pp_nf_ai_00005_008.cvc.smt::known
QF_AUFLIA/swap/swap_invalid_t1_pp_nf_ai_00009_004.cvc.smt::known
QF_AUFLIA/swap/swap_t1_pp_nf_ai_00002_001.cvc.smt::known
QF_AUFLIA/swap/swap_t1_pp_sf_ai_00004_003.cvc.smt::known
QF_AUFLIA/swap/swap_t3_pp_sf_ai_00004_006.cvc.smt::known
QF_AUFLIA/swap/swap_t1_pp_nf_ai_00008_009.cvc.smt::known
QF_AUFLIA/swap/swap_invalid_t1_pp_nf_ai_00002_009.cvc.smt::known
QF_AUFLIA/swap/swap_t1_pp_sf_ai_00003_003.cvc.smt::known
QF_AUFLIA/swap/swap_invalid_t1_pp_sf_ai_00009_002.cvc.smt::known
QF_AUFLIA/swap/swap_invalid_t1_pp_nf_ai_00008_001.cvc.smt::known
QF_AUFLIA/swap/swap_invalid_t3_pp_nf_ai_00006_009.cvc.smt::known
QF_AUFLIA/swap/swap_t3_pp_nf_ai_00005_006.cvc.smt::known
QF_AUFLIA/swap/swap_t1_pp_sf_ai_00003_002.cvc.smt::known
QF_AUFLIA/swap/swap_t1_pp_sf_ai_00009_002.cvc.smt::known
QF_AUFLIA/swap/swap_t1_pp_nf_ai_00009_006.cvc.smt::known
QF_AUFLIA/swap/swap_invalid_t1_pp_sf_ai_00007_004.cvc.smt::known
QF_AUFLIA/swap/swap_invalid_t1_pp_sf_ai_00006_009.cvc.smt::known
QF_AUFLIA/swap/swap_t1_pp_nf_ai_00010_004.cvc.smt::known
QF_AUFLIA/swap/swap_t1_pp_nf_ai_00004_004.cvc.smt::known
QF_AUFLIA/swap/swap_t3_pp_sf_ai_00009_008.cvc.smt::known
QF_AUFLIA/swap/swap_invalid_t3_pp_sf_ai_00010_009.cvc.smt::known
QF_AUFLIA/swap/swap_invalid_t1_pp_nf_ai_00004_003.cvc.smt::known
QF_AUFLIA/swap/swap_t3_pp_nf_ai_00004_001.cvc.smt::known
QF_AUFLIA/swap/swap_t1_pp_sf_ai_00002_002.cvc.smt::known
QF_AUFLIA/swap/swap_invalid_t1_pp_nf_ai_00009_003.cvc.smt::known
QF_AUFLIA/swap/swap_t1_pp_sf_ai_00008_001.cvc.smt::known
QF_AUFLIA/swap/swap_t1_pp_sf_ai_00007_002.cvc.smt::known
QF_AUFLIA/swap/swap_t1_pp_sf_ai_00010_005.cvc.smt::known
QF_AUFLIA/swap/swap_invalid_t1_pp_nf_ai_00006_005.cvc.smt::known
QF_AUFLIA/swap/swap_invalid_t3_pp_sf_ai_00004_003.cvc.smt::known
QF_AUFLIA/swap/swap_invalid_t1_pp_sf_ai_00002_002.cvc.smt::known
QF_AUFLIA/swap/swap_invalid_t3_pp_sf_ai_00006_005.cvc.smt::known
QF_AUFLIA/swap/swap_t3_pp_nf_ai_00007_005.cvc.smt::known
QF_AUFLIA/swap/swap_invalid_t3_pp_nf_ai_00004_001.cvc.smt::known
QF_AUFLIA/swap/swap_invalid_t3_pp_nf_ai_00005_004.cvc.smt::known
QF_AUFLIA/swap/swap_t1_pp_sf_ai_00006_002.cvc.smt::known
QF_AUFLIA/swap/swap_invalid_t3_pp_nf_ai_00008_002.cvc.smt::known
QF_AUFLIA/swap/swap_t3_pp_sf_ai_00010_003.cvc.smt::known
QF_AUFLIA/swap/swap_t1_pp_nf_ai_00007_009.cvc.smt::known
QF_AUFLIA/swap/swap_t3_pp_sf_ai_00004_005.cvc.smt::known
QF_AUFLIA/swap/swap_invalid_t1_pp_nf_ai_00007_007.cvc.smt::known
QF_AUFLIA/swap/swap_t3_pp_sf_ai_00002_006.cvc.smt::known
QF_AUFLIA/swap/swap_invalid_t1_pp_nf_ai_00009_007.cvc.smt::known
QF_AUFLIA/swap/swap_t1_pp_nf_ai_00006_004.cvc.smt::known
QF_AUFLIA/swap/swap_invalid_t1_pp_sf_ai_00005_005.cvc.smt::known
QF_AUFLIA/swap/swap_t3_pp_nf_ai_00005_009.cvc.smt::known
QF_AUFLIA/swap/swap_t1_pp_sf_ai_00003_005.cvc.smt::known
QF_AUFLIA/swap/swap_invalid_t1_pp_sf_ai_00008_003.cvc.smt::known
QF_AUFLIA/swap/swap_invalid_t1_pp_sf_ai_00002_008.cvc.smt::known
QF_AUFLIA/swap/swap_invalid_t1_pp_nf_ai_00007_008.cvc.smt::known
QF_AUFLIA/swap/swap_t3_pp_nf_ai_00009_003.cvc.smt::known
QF_AUFLIA/swap/swap_invalid_t3_pp_sf_ai_00003_001.cvc.smt::known
QF_AUFLIA/swap/swap_t3_pp_nf_ai_00004_005.cvc.smt::known
QF_AUFLIA/swap/swap_t1_pp_sf_ai_00004_004.cvc.smt::known
QF_AUFLIA/swap/swap_t1_pp_sf_ai_00002_001.cvc.smt::known
QF_AUFLIA/swap/swap_invalid_t3_pp_sf_ai_00009_001.cvc.smt::known
QF_AUFLIA/swap/swap_invalid_t3_pp_sf_ai_00002_009.cvc.smt::known
QF_AUFLIA/swap/swap_invalid_t3_pp_sf_ai_00004_005.cvc.smt::known
QF_AUFLIA/swap/swap_t1_pp_nf_ai_00006_003.cvc.smt::known
QF_AUFLIA/swap/swap_t1_pp_sf_ai_00007_001.cvc.smt::known
QF_AUFLIA/swap/swap_invalid_t3_pp_nf_ai_00009_006.cvc.smt::known
QF_AUFLIA/swap/swap_invalid_t3_pp_nf_ai_00008_006.cvc.smt::known
QF_AUFLIA/swap/swap_invalid_t3_pp_nf_ai_00010_006.cvc.smt::known
QF_AUFLIA/swap/swap_invalid_t1_pp_nf_ai_00010_008.cvc.smt::known
QF_AUFLIA/swap/swap_invalid_t1_pp_sf_ai_00007_006.cvc.smt::known
QF_AUFLIA/swap/swap_invalid_t3_pp_sf_ai_00007_001.cvc.smt::known
QF_AUFLIA/swap/swap_invalid_t3_pp_sf_ai_00010_006.cvc.smt::known
QF_AUFLIA/swap/swap_invalid_t3_pp_sf_ai_00003_007.cvc.smt::known
QF_AUFLIA/swap/swap_t3_pp_sf_ai_00005_009.cvc.smt::known
QF_AUFLIA/swap/swap_t3_pp_nf_ai_00010_009.cvc.smt::known
QF_AUFLIA/swap/swap_t1_pp_nf_ai_00003_003.cvc.smt::known
QF_AUFLIA/swap/swap_t1_pp_sf_ai_00004_001.cvc.smt::known
QF_AUFLIA/swap/swap_invalid_t3_pp_sf_ai_00002_005.cvc.smt::known
QF_AUFLIA/swap/swap_t1_pp_sf_ai_00005_007.cvc.smt::known
QF_AUFLIA/swap/swap_t1_pp_sf_ai_00010_006.cvc.smt::known
QF_AUFLIA/swap/swap_invalid_t1_pp_nf_ai_00004_005.cvc.smt::known
QF_AUFLIA/swap/swap_invalid_t1_pp_nf_ai_00005_008.cvc.smt::known
QF_AUFLIA/swap/swap_t3_pp_nf_ai_00009_008.cvc.smt::known
QF_AUFLIA/swap/swap_invalid_t1_pp_sf_ai_00008_005.cvc.smt::known
QF_AUFLIA/swap/swap_invalid_t1_pp_sf_ai_00009_004.cvc.smt::known
QF_AUFLIA/swap/swap_t1_pp_nf_ai_00002_003.cvc.smt::known
QF_AUFLIA/swap/swap_t3_pp_sf_ai_00006_008.cvc.smt::known
QF_AUFLIA/swap/swap_invalid_t3_pp_sf_ai_00003_004.cvc.smt::known
QF_AUFLIA/swap/swap_t3_pp_sf_ai_00010_007.cvc.smt::known
QF_AUFLIA/swap/swap_invalid_t1_pp_nf_ai_00008_005.cvc.smt::known
QF_AUFLIA/swap/swap_t1_pp_sf_ai_00006_007.cvc.smt::known
QF_AUFLIA/swap/swap_t3_pp_nf_ai_00010_003.cvc.smt::known
QF_AUFLIA/swap/swap_t1_pp_nf_ai_00004_003.cvc.smt::known
QF_AUFLIA/swap/swap_invalid_t3_pp_nf_ai_00008_003.cvc.smt::known
QF_AUFLIA/swap/swap_t3_pp_nf_ai_00010_006.cvc.smt::known
QF_AUFLIA/swap/swap_t1_pp_sf_ai_00009_004.cvc.smt::known
QF_AUFLIA/swap/swap_invalid_t1_pp_sf_ai_00006_008.cvc.smt::known
QF_AUFLIA/swap/swap_invalid_t1_pp_nf_ai_00010_005.cvc.smt::known
QF_AUFLIA/swap/swap_t1_pp_nf_ai_00008_001.cvc.smt::known
QF_AUFLIA/swap/swap_t1_pp_sf_ai_00010_008.cvc.smt::known
QF_AUFLIA/swap/swap_invalid_t1_pp_sf_ai_00007_003.cvc.smt::known
QF_AUFLIA/swap/swap_t3_pp_sf_ai_00009_006.cvc.smt::known
QF_AUFLIA/swap/swap_t1_pp_nf_ai_00007_007.cvc.smt::known
QF_AUFLIA/swap/swap_t1_pp_sf_ai_00006_001.cvc.smt::known
QF_AUFLIA/swap/swap_t3_pp_nf_ai_00003_006.cvc.smt::known
QF_AUFLIA/swap/swap_t3_pp_nf_ai_00006_006.cvc.smt::known
QF_AUFLIA/swap/swap_invalid_t3_pp_sf_ai_00003_005.cvc.smt::known
QF_AUFLIA/swap/swap_invalid_t1_pp_sf_ai_00004_009.cvc.smt::known
QF_AUFLIA/swap/swap_invalid_t3_pp_sf_ai_00008_001.cvc.smt::known
QF_AUFLIA/swap/swap_invalid_t3_pp_nf_ai_00003_008.cvc.smt::known
QF_AUFLIA/swap/swap_t3_pp_nf_ai_00005_001.cvc.smt::known
QF_AUFLIA/swap/swap_t1_pp_nf_ai_00006_009.cvc.smt::known
QF_AUFLIA/swap/swap_invalid_t1_pp_sf_ai_00005_006.cvc.smt::known
QF_AUFLIA/swap/swap_t3_pp_sf_ai_00005_006.cvc.smt::known
QF_AUFLIA/swap/swap_invalid_t3_pp_nf_ai_00007_005.cvc.smt::known
QF_AUFLIA/swap/swap_t1_pp_sf_ai_00004_007.cvc.smt::known
QF_AUFLIA/swap/swap_invalid_t1_pp_sf_ai_00009_007.cvc.smt::known
QF_AUFLIA/swap/swap_t3_pp_sf_ai_00003_006.cvc.smt::known
QF_AUFLIA/swap/swap_t1_pp_nf_ai_00003_004.cvc.smt::known
QF_AUFLIA/swap/swap_invalid_t3_pp_nf_ai_00010_004.cvc.smt::known
QF_AUFLIA/swap/swap_invalid_t1_pp_sf_ai_00004_004.cvc.smt::known
QF_AUFLIA/swap/swap_t1_pp_nf_ai_00009_007.cvc.smt::known
QF_AUFLIA/swap/swap_invalid_t1_pp_sf_ai_00010_005.cvc.smt::known
QF_AUFLIA/swap/swap_invalid_t3_pp_nf_ai_00010_007.cvc.smt::known
QF_AUFLIA/swap/swap_invalid_t3_pp_nf_ai_00008_009.cvc.smt::known
QF_AUFLIA/swap/swap_t1_pp_sf_ai_00007_009.cvc.smt::known
QF_AUFLIA/swap/swap_t3_pp_sf_ai_00003_004.cvc.smt::known
QF_AUFLIA/swap/swap_invalid_t1_pp_sf_ai_00008_007.cvc.smt::known
QF_AUFLIA/swap/swap_invalid_t3_pp_nf_ai_00005_001.cvc.smt::known
QF_AUFLIA/swap/swap_t3_pp_sf_ai_00007_006.cvc.smt::known
QF_AUFLIA/swap/swap_t1_pp_nf_ai_00007_002.cvc.smt::known
QF_AUFLIA/swap/swap_invalid_t3_pp_sf_ai_00003_002.cvc.smt::known
QF_AUFLIA/swap/swap_invalid_t1_pp_nf_ai_00009_009.cvc.smt::known
QF_AUFLIA/swap/swap_invalid_t3_pp_nf_ai_00006_004.cvc.smt::known
QF_AUFLIA/swap/swap_invalid_t3_pp_sf_ai_00008_008.cvc.smt::known
QF_AUFLIA/swap/swap_invalid_t1_pp_nf_ai_00006_006.cvc.smt::known
QF_AUFLIA/swap/swap_invalid_t3_pp_sf_ai_00006_001.cvc.smt::known
QF_AUFLIA/swap/swap_t3_pp_nf_ai_00010_007.cvc.smt::known
QF_AUFLIA/swap/swap_invalid_t1_pp_nf_ai_00005_005.cvc.smt::known
QF_AUFLIA/swap/swap_t3_pp_nf_ai_00010_001.cvc.smt::known
QF_AUFLIA/swap/swap_invalid_t3_pp_sf_ai_00009_005.cvc.smt::known
QF_AUFLIA/swap/swap_invalid_t1_pp_sf_ai_00009_008.cvc.smt::known
QF_AUFLIA/swap/swap_t3_pp_nf_ai_00009_004.cvc.smt::known
QF_AUFLIA/swap/swap_t3_pp_nf_ai_00005_003.cvc.smt::known
QF_AUFLIA/swap/swap_invalid_t3_pp_nf_ai_00006_007.cvc.smt::known
QF_AUFLIA/swap/swap_invalid_t1_pp_nf_ai_00004_006.cvc.smt::known
QF_AUFLIA/swap/swap_invalid_t3_pp_sf_ai_00006_003.cvc.smt::known
QF_AUFLIA/swap/swap_t1_pp_sf_ai_00009_003.cvc.smt::known
QF_AUFLIA/swap/swap_invalid_t1_pp_sf_ai_00005_007.cvc.smt::known
QF_AUFLIA/swap/swap_t1_pp_sf_ai_00008_008.cvc.smt::known
QF_AUFLIA/swap/swap_invalid_t1_pp_nf_ai_00007_002.cvc.smt::known
QF_AUFLIA/swap/swap_t1_pp_nf_ai_00008_004.cvc.smt::known
QF_AUFLIA/swap/swap_t3_pp_sf_ai_00009_005.cvc.smt::known
QF_AUFLIA/swap/swap_t1_pp_sf_ai_00008_003.cvc.smt::known
QF_AUFLIA/swap/swap_t3_pp_sf_ai_00007_007.cvc.smt::known
QF_AUFLIA/swap/swap_invalid_t1_pp_nf_ai_00003_002.cvc.smt::known
QF_AUFLIA/swap/swap_t1_pp_sf_ai_00007_004.cvc.smt::known
QF_AUFLIA/swap/swap_t3_pp_nf_ai_00008_006.cvc.smt::known
QF_AUFLIA/swap/swap_invalid_t1_pp_nf_ai_00007_004.cvc.smt::known
QF_AUFLIA/swap/swap_t1_pp_nf_ai_00002_002.cvc.smt::known
QF_AUFLIA/swap/swap_invalid_t3_pp_sf_ai_00006_004.cvc.smt::known
QF_AUFLIA/swap/swap_invalid_t3_pp_sf_ai_00006_006.cvc.smt::known
QF_AUFLIA/swap/swap_t3_pp_nf_ai_00009_009.cvc.smt::known
QF_AUFLIA/swap/swap_invalid_t3_pp_nf_ai_00010_003.cvc.smt::known
QF_AUFLIA/swap/swap_t3_pp_nf_ai_00002_005.cvc.smt::known
QF_AUFLIA/swap/swap_invalid_t3_pp_sf_ai_00008_002.cvc.smt::known
QF_AUFLIA/swap/swap_t3_pp_sf_ai_00004_002.cvc.smt::known
QF_AUFLIA/swap/swap_invalid_t3_pp_nf_ai_00006_003.cvc.smt::known
QF_AUFLIA/swap/swap_t1_pp_sf_ai_00007_008.cvc.smt::known
QF_AUFLIA/cvc/pp-pc-s2i.smt::known
QF_AUFLIA/cvc/fb_var_27_8.smt::known
QF_AUFLIA/cvc/dlx-dmem.smt::known
QF_AUFLIA/cvc/pp-dmem-a.smt::known
QF_AUFLIA/cvc/fb_var_5_12.smt::known
QF_AUFLIA/cvc/fb_var_6_12.smt::known
QF_AUFLIA/cvc/pp-TakenBranch-s2e.smt::known
QF_AUFLIA/cvc/fb_var_33_6.smt::known
QF_AUFLIA/cvc/read8.smt::known
QF_AUFLIA/cvc/pp-dmem.smt::known
QF_AUFLIA/cvc/add5.smt::known
QF_AUFLIA/cvc/pp-bloaddata-a.smt::known
QF_AUFLIA/cvc/pp-regfile.smt::known
QF_AUFLIA/cvc/dlx-pc.smt::known
QF_AUFLIA/cvc/add4.smt::known
QF_AUFLIA/cvc/pp-invariant.smt::known
QF_AUFLIA/cvc/fb_var_12_11.smt::known
QF_AUFLIA/cvc/dlx-regfile.smt::known
QF_AUFLIA/cvc/pp-dmem2.smt::known
QF_AUFLIA/cvc/read2.smt::known
QF_AUFLIA/cvc/pp-bloaddata.smt::known
QF_AUFLIA/cvc/add6.smt::known
QF_AUFLIA/cvc/read7.smt::known
QF_AUFLIA/cvc/read6.smt::known
QF_AUFLIA/check/int_incompleteness3.smt::known
QF_AUFLIA/check/int_incompleteness2.smt::known
QF_AUFLIA/check/bignum_lia1.smt::known
QF_AUFLIA/check/array_incompleteness1.smt::known
QF_AUFLIA/check/int_incompleteness1.smt::known
QF_AUFLIA/check/bignum_lia2.smt::known
