QF_BV/VS3/VS3-benchmark-A10.smt::unknown
QF_BV/VS3/VS3-benchmark-A11.smt::unknown
QF_BV/VS3/VS3-benchmark-A12.smt::unknown
QF_BV/VS3/VS3-benchmark-A13.smt::unknown
QF_BV/VS3/VS3-benchmark-A6.smt::unknown
QF_BV/VS3/VS3-benchmark-A7.smt::unknown
QF_BV/VS3/VS3-benchmark-A8.smt::unknown
QF_BV/VS3/VS3-benchmark-A9.smt::unknown
QF_BV/VS3/VS3-benchmark-S1.smt::z3
QF_BV/VS3/VS3-benchmark-S2.smt::unknown
QF_BV/VS3/VS3-benchmark-S3.smt::unknown
QF_BV/bench_ab/a100test0001.smt::known
QF_BV/bench_ab/a101test0002.smt::known
QF_BV/bench_ab/a114test0001.smt::known
QF_BV/bench_ab/a115test0002.smt::known
QF_BV/bench_ab/a116test0003.smt::known
QF_BV/bench_ab/a121test0001.smt::known
QF_BV/bench_ab/a122test0002.smt::known
QF_BV/bench_ab/a123test0003.smt::known
QF_BV/bench_ab/a124test0004.smt::known
QF_BV/bench_ab/a127test0009.smt::known
QF_BV/bench_ab/a128test0016.smt::known
QF_BV/bench_ab/a12test0001.smt::known
QF_BV/bench_ab/a13test0002.smt::known
QF_BV/bench_ab/a163test0021.smt::known
QF_BV/bench_ab/a164test0005.smt::known
QF_BV/bench_ab/a165test0010.smt::known
QF_BV/bench_ab/a166test0014.smt::known
QF_BV/bench_ab/a167test0001.smt::known
QF_BV/bench_ab/a168test0018.smt::known
QF_BV/bench_ab/a169test0012.smt::known
QF_BV/bench_ab/a170test0017.smt::known
QF_BV/bench_ab/a171test0019.smt::known
QF_BV/bench_ab/a172test0002.smt::known
QF_BV/bench_ab/a173test0011.smt::known
QF_BV/bench_ab/a174test0003.smt::known
QF_BV/bench_ab/a175test0013.smt::known
QF_BV/bench_ab/a176test0022.smt::known
QF_BV/bench_ab/a177test0006.smt::known
QF_BV/bench_ab/a178test0007.smt::known
QF_BV/bench_ab/a179test0008.smt::known
QF_BV/bench_ab/a180test0004.smt::known
QF_BV/bench_ab/a181test0020.smt::known
QF_BV/bench_ab/a182test0015.smt::known
QF_BV/bench_ab/a185test0001.smt::known
QF_BV/bench_ab/a186test0002.smt::known
QF_BV/bench_ab/a187test0009.smt::known
QF_BV/bench_ab/a188test0016.smt::known
QF_BV/bench_ab/a208test0005.smt::known
QF_BV/bench_ab/a209test0010.smt::known
QF_BV/bench_ab/a210test0014.smt::known
QF_BV/bench_ab/a211test0001.smt::known
QF_BV/bench_ab/a212test0018.smt::known
QF_BV/bench_ab/a213test0012.smt::known
QF_BV/bench_ab/a214test0017.smt::known
QF_BV/bench_ab/a215test0019.smt::known
QF_BV/bench_ab/a216test0002.smt::known
QF_BV/bench_ab/a217test0011.smt::known
QF_BV/bench_ab/a218test0003.smt::known
QF_BV/bench_ab/a219test0013.smt::known
QF_BV/bench_ab/a220test0006.smt::known
QF_BV/bench_ab/a221test0007.smt::known
QF_BV/bench_ab/a222test0008.smt::known
QF_BV/bench_ab/a223test0004.smt::known
QF_BV/bench_ab/a224test0015.smt::known
QF_BV/bench_ab/a240test0001.smt::known
QF_BV/bench_ab/a241test0002.smt::known
QF_BV/bench_ab/a242test0003.smt::known
QF_BV/bench_ab/a30test0009.smt::known
QF_BV/bench_ab/a311test0009.smt::known
QF_BV/bench_ab/a31test0016.smt::known
QF_BV/bench_ab/a323test0005.smt::known
QF_BV/bench_ab/a324test0010.smt::known
QF_BV/bench_ab/a325test0001.smt::known
QF_BV/bench_ab/a326test0002.smt::known
QF_BV/bench_ab/a327test0011.smt::known
QF_BV/bench_ab/a328test0003.smt::known
QF_BV/bench_ab/a329test0006.smt::known
QF_BV/bench_ab/a330test0007.smt::known
QF_BV/bench_ab/a331test0008.smt::known
QF_BV/bench_ab/a332test0004.smt::known
QF_BV/bench_ab/a333test0009.smt::known
QF_BV/bench_ab/a334test0016.smt::known
QF_BV/bench_ab/a335test0041.smt::known
QF_BV/bench_ab/a388test0040.smt::known
QF_BV/bench_ab/a389test0021.smt::known
QF_BV/bench_ab/a390test0005.smt::known
QF_BV/bench_ab/a391test0010.smt::known
QF_BV/bench_ab/a392test0051.smt::known
QF_BV/bench_ab/a393test0014.smt::known
QF_BV/bench_ab/a394test0036.smt::known
QF_BV/bench_ab/a395test0001.smt::known
QF_BV/bench_ab/a396test0018.smt::known
QF_BV/bench_ab/a397test0029.smt::known
QF_BV/bench_ab/a398test0035.smt::known
QF_BV/bench_ab/a399test0012.smt::known
QF_BV/bench_ab/a400test0025.smt::known
QF_BV/bench_ab/a401test0052.smt::known
QF_BV/bench_ab/a402test0032.smt::known
QF_BV/bench_ab/a403test0043.smt::known
QF_BV/bench_ab/a404test0017.smt::known
QF_BV/bench_ab/a405test0019.smt::known
QF_BV/bench_ab/a406test0030.smt::known
QF_BV/bench_ab/a407test0024.smt::known
QF_BV/bench_ab/a408test0044.smt::known
QF_BV/bench_ab/a409test0002.smt::known
QF_BV/bench_ab/a410test0042.smt::known
QF_BV/bench_ab/a411test0047.smt::known
QF_BV/bench_ab/a412test0023.smt::known
QF_BV/bench_ab/a413test0011.smt::known
QF_BV/bench_ab/a414test0003.smt::known
QF_BV/bench_ab/a415test0026.smt::known
QF_BV/bench_ab/a416test0038.smt::known
QF_BV/bench_ab/a417test0013.smt::known
QF_BV/bench_ab/a418test0022.smt::known
QF_BV/bench_ab/a419test0045.smt::known
QF_BV/bench_ab/a420test0006.smt::known
QF_BV/bench_ab/a421test0007.smt::known
QF_BV/bench_ab/a422test0046.smt::known
QF_BV/bench_ab/a423test0008.smt::known
QF_BV/bench_ab/a424test0004.smt::known
QF_BV/bench_ab/a425test0037.smt::known
QF_BV/bench_ab/a426test0049.smt::known
QF_BV/bench_ab/a427test0048.smt::known
QF_BV/bench_ab/a428test0033.smt::known
QF_BV/bench_ab/a429test0020.smt::known
QF_BV/bench_ab/a430test0028.smt::known
QF_BV/bench_ab/a431test0034.smt::known
QF_BV/bench_ab/a432test0031.smt::known
QF_BV/bench_ab/a433test0015.smt::known
QF_BV/bench_ab/a434test0027.smt::known
QF_BV/bench_ab/a435test0039.smt::known
QF_BV/bench_ab/a436test0050.smt::known
QF_BV/bench_ab/a438test0001.smt::known
QF_BV/bench_ab/a445test0005.smt::known
QF_BV/bench_ab/a446test0001.smt::known
QF_BV/bench_ab/a447test0002.smt::known
QF_BV/bench_ab/a448test0003.smt::known
QF_BV/bench_ab/a449test0006.smt::known
QF_BV/bench_ab/a450test0004.smt::known
QF_BV/bench_ab/a451test0009.smt::known
QF_BV/bench_ab/a452test0016.smt::known
QF_BV/bench_ab/a477test0021.smt::known
QF_BV/bench_ab/a478test0005.smt::known
QF_BV/bench_ab/a479test0010.smt::known
QF_BV/bench_ab/a480test0014.smt::known
QF_BV/bench_ab/a481test0001.smt::known
QF_BV/bench_ab/a482test0018.smt::known
QF_BV/bench_ab/a483test0012.smt::known
QF_BV/bench_ab/a484test0017.smt::known
QF_BV/bench_ab/a485test0019.smt::known
QF_BV/bench_ab/a486test0024.smt::known
QF_BV/bench_ab/a487test0002.smt::known
QF_BV/bench_ab/a488test0023.smt::known
QF_BV/bench_ab/a489test0011.smt::known
QF_BV/bench_ab/a48test0005.smt::known
QF_BV/bench_ab/a490test0003.smt::known
QF_BV/bench_ab/a491test0013.smt::known
QF_BV/bench_ab/a492test0022.smt::known
QF_BV/bench_ab/a493test0006.smt::known
QF_BV/bench_ab/a494test0007.smt::known
QF_BV/bench_ab/a495test0008.smt::known
QF_BV/bench_ab/a496test0004.smt::known
QF_BV/bench_ab/a497test0020.smt::known
QF_BV/bench_ab/a498test0015.smt::known
QF_BV/bench_ab/a499test0009.smt::known
QF_BV/bench_ab/a49test0010.smt::known
QF_BV/bench_ab/a4test0001.smt::known
QF_BV/bench_ab/a500test0072.smt::known
QF_BV/bench_ab/a501test0016.smt::known
QF_BV/bench_ab/a502test0041.smt::known
QF_BV/bench_ab/a503test0089.smt::known
QF_BV/bench_ab/a50test0014.smt::known
QF_BV/bench_ab/a51test0001.smt::known
QF_BV/bench_ab/a52test0012.smt::known
QF_BV/bench_ab/a53test0002.smt::known
QF_BV/bench_ab/a54test0011.smt::known
QF_BV/bench_ab/a55test0003.smt::known
QF_BV/bench_ab/a56test0013.smt::known
QF_BV/bench_ab/a57test0006.smt::known
QF_BV/bench_ab/a58test0007.smt::known
QF_BV/bench_ab/a599test0082.smt::known
QF_BV/bench_ab/a59test0008.smt::known
QF_BV/bench_ab/a5test0002.smt::known
QF_BV/bench_ab/a600test0040.smt::known
QF_BV/bench_ab/a601test0056.smt::known
QF_BV/bench_ab/a602test0097.smt::known
QF_BV/bench_ab/a603test0055.smt::known
QF_BV/bench_ab/a604test0102.smt::known
QF_BV/bench_ab/a605test0062.smt::known
QF_BV/bench_ab/a606test0021.smt::known
QF_BV/bench_ab/a607test0005.smt::known
QF_BV/bench_ab/a608test0010.smt::known
QF_BV/bench_ab/a609test0051.smt::known
QF_BV/bench_ab/a60test0004.smt::known
QF_BV/bench_ab/a610test0104.smt::known
QF_BV/bench_ab/a611test0014.smt::known
QF_BV/bench_ab/a612test0036.smt::known
QF_BV/bench_ab/a613test0087.smt::known
QF_BV/bench_ab/a614test0091.smt::known
QF_BV/bench_ab/a615test0093.smt::known
QF_BV/bench_ab/a616test0001.smt::known
QF_BV/bench_ab/a617test0018.smt::known
QF_BV/bench_ab/a618test0075.smt::known
QF_BV/bench_ab/a619test0065.smt::known
QF_BV/bench_ab/a61test0015.smt::known
QF_BV/bench_ab/a620test0100.smt::known
QF_BV/bench_ab/a621test0086.smt::known
QF_BV/bench_ab/a622test0029.smt::known
QF_BV/bench_ab/a623test0035.smt::known
QF_BV/bench_ab/a624test0012.smt::known
QF_BV/bench_ab/a625test0095.smt::known
QF_BV/bench_ab/a626test0025.smt::known
QF_BV/bench_ab/a627test0061.smt::known
QF_BV/bench_ab/a628test0066.smt::known
QF_BV/bench_ab/a629test0052.smt::known
QF_BV/bench_ab/a630test0067.smt::known
QF_BV/bench_ab/a631test0073.smt::known
QF_BV/bench_ab/a632test0083.smt::known
QF_BV/bench_ab/a633test0076.smt::known
QF_BV/bench_ab/a634test0059.smt::known
QF_BV/bench_ab/a635test0032.smt::known
QF_BV/bench_ab/a636test0058.smt::known
QF_BV/bench_ab/a637test0068.smt::known
QF_BV/bench_ab/a638test0043.smt::known
QF_BV/bench_ab/a639test0017.smt::known
QF_BV/bench_ab/a640test0019.smt::known
QF_BV/bench_ab/a641test0030.smt::known
QF_BV/bench_ab/a642test0024.smt::known
QF_BV/bench_ab/a643test0044.smt::known
QF_BV/bench_ab/a644test0002.smt::known
QF_BV/bench_ab/a645test0042.smt::known
QF_BV/bench_ab/a646test0105.smt::known
QF_BV/bench_ab/a647test0101.smt::known
QF_BV/bench_ab/a648test0099.smt::known
QF_BV/bench_ab/a649test0047.smt::known
QF_BV/bench_ab/a650test0074.smt::known
QF_BV/bench_ab/a651test0090.smt::known
QF_BV/bench_ab/a652test0070.smt::known
QF_BV/bench_ab/a653test0023.smt::known
QF_BV/bench_ab/a654test0011.smt::known
QF_BV/bench_ab/a655test0003.smt::known
QF_BV/bench_ab/a656test0092.smt::known
QF_BV/bench_ab/a657test0107.smt::known
QF_BV/bench_ab/a658test0026.smt::known
QF_BV/bench_ab/a659test0071.smt::known
QF_BV/bench_ab/a660test0054.smt::known
QF_BV/bench_ab/a661test0057.smt::known
QF_BV/bench_ab/a662test0038.smt::known
QF_BV/bench_ab/a663test0096.smt::known
QF_BV/bench_ab/a664test0013.smt::known
QF_BV/bench_ab/a665test0064.smt::known
QF_BV/bench_ab/a666test0088.smt::known
QF_BV/bench_ab/a667test0022.smt::known
QF_BV/bench_ab/a668test0098.smt::known
QF_BV/bench_ab/a669test0063.smt::known
QF_BV/bench_ab/a670test0045.smt::known
QF_BV/bench_ab/a671test0006.smt::known
QF_BV/bench_ab/a672test0007.smt::known
QF_BV/bench_ab/a673test0046.smt::known
QF_BV/bench_ab/a674test0008.smt::known
QF_BV/bench_ab/a675test0084.smt::known
QF_BV/bench_ab/a676test0004.smt::known
QF_BV/bench_ab/a677test0037.smt::known
QF_BV/bench_ab/a678test0078.smt::known
QF_BV/bench_ab/a679test0060.smt::known
QF_BV/bench_ab/a680test0049.smt::known
QF_BV/bench_ab/a681test0048.smt::known
QF_BV/bench_ab/a682test0085.smt::known
QF_BV/bench_ab/a683test0094.smt::known
QF_BV/bench_ab/a684test0079.smt::known
QF_BV/bench_ab/a685test0080.smt::known
QF_BV/bench_ab/a686test0033.smt::known
QF_BV/bench_ab/a687test0020.smt::known
QF_BV/bench_ab/a688test0103.smt::known
QF_BV/bench_ab/a689test0069.smt::known
QF_BV/bench_ab/a690test0028.smt::known
QF_BV/bench_ab/a691test0106.smt::known
QF_BV/bench_ab/a692test0034.smt::known
QF_BV/bench_ab/a693test0031.smt::known
QF_BV/bench_ab/a694test0081.smt::known
QF_BV/bench_ab/a695test0015.smt::known
QF_BV/bench_ab/a696test0053.smt::known
QF_BV/bench_ab/a697test0077.smt::known
QF_BV/bench_ab/a698test0027.smt::known
QF_BV/bench_ab/a699test0039.smt::known
QF_BV/bench_ab/a700test0050.smt::known
QF_BV/bench_ab/a77test0001.smt::known
QF_BV/bench_ab/a78test0002.smt::known
QF_BV/bench_ab/a79test0003.smt::known
QF_BV/bench_ab/a8test0001.smt::known
QF_BV/bench_ab/a94test0001.smt::known
QF_BV/bench_ab/a95test0002.smt::known
QF_BV/bench_ab/a97test0001.smt::known
QF_BV/bench_ab/a9test0002.smt::known
QF_BV/bench_ab/b187test0001.smt::known
QF_BV/bench_ab/b188test0002.smt::known
QF_BV/bench_ab/b265test0001.smt::known
QF_BV/bench_ab/b26test0001.smt::known
QF_BV/brummayerbiere/bitrev0032.smt::known
QF_BV/brummayerbiere/bitrev0064.smt::known
QF_BV/brummayerbiere/bitrev0128.smt::known
QF_BV/brummayerbiere/bitrev0256.smt::known
QF_BV/brummayerbiere/bitrev0512.smt::known
QF_BV/brummayerbiere/bitrev1024.smt::known
QF_BV/brummayerbiere/bitrev2048.smt::known
QF_BV/brummayerbiere/bitrev4096.smt::known
QF_BV/brummayerbiere/bitrev8192.smt::known
QF_BV/brummayerbiere/countbits016.smt::known
QF_BV/brummayerbiere/countbits032.smt::known
QF_BV/brummayerbiere/countbits064.smt::unknown
QF_BV/brummayerbiere/countbits1024.smt::unknown
QF_BV/brummayerbiere/countbits128.smt::unknown
QF_BV/sage/app8/bench_58.smt::known
QF_BV/sage/app7/bench_8141.smt::known
QF_BV/sage/app8/bench_3582.smt::known
QF_BV/sage/app1/bench_2295.smt::known
QF_BV/sage/app12/bench_5350.smt::known
QF_BV/sage/app9/bench_1352.smt::known
QF_BV/sage/app1/bench_2649.smt::known
QF_BV/sage/app12/bench_647.smt::known
QF_BV/sage/app12/bench_1294.smt::known
QF_BV/sage/app8/bench_2176.smt::known
QF_BV/sage/app7/bench_5697.smt::known
QF_BV/sage/app6/bench_55.smt::known
QF_BV/bruttomesso/core/ext_con_032_002_0016.smt::known
QF_BV/sage/app5/bench_1206.smt::known
QF_BV/sage/app8/bench_3029.smt::known
QF_BV/sage/app7/bench_4631.smt::known
QF_BV/sage/app12/bench_3831.smt::known
QF_BV/sage/app12/bench_131.smt::known
QF_BV/sage/app7/bench_3266.smt::known
QF_BV/stp_samples/run_03230.trace.cond_029240_0x4183e6_00.smt::known
QF_BV/sage/app1/bench_2341.smt::known
QF_BV/sage/app8/bench_1448.smt::known
QF_BV/sage/app7/bench_2461.smt::known
QF_BV/sage/app12/bench_4641.smt::known
QF_BV/sage/app7/bench_7435.smt::known
QF_BV/sage/app7/bench_1600.smt::known
QF_BV/sage/app12/bench_3762.smt::known
QF_BV/sage/app7/bench_8460.smt::known
QF_BV/sage/app12/bench_2890.smt::known
QF_BV/dwp_formulas/try5_small_noof_functions_flanagansaxe_printenv.quoting_options_from_style.il.flanagansaxe.smt::known
QF_BV/sage/app5/bench_250.smt::known
QF_BV/sage/app9/bench_595.smt::known
QF_BV/sage/app5/bench_327.smt::known
QF_BV/sage/app7/bench_1662.smt::known
QF_BV/sage/app12/bench_5142.smt::known
QF_BV/sage/app12/bench_4107.smt::known
QF_BV/sage/app12/bench_3236.smt::known
QF_BV/sage/app8/bench_3353.smt::known
QF_BV/sage/app7/bench_1811.smt::known
QF_BV/sage/app7/bench_8216.smt::known
QF_BV/sage/app11/bench_127.smt::known
QF_BV/sage/app7/bench_2416.smt::known
QF_BV/sage/app1/bench_1230.smt::known
QF_BV/sage/app9/bench_1479.smt::known
QF_BV/sage/app7/bench_3236.smt::known
QF_BV/sage/app12/bench_2638.smt::known
